>Dataset_0
[-1,X,0,01,XX,X,449.357,0,0,0,0,1,1]
[0,S,0.0013203,10,CT,100,449.357,0.348127,497.923,1.78687,0.631124,0.122959,0]
[1,S,0.0062492,10,AC,937,448.66,0.724811,502.822,3.807,0.63647,0.121177,0]
[2,S,0.00718825,10,CA,557,445.38,0.334157,494.997,1.74574,0.635227,0.121591,0]
[3,S,0.00753939,10,CA,212,444.592,0.446578,498.547,0.446578,0.120172,0.120172,0]
[4,S,0.00874247,10,GA,695,443.519,0.27168,494.6,0.27168,0.120751,0.120751,0]
[5,S,0.00913272,10,CG,950,443.283,0.438373,497.349,2.33888,0.640088,0.119971,0]
[6,S,0.0107838,10,CT,507,441.923,0.40968,492.71,2.17337,0.638774,0.120409,0]
[7,S,0.0125823,10,AG,811,441.169,0.395195,492.828,0.395195,0.119471,0.119471,0]
[8,S,0.0152203,10,AT,957,439.58,0.562575,491.057,0.562575,0.119337,0.119337,0]
[9,S,0.0222025,10,GA,172,436.578,0.283856,485.021,0.283856,0.118805,0.118805,0]
[10,S,0.0222949,10,AT,651,436.746,0.254699,491.696,1.40979,0.648512,0.117163,0]
[11,S,0.0258152,10,AC,103,436.114,0.522768,485.812,2.85048,0.645083,0.118306,0]
[12,S,0.0262557,10,GC,129,434.409,0.0693277,487.808,0.384618,0.649033,0.116989,0]
[13,S,0.0280108,10,AT,165,438.747,0.589743,488.178,3.25862,0.648114,0.117295,0]
[14,S,0.0284455,10,TC,122,436.177,0.388009,482.919,2.14642,0.648378,0.117207,0]
[15,S,0.0306431,10,CA,467,434.41,1.35394,482.065,7.58379,0.651215,0.116262,0]
[16,S,0.0329707,10,CG,455,427.393,0.588577,474.038,3.31152,0.652227,0.115924,0]
[17,S,0.0329973,10,GA,534,423.46,0.150958,474.236,0.150958,0.114327,0.114327,0]
[18,S,0.0345158,10,AT,393,423.589,0.668792,473.92,3.8418,0.656923,0.114359,0]
[19,S,0.0353576,10,AC,317,421.156,0.21618,470.841,0.21618,0.114174,0.114174,0]
[20,S,0.0358761,10,CG,317,422.501,0.460858,474.187,0.460858,0.113562,0.113562,0]
[21,S,0.0374562,10,TG,885,420.424,0.315922,469.634,1.82097,0.65769,0.114103,0]
[22,S,0.0397622,10,CT,912,418.524,0.0859699,468.27,0.501741,0.660489,0.11317,0]
[23,S,0.040106,10,CA,169,421.105,0.360567,469.919,0.360567,0.112733,0.112733,0]
[24,S,0.0492686,10,AT,102,419.862,0.433106,467.328,2.53371,0.661021,0.112993,0]
[25,S,0.0504254,10,GT,918,418.157,0.329509,470.368,0.329509,0.111751,0.111751,0]
[26,S,0.0512291,10,TG,530,418.035,0.373612,468.183,2.20955,0.663452,0.112183,0]
[27,S,0.0546704,10,GA,785,416.632,0.516619,466.818,0.516619,0.111732,0.111732,0]
[28,S,0.0564174,10,GA,980,415.479,0.508687,468.698,0.508687,0.111196,0.111196,0]
[29,S,0.0576527,10,AT,34,412.322,0.0440866,459.85,0.263586,0.665881,0.111373,0]
[30,S,0.0622135,10,TC,46,416.266,0.225697,469.588,1.38003,0.670855,0.109715,0]
[31,S,0.0658324,10,AC,875,416.302,0.468886,464.17,2.8166,0.666926,0.111025,0]
[32,S,0.0671752,10,GT,29,414.773,0.732367,465.291,0.732367,0.109766,0.109766,0]
[33,S,0.0678108,10,TA,734,411.974,0.216528,459.863,1.32163,0.670464,0.109845,0]
[34,S,0.0678393,10,AG,660,411.997,0.22782,462.329,0.22782,0.108841,0.108841,0]
[35,S,0.0681269,10,GT,147,412.197,0.44388,460.918,2.73058,0.672189,0.10927,0]
[36,S,0.0701747,10,AG,169,409.958,0.205335,458.403,1.26783,0.673005,0.108998,0]
[37,S,0.0734315,10,GT,51,410.978,0.503921,460.561,3.13782,0.67486,0.10838,0]
[38,S,0.07386,10,AC,172,409.822,0.696748,456.669,4.33284,0.674573,0.108476,0]
[39,S,0.0744326,10,TA,353,406.104,0.652505,454.406,4.09785,0.676731,0.107756,0]
[40,S,0.0750609,10,TC,266,402.05,0.248757,452.151,1.57187,0.678073,0.107309,0]
[41,S,0.0869472,10,GT,156,402.75,0.336237,452.393,2.1379,0.679429,0.106857,0]
[42,S,0.086967,10,GC,724,401.406,0.142434,450.574,0.918065,0.68239,0.10587,0]
[43,S,0.0913017,10,CA,420,402.586,0.433656,453.152,2.80762,0.683354,0.105549,0]
[44,S,0.0934627,10,GC,209,400.779,0.251771,445.118,1.62835,0.683129,0.105624,0]
[45,S,0.0966894,10,GT,660,400.495,0.353182,450.092,2.33564,0.687927,0.104024,0]
[46,S,0.0967711,10,AT,962,399.82,0.230117,444.832,1.50924,0.686146,0.104618,0]
[47,S,0.10004,10,GC,781,400.1,0.135991,446.361,0.135991,0.103687,0.103687,0]
[48,S,0.105969,10,CT,723,401.404,0.339635,448.284,2.25716,0.688985,0.103672,0]
[49,S,0.106649,10,CG,652,400.17,0.419578,446.3,0.419578,0.103491,0.103491,0]
[50,S,0.111417,10,TA,193,398.557,0.679416,445.473,4.55261,0.690746,0.103085,0]
[51,S,0.112226,10,AC,342,396.863,0.180838,442.569,1.22137,0.692432,0.102523,0]
[52,S,0.11271,10,GA,91,397.44,0.502194,444.177,3.4196,0.694169,0.101944,0]
[53,S,0.112881,10,GT,838,395.725,0.0396711,439.061,0.0396711,0.102183,0.102183,0]
[54,S,0.115808,10,AG,125,398.736,0.138164,446.702,0.949812,0.696188,0.101271,0]
[55,S,0.117551,10,GC,260,401.065,0.219685,446.415,1.48732,0.692945,0.102352,0]
[56,S,0.118422,10,CG,592,401.422,0.29518,445.677,2.00418,0.693555,0.102148,0]
[57,S,0.118459,10,CG,966,400.771,0.494075,443.661,3.36434,0.69417,0.101943,0]
[58,S,0.119761,10,GT,430,398.264,0.44919,440.187,3.07408,0.695234,0.101589,0]
[59,S,0.122594,10,GT,996,397.732,0.649944,438.765,4.49371,0.697397,0.100868,0]
[60,S,0.125611,10,TC,289,394.682,0.314132,430.982,2.18732,0.698888,0.100371,0]
[61,S,0.127611,10,TC,706,393.716,0.406014,435.041,2.89391,0.70378,0.0987401,0]
[62,S,0.130081,10,TA,989,390.54,0.180801,421.697,1.27873,0.702162,0.0992794,0]
[63,S,0.133134,10,AT,908,390.992,0.0353607,430.614,0.0353607,0.096709,0.096709,0]
[64,S,0.134649,10,TA,200,396.874,0.353233,436.871,0.0490466,0.0980201,0.70594,0]
[65,S,0.134747,10,CA,221,396.311,0.149879,434.191,0.0211013,0.098982,0.703054,0]
[66,S,0.138585,10,GA,334,397.619,0.380878,440.929,2.72392,0.704483,0.0985058,0]
[67,S,0.140164,10,AG,295,396.48,0.153543,428.765,1.08502,0.701982,0.0993393,0]
[68,S,0.141879,10,AG,685,397.039,0.178093,436.812,0.178093,0.0970817,0.0970817,0]
[69,S,0.142501,10,CT,381,397.524,0.278684,431.358,1.99799,0.704996,0.0983345,0]
[70,S,0.144078,10,TG,790,397.551,0.120741,435.057,0.878306,0.708009,0.0973305,0]
[71,S,0.145851,10,TG,47,398.804,0.402352,434.931,2.90547,0.706493,0.0978357,0]
[72,S,0.146852,10,AC,185,397.378,0.0720492,432.207,0.0720492,0.0976572,0.0976572,0]
[73,S,0.152636,10,GT,421,400.566,0.171086,440.942,1.24877,0.708713,0.0970957,0]
[74,S,0.153193,10,CA,237,401.75,0.4383,441.266,3.15336,0.705725,0.0980918,0]
[75,S,0.156037,10,AC,158,399.64,0.136905,438.443,0.136905,0.0980977,0.0980977,0]
[76,S,0.161237,10,GC,295,400.874,0.470786,444.192,0.0647463,0.0973592,0.707922,0]
[77,S,0.171519,10,CT,295,399.077,0.280255,442.336,0.280255,0.0978757,0.0978757,0]
[78,S,0.177246,10,GA,155,399.041,0.239857,447.578,1.76259,0.710103,0.0966322,0]
[79,S,0.177785,10,GC,844,398.864,0.190046,442.999,1.38919,0.709013,0.0969958,0]
[80,S,0.178402,10,TC,838,399.964,0.54055,445.754,3.99876,0.711471,0.0961763,0]
[81,S,0.181583,10,CG,755,397.905,0.248016,438.97,1.82383,0.710248,0.0965839,0]
[82,S,0.185607,10,AT,223,397.697,0.204783,442.312,0.0272697,0.0951516,0.714545,0]
[83,S,0.188619,10,AT,212,398.303,0.186156,443.558,1.39391,0.713954,0.0953487,0]
[84,S,0.202752,10,TC,488,398.747,0.158186,445.353,1.18563,0.714153,0.0952823,0]
[85,S,0.202978,10,TA,459,400.691,0.544465,448.989,0.544465,0.0942813,0.0942813,0]
[86,S,0.206763,10,GA,94,399.205,0.181203,445.458,0.0240267,0.0948609,0.715417,0]
[87,S,0.208647,10,CG,185,400.389,0.54512,457.566,4.16828,0.718218,0.0939273,0]
[88,S,0.20994,10,TA,763,397.118,0.315524,440.064,2.3492,0.712792,0.0957359,0]
[89,S,0.211926,10,AC,461,396.262,0.239396,451.679,0.239396,0.0927414,0.0927414,0]
[90,S,0.213685,10,AC,582,395.788,0.0750963,442.384,0.56965,0.716596,0.094468,0]
[91,S,0.217611,10,AT,707,397.976,0.226175,452.101,1.75928,0.721665,0.0927783,0]
[92,S,0.217916,10,CG,419,399.015,0.344146,445.142,2.62857,0.717991,0.0940031,0]
[93,S,0.223783,10,TG,884,398.175,0.901431,447.216,0.901431,0.0928381,0.0928381,0]
[94,S,0.225232,10,CT,461,394.069,0.132917,438.349,1.03621,0.722116,0.092628,0]
[95,S,0.225938,10,GT,422,396.871,0.658301,448.884,5.25579,0.726872,0.0910426,0]
[96,S,0.235657,10,AT,748,394.352,0.483415,434.72,3.76477,0.72191,0.0926968,0]
[97,S,0.240986,10,GT,484,392.225,0.049021,444.596,0.00599582,0.0894786,0.731564,0]
[98,S,0.245172,10,CT,584,396.938,0.32291,445.863,2.59606,0.72825,0.0905834,0]
[99,S,0.246534,10,TA,549,396.031,0.299123,445.56,2.41185,0.728827,0.0903909,0]
[100,S,0.2471,10,AG,37,395.84,0.472351,446.276,3.8189,0.729361,0.0902129,0]
[101,S,0.254635,10,TC,404,393.896,0.0878731,440.568,0.709785,0.729178,0.090274,0]
[102,S,0.256708,10,GC,130,395.691,0.85403,447.441,0.10313,0.0886436,0.734069,0]
[103,S,0.257067,10,CA,355,388.741,0.121042,437.671,0.988638,0.731369,0.0895436,0]
[104,S,0.257073,10,TG,484,389.432,0.721182,445.188,6.0365,0.736154,0.0879485,0]
[105,S,0.257104,10,TG,768,384.718,0.183971,433.127,1.51169,0.73255,0.0891502,0]
[106,S,0.259105,10,GC,95,385.588,0.404938,440.62,3.42822,0.738358,0.087214,0]
[107,S,0.262229,10,GT,842,383.764,0.316497,427.517,2.63778,0.735317,0.0882276,0]
[108,S,0.263823,10,AT,980,383.301,0.504514,435.935,4.36465,0.742516,0.0858281,0]
[109,S,0.26436,10,CA,629,380.136,0.356457,427.774,3.02638,0.738907,0.0870309,0]
[110,S,0.267836,10,AG,695,379.535,0.229505,430.632,0.229505,0.0856699,0.0856699,0]
[111,S,0.268096,10,AC,668,379.771,0.441419,430.242,3.82033,0.742592,0.0858025,0]
[112,S,0.269467,10,TA,975,378.994,0.429343,426.362,3.72091,0.742854,0.0857154,0]
[113,S,0.270332,10,CT,760,378.369,0.183181,424.9,1.60645,0.745109,0.0849636,0]
[114,S,0.274971,10,CG,596,378.637,0.34104,424.794,3.00582,0.746058,0.0846475,0]
[115,S,0.276777,10,AC,221,379.306,0.451357,427.68,4.00676,0.747414,0.0841953,0]
[116,S,0.277929,10,TG,325,377.547,0.120741,419.487,1.06689,0.746539,0.0844869,0]
[117,S,0.280102,10,AT,288,378.357,0.182451,426.93,0.0201859,0.0830666,0.7508,0]
[118,S,0.280148,10,GC,305,378.727,0.290808,425.338,0.290808,0.0840534,0.0840534,0]
[119,S,0.281663,10,AG,429,377.87,0.10487,426.535,0.10487,0.0837953,0.0837953,0]
[120,S,0.281737,10,TG,333,379.694,0.0350033,433.805,0.312477,0.748471,0.083843,0]
[121,S,0.285015,10,GT,828,385.022,0.211635,437.612,1.85524,0.745033,0.0849889,0]
[122,S,0.290076,10,AT,227,385.259,0.458012,434.339,3.99699,0.744176,0.0852746,0]
[123,S,0.29299,10,AT,200,383.856,0.169155,435.187,1.49972,0.747175,0.0842749,0]
[124,S,0.296976,10,GA,428,384.419,0.203079,434.393,1.80471,0.747617,0.0841275,0]
[125,S,0.300092,10,GT,453,384.96,0.228997,436.079,0.228997,0.0836196,0.0836196,0]
[126,S,0.302436,10,TG,344,385.468,0.360894,436.546,0.0402586,0.0835812,0.749256,0]
[127,S,0.304271,10,AG,274,385.281,0.0673117,438.901,0.604902,0.74972,0.0834266,0]
[128,S,0.309569,10,TG,28,388.362,0.0891264,442.27,0.798567,0.749163,0.0836125,0]
[129,S,0.31276,10,AG,273,390.695,0.33994,449.316,0.33994,0.0836126,0.0836126,0]
[130,S,0.313016,10,CA,544,389.457,0.380584,442.824,3.36902,0.746883,0.0843722,0]
[131,S,0.315002,10,TG,63,388.909,0.32334,445.505,2.90888,0.749924,0.0833587,0]
[132,S,0.315285,10,GC,240,389.474,0.228493,445.356,2.04863,0.749286,0.0835713,0]
[133,S,0.315585,10,TA,29,390.533,0.941388,442.851,8.44715,0.749438,0.0835207,0]
[134,S,0.318893,10,GA,909,386.79,1.39819,435.876,1.39819,0.08311,0.08311,0]
[135,S,0.32002,10,GA,968,379.066,0.0790534,428.208,0.0790534,0.081721,0.081721,0]
[136,S,0.321187,10,AC,368,381.482,0.307731,438.823,2.90259,0.758692,0.080436,0]
[137,S,0.322028,10,AC,299,381.824,0.372894,431.378,3.43184,0.754164,0.0819454,0]
[138,S,0.32218,10,AC,704,380.321,0.184997,434.791,1.73664,0.757818,0.0807273,0]
[139,S,0.32904,10,CA,747,381.347,0.399532,429.835,3.7197,0.756298,0.0812339,0]
[140,S,0.329632,10,TC,462,379.45,0.699034,429.68,6.6618,0.760575,0.0798084,0]
[141,S,0.331009,10,GT,572,375.987,0.0660595,421.601,0.0660595,0.079727,0.079727,0]
[142,S,0.331641,10,CG,351,379.797,0.193295,438.251,1.88686,0.764919,0.0783602,0]
[143,S,0.33221,10,CA,335,380.841,0.466431,429.805,4.37137,0.757516,0.080828,0]
[144,S,0.337736,10,GA,984,377.8,0.606959,431.431,5.81437,0.761517,0.0794943,0]
[145,S,0.339262,10,GC,745,375.587,0.514825,426.371,4.95593,0.762403,0.0791989,0]
[146,S,0.340392,10,TG,483,373.297,0.112336,424.384,1.09795,0.765144,0.0782852,0]
[147,S,0.342132,10,TC,309,375.252,0.177639,428.752,1.74818,0.766377,0.0778744,0]
[148,S,0.343803,10,TA,303,376.265,0.211469,426.404,2.06415,0.764909,0.0783638,0]
[149,S,0.345009,10,CG,566,376.393,0.275311,425.886,2.71067,0.766461,0.0778462,0]
[150,S,0.353226,10,TG,135,376.391,0.0828787,421.127,0.00839002,0.0776504,0.767049,0]
[151,S,0.354273,10,TA,176,378.394,0.202967,432.911,2.05708,0.771603,0.0761322,0]
[152,S,0.355315,10,TC,560,378.889,0.362444,422.27,3.57217,0.766642,0.077786,0]
[153,S,0.355512,10,AT,524,377.837,0.151108,426.444,1.53235,0.771703,0.076099,0]
[154,S,0.361115,10,CA,956,380.144,0.0260256,430.399,0.0260256,0.0767024,0.0767024,0]
[155,S,0.362384,10,GA,884,385.949,0.208662,444.599,2.0933,0.769797,0.0767342,0]
[156,S,0.375919,10,TC,68,386.769,0.146446,434.053,1.42175,0.763934,0.0786886,0]
[157,S,0.375931,10,GT,863,387.298,0.292085,449.618,2.9778,0.772641,0.0757864,0]
[158,S,0.379012,10,TG,180,388.496,0.236246,436.064,0.236246,0.0780271,0.0780271,0]
[159,S,0.381202,10,AT,275,388.994,0.282266,449.607,2.87877,0.772706,0.0757647,0]
[160,S,0.381421,10,AC,443,387.982,0.236681,435.735,2.34465,0.767557,0.0774812,0]
[161,S,0.387054,10,GC,72,387.823,0.178338,444.223,1.82792,0.773581,0.0754731,0]
[162,S,0.38894,10,TG,61,388.782,0.514407,438.784,0.514407,0.0761114,0.0761114,0]
[163,S,0.391958,10,CG,860,384.991,0.394286,434.42,4.06422,0.774568,0.075144,0]
[164,S,0.392306,10,CA,330,383.857,0.242783,438.204,0.242783,0.0742142,0.0742142,0]
[165,S,0.393375,10,CT,804,384.375,0.388741,434.098,0.388741,0.0747168,0.0747168,0]
[166,S,0.39395,10,GT,124,383.467,0.247556,432.907,2.60161,0.777928,0.0740238,0]
[167,S,0.395192,10,GC,273,382.764,0.147745,431.714,1.55884,0.778612,0.0737958,0]
[168,S,0.397518,10,TC,619,384.352,0.156005,431.57,0.0147098,0.0734998,0.7795,0]
[169,S,0.39772,10,CA,978,385.404,0.181093,438.159,1.92922,0.780271,0.0732429,0]
[170,S,0.397735,10,TA,927,386.233,0.718461,430.903,7.53324,0.777534,0.0741552,0]
[171,S,0.398096,10,AG,883,381.888,0.190618,427.515,2.03485,0.780622,0.073126,0]
[172,S,0.404721,10,AG,459,382.454,0.470752,427.966,0.470752,0.0726076,0.0726076,0]
[173,S,0.406064,10,GC,248,380.551,0.109182,430.303,1.18886,0.783999,0.0720004,0]
[174,S,0.407216,10,TA,288,383.024,0.332463,434.124,3.60779,0.78342,0.0721932,0]
[175,S,0.409908,10,GC,111,382.654,0.205278,428.039,2.21121,0.782163,0.0726122,0]
[176,S,0.410483,10,TA,296,383.935,0.0711694,439.664,0.782106,0.785551,0.071483,0]
[177,S,0.411878,10,GT,551,386.076,0.531929,432.027,5.68606,0.780854,0.0730486,0]
[178,S,0.414602,10,TG,223,384.036,0.172325,433.81,0.172325,0.0718401,0.0718401,0]
[179,S,0.419265,10,TG,213,385.044,0.432885,436.215,4.72967,0.784574,0.0718086,0]
[180,S,0.419569,10,TC,33,383.304,0.420658,431.874,4.60825,0.785021,0.0716596,0]
[181,S,0.424468,10,AT,534,381.026,0.0344559,430.132,0.381737,0.786916,0.0710279,0]
[182,S,0.42629,10,AC,396,385.426,0.308646,439.129,3.46558,0.789153,0.0702822,0]
[183,S,0.426631,10,CG,861,385.424,0.382704,429.347,4.21728,0.786015,0.0713282,0]
[184,S,0.42832,10,AT,956,384.28,0.579345,432.808,6.54411,0.790147,0.0699511,0]
[185,S,0.432851,10,GA,223,380.8,0.349546,416.169,3.92698,0.789245,0.0702518,0]
[186,S,0.434892,10,CT,619,379.952,0.375792,430.41,4.43998,0.797502,0.0674992,0]
[187,S,0.43512,10,AG,126,378.9,0.0626309,414.542,0.0626309,0.0692424,0.0692424,0]
[188,S,0.435451,10,GT,741,382.101,0.34602,431.479,4.12294,0.798864,0.0670452,0]
[189,S,0.436157,10,GT,811,381.953,0.251736,413.823,2.87578,0.79201,0.0693299,0]
[190,S,0.439118,10,TG,83,382.383,0.269199,426.359,0.0225068,0.0668413,0.799476,0]
[191,S,0.440982,10,CA,531,382.39,0.410519,421.996,4.78304,0.795239,0.0682537,0]
[192,S,0.441371,10,AC,940,380.66,0.212883,420.407,0.212883,0.0674685,0.0674685,0]
[193,S,0.442579,10,AT,522,381.275,0.912303,424.538,10.8365,0.798363,0.0672123,0]
[194,S,0.452951,10,CA,756,377.039,0.112882,410.434,0.112882,0.0676492,0.0676492,0]
[195,S,0.454531,10,TG,454,378.478,0.109161,433.442,0.109161,0.0646787,0.0646787,0]
[196,S,0.456639,10,AC,792,379.939,0.177204,417.434,2.0899,0.797211,0.0675963,0]
[197,S,0.461011,10,GC,679,380.119,0.239198,434.538,0.0194042,0.0652437,0.804269,0]
[198,S,0.462492,10,TG,491,379.885,0.232661,426.518,2.77167,0.798832,0.0670561,0]
[199,S,0.468915,10,CA,593,380.646,0.532612,435.14,6.49122,0.802469,0.0658436,0]
[200,S,0.471262,10,GT,587,378.692,0.354406,428.537,4.2827,0.801116,0.0662948,0]
[201,S,0.486495,10,TC,371,376.728,0.552972,427.43,6.82406,0.804442,0.0651861,0]
[202,S,0.487731,10,GT,536,374.516,0.258172,431.356,0.258172,0.0634291,0.0634291,0]
[203,S,0.488951,10,AG,778,375.205,0.167804,438.161,2.12684,0.808607,0.0637977,0]
[204,S,0.489332,10,TA,957,375.769,0.753844,431.253,0.753844,0.064529,0.064529,0]
[205,S,0.49,10,GC,454,372.908,0.0234456,433.519,0.298229,0.809161,0.0636131,0]
[206,S,0.491002,10,TC,22,378.034,0.286516,440.731,3.6293,0.808514,0.0638285,0]
[207,S,0.495853,10,AC,756,377.502,0.468886,431.666,0.468886,0.0646302,0.0646302,0]
[208,S,0.501794,10,AC,261,376.063,0.288237,437.335,0.0223753,0.0629647,0.811106,0]
[209,S,0.503295,10,GC,109,375.063,0.730186,439.743,9.39425,0.810911,0.0630297,0]
[210,S,0.506389,10,TG,295,371.935,0.29304,428.719,3.76022,0.810508,0.0631641,0]
[211,S,0.507472,10,AC,332,371.057,0.493974,435.892,6.55515,0.815614,0.0614619,0]
[212,S,0.509652,10,TA,545,368.689,0.0769062,423.848,1.00509,0.813305,0.0622316,0]
[213,S,0.511799,10,TG,136,370.644,0.532698,435.118,0.0393806,0.0605074,0.818478,0]
[214,S,0.512941,10,GC,508,369.006,0.414899,421.063,5.48369,0.815008,0.061664,0]
[215,S,0.512972,10,AC,960,367.817,0.557346,427.59,0.040625,0.0598112,0.820566,0]
[216,S,0.513092,10,AC,58,365.954,0.381963,422.752,0.381963,0.0606123,0.0606123,0]
[217,S,0.515201,10,GC,948,363.792,0.0306782,420.601,0.419239,0.819989,0.0600035,0]
[218,S,0.515381,10,AG,16,368.99,0.294863,441.707,0.294863,0.0595128,0.0595128,0]
[219,S,0.516753,10,AG,967,369.022,0.208347,423.774,2.73138,0.813778,0.062074,0]
[220,S,0.51873,10,GC,380,369.797,0.353555,438.174,4.85794,0.820791,0.0597363,0]
[221,S,0.519706,10,CT,58,369.351,0.489048,422.697,6.51398,0.816173,0.0612756,0]
[222,S,0.524258,10,TC,997,368.567,0.0946451,431.481,1.31245,0.822139,0.0592871,0]
[223,S,0.536493,10,AC,101,370.503,0.345942,431.362,4.74139,0.820421,0.0598596,0]
[224,S,0.537939,10,TC,357,369.699,0.288388,435.986,4.06434,0.824493,0.0585024,0]
[225,S,0.538004,10,AC,999,368.567,0.302948,428.804,0.302948,0.0588883,0.0588883,0]
[226,S,0.548989,10,GT,429,367.464,0.680915,432.205,0.680915,0.0580336,0.0580336,0]
[227,S,0.550384,10,CA,691,365.002,0.259225,428.631,3.75274,0.828344,0.0572188,0]
[228,S,0.553016,10,CA,941,364.831,0.294746,429.368,4.31869,0.83005,0.0566501,0]
[229,S,0.566248,10,CG,679,364.123,0.261122,426.904,3.84285,0.830668,0.056444,0]
[230,S,0.569441,10,AC,568,364.357,0.0841813,436.141,1.28659,0.835918,0.0546941,0]
[231,S,0.571637,10,CG,766,368.657,0.170982,427.571,2.57484,0.833879,0.0553737,0]
[232,S,0.573973,10,GC,580,368.8,0.0863548,434.148,1.33512,0.837494,0.0541687,0]
[233,S,0.574116,10,GT,344,371.381,0.164547,440.392,2.51789,0.836083,0.054639,0]
[234,S,0.574526,10,CA,348,371.568,0.310872,432.536,4.68748,0.834057,0.0553144,0]
[235,S,0.575006,10,AG,588,370.693,0.102546,427.865,1.57747,0.836807,0.0543977,0]
[236,S,0.575286,10,AG,635,374.075,0.115771,443.638,1.80357,0.838525,0.0538249,0]
[237,S,0.575948,10,AC,302,375.908,0.373603,439.469,0.0248976,0.0555384,0.833385,0]
[238,S,0.578727,10,CG,999,375.411,0.211601,444.727,3.21227,0.834991,0.0550031,0]
[239,S,0.579924,10,TC,350,376.271,0.0618882,443.584,0.934257,0.834216,0.0552612,0]
[240,S,0.580513,10,CG,64,380.176,0.301402,448.793,4.576,0.835005,0.0549982,0]
[241,S,0.580916,10,TG,96,380.422,0.0668807,440.552,1.00446,0.833507,0.0554978,0]
[242,S,0.583178,10,CG,78,382.682,0.237358,448.927,3.6389,0.836342,0.0545528,0]
[243,S,0.583569,10,GT,949,383.511,0.56445,439.574,8.53186,0.834395,0.0552018,0]
[244,S,0.586231,10,TC,590,380.246,1.12506,434.744,17.4048,0.837575,0.0541417,0]
[245,S,0.588082,10,AG,74,373.911,0.119377,421.67,1.88105,0.840062,0.0533126,0]
[246,S,0.589123,10,AT,494,375.072,0.233244,432.566,3.8133,0.844953,0.0516825,0]
[247,S,0.591026,10,CT,815,375.213,0.360259,420.555,5.74912,0.841758,0.0527473,0]
[248,S,0.591373,10,CG,490,373.756,0.560106,426.167,9.25219,0.846301,0.0512331,0]
[249,S,0.595788,10,GC,126,371.13,0.482673,409.955,7.86975,0.844596,0.0518014,0]
[250,S,0.599433,10,GC,180,369.146,0.0767401,422.602,1.31821,0.851321,0.0495598,0]
[251,S,0.600942,10,AT,308,372.587,0.318486,416.116,0.0189606,0.0505121,0.848464,0]
[252,S,0.609252,10,AC,480,371.771,0.536655,425.602,9.19831,0.851043,0.0496523,0]
[253,S,0.617148,10,AT,285,369.514,0.164348,415.516,2.81252,0.850844,0.0497186,0]
[254,S,0.619095,10,CT,581,370.275,0.588134,428.867,10.5446,0.856658,0.0477807,0]
[255,S,0.619482,10,CA,853,367.726,0.14058,406.264,2.45132,0.853209,0.0489304,0]
[256,S,0.624717,10,GA,807,368.863,0.0924903,423.651,1.70873,0.860301,0.0465664,0]
[257,S,0.625,10,CT,782,371.218,0.0617191,423.711,0.0617191,0.0477559,0.0477559,0]
[258,S,0.625023,10,CT,250,374.96,0.544854,440.919,9.78087,0.856811,0.0477296,0]
[259,S,0.625585,10,GT,866,373.206,0.196622,415.564,3.38554,0.851621,0.0494597,0]
[260,S,0.62734,10,TG,637,373.864,0.259916,434.389,4.76948,0.859485,0.0468382,0]
[261,S,0.630831,10,TC,572,373.272,0.14371,406.97,2.52991,0.854399,0.0485338,0]
[262,S,0.630982,10,GA,61,374.34,0.324774,443.16,6.18197,0.863851,0.045383,0]
[263,S,0.631727,10,AT,242,373.787,0.06062,407.494,1.05585,0.853067,0.0489777,0]
[264,S,0.632831,10,TC,908,376.586,0.146446,438.107,2.79089,0.863992,0.0453361,0]
[265,S,0.635806,10,CG,946,377.317,0.62185,412.402,11.02,0.855221,0.0482596,0]
[266,S,0.636718,10,GC,533,375.277,0.748552,425.516,14.253,0.863889,0.0453704,0]
[267,S,0.636934,10,AT,688,371.532,0.0516442,398.981,0.954166,0.860308,0.0465641,0]
[268,S,0.639311,10,AG,349,376.311,0.466476,422.623,9.22432,0.868274,0.0439088,0]
[269,S,0.640616,10,TG,906,374.187,0.119216,394.73,2.23508,0.862057,0.0459809,0]
[270,S,0.640698,10,GT,426,375.051,0.129824,419.8,2.62383,0.870749,0.0430836,0]
[271,S,0.644618,10,TC,918,375.947,0.150635,394.763,2.85547,0.863365,0.0455451,0]
[272,S,0.645127,10,TA,453,376.674,0.881669,417.208,18.0269,0.872048,0.0426506,0]
[273,S,0.649595,10,CT,781,371.582,0.691197,379.466,13.3597,0.865642,0.044786,0]
[274,S,0.657451,10,TA,610,368.315,0.241482,389.448,5.2211,0.878153,0.0406156,0]
[275,S,0.658148,10,CA,261,368.68,0.215304,382.797,4.63919,0.877786,0.040738,0]
[276,S,0.660633,10,GT,685,369.68,0.0998264,384.499,2.19452,0.87992,0.0400266,0]
[277,S,0.661625,10,TC,634,373.623,0.209276,382.059,4.6143,0.880234,0.0399219,0]
[278,S,0.667217,10,CT,793,374.113,0.520089,380.03,11.5788,0.881249,0.0395835,0]
[279,S,0.669312,10,GC,38,372.293,0.0627931,376.037,1.43028,0.88362,0.0387933,0]
[280,S,0.675492,10,AT,806,374.991,0.724427,391.613,16.7926,0.885411,0.0381963,0]
[281,S,0.675854,10,GC,878,372.415,0.239198,367.63,5.42102,0.883101,0.0389662,0]
[282,S,0.679769,10,GT,339,372.092,0.316838,385.733,7.67632,0.889819,0.036727,0]
[283,S,0.679822,10,CT,158,372.149,0.240329,365.901,5.60969,0.886112,0.0379626,0]
[284,S,0.682922,10,TG,56,372.996,0.0858514,377.566,2.11705,0.891538,0.036154,0]
[285,S,0.683609,10,AC,968,375.443,0.629128,384.888,0.629128,0.0368839,0.0368839,0]
[286,S,0.685734,10,CT,0,372.486,0.238066,373.624,5.63969,0.887597,0.0374677,0]
[287,S,0.686008,10,CT,562,372.266,0.290467,379.858,7.14608,0.891312,0.0362292,0]
[288,S,0.688278,10,GT,695,371.533,0.227406,373.122,5.50447,0.889728,0.0367573,0]
[289,S,0.693555,10,GT,367,372.078,0.134674,375.679,3.34593,0.89226,0.0359135,0]
[290,S,0.693826,10,CT,940,373.274,0.178106,380.174,4.47219,0.893276,0.0355748,0]
[291,S,0.696673,10,GT,873,374.538,0.0336892,371.873,0.00135706,0.0359388,0.892184,0]
[292,S,0.698382,10,AT,39,379.503,0.548055,404.623,14.0554,0.895273,0.0349089,0]
[293,S,0.699516,10,TA,364,376.595,0.127187,363.421,3.00619,0.887371,0.0375432,0]
[294,S,0.700826,10,TG,570,378.147,1.2927,414.036,34.2831,0.898376,0.0338748,0]
[295,S,0.704225,10,TG,873,370.004,0.836787,338.384,19.4756,0.88582,0.0380601,0]
[296,S,0.707749,10,AT,495,365.038,0.0238113,384.963,0.690977,0.906305,0.0312316,0]
[297,S,0.709532,10,TA,536,370.535,0.389077,349.984,0.389077,0.0348246,0.0348246,0]
[298,S,0.710297,10,GC,55,369.42,0.288714,381.684,8.24438,0.90493,0.0316901,0]
[299,S,0.711053,10,GA,6,368.375,0.233833,337.95,6.12175,0.89719,0.03427,0]
[300,S,0.71459,10,GC,809,368.529,0.25714,370.828,7.6539,0.90844,0.0305199,0]
[301,S,0.716041,10,AG,219,367.978,0.131693,337.716,3.60736,0.901291,0.0329031,0]
[302,S,0.717381,10,AC,331,369.659,0.354753,364.907,10.7583,0.90998,0.0300065,0]
[303,S,0.720415,10,TC,200,368.275,0.0230221,348.033,0.00081826,0.0321177,0.903647,0]
[304,S,0.720579,10,TA,653,373.745,0.0596191,397.315,1.78107,0.908743,0.030419,0]
[305,S,0.723352,10,CA,254,376.811,0.235222,363.97,6.13269,0.896808,0.0343974,0]
[306,S,0.725744,10,AC,674,376.635,0.162358,390.574,4.6822,0.905775,0.0314084,0]
[307,S,0.729071,10,CT,902,377.42,0.147648,374.398,3.9945,0.900181,0.0332731,0]
[308,S,0.73212,10,TA,998,378.124,0.396003,389.191,11.3338,0.905125,0.0316251,0]
[309,S,0.733137,10,TG,281,376.834,0.106858,368.145,2.97296,0.902665,0.0324449,0]
[310,S,0.734811,10,CA,131,377.267,0.0900769,385.399,0.0900769,0.0306938,0.0306938,0]
[311,S,0.735563,10,CT,991,380.133,0.102006,386.489,2.89683,0.904454,0.0318486,0]
[312,S,0.737272,10,TC,167,382.525,0.141463,389.722,4.01741,0.904456,0.0318481,0]
[313,S,0.740691,10,CT,200,383.906,0.954101,384.906,27.044,0.904291,0.031903,0]
[314,S,0.741138,10,CG,130,378.436,0.720894,364.267,20.9792,0.906547,0.0311511,0]
[315,S,0.750238,10,CA,616,375.799,0.133808,367.157,0.133808,0.029536,0.029536,0]
[316,S,0.759396,10,AC,559,376.78,0.295788,378.148,9.39288,0.913683,0.0287724,0]
[317,S,0.762355,10,CG,963,377.089,0.014808,371.136,0.474053,0.914318,0.0285605,0]
[318,S,0.763641,10,CA,328,382.095,0.582094,384.609,19.2401,0.91679,0.0277367,0]
[319,S,0.766803,10,GT,128,380.032,0.720418,351.704,23.0833,0.914387,0.0285375,0]
[320,S,0.767789,10,TC,425,376.043,0.121735,360.622,4.33553,0.922309,0.025897,0]
[321,S,0.767826,10,GA,579,377.378,0.208261,349.57,7.26045,0.920765,0.0264115,0]
[322,S,0.773338,10,AG,365,377.792,0.771274,352.101,27.7655,0.923076,0.0256413,0]
[323,S,0.773974,10,TA,907,374.399,0.120848,328.67,4.42613,0.924291,0.0252362,0]
[324,S,0.775055,10,GC,226,375.832,0.365916,347.453,14.4231,0.929273,0.0235757,0]
[325,S,0.777062,10,TC,81,374.839,0.18522,317.365,6.93066,0.925777,0.0247411,0]
[326,S,0.77896,10,TA,67,375.84,0.0371821,335.871,1.54055,0.932482,0.022506,0]
[327,S,0.780172,10,TA,66,379.442,0.588123,341.244,23.1967,0.929315,0.0235616,0]
[328,S,0.785118,10,CA,960,376.666,0.170555,314.624,6.65598,0.928615,0.0237952,0]
[329,S,0.785126,10,CA,177,377.069,0.470933,339.004,20.4405,0.935351,0.0215498,0]
[330,S,0.787117,10,GT,123,374.641,0.198532,296.839,7.98432,0.930583,0.0231392,0]
[331,S,0.789326,10,AG,94,375.76,0.14284,328.58,6.6424,0.939397,0.020201,0]
[332,S,0.790963,10,AC,648,376.947,0.213099,295.724,9.02873,0.933875,0.0220416,0]
[333,S,0.794339,10,AT,909,377.16,0.182829,338.508,8.6949,0.940662,0.0197794,0]
[334,S,0.809159,10,CT,152,377.757,0.0725438,295.259,3.05579,0.933516,0.0221615,0]
[335,S,0.809464,10,CA,302,381.108,0.157227,359.268,8.21763,0.945717,0.0180943,0]
[336,S,0.810625,10,CT,968,381.862,0.0760988,309.025,3.26128,0.934578,0.0218075,0]
[337,S,0.810693,10,TA,525,384.235,0.0517104,353.785,2.60047,0.943703,0.0187656,0]
[338,S,0.815254,10,GT,754,387.197,0.0481405,309.712,2.10967,0.935929,0.021357,0]
[339,S,0.817186,10,TG,599,392.415,0.0965766,383.284,4.96949,0.94491,0.0183633,0]
[340,S,0.817377,10,CT,646,393.614,0.45023,313.083,18.8402,0.933104,0.0222987,0]
[341,S,0.819521,10,CG,543,392.361,0.260912,354.987,13.4356,0.944949,0.0183503,0]
[342,S,0.819808,10,CT,756,393.139,0.798452,308.902,36.6122,0.938592,0.0204692,0]
[343,S,0.82987,10,GC,554,387.432,0.202392,309.449,10.711,0.946354,0.0178821,0]
[344,S,0.831213,10,CG,780,387.761,0.0969059,314.565,5.42743,0.949159,0.0169471,0]
[345,S,0.835812,10,AT,785,391.15,0.104394,325.142,5.79663,0.948741,0.0170863,0]
[346,S,0.837074,10,CG,473,391.989,0.0907883,317.387,5.01332,0.948471,0.0171762,0]
[347,S,0.838502,10,AG,888,393.872,0.0450513,341.932,2.56964,0.950032,0.0166561,0]
[348,S,0.844898,10,CA,994,396.335,0.298397,318.974,15.9199,0.946763,0.0177458,0]
[349,S,0.850396,10,GT,877,395.66,0.225487,335.762,13.4527,0.952123,0.015959,0]
[350,S,0.85095,10,TG,215,395.802,0.168676,317.556,9.90903,0.951414,0.0161954,0]
[351,S,0.854802,10,TA,308,395.846,0.192115,325.284,11.9886,0.954131,0.0152897,0]
[352,S,0.857073,10,GA,652,396.404,0.502194,298.652,31.4068,0.954226,0.0152581,0]
[353,S,0.858965,10,CA,746,394.587,0.107176,293.046,7.42736,0.958506,0.0138312,0]
[354,S,0.861481,10,CG,673,396.704,0.382704,294.398,27.4037,0.959789,0.0134038,0]
[355,S,0.865897,10,GT,83,395.836,0.130659,270.131,9.48374,0.960309,0.0132303,0]
[356,S,0.866419,10,AC,493,397.737,0.285417,291.093,23.356,0.964636,0.0117881,0]
[357,S,0.871325,10,CG,474,397.475,0.407951,250.141,31.0731,0.962106,0.0126313,0]
[358,S,0.873973,10,AC,310,396.396,0.275694,261.023,25.4246,0.968494,0.0105019,0]
[359,S,0.878769,10,TC,546,396.072,0.25082,230.815,22.6268,0.967815,0.0107283,0]
[360,S,0.879814,10,GT,16,394.972,0.0629528,241.776,6.68714,0.972534,0.00915545,0]
[361,S,0.881313,10,TC,429,397.498,0.0705985,226.69,7.21903,0.971498,0.00950076,0]
[362,S,0.88726,10,AC,536,399.602,0.0621263,294.213,6.86588,0.973572,0.00880942,0]
[363,S,0.887404,10,AT,427,402.148,0.484136,235.466,43.3106,0.967553,0.0108156,0]
[364,S,0.906673,10,TG,791,400.487,0.187965,236.756,21.0833,0.973951,0.00868309,0]
[365,S,0.913305,10,TA,62,401.207,0.131216,256.259,17.6856,0.978227,0.00725782,0]
[366,S,0.917921,10,GC,716,402.401,0.0772441,281.024,10.3543,0.97811,0.00729682,0]
[367,S,0.922226,10,TG,782,404.656,0.357216,261.011,46.1063,0.977285,0.00757167,0]
[368,S,0.92346,10,AG,330,402.861,0.0312061,242.337,4.58087,0.979973,0.00667582,0]
[369,S,0.924058,10,GC,187,407.902,0.0361816,259.117,5.81609,0.981679,0.00610698,0]
[370,S,0.924474,10,CT,186,413.641,0.992919,389.188,150.392,0.980578,0.00647396,0]
[371,S,0.929503,10,AG,65,407.061,0.400142,162.705,40.4446,0.971175,0.00960839,0]
[372,S,0.940393,10,GT,958,405.37,0.0152369,295.831,3.97,0.988617,0.00379432,0]
[373,S,0.940635,10,GT,135,411.183,0.00616416,277.347,1.04258,0.982572,0.00580935,0]
[374,S,0.94296,10,GT,133,421.998,0.293471,585.488,53.1811,0.983715,0.00542846,0]
[375,S,0.955376,10,GC,321,421.346,0.0403076,270.69,3.58113,0.967336,0.0108879,0]
[376,S,0.957376,10,GT,136,426.891,1.22721,766.256,303.572,0.988018,0.00399413,0]
[377,S,0.96492,10,TA,267,417.607,0.0546546,177.32,4.96627,0.96804,0.0106534,0]
[378,S,0.965565,10,GA,54,420.63,0.202364,861.426,97.3945,0.993805,0.0020649,0]
[379,S,0.971101,10,TA,301,421.613,0.0965532,167.375,9.66954,0.970915,0.00969487,0]
[380,S,0.973526,10,AC,957,424.518,0.511683,920.145,316.85,0.995179,0.00160712,0]
[381,S,0.974524,10,AT,131,419.7,0.251552,125.972,30.7311,0.976032,0.00798939,0]
[382,S,0.977973,10,GC,154,419.001,0.0744534,671.049,69.5246,0.996798,0.00106746,0]
[383,S,0.985506,10,GT,318,422.732,0.206648,135.107,41.7358,0.985363,0.00487888,0]
[384,S,0.986394,10,GT,317,422.911,0.327946,1063.84,502.082,0.998044,0.000651895,0]
[385,S,0.995967,10,AT,616,421.784,0.0651626,79.4603,13.4409,0.985664,0.00477858,0]
[386,S,0.996109,10,TA,431,426.43,0.0976445,4352.33,913.971,0.99968,0.000106801,0]
[387,S,0.999709,10,CG,908,428.219,0.721658,68.4531,0.0040971,0.00558226,0.983253,0]
[388,S,0.99971,10,GC,908,424.815,0.0489452,62740.3,7379.38,0.99998,6.63256e-06,0]
[389,S,0.99999,10,AG,617,428.219,0.17654,64.1018,28.9157,0.982013,0.00599552,0]
