Taxa bit representation:
T_1 10
T_2 01
Clade List (<taxon members> = <clade name>): 

>Dataset_0
[-1,X,0,11,XX,X,1108.32,0,-1,0,0,0,0]
[-1,X,0,01,XX,X,449.357,0,-1,0,0,0,0]
[0,S,0.000734024,10,CT,760,449.357,0.0354804,-1,0.0354804,0,0,0]
[1,S,0.013787,10,TG,884,453.908,0.592225,-1,0.592225,0,0,0]
[2,S,0.0138701,10,CG,684,450.72,0.328467,-1,0.328467,0,0,0]
[3,S,0.0150529,10,GA,156,450.179,0.079233,-1,0.079233,0,0,0]
[4,S,0.0164661,10,GC,838,452.554,0.130906,-1,0.130906,0,0,0]
[5,S,0.017589,10,GA,248,453.669,0.162461,-1,0.162461,0,0,0]
[6,S,0.018479,10,AC,331,454.847,0.139665,-1,0.139665,0,0,0]
[7,S,0.0214202,10,GT,996,456.727,0.649944,-1,0.649944,0,0,0]
[8,S,0.0218759,10,CA,589,453.678,0.465107,-1,0.465107,0,0,0]
[9,S,0.0232569,10,TG,604,451.554,0.0826024,-1,0.0826024,0,0,0]
[10,S,0.024237,10,GC,980,453.715,0.790323,-1,0.790323,0,0,0]
[11,S,0.0260226,10,CT,584,447.719,0.0446988,-1,0.0446988,0,0,0]
[12,S,0.0261332,10,TA,66,451.393,0.0230078,-1,0.0230078,0,0,0]
[13,S,0.0325725,10,AT,436,456.219,0.265987,-1,0.265987,0,0,0]
[14,S,0.0348009,10,GT,958,456.196,0.543945,-1,0.543945,0,0,0]
[15,S,0.0369955,10,CA,804,453.357,0.17902,-1,0.17902,0,0,0]
[16,S,0.0376134,10,AG,888,454.14,0.201786,-1,0.201786,0,0,0]
[17,S,0.0385331,10,GA,133,453.528,0.315685,-1,0.315685,0,0,0]
[18,S,0.043857,10,CG,755,453.46,0.248016,-1,0.248016,0,0,0]
[19,S,0.046928,10,CG,490,453.239,0.154098,-1,0.154098,0,0,0]
[20,S,0.0482255,10,CG,208,454.974,0.642352,-1,0.642352,0,0,0]
[21,S,0.0525289,10,CA,613,452.765,0.156824,-1,0.156824,0,0,0]
[22,S,0.0528154,10,AT,704,453.871,0.453083,-1,0.453083,0,0,0]
[23,S,0.0530624,10,TA,927,452.031,0.718461,-1,0.718461,0,0,0]
[24,S,0.0543075,10,AG,164,447.687,0.188904,-1,0.188904,0,0,0]
[25,S,0.0586112,10,AG,273,448.566,0.187849,-1,0.187849,0,0,0]
[26,S,0.0611157,10,TA,763,448.585,0.796769,-1,0.796769,0,0,0]
[27,S,0.0628557,10,AC,559,443.459,0.220886,-1,0.220886,0,0,0]
[28,S,0.0633899,10,AC,674,444.156,0.162358,-1,0.162358,0,0,0]
[29,S,0.0658783,10,GT,123,444.934,0.368323,-1,0.368323,0,0,0]
[30,S,0.0679147,10,CA,593,443.546,0.0707396,-1,0.0707396,0,0,0]
[31,S,0.0680164,10,GT,378,446.489,0.0982775,-1,0.0982775,0,0,0]
[32,S,0.068218,10,TG,506,448.731,0.201866,-1,0.201866,0,0,0]
[33,S,0.0685702,10,GC,318,449.401,0.319354,-1,0.319354,0,0,0]
[34,S,0.0800153,10,GA,91,449.466,0.502194,-1,0.502194,0,0,0]
[35,S,0.08137,10,TC,997,447.751,0.0946451,-1,0.0946451,0,0,0]
[36,S,0.0815021,10,TA,706,449.687,0.201393,-1,0.201393,0,0,0]
[37,S,0.0845405,10,TA,637,449.757,0.0545693,-1,0.0545693,0,0,0]
[38,S,0.0847039,10,CT,562,454.163,0.403228,-1,0.403228,0,0,0]
[39,S,0.0849194,10,CG,455,452.683,0.588577,-1,0.588577,0,0,0]
[40,S,0.0875688,10,AC,443,448.75,0.236681,-1,0.236681,0,0,0]
[41,S,0.0900892,10,CA,131,448.591,0.440428,-1,0.440428,0,0,0]
[42,S,0.0908171,10,GA,29,446.401,0.514509,-1,0.514509,0,0,0]
[43,S,0.0915162,10,CA,348,444.806,0.170766,-1,0.170766,0,0,0]
[44,S,0.0992036,10,TC,289,445.636,0.314132,-1,0.314132,0,0,0]
[45,S,0.0996869,10,GT,51,444.669,0.503921,-1,0.503921,0,0,0]
[46,S,0.101315,10,GT,506,443.396,0.305237,-1,0.305237,0,0,0]
[47,S,0.104186,10,GC,172,442.726,0.682581,-1,0.682581,0,0,0]
[48,S,0.107037,10,TC,436,439.713,0.04721,-1,0.04721,0,0,0]
[49,S,0.107574,10,TA,975,444.528,0.429343,-1,0.429343,0,0,0]
[50,S,0.108462,10,TA,675,444.073,0.138581,-1,0.138581,0,0,0]
[51,S,0.113112,10,CA,87,445.597,0.0500622,-1,0.0500622,0,0,0]
[52,S,0.121073,10,AT,131,449.22,0.116642,-1,0.116642,0,0,0]
[53,S,0.125021,10,TA,693,451.228,0.140314,-1,0.140314,0,0,0]
[54,S,0.128006,10,TA,67,453.77,0.192303,-1,0.192303,0,0,0]
[55,S,0.128046,10,AC,156,454.026,0.461939,-1,0.461939,0,0,0]
[56,S,0.129131,10,AC,480,452.352,0.217638,-1,0.217638,0,0,0]
[57,S,0.130998,10,AC,940,452.816,0.186858,-1,0.186858,0,0,0]
[58,S,0.135092,10,CG,169,455.141,0.351961,-1,0.351961,0,0,0]
[59,S,0.137544,10,TG,378,454.186,0.509865,-1,0.509865,0,0,0]
[60,S,0.138008,10,AT,158,451.945,0.320335,-1,0.320335,0,0,0]
[61,S,0.138209,10,CG,592,451.534,0.227017,-1,0.227017,0,0,0]
[62,S,0.139272,10,GT,147,452.373,0.44388,-1,0.44388,0,0,0]
[63,S,0.14128,10,TC,167,450.134,0.200277,-1,0.200277,0,0,0]
[64,S,0.142504,10,CG,670,449.632,0.288205,-1,0.288205,0,0,0]
[65,S,0.143202,10,CT,581,448.879,0.254473,-1,0.254473,0,0,0]
[66,S,0.147233,10,AC,133,447.9,0.44084,-1,0.44084,0,0,0]
[67,S,0.148864,10,TG,790,445.286,0.120741,-1,0.120741,0,0,0]
[68,S,0.152124,10,CG,336,446.356,0.302533,-1,0.302533,0,0,0]
[69,S,0.154597,10,TA,62,445.718,0.149182,-1,0.149182,0,0,0]
[70,S,0.156198,10,CG,860,448.065,0.200432,-1,0.200432,0,0,0]
[71,S,0.156497,10,TG,30,449.677,0.0589328,-1,0.0589328,0,0,0]
[72,S,0.164129,10,CT,815,453.839,0.360259,-1,0.360259,0,0,0]
[73,S,0.164593,10,TC,350,452.23,0.140988,-1,0.140988,0,0,0]
[74,S,0.166734,10,TG,530,455.041,0.373612,-1,0.373612,0,0,0]
[75,S,0.167318,10,GT,421,453.332,0.426238,-1,0.426238,0,0,0]
[76,S,0.168057,10,GT,430,451.597,0.44919,-1,0.44919,0,0,0]
[77,S,0.168859,10,GT,754,450.646,0.0481405,-1,0.0481405,0,0,0]
[78,S,0.169082,10,AT,685,455.705,0.14714,-1,0.14714,0,0,0]
[79,S,0.169185,10,AT,962,456.489,0.230117,-1,0.230117,0,0,0]
[80,S,0.171058,10,GC,111,456.817,0.205278,-1,0.205278,0,0,0]
[81,S,0.171537,10,TG,290,458.098,0.426729,-1,0.426729,0,0,0]
[82,S,0.172552,10,TG,906,456.292,0.141515,-1,0.141515,0,0,0]
[83,S,0.173318,10,TG,63,456.655,1.08063,-1,1.08063,0,0,0]
[84,S,0.174799,10,CG,64,449.575,0.207045,-1,0.207045,0,0,0]
[85,S,0.177496,10,AG,285,450.439,0.0746722,-1,0.0746722,0,0,0]
[86,S,0.179892,10,GC,367,453.235,0.340484,-1,0.340484,0,0,0]
[87,S,0.180811,10,TA,31,452.339,0.48872,-1,0.48872,0,0,0]
[88,S,0.180941,10,AC,806,450.135,0.0710664,-1,0.0710664,0,0,0]
[89,S,0.181583,10,CG,351,453.047,0.305657,-1,0.305657,0,0,0]
[90,S,0.181994,10,CT,212,451.108,0.12848,-1,0.12848,0,0,0]
[91,S,0.182114,10,GT,285,452.495,0.44388,-1,0.44388,0,0,0]
[92,S,0.184214,10,AG,39,450.503,0.335231,-1,0.335231,0,0,0]
[93,S,0.18453,10,TA,998,449.827,0.227196,-1,0.227196,0,0,0]
[94,S,0.189057,10,AC,103,449.677,0.498549,-1,0.498549,0,0,0]
[95,S,0.190426,10,CT,350,448.053,0.16493,-1,0.16493,0,0,0]
[96,S,0.19197,10,AT,675,448.841,0.409376,-1,0.409376,0,0,0]
[97,S,0.192456,10,GA,807,447.234,0.530551,-1,0.530551,0,0,0]
[98,S,0.200808,10,AG,37,444.886,0.329396,-1,0.329396,0,0,0]
[99,S,0.202077,10,AG,125,444.155,0.0676909,-1,0.0676909,0,0,0]
[100,S,0.212142,10,CT,419,447.238,0.555327,-1,0.555327,0,0,0]
[101,S,0.214003,10,GC,695,444.782,0.377406,-1,0.377406,0,0,0]
[102,S,0.2159,10,CG,596,442.55,1.06411,-1,1.06411,0,0,0]
[103,S,0.216069,10,TC,468,438.237,0.547987,-1,0.547987,0,0,0]
[104,S,0.221973,10,GT,339,435.306,0.0852536,-1,0.0852536,0,0,0]
[105,S,0.225066,10,TC,560,438.886,0.273991,-1,0.273991,0,0,0]
[106,S,0.227119,10,CT,980,438.442,0.282993,-1,0.282993,0,0,0]
[107,S,0.228856,10,CA,436,437.948,0.705775,-1,0.705775,0,0,0]
[108,S,0.231956,10,AT,612,433.575,0.417201,-1,0.417201,0,0,0]
[109,S,0.233495,10,TA,989,432.612,0.180801,-1,0.180801,0,0,0]
[110,S,0.237077,10,GC,878,433.064,0.17156,-1,0.17156,0,0,0]
[111,S,0.238589,10,GT,604,433.789,0.561943,-1,0.561943,0,0,0]
[112,S,0.241131,10,AC,613,431.627,0.362281,-1,0.362281,0,0,0]
[113,S,0.241138,10,AC,165,429.406,0.207952,-1,0.207952,0,0,0]
[114,S,0.24413,10,TA,525,430.664,0.0748224,-1,0.0748224,0,0,0]
[115,S,0.244179,10,AT,227,433.673,0.458012,-1,0.458012,0,0,0]
[116,S,0.255826,10,CG,950,432.584,0.438373,-1,0.438373,0,0,0]
[117,S,0.256255,10,TA,344,431.225,0.155297,-1,0.155297,0,0,0]
[118,S,0.256872,10,AG,558,432.702,0.262003,-1,0.262003,0,0,0]
[119,S,0.259897,10,CA,177,433.803,0.227929,-1,0.227929,0,0,0]
[120,S,0.270635,10,CA,388,433.772,0.152962,-1,0.152962,0,0,0]
[121,S,0.272217,10,TC,634,434.901,0.178797,-1,0.178797,0,0,0]
[122,S,0.273757,10,AG,883,434.722,0.127592,-1,0.127592,0,0,0]
[123,S,0.273902,10,TG,885,435.433,0.0301085,-1,0.0301085,0,0,0]
[124,S,0.27766,10,AC,87,442.14,0.714717,-1,0.714717,0,0,0]
[125,S,0.278867,10,GC,740,438.517,0.127669,-1,0.127669,0,0,0]
[126,S,0.279201,10,TC,353,440.39,0.438128,-1,0.438128,0,0,0]
[127,S,0.282531,10,AT,651,437.748,0.254699,-1,0.254699,0,0,0]
[128,S,0.282618,10,CG,473,437.116,0.0907883,-1,0.0907883,0,0,0]
[129,S,0.286442,10,GT,724,438.982,0.214783,-1,0.214783,0,0,0]
[130,S,0.286485,10,GA,121,439.166,0.183129,-1,0.183129,0,0,0]
[131,S,0.289309,10,AG,660,440.061,0.22782,-1,0.22782,0,0,0]
[132,S,0.290228,10,AT,427,440.262,0.0222263,-1,0.0222263,0,0,0]
[133,S,0.29129,10,CA,691,444.824,0.114211,-1,0.114211,0,0,0]
[134,S,0.292981,10,CT,963,446.097,0.409207,-1,0.409207,0,0,0]
[135,S,0.292985,10,TC,357,445.085,0.144063,-1,0.144063,0,0,0]
[136,S,0.293603,10,CT,507,444.615,0.40968,-1,0.40968,0,0,0]
[137,S,0.29476,10,GC,670,443.86,0.215331,-1,0.215331,0,0,0]
[138,S,0.305683,10,AC,332,444.696,0.505584,-1,0.505584,0,0,0]
[139,S,0.3081,10,GT,866,441.885,0.276374,-1,0.276374,0,0,0]
[140,S,0.309221,10,AT,219,441.896,0.15891,-1,0.15891,0,0,0]
[141,S,0.310155,10,AC,875,443.36,0.587708,-1,0.587708,0,0,0]
[142,S,0.310864,10,AG,617,440.881,0.0176831,-1,0.0176831,0,0,0]
[143,S,0.323865,10,AT,811,447.031,0.397489,-1,0.397489,0,0,0]
[144,S,0.325463,10,CT,133,445.915,0.345893,-1,0.345893,0,0,0]
[145,S,0.328769,10,AC,298,445.573,0.338474,-1,0.338474,0,0,0]
[146,S,0.329089,10,CA,418,444.241,0.034072,-1,0.034072,0,0,0]
[147,S,0.331247,10,CA,853,448.896,0.14058,-1,0.14058,0,0,0]
[148,S,0.33216,10,AG,748,450.032,0.238744,-1,0.238744,0,0,0]
[149,S,0.333207,10,CA,747,449.622,0.197125,-1,0.197125,0,0,0]
[150,S,0.335931,10,AG,803,450.596,0.146485,-1,0.146485,0,0,0]
[151,S,0.337327,10,GT,587,452.223,0.457413,-1,0.457413,0,0,0]
[152,S,0.337787,10,GC,72,449.537,0.178338,-1,0.178338,0,0,0]
[153,S,0.341454,10,GA,884,450.476,0.84224,-1,0.84224,0,0,0]
[154,S,0.346857,10,GC,336,444.604,0.476457,-1,0.476457,0,0,0]
[155,S,0.348134,10,GT,30,442.407,0.22228,-1,0.22228,0,0,0]
[156,S,0.349746,10,GT,196,440.96,0.195166,-1,0.195166,0,0,0]
[157,S,0.351478,10,AG,778,441.835,0.0400564,-1,0.0400564,0,0,0]
[158,S,0.353298,10,CT,723,446.716,0.0323553,-1,0.0323553,0,0,0]
[159,S,0.355029,10,GT,426,450.858,0.160931,-1,0.160931,0,0,0]
[160,S,0.357817,10,AT,659,453.029,0.361422,-1,0.361422,0,0,0]
[161,S,0.362494,10,GC,580,453.103,0.379419,-1,0.379419,0,0,0]
[162,S,0.363098,10,TG,213,452.857,0.432885,-1,0.432885,0,0,0]
[163,S,0.364033,10,GA,334,450.676,0.0493934,-1,0.0493934,0,0,0]
[164,S,0.367691,10,CA,328,454.897,0.269025,-1,0.269025,0,0,0]
[165,S,0.373718,10,CT,806,454.61,0.704829,-1,0.704829,0,0,0]
[166,S,0.38126,10,AT,121,451.635,0.0589751,-1,0.0589751,0,0,0]
[167,S,0.386811,10,AT,344,456.02,0.377069,-1,0.377069,0,0,0]
[168,S,0.388101,10,TC,488,454.543,0.167063,-1,0.167063,0,0,0]
[169,S,0.38811,10,AC,248,456.155,0.175523,-1,0.175523,0,0,0]
[170,S,0.389023,10,CA,250,457.451,0.597002,-1,0.597002,0,0,0]
[171,S,0.389239,10,GA,802,454.997,0.191066,-1,0.191066,0,0,0]
[172,S,0.390675,10,AC,957,455.013,0.014826,-1,0.014826,0,0,0]
[173,S,0.392521,10,GA,453,461.205,0.120077,-1,0.120077,0,0,0]
[174,S,0.393087,10,CT,793,463.513,0.14862,-1,0.14862,0,0,0]
[175,S,0.394472,10,GT,909,463.727,0.0912007,-1,0.0912007,0,0,0]
[176,S,0.396674,10,CG,966,465.795,0.177172,-1,0.177172,0,0,0]
[177,S,0.398772,10,TA,419,466.457,0.686639,-1,0.686639,0,0,0]
[178,S,0.401402,10,TG,768,461.898,0.183971,-1,0.183971,0,0,0]
[179,S,0.413333,10,GT,422,462.768,0.263024,-1,0.263024,0,0,0]
[180,S,0.422512,10,TC,350,462.038,0.254209,-1,0.254209,0,0,0]
[181,S,0.425556,10,CG,780,462.786,0.335339,-1,0.335339,0,0,0]
[182,S,0.428467,10,TC,724,460.804,0.828402,-1,0.828402,0,0,0]
[183,S,0.429776,10,GT,534,456.425,0.0170354,-1,0.0170354,0,0,0]
[184,S,0.430903,10,CT,940,461.26,0.289349,-1,0.289349,0,0,0]
[185,S,0.431714,10,TG,121,459.551,0.792648,-1,0.792648,0,0,0]
[186,S,0.432099,10,CG,766,454.27,0.170982,-1,0.170982,0,0,0]
[187,S,0.433318,10,CA,467,454.413,0.301801,-1,0.301801,0,0,0]
[188,S,0.440383,10,AC,637,453.723,0.525754,-1,0.525754,0,0,0]
[189,S,0.441348,10,AC,396,451.564,0.198769,-1,0.198769,0,0,0]
[190,S,0.441767,10,AC,157,452.815,0.269336,-1,0.269336,0,0,0]
[191,S,0.444768,10,GC,716,452.532,0.0772441,-1,0.0772441,0,0,0]
[192,S,0.445013,10,GT,533,454.788,0.7119,-1,0.7119,0,0,0]
[193,S,0.445736,10,GT,863,451.327,0.40759,-1,0.40759,0,0,0]
[194,S,0.448814,10,TG,427,450.621,0.950357,-1,0.950357,0,0,0]
[195,S,0.451648,10,GT,128,445.309,0.465844,-1,0.465844,0,0,0]
[196,S,0.451998,10,CA,557,443.37,0.547617,-1,0.547617,0,0,0]
[197,S,0.455105,10,CA,746,440.411,0.381311,-1,0.381311,0,0,0]
[198,S,0.457135,10,AT,58,439.072,0.569358,-1,0.569358,0,0,0]
[199,S,0.457856,10,AC,582,436.256,0.325926,-1,0.325926,0,0,0]
[200,S,0.459148,10,TA,549,435.431,0.299123,-1,0.299123,0,0,0]
[201,S,0.465078,10,GC,536,435.239,0.0692775,-1,0.0692775,0,0,0]
[202,S,0.467799,10,CG,340,439.203,0.303527,-1,0.303527,0,0,0]
[203,S,0.469822,10,CA,912,438.606,0.308519,-1,0.308519,0,0,0]
[204,S,0.472605,10,CA,254,438.439,0.235222,-1,0.235222,0,0,0]
[205,S,0.475613,10,GC,208,438.496,0.0633886,-1,0.0633886,0,0,0]
[206,S,0.477261,10,TC,590,441.272,0.335375,-1,0.335375,0,0,0]
[207,S,0.484974,10,CA,652,441.306,0.060607,-1,0.060607,0,0,0]
[208,S,0.485131,10,AT,393,446.728,0.861664,-1,0.861664,0,0,0]
[209,S,0.490273,10,AG,65,442.727,0.574517,-1,0.574517,0,0,0]
[210,S,0.490965,10,GT,748,440.308,0.590543,-1,0.590543,0,0,0]
[211,S,0.500665,10,TC,46,437.65,0.225697,-1,0.225697,0,0,0]
[212,S,0.506268,10,TC,68,437.802,0.370625,-1,0.370625,0,0,0]
[213,S,0.51302,10,TA,61,436.453,0.242484,-1,0.242484,0,0,0]
[214,S,0.516304,10,GT,780,436.247,0.292301,-1,0.292301,0,0,0]
[215,S,0.517289,10,GC,918,435.978,0.207713,-1,0.207713,0,0,0]
[216,S,0.519035,10,CA,355,436.6,0.224649,-1,0.224649,0,0,0]
[217,S,0.52034,10,AG,185,436.73,0.215045,-1,0.215045,0,0,0]
[218,S,0.522329,10,TA,131,436.646,0.152366,-1,0.152366,0,0,0]
[219,S,0.522924,10,TC,22,439.233,0.286516,-1,0.286516,0,0,0]
[220,S,0.52329,10,CG,861,438.608,0.382704,-1,0.382704,0,0,0]
[221,S,0.52539,10,AT,131,437.27,0.382433,-1,0.382433,0,0,0]
[222,S,0.530467,10,TA,653,434.683,0.728964,-1,0.728964,0,0,0]
[223,S,0.530752,10,CA,335,429.068,0.474795,-1,0.474795,0,0,0]
[224,S,0.530967,10,GT,551,426.669,0.531929,-1,0.531929,0,0,0]
[225,S,0.531963,10,GC,154,424.629,0.122572,-1,0.122572,0,0,0]
[226,S,0.531966,10,TC,309,425.802,0.177639,-1,0.177639,0,0,0]
[227,S,0.532249,10,TC,533,427.32,0.342206,-1,0.342206,0,0,0]
[228,S,0.532361,10,TG,56,425.31,0.0858514,-1,0.0858514,0,0,0]
[229,S,0.532455,10,CT,956,427.732,0.804817,-1,0.804817,0,0,0]
[230,S,0.533286,10,TG,325,421.198,0.292108,-1,0.292108,0,0,0]
[231,S,0.533441,10,TG,780,420.388,0.211992,-1,0.211992,0,0,0]
[232,S,0.533992,10,AT,102,420.656,0.645121,-1,0.645121,0,0,0]
[233,S,0.536663,10,CA,978,417.907,0.181093,-1,0.181093,0,0,0]
[234,S,0.537626,10,GA,984,418.844,0.606959,-1,0.606959,0,0,0]
[235,S,0.537896,10,CA,420,416.522,0.101439,-1,0.101439,0,0,0]
[236,S,0.53839,10,CT,527,419.352,0.0838358,-1,0.0838358,0,0,0]
[237,S,0.542264,10,TA,659,423.376,0.164235,-1,0.164235,0,0,0]
[238,S,0.542745,10,AC,706,423.29,0.294924,-1,0.294924,0,0,0]
[239,S,0.543738,10,CA,298,422.435,0.178477,-1,0.178477,0,0,0]
[240,S,0.545552,10,AT,522,423.767,0.175067,-1,0.175067,0,0,0]
[241,S,0.54903,10,GT,290,426.372,0.130462,-1,0.130462,0,0,0]
[242,S,0.552854,10,CT,100,428.135,0.217174,-1,0.217174,0,0,0]
[243,S,0.553075,10,GT,781,428.403,0.297291,-1,0.297291,0,0,0]
[244,S,0.554193,10,GT,260,429.888,0.110543,-1,0.110543,0,0,0]
[245,S,0.557071,10,CG,637,432.516,0.131808,-1,0.131808,0,0,0]
[246,S,0.561236,10,AG,419,433.591,0.919827,-1,0.919827,0,0,0]
[247,S,0.566761,10,GC,572,429.599,0.0321574,-1,0.0321574,0,0,0]
[248,S,0.56801,10,TC,675,434.314,0.310982,-1,0.310982,0,0,0]
[249,S,0.568503,10,GC,226,433.384,0.365916,-1,0.365916,0,0,0]
[250,S,0.568925,10,TC,570,432.391,0.416478,-1,0.416478,0,0,0]
[251,S,0.573295,10,AG,635,431.534,0.388711,-1,0.388711,0,0,0]
[252,S,0.574207,10,GT,586,430.115,0.180927,-1,0.180927,0,0,0]
[253,S,0.57436,10,GA,701,431.369,0.176883,-1,0.176883,0,0,0]
[254,S,0.585961,10,TC,122,431.233,0.264505,-1,0.264505,0,0,0]
[255,S,0.588361,10,CT,616,431.262,0.249053,-1,0.249053,0,0,0]
[256,S,0.589281,10,TA,303,429.711,0.190233,-1,0.190233,0,0,0]
[257,S,0.593839,10,AC,668,429.601,0.441419,-1,0.441419,0,0,0]
[258,S,0.595093,10,TG,215,428.832,0.168676,-1,0.168676,0,0,0]
[259,S,0.597164,10,CT,991,428.828,0.102006,-1,0.102006,0,0,0]
[260,S,0.59963,10,GT,741,431.22,0.293471,-1,0.293471,0,0,0]
[261,S,0.600709,10,AC,299,431.944,0.372894,-1,0.372894,0,0,0]
[262,S,0.602829,10,GC,38,429.923,0.0778075,-1,0.0778075,0,0,0]
[263,S,0.604179,10,CG,673,432.777,0.113488,-1,0.113488,0,0,0]
[264,S,0.609037,10,TG,281,435.39,0.106858,-1,0.106858,0,0,0]
[265,S,0.615718,10,GC,129,435.809,0.204705,-1,0.204705,0,0,0]
[266,S,0.617698,10,CA,941,436.643,0.455209,-1,0.455209,0,0,0]
[267,S,0.617881,10,AG,74,434.962,0.119377,-1,0.119377,0,0,0]
[268,S,0.618149,10,GC,109,436.236,0.730186,-1,0.730186,0,0,0]
[269,S,0.620285,10,AC,568,433.108,0.69277,-1,0.69277,0,0,0]
[270,S,0.620893,10,CG,782,428.321,0.0925543,-1,0.0925543,0,0,0]
[271,S,0.626873,10,CG,570,430.019,0.611177,-1,0.611177,0,0,0]
[272,S,0.630525,10,TG,333,427.772,0.380285,-1,0.380285,0,0,0]
[273,S,0.634272,10,TC,704,426.026,0.2527,-1,0.2527,0,0,0]
[274,S,0.636449,10,AT,912,425.43,0.14714,-1,0.14714,0,0,0]
[275,S,0.639289,10,GC,554,425.925,0.202392,-1,0.202392,0,0,0]
[276,S,0.642253,10,TG,491,426.142,0.695783,-1,0.695783,0,0,0]
[277,S,0.646591,10,GA,164,423.195,0.678333,-1,0.678333,0,0,0]
[278,S,0.646614,10,TC,33,419.681,0.0832651,-1,0.0832651,0,0,0]
[279,S,0.646616,10,GC,889,421.885,0.20835,-1,0.20835,0,0,0]
[280,S,0.648864,10,AC,101,422.034,0.345942,-1,0.345942,0,0,0]
[281,S,0.64939,10,AG,365,421.21,0.0376628,-1,0.0376628,0,0,0]
[282,S,0.652536,10,TG,599,425.695,0.0965766,-1,0.0965766,0,0,0]
[283,S,0.654226,10,TG,934,426.894,0.212008,-1,0.212008,0,0,0]
[284,S,0.654691,10,GT,637,427.126,0.675113,-1,0.675113,0,0,0]
[285,S,0.656602,10,TC,266,424.525,0.248757,-1,0.248757,0,0,0]
[286,S,0.657157,10,CT,367,424.871,0.169666,-1,0.169666,0,0,0]
[287,S,0.665186,10,TC,459,425.6,0.634406,-1,0.634406,0,0,0]
[288,S,0.668009,10,TA,193,423.406,0.893341,-1,0.893341,0,0,0]
[289,S,0.66804,10,TA,96,420.219,0.0742494,-1,0.0742494,0,0,0]
[290,S,0.671931,10,TA,610,423.075,0.169001,-1,0.169001,0,0,0]
[291,S,0.67642,10,AC,908,424.796,0.35029,-1,0.35029,0,0,0]
[292,S,0.6843,10,AT,693,423.971,0.177768,-1,0.177768,0,0,0]
[293,S,0.686182,10,CG,740,425.506,0.497673,-1,0.497673,0,0,0]
[294,S,0.687053,10,AT,688,422.813,0.0681152,-1,0.0681152,0,0,0]
[295,S,0.692388,10,AC,310,425.992,0.275694,-1,0.275694,0,0,0]
[296,S,0.693615,10,TA,262,425.639,0.168488,-1,0.168488,0,0,0]
[297,S,0.697466,10,TC,425,424.709,0.066992,-1,0.066992,0,0,0]
[298,S,0.698089,10,AG,96,427.666,0.0552998,-1,0.0552998,0,0,0]
[299,S,0.700593,10,AG,349,431.04,0.466476,-1,0.466476,0,0,0]
[300,S,0.708299,10,AG,274,429.121,0.142938,-1,0.142938,0,0,0]
[301,S,0.709783,10,GC,273,430.945,0.264384,-1,0.264384,0,0,0]
[302,S,0.71007,10,CG,474,430.335,0.407951,-1,0.407951,0,0,0]
[303,S,0.712966,10,CT,695,429.331,0.60055,-1,0.60055,0,0,0]
[304,S,0.715192,10,TA,364,426.496,0.646938,-1,0.646938,0,0,0]
[305,S,0.71703,10,CA,994,423.289,0.298397,-1,0.298397,0,0,0]
[306,S,0.717434,10,GT,124,422.863,0.427687,-1,0.427687,0,0,0]
[307,S,0.717618,10,TC,81,421.467,0.129031,-1,0.129031,0,0,0]
[308,S,0.71999,10,CA,157,423.342,0.28919,-1,0.28919,0,0,0]
[309,S,0.724925,10,GT,39,422.765,0.482312,-1,0.482312,0,0,0]
[310,S,0.728094,10,CT,902,420.782,0.147648,-1,0.147648,0,0,0]
[311,S,0.728382,10,CA,916,421.486,0.0920711,-1,0.0920711,0,0,0]
[312,S,0.731909,10,CT,152,423.279,0.189782,-1,0.189782,0,0,0]
[313,S,0.734324,10,AC,368,424.897,0.536974,-1,0.536974,0,0,0]
[314,S,0.737674,10,GT,877,423.057,0.225487,-1,0.225487,0,0,0]
[315,S,0.739387,10,AT,524,423.199,1.30435,-1,1.30435,0,0,0]
[316,S,0.742981,10,CA,756,413.802,0.325522,-1,0.325522,0,0,0]
[317,S,0.748884,10,AT,756,410.637,0.678318,-1,0.678318,0,0,0]
[318,S,0.750652,10,CG,566,408.094,0.06,-1,0.06,0,0,0]
[319,S,0.7513,10,AC,34,412.13,0.550915,-1,0.550915,0,0,0]
[320,S,0.752874,10,TC,462,408.91,0.054287,-1,0.054287,0,0,0]
[321,S,0.754144,10,CT,381,412.35,0.278684,-1,0.278684,0,0,0]
[322,S,0.75466,10,CT,165,412.377,0.231006,-1,0.231006,0,0,0]
[323,S,0.755047,10,GC,209,413.308,0.570427,-1,0.570427,0,0,0]
[324,S,0.755696,10,CA,629,410.787,0.356457,-1,0.356457,0,0,0]
[325,S,0.755769,10,AC,493,410.195,0.0845038,-1,0.0845038,0,0,0]
[326,S,0.75851,10,GC,508,412.697,0.414899,-1,0.414899,0,0,0]
[327,S,0.758785,10,CT,468,411.508,0.824099,-1,0.824099,0,0,0]
[328,S,0.760235,10,TG,483,408.066,0.336431,-1,0.336431,0,0,0]
[329,S,0.761598,10,CG,831,407.3,0.0414979,-1,0.0414979,0,0,0]
[330,S,0.763383,10,GC,844,410.112,0.190046,-1,0.190046,0,0,0]
[331,S,0.767688,10,AC,388,411.05,0.381333,-1,0.381333,0,0,0]
[332,S,0.770247,10,CG,78,410.235,0.192203,-1,0.192203,0,0,0]
[333,S,0.770741,10,GC,934,411.986,0.0564238,-1,0.0564238,0,0,0]
[334,S,0.775147,10,TC,260,416.093,0.193126,-1,0.193126,0,0,0]
[335,S,0.777172,10,TA,734,417.153,0.216528,-1,0.216528,0,0,0]
[336,S,0.778592,10,AT,494,417.176,0.295196,-1,0.295196,0,0,0]
[337,S,0.784165,10,TC,963,417.346,0.417778,-1,0.417778,0,0,0]
[338,S,0.784494,10,AG,461,415.68,0.238744,-1,0.238744,0,0,0]
[339,S,0.788327,10,AC,418,415.435,0.154165,-1,0.154165,0,0,0]
[340,S,0.788518,10,AG,27,416.965,0.0861593,-1,0.0861593,0,0,0]
[341,S,0.789086,10,AT,126,418.723,0.0530458,-1,0.0530458,0,0,0]
[342,S,0.789618,10,TG,301,421.591,0.303078,-1,0.303078,0,0,0]
[343,S,0.78983,10,AG,588,422.125,0.272035,-1,0.272035,0,0,0]
[344,S,0.798793,10,GA,305,421.337,0.0440345,-1,0.0440345,0,0,0]
[345,S,0.803947,10,AC,429,425.908,0.199394,-1,0.199394,0,0,0]
[346,S,0.804377,10,CA,429,426.208,0.308519,-1,0.308519,0,0,0]
[347,S,0.80542,10,GA,155,425.908,0.0861776,-1,0.0861776,0,0,0]
[348,S,0.807934,10,AT,707,428.712,0.31156,-1,0.31156,0,0,0]
[349,S,0.808718,10,AG,295,429.25,0.153543,-1,0.153543,0,0,0]
[350,S,0.812699,10,CT,34,430.122,0.239729,-1,0.239729,0,0,0]
[351,S,0.815811,10,CA,237,430.383,0.4383,-1,0.4383,0,0,0]
[352,S,0.825193,10,GT,842,428.274,0.316497,-1,0.316497,0,0,0]
[353,S,0.826765,10,CG,330,427.811,0.0830556,-1,0.0830556,0,0,0]
[354,S,0.828738,10,TA,907,431.524,0.143466,-1,0.143466,0,0,0]
[355,S,0.829312,10,GC,948,433.936,0.0306782,-1,0.0306782,0,0,0]
[356,S,0.830005,10,GT,461,439.134,0.500313,-1,0.500313,0,0,0]
[357,S,0.833291,10,AC,429,437.352,0.199394,-1,0.199394,0,0,0]
[358,S,0.835957,10,GT,949,437.652,0.56445,-1,0.56445,0,0,0]
[359,S,0.836191,10,AC,916,434.387,0.529337,-1,0.529337,0,0,0]
[360,S,0.843737,10,CT,156,432.594,0.105534,-1,0.105534,0,0,0]
[361,S,0.846149,10,GC,340,435.159,0.203169,-1,0.203169,0,0,0]
[362,S,0.848051,10,GC,321,435.692,0.360604,-1,0.360604,0,0,0]
[363,S,0.848507,10,AG,701,435.243,0.164143,-1,0.164143,0,0,0]
[364,S,0.848778,10,CG,543,437.057,0.121612,-1,0.121612,0,0,0]
[365,S,0.848879,10,CA,353,438.599,0.401533,-1,0.401533,0,0,0]
[366,S,0.850493,10,GC,95,437.653,0.533623,-1,0.533623,0,0,0]
[367,S,0.851659,10,GT,745,434.251,0.379982,-1,0.379982,0,0,0]
[368,S,0.854358,10,GT,968,432.268,0.0321982,-1,0.0321982,0,0,0]
[369,S,0.854491,10,AT,275,437.221,0.159655,-1,0.159655,0,0,0]
[370,S,0.854791,10,AG,967,438.419,0.419812,-1,0.419812,0,0,0]
[371,S,0.857023,10,CG,946,436.075,0.62185,-1,0.62185,0,0,0]
[372,S,0.865602,10,GT,427,434.025,0.0374109,-1,0.0374109,0,0,0]
[373,S,0.866171,10,GT,828,438.689,0.228109,-1,0.228109,0,0,0]
[374,S,0.868535,10,CT,675,438.74,0.555327,-1,0.555327,0,0,0]
[375,S,0.870286,10,AT,16,436.19,0.0789644,-1,0.0789644,0,0,0]
[376,S,0.870433,10,TG,586,438.748,0.359592,-1,0.359592,0,0,0]
[377,S,0.871825,10,CT,318,437.725,0.0693722,-1,0.0693722,0,0,0]
[378,S,0.873933,10,TC,180,440.341,0.169893,-1,0.169893,0,0,0]
[379,S,0.874159,10,TC,546,441.893,0.0993892,-1,0.0993892,0,0,0]
[380,S,0.876303,10,AC,342,442.421,0.236082,-1,0.236082,0,0,0]
[381,S,0.87833,10,TA,431,442.383,0.107186,-1,0.107186,0,0,0]
[382,S,0.879185,10,AG,999,444.369,0.440435,-1,0.440435,0,0,0]
[383,S,0.880377,10,TG,612,442.737,0.136181,-1,0.136181,0,0,0]
[384,S,0.885841,10,TC,527,444.455,0.18712,-1,0.18712,0,0,0]
[385,S,0.889472,10,GC,380,445.412,0.353555,-1,0.353555,0,0,0]
[386,S,0.89085,10,TC,745,444.966,0.178687,-1,0.178687,0,0,0]
[387,S,0.901207,10,TG,196,446.293,0.193542,-1,0.193542,0,0,0]
[388,S,0.901817,10,TA,176,446.912,0.22592,-1,0.22592,0,0,0]
[389,S,0.903818,10,AC,792,447.398,0.580439,-1,0.580439,0,0,0]
[390,S,0.905945,10,TC,404,445.543,0.0878731,-1,0.0878731,0,0,0]
[391,S,0.908113,10,GA,612,447.338,0.351974,-1,0.351974,0,0,0]
[392,S,0.908404,10,CG,963,446.128,0.0358805,-1,0.0358805,0,0,0]
[393,S,0.91761,10,TA,296,449.771,0.231782,-1,0.231782,0,0,0]
[394,S,0.918039,10,GA,428,449.162,0.992944,-1,0.992944,0,0,0]
[395,S,0.920872,10,TG,28,442.676,0.265353,-1,0.265353,0,0,0]
[396,S,0.921752,10,AT,317,443.514,0.164853,-1,0.164853,0,0,0]
[397,S,0.927354,10,GC,558,445.146,0.161554,-1,0.161554,0,0,0]
[398,S,0.928314,10,AC,648,446.359,0.213099,-1,0.213099,0,0,0]
[399,S,0.930445,10,GT,54,446.539,0.373306,-1,0.373306,0,0,0]
[400,S,0.931087,10,GC,684,445.645,0.0656989,-1,0.0656989,0,0,0]
[401,S,0.931487,10,CA,531,451.412,0.47519,-1,0.47519,0,0,0]
[402,S,0.933857,10,GC,809,449.401,0.25714,-1,0.25714,0,0,0]
[403,S,0.933979,10,TA,54,448.876,0.360726,-1,0.360726,0,0,0]
[404,S,0.934295,10,TG,637,447.809,0.0569541,-1,0.0569541,0,0,0]
[405,S,0.934914,10,CT,0,450.411,0.238066,-1,0.238066,0,0,0]
[406,S,0.938088,10,GT,660,450.191,0.353182,-1,0.353182,0,0,0]
[407,S,0.940478,10,AT,495,449.515,0.0779747,-1,0.0779747,0,0,0]
[408,S,0.941646,10,GA,579,451.897,0.208261,-1,0.208261,0,0,0]
[409,S,0.94334,10,CG,889,452.311,0.296862,-1,0.296862,0,0,0]
[410,S,0.946594,10,TG,219,452.162,0.211854,-1,0.211854,0,0,0]
[411,S,0.947275,10,AC,937,452.521,0.12018,-1,0.12018,0,0,0]
[412,S,0.947824,10,AG,802,456.19,0.319962,-1,0.319962,0,0,0]
[413,S,0.949419,10,GA,301,456.174,0.0746028,-1,0.0746028,0,0,0]
[414,S,0.94982,10,TG,47,458.996,0.402352,-1,0.402352,0,0,0]
[415,S,0.954889,10,GC,55,457.57,0.0913341,-1,0.0913341,0,0,0]
[416,S,0.955719,10,AT,250,459.47,0.218446,-1,0.218446,0,0,0]
[417,S,0.95719,10,AT,31,459.968,0.568255,-1,0.568255,0,0,0]
[418,S,0.958868,10,AT,262,457.202,0.669075,-1,0.669075,0,0,0]
[419,S,0.9604,10,CA,186,455.123,0.0794879,-1,0.0794879,0,0,0]
[420,S,0.961738,10,TA,545,457.499,0.307297,-1,0.307297,0,0,0]
[421,S,0.969894,10,GT,785,458.249,0.445147,-1,0.445147,0,0,0]
[422,S,0.971089,10,AC,589,455.97,0.365144,-1,0.365144,0,0,0]
[423,S,0.971338,10,GA,6,454.67,0.233833,-1,0.233833,0,0,0]
[424,S,0.974314,10,CA,558,454.824,0.243832,-1,0.243832,0,0,0]
[425,S,0.97834,10,CT,646,454.716,0.45023,-1,0.45023,0,0,0]
[426,S,0.978644,10,GC,240,453.335,0.228493,-1,0.228493,0,0,0]
[427,S,0.979663,10,GC,187,454.394,0.738427,-1,0.738427,0,0,0]
[428,S,0.980793,10,CA,544,451.624,0.478588,-1,0.478588,0,0,0]
[429,S,0.980843,10,TC,454,449.891,0.180607,-1,0.180607,0,0,0]
[430,S,0.981447,10,AT,186,449.989,0.248016,-1,0.248016,0,0,0]
[431,S,0.982379,10,TC,126,449.543,0.62697,-1,0.62697,0,0,0]
[432,S,0.992181,10,TC,371,447.025,0.552972,-1,0.552972,0,0,0]
[433,S,0.99593,10,TG,791,445.239,0.187965,-1,0.187965,0,0,0]
[434,S,0.9966,10,AT,242,445.959,0.06062,-1,0.06062,0,0,0]
[435,S,0.999069,10,TA,267,448.758,0.0546546,-1,0.0546546,0,0,0]
[-1,X,1,10,XX,X,449.357,0,-1,0,0,0,0]
GUIDE_TREE_PARTITION1=(T_1:1.0,T_2:0);
