Taxa bit representation:
t5 1000000000000
t1 0100000000000
t11 0010000000000
t8 0001000000000
t13 0000100000000
t6 0000010000000
t10 0000001000000
t4 0000000100000
t2 0000000010000
t3 0000000001000
t7 0000000000100
t12 0000000000010
t9 0000000000001
Clade List (<taxon members> = <clade name>): 

>Dataset_0
[41,F,0.0352895,0000001111111,3.52895,X]
[0,F,0.0387797,1111110000000,3.87797,X]
[42,F,0.0461478,0000001111111,4.61478,X]
[43,F,0.0620475,0000001111111,6.20475,X]
[1,F,0.0624353,1111110000000,6.24353,X]
[44,F,0.0818252,0000001111111,8.18252,X]
[45,F,0.115563,0000001111111,11.5563,X]
[46,F,0.14426,0000001111111,14.426,X]
[2,F,0.179162,1111110000000,17.9162,X]
[47,F,0.181101,0000001111111,18.1101,X]
[48,F,0.193123,0000001111111,19.3123,X]
[3,F,0.193898,1111110000000,19.3898,X]
[49,F,0.249741,0000001111111,24.9741,X]
[4,F,0.268355,1111110000000,26.8355,X]
[5,F,0.305584,1111110000000,30.5584,X]
[6,F,0.319932,1111110000000,31.9932,X]
[7,F,0.335057,1111110000000,33.5057,X]
[50,F,0.340486,0000001111111,34.0486,X]
[51,F,0.356385,0000001111111,35.6385,X]
[52,F,0.363754,0000001111111,36.3754,X]
[53,F,0.393614,0000001111111,39.3614,X]
[54,F,0.408738,0000001111111,40.8738,X]
[55,F,0.470398,0000001111111,47.0398,X]
[8,F,0.500258,1111110000000,50.0258,X]
[56,F,0.506463,0000001111111,50.6463,X]
[9,F,0.508014,1111110000000,50.8014,X]
[57,F,0.520811,0000001111111,52.0811,X]
[10,F,0.579756,1111110000000,57.9756,X]
[58,F,0.586349,0000001111111,58.6349,X]
[59,F,0.601473,0000001111111,60.1473,X]
[60,F,0.6197,0000001111111,61.97,X]
[11,F,0.643743,1111110000000,64.3743,X]
[61,F,0.654989,0000001111111,65.4989,X]
[62,F,0.675154,0000001111111,67.5154,X]
[63,F,0.68291,0000001111111,68.291,X]
[64,F,0.690279,0000001111111,69.0279,X]
[75,F,0.713256,0000000011111,71.3256,X]
[65,F,0.720236,0000001100000,72.0236,X]
[12,F,0.726665,1111100000000,72.6665,X]
[34,F,0.736748,0000010000000,73.6748,X]
[35,F,0.743728,0000010000000,74.3728,X]
[72,F,0.757862,0000000100000,75.7862,X]
[85,F,0.763368,0000000001111,76.3368,X]
[66,F,0.764843,0000001000000,76.4843,X]
[86,F,0.772288,0000000001111,77.2288,X]
[13,F,0.775915,1111100000000,77.5915,X]
[14,F,0.784834,1111100000000,78.4834,X]
[36,F,0.788712,0000010000000,78.8712,X]
[76,F,0.815333,0000000010000,81.5333,X]
[77,F,0.820374,0000000010000,82.0374,X]
[91,F,0.831805,0000000000011,83.1805,X]
[15,F,0.834132,1110000000000,83.4132,X]
[25,F,0.834132,0001100000000,83.4132,X]
[67,F,0.850546,0000001000000,85.0546,X]
[16,F,0.855848,1110000000000,85.5848,X]
[73,F,0.856751,0000000100000,85.6751,X]
[87,F,0.857012,0000000001100,85.7012,X]
[68,F,0.857138,0000001000000,85.7138,X]
[29,F,0.857329,0000100000000,85.7329,X]
[69,F,0.861404,0000001000000,86.1404,X]
[78,F,0.867298,0000000010000,86.7298,X]
[17,F,0.867412,1000000000000,86.7412,X]
[26,F,0.869351,0001000000000,86.9351,X]
[30,F,0.872841,0000100000000,87.2841,X]
[27,F,0.876719,0001000000000,87.6719,X]
[28,F,0.881372,0001000000000,88.1372,X]
[92,F,0.892302,0000000000011,89.2302,X]
[37,F,0.910093,0000010000000,91.0093,X]
[20,F,0.915499,0110000000000,91.5499,X]
[38,F,0.919788,0000010000000,91.9788,X]
[18,F,0.920152,1000000000000,92.0152,X]
[39,F,0.923666,0000010000000,92.3666,X]
[88,F,0.928755,0000000001100,92.8755,X]
[79,F,0.940204,0000000010000,94.0204,X]
[21,F,0.943808,0110000000000,94.3808,X]
[80,F,0.946408,0000000010000,94.6408,X]
[81,F,0.95145,0000000010000,95.145,X]
[22,F,0.951564,0110000000000,95.1564,X]
[82,F,0.95494,0000000010000,95.494,X]
[83,F,0.955716,0000000010000,95.5716,X]
[31,F,0.956993,0000100000000,95.6993,X]
[23,F,0.958544,0110000000000,95.8544,X]
[19,F,0.963974,1000000000000,96.3974,X]
[84,F,0.965023,0000000010000,96.5023,X]
[74,F,0.966109,0000000100000,96.6109,X]
[32,F,0.9663,0000100000000,96.63,X]
[89,F,0.970637,0000000001100,97.0637,X]
[93,F,0.979047,0000000000001,97.9047,X]
[70,F,0.98356,0000001000000,98.356,X]
[71,F,0.984336,0000001000000,98.4336,X]
[33,F,0.984526,0000100000000,98.4526,X]
[40,F,0.988816,0000010000000,98.8816,X]
[24,F,0.99498,0010000000000,99.498,X]
[90,F,0.995843,0000000001100,99.5843,X]
[94,F,0.996886,0000000000001,99.6886,X]
GUIDE_TREE_PARTITION1=((((t5:0.1000925506,(t1:0.02826718602,t11:0.02826718602):0.3300339382):0.0759953286,(t8:0.3875987716,t13:0.2543250039):0.04669768118):0.3028525927,t6:0.7371490455):1.781082469,((t10:0.08709099095,t4:0.6722587045):0.07326773644,(t2:0.6076121918,((t3:0.009286499713,t7:0.009286499713):0.4972744546,(t12:0.09280283718,t9:0.09280283718):0.4137581172):0.1010512375):0.1379142491):1.772705074);
