Taxa bit representation:
T_1 10
T_2 01
Clade List (<taxon members> = <clade name>): 

>Dataset_0
[-1,B,0,10,0,X,384.667,0,-1,0,0,0,1]
[0,S,0.00071495,10,GA,0:0:0:0:0:1,387.053,0.109039,-1,0.109039,0,0,1]
[1,S,0.00589661,10,TA,951,388.617,0.126841,-1,0.126841,0,0,1]
[2,S,0.00668682,10,AC,758,389.865,0.155699,-1,0.155699,0,0,1]
[3,S,0.00693216,10,TC,829,389.079,0.309861,-1,0.309861,0,0,1]
[4,S,0.0141932,10,CG,244,390.358,0.118517,-1,0.118517,0,0,1]
[5,S,0.014296,10,GT,221,388.56,0.573716,-1,0.573716,0,0,1]
[6,S,0.0153142,10,CA,541,384.775,0.464353,-1,0.464353,0,0,1]
[7,S,0.0157535,10,AC,273,382.061,0.723265,-1,0.723265,0,0,1]
[8,S,0.0179958,10,GC,176,383.382,0.221642,-1,0.221642,0,0,1]
[9,S,0.0206745,10,TG,946,383.846,0.202721,-1,0.202721,0,0,1]
[10,S,0.0241932,10,AG,559,383.945,0.275887,-1,0.275887,0,0,1]
[11,S,0.0299889,10,AC,427,385.708,0.148152,-1,0.148152,0,0,1]
[12,S,0.0336865,10,GC,937,385.118,0.372523,-1,0.372523,0,0,1]
[13,S,0.0375585,10,GC,714,385.342,0.315065,-1,0.315065,0,0,1]
[14,S,0.0399527,10,AC,543,384.864,0.38807,-1,0.38807,0,0,1]
[15,S,0.0410213,10,TC,422,383.57,0.495307,-1,0.495307,0,0,1]
[16,S,0.0420161,10,TG,199,384.763,0.152958,-1,0.152958,0,0,1]
[17,S,0.0422319,10,GC,171,385.395,0.147726,-1,0.147726,0,0,1]
[18,S,0.0464608,10,TG,821,388.757,0.0783015,-1,0.0783015,0,0,1]
[19,S,0.047105,10,CA,455,387.947,0.330409,-1,0.330409,0,0,1]
[20,S,0.0503783,10,AT,867,386.86,0.447666,-1,0.447666,0,0,1]
[21,S,0.0504631,10,AC,259,386.911,0.236231,-1,0.236231,0,0,1]
[22,S,0.0509089,10,CA,788,383.907,0.623029,-1,0.623029,0,0,1]
[23,S,0.0514497,10,CG,70,383.295,0.393235,-1,0.393235,0,0,1]
[24,S,0.0553669,10,AT,784,383.383,0.184074,-1,0.184074,0,0,1]
[25,S,0.0558962,10,GC,919,385.388,0.170523,-1,0.170523,0,0,1]
[26,S,0.0561757,10,CG,408,384.855,0.283332,-1,0.283332,0,0,1]
[27,S,0.0570042,10,GT,982,385.908,0.133085,-1,0.133085,0,0,1]
[28,S,0.0579846,10,TC,355,386.096,0.284834,-1,0.284834,0,0,1]
[29,S,0.0594516,10,AG,891,385.471,0.30233,-1,0.30233,0,0,1]
[30,S,0.0609949,10,CT,438,385.78,0.137933,-1,0.137933,0,0,1]
[31,S,0.0625176,10,CT,268,388.513,0.0736192,-1,0.0736192,0,0,1]
[32,S,0.0636519,10,GC,896,391.629,0.0448378,-1,0.0448378,0,0,1]
[33,S,0.0661038,10,GA,415,392.589,0.143045,-1,0.143045,0,0,1]
[34,S,0.072868,10,AT,656,391.684,0.266161,-1,0.266161,0,0,1]
[35,S,0.0737708,10,GT,295,396.142,0.0701811,-1,0.0701811,0,0,1]
[36,S,0.0752025,10,CG,427,399.036,0.0725965,-1,0.0725965,0,0,1]
[37,S,0.0758135,10,GT,68,399.622,0.157247,-1,0.157247,0,0,1]
[38,S,0.0822567,10,CG,733,399.166,0.280862,-1,0.280862,0,0,1]
[39,S,0.0838456,10,GA,628,400.461,0.15996,-1,0.15996,0,0,1]
[40,S,0.0858632,10,GA,417,401.154,0.176162,-1,0.176162,0,0,1]
[41,S,0.0910454,10,CG,625,401.417,0.390014,-1,0.390014,0,0,1]
[42,S,0.10045,10,CT,535,402.961,0.140448,-1,0.140448,0,0,1]
[43,S,0.104263,10,AT,508,402.572,0.378504,-1,0.378504,0,0,1]
[44,S,0.104861,10,TC,399,402.845,0.208686,-1,0.208686,0,0,1]
[45,S,0.107621,10,CG,624,403.833,0.167652,-1,0.167652,0,0,1]
[46,S,0.108083,10,CG,952,405.652,0.139146,-1,0.139146,0,0,1]
[47,S,0.108195,10,AT,25,404.953,0.304791,-1,0.304791,0,0,1]
[48,S,0.110903,10,CT,431,407.814,0.102782,-1,0.102782,0,0,1]
[49,S,0.11159,10,CT,713,406.249,0.355856,-1,0.355856,0,0,1]
[50,S,0.112754,10,AC,293,400.359,0.990066,-1,0.990066,0,0,1]
[51,S,0.114436,10,AT,383,401.165,0.166924,-1,0.166924,0,0,1]
[52,S,0.114627,10,TC,644,401.925,0.155934,-1,0.155934,0,0,1]
[53,S,0.118888,10,GC,344,405.083,0.155825,-1,0.155825,0,0,1]
[54,S,0.11943,10,CA,986,410.566,0.0349659,-1,0.0349659,0,0,1]
[55,S,0.128889,10,TC,869,412.565,0.0625859,-1,0.0625859,0,0,1]
[56,S,0.131095,10,AC,105,413.487,0.220929,-1,0.220929,0,0,1]
[57,S,0.131785,10,AT,717,411.885,0.45412,-1,0.45412,0,0,1]
[58,S,0.132293,10,TA,838,405.324,0.906338,-1,0.906338,0,0,1]
[59,S,0.133191,10,GC,729,409.948,0.0349021,-1,0.0349021,0,0,1]
[60,S,0.135436,10,GC,977,419.397,0.0138426,-1,0.0138426,0,0,1]
[61,S,0.14407,10,TG,979,409.99,1.23772,-1,1.23772,0,0,1]
[62,S,0.144644,10,GA,954,406.018,0.72596,-1,0.72596,0,0,1]
[63,S,0.146108,10,CT,991,403.663,0.46666,-1,0.46666,0,0,1]
[64,S,0.150403,10,GT,456,406.1,0.103526,-1,0.103526,0,0,1]
[65,S,0.157031,10,GC,9,405.902,0.340366,-1,0.340366,0,0,1]
[66,S,0.159536,10,GC,602,406.957,0.154816,-1,0.154816,0,0,1]
[67,S,0.160601,10,AG,231,408.275,0.161682,-1,0.161682,0,0,1]
[68,S,0.161883,10,GC,377,408.286,0.196675,-1,0.196675,0,0,1]
[69,S,0.162459,10,AC,123,410.842,0.14952,-1,0.14952,0,0,1]
[70,S,0.164475,10,CA,297,410.076,0.342193,-1,0.342193,0,0,1]
[71,S,0.16551,10,GC,715,408.815,0.361982,-1,0.361982,0,0,1]
[72,S,0.16645,10,TC,642,409.651,0.1521,-1,0.1521,0,0,1]
[73,S,0.169134,10,CT,622,406.324,0.489764,-1,0.489764,0,0,1]
[74,S,0.174507,10,GT,37,405.406,0.440012,-1,0.440012,0,0,1]
[75,S,0.177958,10,CT,303,403.352,0.475547,-1,0.475547,0,0,1]
[76,S,0.178673,10,TG,437,401.32,0.568563,-1,0.568563,0,0,1]
[77,S,0.180169,10,AC,773,404.393,0.0458059,-1,0.0458059,0,0,1]
[78,S,0.181029,10,AT,131,409.161,0.0338848,-1,0.0338848,0,0,1]
[79,S,0.181342,10,GT,812,408.191,0.3392,-1,0.3392,0,0,1]
[80,S,0.181434,10,TC,76,410.015,0.148448,-1,0.148448,0,0,1]
[81,S,0.181563,10,CA,121,409.215,0.301497,-1,0.301497,0,0,1]
[82,S,0.182564,10,GA,143,410.19,0.27322,-1,0.27322,0,0,1]
[83,S,0.182772,10,AC,333,412.282,0.119754,-1,0.119754,0,0,1]
[84,S,0.183141,10,AG,473,412.661,0.265358,-1,0.265358,0,0,1]
[85,S,0.18384,10,GT,125,409.896,0.477694,-1,0.477694,0,0,1]
[86,S,0.183968,10,TA,418,407.651,0.486629,-1,0.486629,0,0,1]
[87,S,0.196255,10,CT,487,408.432,0.185485,-1,0.185485,0,0,1]
[88,S,0.197577,10,TG,865,410.183,0.0974595,-1,0.0974595,0,0,1]
[89,S,0.20021,10,AT,101,410.675,0.1984,-1,0.1984,0,0,1]
[90,S,0.205381,10,GA,2,410.579,0.241233,-1,0.241233,0,0,1]
[91,S,0.205613,10,TG,717,412.43,0.12308,-1,0.12308,0,0,1]
[92,S,0.209104,10,AC,152,413.188,0.214544,-1,0.214544,0,0,1]
[93,S,0.209202,10,AG,426,411.091,0.4067,-1,0.4067,0,0,1]
[94,S,0.214826,10,GC,426,409.247,0.505859,-1,0.505859,0,0,1]
[95,S,0.217517,10,CA,129,406.45,0.544543,-1,0.544543,0,0,1]
[96,S,0.217997,10,TC,110,407.181,0.17883,-1,0.17883,0,0,1]
[97,S,0.218495,10,AT,550,405.563,0.500564,-1,0.500564,0,0,1]
[98,S,0.226751,10,AT,164,411.894,0.0145794,-1,0.0145794,0,0,1]
[99,S,0.231526,10,TC,387,412.853,0.202737,-1,0.202737,0,0,1]
[100,S,0.234096,10,GA,544,412.627,0.331525,-1,0.331525,0,0,1]
[101,S,0.236013,10,CG,767,412.622,0.193713,-1,0.193713,0,0,1]
[102,S,0.237344,10,AC,864,415.099,0.150694,-1,0.150694,0,0,1]
[103,S,0.237675,10,AT,148,414.31,0.367337,-1,0.367337,0,0,1]
[104,S,0.239237,10,TG,312,413.711,0.264199,-1,0.264199,0,0,1]
[105,S,0.239694,10,TA,200,412.53,0.365769,-1,0.365769,0,0,1]
[106,S,0.247719,10,GT,756,412.083,0.275163,-1,0.275163,0,0,1]
[107,S,0.249912,10,GC,717,412.269,0.263965,-1,0.263965,0,0,1]
[108,S,0.254341,10,GC,367,411.571,0.396463,-1,0.396463,0,0,1]
[109,S,0.255101,10,TG,251,417.031,0.0507495,-1,0.0507495,0,0,1]
[110,S,0.256052,10,AC,297,417.797,0.176071,-1,0.176071,0,0,1]
[111,S,0.256696,10,GC,872,419.081,0.128686,-1,0.128686,0,0,1]
[112,S,0.257667,10,CT,704,420.074,0.0973218,-1,0.0973218,0,0,1]
[113,S,0.257828,10,AC,455,418.024,0.409465,-1,0.409465,0,0,1]
[114,S,0.259599,10,TA,784,417.937,0.330052,-1,0.330052,0,0,1]
[115,S,0.260185,10,AT,129,417.057,0.367995,-1,0.367995,0,0,1]
[116,S,0.26123,10,CG,823,414.18,0.439421,-1,0.439421,0,0,1]
[117,S,0.262436,10,CA,722,412.83,0.462878,-1,0.462878,0,0,1]
[118,S,0.263442,10,CT,502,411.354,0.242105,-1,0.242105,0,0,1]
[119,S,0.265218,10,TC,349,409.683,0.330357,-1,0.330357,0,0,1]
[120,S,0.266246,10,CT,626,409.67,0.187698,-1,0.187698,0,0,1]
[121,S,0.267079,10,AG,591,409.101,0.408566,-1,0.408566,0,0,1]
[122,S,0.267665,10,GT,471,409.43,0.170872,-1,0.170872,0,0,1]
[123,S,0.270958,10,TG,295,409.609,0.193441,-1,0.193441,0,0,1]
[124,S,0.271827,10,GC,93,408.196,0.423374,-1,0.423374,0,0,1]
[125,S,0.273617,10,TA,487,406.36,0.429928,-1,0.429928,0,0,1]
[126,S,0.274845,10,GT,118,407.606,0.129015,-1,0.129015,0,0,1]
[127,S,0.277123,10,AC,103,408.766,0.26657,-1,0.26657,0,0,1]
[128,S,0.278055,10,CT,78,407.996,0.314801,-1,0.314801,0,0,1]
[129,S,0.284735,10,TA,968,406.326,0.358841,-1,0.358841,0,0,1]
[130,S,0.286285,10,CG,344,403.349,0.376117,-1,0.376117,0,0,1]
[131,S,0.287714,10,GA,480,409.12,0.0309144,-1,0.0309144,0,0,1]
[132,S,0.29212,10,CT,972,407.429,0.480418,-1,0.480418,0,0,1]
[133,S,0.292199,10,TG,13,407.896,0.156762,-1,0.156762,0,0,1]
[134,S,0.293054,10,TA,933,412.803,0.0276348,-1,0.0276348,0,0,1]
[135,S,0.296375,10,AG,174,409.21,0.766991,-1,0.766991,0,0,1]
[136,S,0.30004,10,TA,221,409.662,0.151639,-1,0.151639,0,0,1]
[137,S,0.300064,10,TG,626,411.251,0.157923,-1,0.157923,0,0,1]
[138,S,0.307299,10,CA,664,410.818,0.227906,-1,0.227906,0,0,1]
[139,S,0.308039,10,CT,847,410.527,0.304369,-1,0.304369,0,0,1]
[140,S,0.308567,10,CG,963,409.841,0.312018,-1,0.312018,0,0,1]
[141,S,0.318217,10,AG,136,410.265,0.207716,-1,0.207716,0,0,1]
[142,S,0.319778,10,GC,509,412.996,0.0583185,-1,0.0583185,0,0,1]
[143,S,0.322647,10,AT,917,413.814,0.141391,-1,0.141391,0,0,1]
[144,S,0.32267,10,CT,422,415.152,0.103214,-1,0.103214,0,0,1]
[145,S,0.324054,10,AT,628,414.451,0.367468,-1,0.367468,0,0,1]
[146,S,0.324167,10,TC,156,415.509,0.25599,-1,0.25599,0,0,1]
[147,S,0.32631,10,TG,264,414.924,0.314983,-1,0.314983,0,0,1]
[148,S,0.327439,10,AT,833,414.714,0.26467,-1,0.26467,0,0,1]
[149,S,0.327972,10,TG,92,413.529,0.469163,-1,0.469163,0,0,1]
[150,S,0.332416,10,GT,607,411.607,0.553843,-1,0.553843,0,0,1]
[151,S,0.332454,10,AG,239,412.959,0.157542,-1,0.157542,0,0,1]
[152,S,0.334575,10,CA,627,409.696,0.644243,-1,0.644243,0,0,1]
[153,S,0.33932,10,CT,355,409.453,0.218128,-1,0.218128,0,0,1]
[154,S,0.339783,10,TG,812,410.423,0.178004,-1,0.178004,0,0,1]
[155,S,0.339907,10,CG,416,411.919,0.109622,-1,0.109622,0,0,1]
[156,S,0.341457,10,GA,587,412.342,0.173711,-1,0.173711,0,0,1]
[157,S,0.345222,10,TG,868,410.535,0.591601,-1,0.591601,0,0,1]
[158,S,0.345993,10,TA,996,409.989,0.35691,-1,0.35691,0,0,1]
[159,S,0.348759,10,AC,818,408.347,0.481593,-1,0.481593,0,0,1]
[160,S,0.349768,10,CA,763,409.668,0.0726765,-1,0.0726765,0,0,1]
[161,S,0.351216,10,TG,348,408.249,0.304383,-1,0.304383,0,0,1]
[162,S,0.354777,10,AG,8,408.407,0.17156,-1,0.17156,0,0,1]
[163,S,0.359936,10,GT,588,414.086,0.0289027,-1,0.0289027,0,0,1]
[164,S,0.368134,10,CA,429,411.438,0.54542,-1,0.54542,0,0,1]
[165,S,0.37331,10,AT,932,410.907,0.291762,-1,0.291762,0,0,1]
[166,S,0.384319,10,AC,483,407.225,0.67114,-1,0.67114,0,0,1]
[167,S,0.385772,10,TG,325,406.801,0.205427,-1,0.205427,0,0,1]
[168,S,0.387011,10,AC,256,404.495,0.49941,-1,0.49941,0,0,1]
[169,S,0.389531,10,TA,776,404.496,0.200511,-1,0.200511,0,0,1]
[170,S,0.392162,10,AT,167,403.821,0.207892,-1,0.207892,0,0,1]
[171,S,0.394422,10,TG,135,404.944,0.106547,-1,0.106547,0,0,1]
[172,S,0.395608,10,AC,838,404.741,0.317676,-1,0.317676,0,0,1]
[173,S,0.398466,10,CG,977,403.215,0.435798,-1,0.435798,0,0,1]
[174,S,0.402595,10,GA,424,407.147,0.0649216,-1,0.0649216,0,0,1]
[175,S,0.406359,10,CT,76,407.133,0.254439,-1,0.254439,0,0,1]
[176,S,0.407184,10,TG,686,406.634,0.287539,-1,0.287539,0,0,1]
[177,S,0.40859,10,GA,620,405.592,0.295078,-1,0.295078,0,0,1]
[178,S,0.411331,10,CG,458,403.579,0.507228,-1,0.507228,0,0,1]
[179,S,0.412513,10,GT,812,402.71,0.3392,-1,0.3392,0,0,1]
[180,S,0.412812,10,GC,214,403.667,0.182696,-1,0.182696,0,0,1]
[181,S,0.423062,10,GT,416,402.381,0.430665,-1,0.430665,0,0,1]
[182,S,0.426304,10,CG,937,402.77,0.157834,-1,0.157834,0,0,1]
[183,S,0.42706,10,TC,216,403.895,0.151994,-1,0.151994,0,0,1]
[184,S,0.428556,10,CT,844,402.716,0.35706,-1,0.35706,0,0,1]
[185,S,0.42916,10,AT,36,402.136,0.367337,-1,0.367337,0,0,1]
[186,S,0.431532,10,GC,291,409.305,0.00696629,-1,0.00696629,0,0,1]
[187,S,0.432211,10,AT,993,409.724,0.234578,-1,0.234578,0,0,1]
[188,S,0.438185,10,AC,986,404.797,0.825314,-1,0.825314,0,0,1]
[189,S,0.438683,10,TG,404,404.038,0.285033,-1,0.285033,0,0,1]
[190,S,0.440038,10,TA,905,404.561,0.218693,-1,0.218693,0,0,1]
[191,S,0.441682,10,GC,252,398.534,1.18107,-1,1.18107,0,0,1]
[192,S,0.442686,10,AG,386,398.852,0.256127,-1,0.256127,0,0,1]
[193,S,0.448809,10,TA,40,399.236,0.186865,-1,0.186865,0,0,1]
[194,S,0.451244,10,AG,329,398.909,0.306993,-1,0.306993,0,0,1]
[195,S,0.455065,10,AG,984,398.273,0.405002,-1,0.405002,0,0,1]
[196,S,0.455266,10,AT,664,400.313,0.120082,-1,0.120082,0,0,1]
[197,S,0.457915,10,CA,517,400.788,0.185508,-1,0.185508,0,0,1]
[198,S,0.459323,10,TA,713,401.61,0.327656,-1,0.327656,0,0,1]
[199,S,0.460725,10,GA,941,401.337,0.243922,-1,0.243922,0,0,1]
[200,S,0.464844,10,TC,932,399.414,0.427075,-1,0.427075,0,0,1]
[201,S,0.465663,10,TC,131,400.802,0.115438,-1,0.115438,0,0,1]
[202,S,0.467476,10,GA,591,396.881,0.584171,-1,0.584171,0,0,1]
[203,S,0.469854,10,TA,931,396.028,0.360357,-1,0.360357,0,0,1]
[204,S,0.474702,10,AG,237,396.848,0.188003,-1,0.188003,0,0,1]
[205,S,0.485218,10,TC,917,401.675,0.0653842,-1,0.0653842,0,0,1]
[206,S,0.487544,10,GT,624,402.652,0.319331,-1,0.319331,0,0,1]
[207,S,0.488288,10,AT,673,403.2,0.194214,-1,0.194214,0,0,1]
[208,S,0.489871,10,GC,408,403.395,0.21939,-1,0.21939,0,0,1]
[209,S,0.49247,10,AT,392,403.15,0.215487,-1,0.215487,0,0,1]
[210,S,0.494329,10,AG,735,404.258,0.165352,-1,0.165352,0,0,1]
[211,S,0.504523,10,AG,247,404.475,0.198249,-1,0.198249,0,0,1]
[212,S,0.511398,10,TC,914,401.256,0.57987,-1,0.57987,0,0,1]
[213,S,0.512095,10,CG,479,400.838,0.216878,-1,0.216878,0,0,1]
[214,S,0.515941,10,CA,49,402.102,0.0781526,-1,0.0781526,0,0,1]
[215,S,0.520563,10,TG,294,401.209,0.294915,-1,0.294915,0,0,1]
[216,S,0.521082,10,CG,155,399.724,0.317281,-1,0.317281,0,0,1]
[217,S,0.521367,10,CA,923,399.759,0.162674,-1,0.162674,0,0,1]
[218,S,0.523064,10,GT,457,400.734,0.113729,-1,0.113729,0,0,1]
[219,S,0.523696,10,TG,656,400.638,0.195479,-1,0.195479,0,0,1]
[220,S,0.533149,10,GA,132,397.097,0.607879,-1,0.607879,0,0,1]
[221,S,0.53581,10,AG,615,398.43,0.169312,-1,0.169312,0,0,1]
[222,S,0.537347,10,CA,661,399.166,0.12369,-1,0.12369,0,0,1]
[223,S,0.537566,10,TG,692,401.072,0.0868146,-1,0.0868146,0,0,1]
[224,S,0.538309,10,CT,612,400.698,0.257674,-1,0.257674,0,0,1]
[225,S,0.538438,10,AG,931,400.539,0.274243,-1,0.274243,0,0,1]
[226,S,0.542957,10,GT,88,398.229,0.541654,-1,0.541654,0,0,1]
[227,S,0.543998,10,AG,832,398.685,0.135451,-1,0.135451,0,0,1]
[228,S,0.545384,10,AG,249,397.807,0.361961,-1,0.361961,0,0,1]
[229,S,0.547648,10,AT,788,398.299,0.161072,-1,0.161072,0,0,1]
[230,S,0.549454,10,AG,769,397.422,0.358895,-1,0.358895,0,0,1]
[231,S,0.555948,10,CA,384,398.337,0.174851,-1,0.174851,0,0,1]
[232,S,0.55639,10,CG,915,398.552,0.153763,-1,0.153763,0,0,1]
[233,S,0.559297,10,GA,122,399.07,0.189469,-1,0.189469,0,0,1]
[234,S,0.560334,10,TC,422,397.254,0.50039,-1,0.50039,0,0,1]
[235,S,0.56392,10,TC,385,394.973,0.433482,-1,0.433482,0,0,1]
[236,S,0.564085,10,GT,692,393.066,0.546969,-1,0.546969,0,0,1]
[237,S,0.566292,10,AC,11,392.458,0.35845,-1,0.35845,0,0,1]
[238,S,0.56763,10,TA,164,387.895,0.993322,-1,0.993322,0,0,1]
[239,S,0.568929,10,AG,770,388.038,0.276639,-1,0.276639,0,0,1]
[240,S,0.572545,10,TC,945,384.856,0.652662,-1,0.652662,0,0,1]
[241,S,0.57657,10,TC,895,382.999,0.428433,-1,0.428433,0,0,1]
[242,S,0.578033,10,CG,304,385.407,0.0889657,-1,0.0889657,0,0,1]
[243,S,0.579856,10,GT,686,385.906,0.215879,-1,0.215879,0,0,1]
[244,S,0.586825,10,TA,72,388.394,0.0770984,-1,0.0770984,0,0,1]
[245,S,0.5913,10,AC,250,387.755,0.352603,-1,0.352603,0,0,1]
[246,S,0.593371,10,AT,72,385.268,0.58278,-1,0.58278,0,0,1]
[247,S,0.593611,10,GA,309,389.695,0.0506876,-1,0.0506876,0,0,1]
[248,S,0.593679,10,AC,122,392.458,0.121382,-1,0.121382,0,0,1]
[249,S,0.594502,10,AT,415,391.088,0.41585,-1,0.41585,0,0,1]
[250,S,0.597418,10,CG,298,395.294,0.0377428,-1,0.0377428,0,0,1]
[251,S,0.597595,10,CT,123,394.458,0.287942,-1,0.287942,0,0,1]
[252,S,0.602301,10,TC,716,392.763,0.460272,-1,0.460272,0,0,1]
[253,S,0.606862,10,AC,987,392.863,0.275836,-1,0.275836,0,0,1]
[254,S,0.608653,10,AG,866,389.814,0.519476,-1,0.519476,0,0,1]
[255,S,0.617159,10,CG,311,395.715,0.0502022,-1,0.0502022,0,0,1]
[256,S,0.617639,10,AC,47,395.966,0.241305,-1,0.241305,0,0,1]
[257,S,0.617993,10,GA,656,396.686,0.295846,-1,0.295846,0,0,1]
[258,S,0.620862,10,CT,590,396.453,0.220541,-1,0.220541,0,0,1]
[259,S,0.624085,10,AC,533,394.316,0.591407,-1,0.591407,0,0,1]
[260,S,0.625387,10,CT,603,392.576,0.530119,-1,0.530119,0,0,1]
[261,S,0.62575,10,TA,108,395.753,0.0966541,-1,0.0966541,0,0,1]
[262,S,0.626777,10,TA,972,399.299,0.0517526,-1,0.0517526,0,0,1]
[263,S,0.628347,10,TG,109,396.16,0.527388,-1,0.527388,0,0,1]
[264,S,0.633621,10,AC,654,395.375,0.288163,-1,0.288163,0,0,1]
[265,S,0.633797,10,TC,508,393.712,0.365668,-1,0.365668,0,0,1]
[266,S,0.634728,10,GC,295,387.678,1.01846,-1,1.01846,0,0,1]
[267,S,0.635035,10,TC,444,389.929,0.113415,-1,0.113415,0,0,1]
[268,S,0.637233,10,TG,412,389.43,0.473448,-1,0.473448,0,0,1]
[269,S,0.63951,10,TC,528,391.263,0.119661,-1,0.119661,0,0,1]
[270,S,0.643487,10,GC,348,392.991,0.215807,-1,0.215807,0,0,1]
[271,S,0.649191,10,CA,105,389.429,0.582289,-1,0.582289,0,0,1]
[272,S,0.651524,10,TC,118,387.959,0.351976,-1,0.351976,0,0,1]
[273,S,0.65525,10,AG,905,388.725,0.199699,-1,0.199699,0,0,1]
[274,S,0.656781,10,TA,833,389.507,0.224306,-1,0.224306,0,0,1]
[275,S,0.657098,10,TC,889,393.358,0.0615391,-1,0.0615391,0,0,1]
[276,S,0.658645,10,AC,620,391.806,0.495577,-1,0.495577,0,0,1]
[277,S,0.661351,10,TC,527,389.736,0.558909,-1,0.558909,0,0,1]
[278,S,0.661445,10,AT,206,389.026,0.367337,-1,0.367337,0,0,1]
[279,S,0.668578,10,AG,887,386.605,0.469076,-1,0.469076,0,0,1]
[280,S,0.668836,10,CG,292,384.904,0.393545,-1,0.393545,0,0,1]
[281,S,0.669277,10,CG,170,383.655,0.365429,-1,0.365429,0,0,1]
[282,S,0.672344,10,AC,265,384.095,0.285035,-1,0.285035,0,0,1]
[283,S,0.67249,10,TC,976,386.344,0.103662,-1,0.103662,0,0,1]
[284,S,0.677559,10,AT,267,383.59,0.517157,-1,0.517157,0,0,1]
[285,S,0.677861,10,CA,83,382.948,0.311608,-1,0.311608,0,0,1]
[286,S,0.684798,10,TG,183,383.524,0.196192,-1,0.196192,0,0,1]
[287,S,0.687366,10,GT,379,383.622,0.233925,-1,0.233925,0,0,1]
[288,S,0.690261,10,GA,918,384.766,0.137097,-1,0.137097,0,0,1]
[289,S,0.699125,10,TA,863,386.253,0.128965,-1,0.128965,0,0,1]
[290,S,0.699199,10,CA,975,384.238,0.395377,-1,0.395377,0,0,1]
[291,S,0.699337,10,AC,337,387.276,0.100932,-1,0.100932,0,0,1]
[292,S,0.699768,10,GT,915,383.757,0.772597,-1,0.772597,0,0,1]
[293,S,0.701381,10,GA,682,385.163,0.116092,-1,0.116092,0,0,1]
[294,S,0.702563,10,AG,489,386.225,0.221958,-1,0.221958,0,0,1]
[295,S,0.704023,10,GT,836,390.786,0.0635219,-1,0.0635219,0,0,1]
[296,S,0.706348,10,AG,143,389.751,0.228134,-1,0.228134,0,0,1]
[297,S,0.706591,10,TA,456,390.095,0.274308,-1,0.274308,0,0,1]
[298,S,0.707413,10,GT,675,390.444,0.210294,-1,0.210294,0,0,1]
[299,S,0.708612,10,TA,449,392.942,0.0572562,-1,0.0572562,0,0,1]
[300,S,0.71044,10,CT,176,396.034,0.0429534,-1,0.0429534,0,0,1]
[301,S,0.717977,10,GC,994,395.369,0.308899,-1,0.308899,0,0,1]
[302,S,0.720371,10,TA,796,395.69,0.295781,-1,0.295781,0,0,1]
[303,S,0.722149,10,AC,941,396.18,0.220929,-1,0.220929,0,0,1]
[304,S,0.724811,10,CA,118,394.475,0.553542,-1,0.553542,0,0,1]
[305,S,0.728973,10,AT,510,394.471,0.293312,-1,0.293312,0,0,1]
[306,S,0.730009,10,AT,785,399.215,0.0570266,-1,0.0570266,0,0,1]
[307,S,0.732152,10,GC,186,399.954,0.129891,-1,0.129891,0,0,1]
[308,S,0.733466,10,TG,267,401.051,0.18594,-1,0.18594,0,0,1]
[309,S,0.735443,10,TA,303,397.187,0.588476,-1,0.588476,0,0,1]
[310,S,0.736746,10,TC,125,395.745,0.351976,-1,0.351976,0,0,1]
[311,S,0.740821,10,CG,904,397.168,0.11794,-1,0.11794,0,0,1]
[312,S,0.745811,10,GC,358,399.59,0.142433,-1,0.142433,0,0,1]
[313,S,0.748713,10,CT,642,398.755,0.382926,-1,0.382926,0,0,1]
[314,S,0.753116,10,AG,784,395.756,0.371532,-1,0.371532,0,0,1]
[315,S,0.754489,10,GA,170,397.954,0.170598,-1,0.170598,0,0,1]
[316,S,0.755594,10,TG,177,396.221,0.374732,-1,0.374732,0,0,1]
[317,S,0.758323,10,TC,167,396.958,0.19599,-1,0.19599,0,0,1]
[318,S,0.759872,10,TC,958,397.724,0.220495,-1,0.220495,0,0,1]
[319,S,0.761769,10,GA,427,397.196,0.527837,-1,0.527837,0,0,1]
[320,S,0.762981,10,TA,809,400.501,0.0760045,-1,0.0760045,0,0,1]
[321,S,0.76461,10,GA,866,400.086,0.339878,-1,0.339878,0,0,1]
[322,S,0.766094,10,CT,623,399.436,0.300155,-1,0.300155,0,0,1]
[323,S,0.768775,10,CG,797,399.069,0.312018,-1,0.312018,0,0,1]
[324,S,0.775289,10,TA,561,400.293,0.150826,-1,0.150826,0,0,1]
[325,S,0.776644,10,CA,488,398.749,0.373255,-1,0.373255,0,0,1]
[326,S,0.781336,10,TG,884,400.868,0.0810318,-1,0.0810318,0,0,1]
[327,S,0.784004,10,GT,507,402.452,0.128063,-1,0.128063,0,0,1]
[328,S,0.784902,10,AC,7,403.28,0.23945,-1,0.23945,0,0,1]
[329,S,0.786285,10,CG,731,401.368,0.294512,-1,0.294512,0,0,1]
[330,S,0.786469,10,AT,951,401.71,0.181313,-1,0.181313,0,0,1]
[331,S,0.790149,10,CG,367,402.407,0.144999,-1,0.144999,0,0,1]
[332,S,0.791402,10,TA,338,400.662,0.368277,-1,0.368277,0,0,1]
[333,S,0.791816,10,TC,327,409.299,0.0166208,-1,0.0166208,0,0,1]
[334,S,0.79413,10,CT,659,410.208,0.183868,-1,0.183868,0,0,1]
[335,S,0.794213,10,GA,232,411.635,0.100632,-1,0.100632,0,0,1]
[336,S,0.80022,10,CA,426,408.316,0.457923,-1,0.457923,0,0,1]
[337,S,0.801714,10,GC,676,406.698,0.49624,-1,0.49624,0,0,1]
[338,S,0.810236,10,CA,120,406.454,0.276722,-1,0.276722,0,0,1]
[339,S,0.813196,10,GT,223,407.935,0.145736,-1,0.145736,0,0,1]
[340,S,0.815969,10,AG,962,408.81,0.103529,-1,0.103529,0,0,1]
[341,S,0.816744,10,AT,309,404.692,0.464692,-1,0.464692,0,0,1]
[342,S,0.821971,10,AG,828,403.681,0.3504,-1,0.3504,0,0,1]
[343,S,0.822486,10,CT,398,403.182,0.212766,-1,0.212766,0,0,1]
[344,S,0.826443,10,TG,660,402.746,0.308243,-1,0.308243,0,0,1]
[345,S,0.826486,10,AG,860,402.876,0.244415,-1,0.244415,0,0,1]
[346,S,0.832741,10,TC,628,404.841,0.123579,-1,0.123579,0,0,1]
[347,S,0.833873,10,TA,612,405.449,0.184258,-1,0.184258,0,0,1]
[348,S,0.841823,10,CT,837,401.168,0.631539,-1,0.631539,0,0,1]
[349,S,0.842475,10,GA,559,401.268,0.201185,-1,0.201185,0,0,1]
[350,S,0.842869,10,AT,727,399.644,0.345741,-1,0.345741,0,0,1]
[351,S,0.843674,10,TC,34,401.324,0.123835,-1,0.123835,0,0,1]
[352,S,0.844423,10,AC,930,401.004,0.352603,-1,0.352603,0,0,1]
[353,S,0.844507,10,AC,877,401.847,0.198285,-1,0.198285,0,0,1]
[354,S,0.84499,10,GT,950,403.422,0.1267,-1,0.1267,0,0,1]
[355,S,0.847596,10,AG,234,410.126,0.0374198,-1,0.0374198,0,0,1]
[356,S,0.847666,10,GA,311,412.694,0.101958,-1,0.101958,0,0,1]
[357,S,0.85358,10,CA,491,414.584,0.13041,-1,0.13041,0,0,1]
[358,S,0.854143,10,TC,457,414.595,0.266734,-1,0.266734,0,0,1]
[359,S,0.854359,10,GC,904,413.172,0.456041,-1,0.456041,0,0,1]
[360,S,0.856274,10,AT,933,413.089,0.26983,-1,0.26983,0,0,1]
[361,S,0.856302,10,AT,968,415.366,0.165767,-1,0.165767,0,0,1]
[362,S,0.858295,10,GC,79,413.894,0.388545,-1,0.388545,0,0,1]
[363,S,0.86144,10,CA,103,414.966,0.129886,-1,0.129886,0,0,1]
[364,S,0.862682,10,TG,812,411.074,0.70755,-1,0.70755,0,0,1]
[365,S,0.864776,10,TA,893,413.349,0.107218,-1,0.107218,0,0,1]
[366,S,0.865276,10,AT,313,412.762,0.315698,-1,0.315698,0,0,1]
[367,S,0.871701,10,GT,823,412.593,0.298879,-1,0.298879,0,0,1]
[368,S,0.87468,10,GC,234,406.724,0.797549,-1,0.797549,0,0,1]
[369,S,0.875861,10,GA,865,405.707,0.298971,-1,0.298971,0,0,1]
[370,S,0.87808,10,TG,150,406.045,0.180539,-1,0.180539,0,0,1]
[371,S,0.879263,10,GA,952,408.476,0.131317,-1,0.131317,0,0,1]
[372,S,0.883209,10,GC,600,409.434,0.167791,-1,0.167791,0,0,1]
[373,S,0.88745,10,AC,441,408.286,0.302546,-1,0.302546,0,0,1]
[374,S,0.889037,10,TG,841,408.965,0.24888,-1,0.24888,0,0,1]
[375,S,0.889058,10,GC,485,409.708,0.261967,-1,0.261967,0,0,1]
[376,S,0.892227,10,CT,327,401.071,1.05406,-1,1.05406,0,0,1]
[377,S,0.895614,10,GC,840,407.871,0.0184257,-1,0.0184257,0,0,1]
[378,S,0.896203,10,CT,753,407.454,0.228477,-1,0.228477,0,0,1]
[379,S,0.896672,10,CG,655,409.135,0.0946494,-1,0.0946494,0,0,1]
[380,S,0.896677,10,TA,538,411.424,0.134177,-1,0.134177,0,0,1]
[381,S,0.897077,10,GC,341,409.467,0.539619,-1,0.539619,0,0,1]
[382,S,0.897666,10,AG,168,408.762,0.269103,-1,0.269103,0,0,1]
[383,S,0.89876,10,CA,408,410.555,0.166686,-1,0.166686,0,0,1]
[384,S,0.899401,10,TA,664,408.679,0.51894,-1,0.51894,0,0,1]
[385,S,0.901097,10,TG,653,409.678,0.0932395,-1,0.0932395,0,0,1]
[386,S,0.90148,10,AT,918,411.784,0.124944,-1,0.124944,0,0,1]
[387,S,0.905257,10,GT,8,410.95,0.284052,-1,0.284052,0,0,1]
[388,S,0.906381,10,TC,190,414.744,0.0469468,-1,0.0469468,0,0,1]
[389,S,0.909613,10,AG,384,420.794,0.0327785,-1,0.0327785,0,0,1]
[390,S,0.910223,10,AG,241,423.618,0.0945308,-1,0.0945308,0,0,1]
[391,S,0.911898,10,GT,136,422.506,0.499237,-1,0.499237,0,0,1]
[392,S,0.911964,10,TC,688,421.44,0.295861,-1,0.295861,0,0,1]
[393,S,0.914568,10,CT,33,420.677,0.25124,-1,0.25124,0,0,1]
[394,S,0.916336,10,AC,587,421.196,0.3129,-1,0.3129,0,0,1]
[395,S,0.926096,10,CA,462,423.878,0.0407819,-1,0.0407819,0,0,1]
[396,S,0.926324,10,TA,323,423.979,0.209009,-1,0.209009,0,0,1]
[397,S,0.926516,10,CA,486,421.75,0.451118,-1,0.451118,0,0,1]
[398,S,0.928717,10,AC,830,421.474,0.266382,-1,0.266382,0,0,1]
[399,S,0.931643,10,TG,634,420.415,0.471998,-1,0.471998,0,0,1]
[400,S,0.931675,10,AC,446,418.58,0.392445,-1,0.392445,0,0,1]
[401,S,0.93183,10,CA,192,417.466,0.429914,-1,0.429914,0,0,1]
[402,S,0.933368,10,GC,361,418.442,0.261295,-1,0.261295,0,0,1]
[403,S,0.935329,10,TA,783,419.713,0.140468,-1,0.140468,0,0,1]
[404,S,0.936348,10,CG,184,420.587,0.166987,-1,0.166987,0,0,1]
[405,S,0.950665,10,AG,713,418.968,0.463523,-1,0.463523,0,0,1]
[406,S,0.952998,10,TA,213,418.391,0.405188,-1,0.405188,0,0,1]
[407,S,0.953999,10,AT,593,417.783,0.463866,-1,0.463866,0,0,1]
[408,S,0.96457,10,TG,507,416.199,0.432091,-1,0.432091,0,0,1]
[409,S,0.965002,10,CG,265,414.107,0.397764,-1,0.397764,0,0,1]
[410,S,0.96852,10,CT,882,416.98,0.0533679,-1,0.0533679,0,0,1]
[411,S,0.976127,10,AC,323,417.03,0.24865,-1,0.24865,0,0,1]
[412,S,0.983884,10,TG,356,415.079,0.483497,-1,0.483497,0,0,1]
[413,S,0.988819,10,TC,775,413.306,0.633694,-1,0.633694,0,0,1]
[414,S,0.989198,10,AT,311,409.636,0.70832,-1,0.70832,0,0,1]
[415,S,0.989644,10,GC,770,407.951,0.521359,-1,0.521359,0,0,1]
[416,S,0.990892,10,AG,552,410.193,0.0660823,-1,0.0660823,0,0,1]
[417,S,0.991815,10,AG,505,412.213,0.0796313,-1,0.0796313,0,0,1]
[418,S,0.998711,10,CG,236,408.074,0.565599,-1,0.565599,0,0,1]
[419,S,0.999338,10,CG,896,408.222,0.209166,-1,0.209166,0,0,1]
[-1,E,1,10,0,X,408.222,0,-1,0,0,0,1]
[-1,B,0,01,-1,X,384.667,0,-1,0,0,0,1]
[-1,E,0,01,-1,X,384.667,0,-1,0,0,0,1]
GUIDE_TREE_PARTITION1=(T_1:1,T_2:0);
