Taxa bit representation:
T_1 10
T_2 01
Clade List (<taxon members> = <clade name>): 

>Dataset_0
[-1,B,0,10,0,X,190.801,0,-1,0,0,0,1]
[0,S,0.00545266,10,TG,0:0:1,189.013,0.575352,-1,0.575352,0,0,1]
[1,S,0.0062478,10,TA,286,188.632,0.36443,-1,0.36443,0,0,1]
[2,S,0.00778746,10,CA,691,189.906,0.104473,-1,0.104473,0,0,1]
[3,S,0.0119063,10,AG,608,189.312,0.264898,-1,0.264898,0,0,1]
[4,S,0.0134575,10,AG,987,190.368,0.169606,-1,0.169606,0,0,1]
[5,S,0.0171743,10,GA,72,190.171,0.421919,-1,0.421919,0,0,1]
[6,S,0.0395293,10,GA,702,195.89,0.0109687,-1,0.0109687,0,0,1]
[7,S,0.0474902,10,TG,820,194.898,0.416473,-1,0.416473,0,0,1]
[8,S,0.0495794,10,AG,878,196.156,0.132273,-1,0.132273,0,0,1]
[9,S,0.050142,10,AC,6,200.732,0.0167692,-1,0.0167692,0,0,1]
[10,S,0.051398,10,GA,428,201.245,0.236246,-1,0.236246,0,0,1]
[11,S,0.0645158,10,GC,414,200.286,0.434499,-1,0.434499,0,0,1]
[12,S,0.0710588,10,GC,752,200.965,0.142499,-1,0.142499,0,0,1]
[13,S,0.0728999,10,GC,510,202.2,0.098472,-1,0.098472,0,0,1]
[14,S,0.0814009,10,TA,219,203.873,0.131086,-1,0.131086,0,0,1]
[15,S,0.0844947,10,CA,58,201.593,0.708881,-1,0.708881,0,0,1]
[16,S,0.10264,10,GA,105,206.613,0.0197823,-1,0.0197823,0,0,1]
[17,S,0.108666,10,CA,442,209.124,0.0246139,-1,0.0246139,0,0,1]
[18,S,0.132391,10,AG,442,208.103,0.36098,-1,0.36098,0,0,1]
[19,S,0.14272,10,CT,541,206.947,0.480881,-1,0.480881,0,0,1]
[20,S,0.15068,10,TC,417,206.988,0.320143,-1,0.320143,0,0,1]
[21,S,0.157012,10,AT,846,207.197,0.182009,-1,0.182009,0,0,1]
[22,S,0.169359,10,TA,90,207.423,0.121054,-1,0.121054,0,0,1]
[23,S,0.18865,10,TA,315,209.221,0.0452638,-1,0.0452638,0,0,1]
[24,S,0.18888,10,GA,161,209.022,0.224734,-1,0.224734,0,0,1]
[25,S,0.203331,10,GC,147,209.541,0.193051,-1,0.193051,0,0,1]
[26,S,0.214377,10,GA,442,210.563,0.164496,-1,0.164496,0,0,1]
[27,S,0.221705,10,GC,840,209.167,0.685298,-1,0.685298,0,0,1]
[28,S,0.221861,10,TA,953,211.944,0.0142316,-1,0.0142316,0,0,1]
[29,S,0.230735,10,CT,969,212.244,0.20417,-1,0.20417,0,0,1]
[30,S,0.232151,10,CT,574,210.588,0.599614,-1,0.599614,0,0,1]
[31,S,0.235697,10,AG,967,210.214,0.264278,-1,0.264278,0,0,1]
[32,S,0.237249,10,GT,487,210.443,0.465802,-1,0.465802,0,0,1]
[33,S,0.244933,10,GA,608,211.037,0.235671,-1,0.235671,0,0,1]
[34,S,0.246609,10,TG,563,210.447,0.353843,-1,0.353843,0,0,1]
[35,S,0.250001,10,GT,142,210.239,0.27959,-1,0.27959,0,0,1]
[36,S,0.253159,10,TA,318,209.678,0.339738,-1,0.339738,0,0,1]
[37,S,0.263343,10,TC,534,203.961,1.52026,-1,1.52026,0,0,1]
[38,S,0.264548,10,AC,157,204.574,0.328824,-1,0.328824,0,0,1]
[39,S,0.265324,10,GC,708,204.574,0.282443,-1,0.282443,0,0,1]
[40,S,0.265418,10,GC,679,205.198,0.255179,-1,0.255179,0,0,1]
[41,S,0.274621,10,CG,686,207.435,0.0315158,-1,0.0315158,0,0,1]
[42,S,0.276152,10,GA,440,208.185,0.0797046,-1,0.0797046,0,0,1]
[43,S,0.281989,10,TA,689,207.528,0.299263,-1,0.299263,0,0,1]
[44,S,0.282411,10,GA,566,206.341,0.478142,-1,0.478142,0,0,1]
[45,S,0.290885,10,GT,701,202.314,0.49781,-1,0.49781,0,0,1]
[46,S,0.29274,10,AC,65,202.855,0.224805,-1,0.224805,0,0,1]
[47,S,0.294486,10,AT,944,205.678,0.0639856,-1,0.0639856,0,0,1]
[48,S,0.296451,10,CG,947,203.534,0.532998,-1,0.532998,0,0,1]
[49,S,0.29754,10,GA,437,202.407,0.293384,-1,0.293384,0,0,1]
[50,S,0.298819,10,CG,530,203.638,0.0746565,-1,0.0746565,0,0,1]
[51,S,0.301904,10,AG,91,203.989,0.162949,-1,0.162949,0,0,1]
[52,S,0.307346,10,AG,953,204.301,0.206572,-1,0.206572,0,0,1]
[53,S,0.309307,10,AT,66,202.704,0.425352,-1,0.425352,0,0,1]
[54,S,0.331827,10,GT,287,204.619,0.0312883,-1,0.0312883,0,0,1]
[55,S,0.332228,10,AT,17,204.3,0.292875,-1,0.292875,0,0,1]
[56,S,0.341852,10,CG,769,203.957,0.332592,-1,0.332592,0,0,1]
[57,S,0.348619,10,AG,427,203.862,0.169034,-1,0.169034,0,0,1]
[58,S,0.353431,10,CA,557,205.395,0.0382796,-1,0.0382796,0,0,1]
[59,S,0.360679,10,AT,93,205.633,0.149367,-1,0.149367,0,0,1]
[60,S,0.369511,10,AC,889,207.543,0.0442549,-1,0.0442549,0,0,1]
[61,S,0.376336,10,GA,867,213.001,0.0223778,-1,0.0223778,0,0,1]
[62,S,0.37697,10,TG,374,214.279,0.167182,-1,0.167182,0,0,1]
[63,S,0.380279,10,CA,657,213.891,0.403988,-1,0.403988,0,0,1]
[64,S,0.389349,10,GT,493,214.549,0.112831,-1,0.112831,0,0,1]
[65,S,0.399621,10,GT,150,215.285,0.159285,-1,0.159285,0,0,1]
[66,S,0.410284,10,TG,989,215.274,0.291789,-1,0.291789,0,0,1]
[67,S,0.41739,10,GC,622,217.262,0.0619067,-1,0.0619067,0,0,1]
[68,S,0.42521,10,TC,669,217.005,0.302224,-1,0.302224,0,0,1]
[69,S,0.429463,10,GC,113,217.272,0.203748,-1,0.203748,0,0,1]
[70,S,0.429578,10,TC,355,217.095,0.289056,-1,0.289056,0,0,1]
[71,S,0.432006,10,TA,41,218.347,0.114331,-1,0.114331,0,0,1]
[72,S,0.443584,10,GA,387,217.072,0.539618,-1,0.539618,0,0,1]
[73,S,0.444233,10,TG,151,218.415,0.0382956,-1,0.0382956,0,0,1]
[74,S,0.446992,10,GC,124,216.906,0.685298,-1,0.685298,0,0,1]
[75,S,0.448835,10,GA,805,218.182,0.0940412,-1,0.0940412,0,0,1]
[76,S,0.450182,10,TG,340,219.806,0.0524263,-1,0.0524263,0,0,1]
[77,S,0.45176,10,CG,255,219.418,0.275861,-1,0.275861,0,0,1]
[78,S,0.453981,10,CT,899,220.852,0.0954377,-1,0.0954377,0,0,1]
[79,S,0.465492,10,TA,100,216.565,0.955981,-1,0.955981,0,0,1]
[80,S,0.471642,10,TA,934,217.713,0.115897,-1,0.115897,0,0,1]
[81,S,0.472864,10,CA,464,217.135,0.184908,-1,0.184908,0,0,1]
[82,S,0.473616,10,TG,489,215.814,0.317031,-1,0.317031,0,0,1]
[83,S,0.48626,10,GT,953,212.64,1.19041,-1,1.19041,0,0,1]
[84,S,0.486315,10,TA,869,207.325,0.847606,-1,0.847606,0,0,1]
[85,S,0.486469,10,GT,151,205.982,0.797256,-1,0.797256,0,0,1]
[86,S,0.488271,10,GA,337,210.27,0.0577909,-1,0.0577909,0,0,1]
[87,S,0.492591,10,GA,902,209.592,0.549093,-1,0.549093,0,0,1]
[88,S,0.493623,10,GT,333,210.2,0.258694,-1,0.258694,0,0,1]
[89,S,0.498001,10,AT,543,207.73,0.907257,-1,0.907257,0,0,1]
[90,S,0.499684,10,GA,497,207.057,0.352498,-1,0.352498,0,0,1]
[91,S,0.499849,10,GC,611,206.474,0.569311,-1,0.569311,0,0,1]
[92,S,0.507203,10,CT,555,209.644,0.0373052,-1,0.0373052,0,0,1]
[93,S,0.514234,10,CG,79,209.228,0.492931,-1,0.492931,0,0,1]
[94,S,0.51517,10,AT,153,208.695,0.461156,-1,0.461156,0,0,1]
[95,S,0.526582,10,TA,883,209.281,0.203661,-1,0.203661,0,0,1]
[96,S,0.532033,10,CT,111,211.331,0.0828639,-1,0.0828639,0,0,1]
[97,S,0.533373,10,AC,337,212.727,0.220888,-1,0.220888,0,0,1]
[98,S,0.533628,10,GT,38,212.154,0.387095,-1,0.387095,0,0,1]
[99,S,0.537628,10,CG,372,210.718,0.1794,-1,0.1794,0,0,1]
[100,S,0.547367,10,CA,962,218.247,0.0115568,-1,0.0115568,0,0,1]
[101,S,0.556161,10,AC,963,216.275,0.334468,-1,0.334468,0,0,1]
[102,S,0.558033,10,GT,34,217.274,0.0763918,-1,0.0763918,0,0,1]
[103,S,0.560505,10,AT,468,215.977,0.257957,-1,0.257957,0,0,1]
[104,S,0.563768,10,TG,345,218.65,0.0549894,-1,0.0549894,0,0,1]
[105,S,0.563868,10,AC,161,219.356,0.260875,-1,0.260875,0,0,1]
[106,S,0.566278,10,TC,932,217.707,0.60865,-1,0.60865,0,0,1]
[107,S,0.572432,10,AC,855,218.863,0.114223,-1,0.114223,0,0,1]
[108,S,0.573647,10,AC,778,219.052,0.221684,-1,0.221684,0,0,1]
[109,S,0.575709,10,TC,8,218.674,0.341292,-1,0.341292,0,0,1]
[110,S,0.586249,10,AT,557,218.817,0.233066,-1,0.233066,0,0,1]
[111,S,0.589785,10,GC,135,217.208,0.876596,-1,0.876596,0,0,1]
[112,S,0.591799,10,GA,352,216.391,0.363226,-1,0.363226,0,0,1]
[113,S,0.5959,10,GA,379,215.463,0.561735,-1,0.561735,0,0,1]
[114,S,0.607998,10,GT,289,217.181,0.0763918,-1,0.0763918,0,0,1]
[115,S,0.60942,10,CT,211,219.483,0.0430971,-1,0.0430971,0,0,1]
[116,S,0.612707,10,AC,559,218.661,0.279395,-1,0.279395,0,0,1]
[117,S,0.614242,10,GT,989,218.672,0.212405,-1,0.212405,0,0,1]
[118,S,0.62355,10,TC,476,215.831,0.838136,-1,0.838136,0,0,1]
[119,S,0.630966,10,AC,556,213.75,0.828929,-1,0.828929,0,0,1]
[120,S,0.637368,10,CT,612,214.047,0.20417,-1,0.20417,0,0,1]
[121,S,0.644803,10,TA,743,214.441,0.163157,-1,0.163157,0,0,1]
[122,S,0.64811,10,TG,34,213.442,0.585569,-1,0.585569,0,0,1]
[123,S,0.653755,10,AC,804,215.84,0.140373,-1,0.140373,0,0,1]
[124,S,0.655072,10,AC,990,217.009,0.118543,-1,0.118543,0,0,1]
[125,S,0.658342,10,TG,270,221.998,0.00895306,-1,0.00895306,0,0,1]
[126,S,0.658439,10,AC,299,220.064,0.583479,-1,0.583479,0,0,1]
[127,S,0.665361,10,AT,865,219.485,0.302885,-1,0.302885,0,0,1]
[128,S,0.667265,10,AG,387,220.76,0.0889659,-1,0.0889659,0,0,1]
[129,S,0.669277,10,TG,353,225.432,0.0347024,-1,0.0347024,0,0,1]
[130,S,0.669322,10,CG,631,226.224,0.159653,-1,0.159653,0,0,1]
[131,S,0.672126,10,GT,548,227.793,0.0323329,-1,0.0323329,0,0,1]
[132,S,0.672197,10,TG,180,230.865,0.050125,-1,0.050125,0,0,1]
[133,S,0.672465,10,AC,596,231.299,0.293823,-1,0.293823,0,0,1]
[134,S,0.672594,10,AC,416,231.861,0.223575,-1,0.223575,0,0,1]
[135,S,0.683368,10,AG,43,232.232,0.234998,-1,0.234998,0,0,1]
[136,S,0.696183,10,TG,965,226.745,0.885283,-1,0.885283,0,0,1]
[137,S,0.697695,10,AC,805,222.494,1.23202,-1,1.23202,0,0,1]
[138,S,0.702467,10,GT,180,219.422,0.714332,-1,0.714332,0,0,1]
[139,S,0.705353,10,GC,686,220.185,0.278208,-1,0.278208,0,0,1]
[140,S,0.707399,10,TA,515,221.126,0.101268,-1,0.101268,0,0,1]
[141,S,0.707619,10,CG,629,221.509,0.247084,-1,0.247084,0,0,1]
[142,S,0.709141,10,AG,105,217.049,1.0007,-1,1.0007,0,0,1]
[143,S,0.711395,10,CA,977,216.819,0.465419,-1,0.465419,0,0,1]
[144,S,0.711844,10,GT,270,211.83,1.24209,-1,1.24209,0,0,1]
[145,S,0.716588,10,GA,435,212.893,0.203047,-1,0.203047,0,0,1]
[146,S,0.717303,10,GA,56,212.494,0.477251,-1,0.477251,0,0,1]
[147,S,0.717376,10,CT,104,212.81,0.17113,-1,0.17113,0,0,1]
[148,S,0.730875,10,TG,38,213.066,0.149871,-1,0.149871,0,0,1]
[149,S,0.751352,10,GC,349,214.466,0.236784,-1,0.236784,0,0,1]
[150,S,0.760432,10,AC,290,214.474,0.43586,-1,0.43586,0,0,1]
[151,S,0.760729,10,TG,831,216.228,0.0658669,-1,0.0658669,0,0,1]
[152,S,0.764548,10,TA,136,216.763,0.115897,-1,0.115897,0,0,1]
[153,S,0.765097,10,TC,316,215.579,0.563422,-1,0.563422,0,0,1]
[154,S,0.766552,10,CT,594,215.478,0.295738,-1,0.295738,0,0,1]
[155,S,0.768012,10,CA,778,215.29,0.28063,-1,0.28063,0,0,1]
[156,S,0.769624,10,AG,700,216.182,0.150145,-1,0.150145,0,0,1]
[157,S,0.769729,10,CG,686,215.419,0.223766,-1,0.223766,0,0,1]
[158,S,0.772515,10,AG,369,213.527,0.660192,-1,0.660192,0,0,1]
[159,S,0.776948,10,AG,462,214.386,0.187706,-1,0.187706,0,0,1]
[160,S,0.781097,10,GT,108,215.075,0.287315,-1,0.287315,0,0,1]
[161,S,0.781974,10,GT,479,216.533,0.0693518,-1,0.0693518,0,0,1]
[162,S,0.78606,10,TA,191,218.629,0.101614,-1,0.101614,0,0,1]
[163,S,0.794808,10,GC,389,217.793,0.419831,-1,0.419831,0,0,1]
[164,S,0.798787,10,AT,346,216.798,0.349252,-1,0.349252,0,0,1]
[165,S,0.799419,10,TC,972,225.179,0.000707206,-1,0.000707206,0,0,1]
[166,S,0.807973,10,GC,38,224.566,0.430454,-1,0.430454,0,0,1]
[167,S,0.812644,10,CA,669,224.339,0.28063,-1,0.28063,0,0,1]
[168,S,0.820234,10,GC,690,222.974,0.438031,-1,0.438031,0,0,1]
[169,S,0.820636,10,TG,346,219.746,0.96362,-1,0.96362,0,0,1]
[170,S,0.824362,10,GA,345,219.959,0.250645,-1,0.250645,0,0,1]
[171,S,0.82573,10,AT,669,220.443,0.179663,-1,0.179663,0,0,1]
[172,S,0.834299,10,CT,650,220.837,0.219763,-1,0.219763,0,0,1]
[173,S,0.840721,10,TA,109,221.71,0.227394,-1,0.227394,0,0,1]
[174,S,0.841363,10,CG,260,221.586,0.247043,-1,0.247043,0,0,1]
[175,S,0.849747,10,CT,441,224.198,0.153859,-1,0.153859,0,0,1]
[176,S,0.85224,10,TA,222,223.678,0.310388,-1,0.310388,0,0,1]
[177,S,0.856053,10,AC,72,226.193,0.0507514,-1,0.0507514,0,0,1]
[178,S,0.879809,10,GC,686,226.194,0.278208,-1,0.278208,0,0,1]
[179,S,0.884126,10,GA,893,225.816,0.227106,-1,0.227106,0,0,1]
[180,S,0.885337,10,CT,335,220.098,0.704903,-1,0.704903,0,0,1]
[181,S,0.8868,10,AC,689,221.332,0.141506,-1,0.141506,0,0,1]
[182,S,0.888505,10,AG,691,219.258,0.601156,-1,0.601156,0,0,1]
[183,S,0.892025,10,CT,9,216.639,0.366965,-1,0.366965,0,0,1]
[184,S,0.895502,10,CG,622,214.651,0.649582,-1,0.649582,0,0,1]
[185,S,0.899783,10,CA,94,214.102,0.314037,-1,0.314037,0,0,1]
[186,S,0.902372,10,TA,104,217.413,0.0638015,-1,0.0638015,0,0,1]
[187,S,0.903725,10,TC,971,214.179,0.530804,-1,0.530804,0,0,1]
[188,S,0.903875,10,AG,418,215.092,0.179628,-1,0.179628,0,0,1]
[189,S,0.919575,10,TC,751,216.652,0.0893181,-1,0.0893181,0,0,1]
[190,S,0.924398,10,CT,751,215.092,0.538433,-1,0.538433,0,0,1]
[191,S,0.924592,10,TA,441,215.122,0.141813,-1,0.141813,0,0,1]
[192,S,0.924981,10,TA,810,219.732,0.00808656,-1,0.00808656,0,0,1]
[193,S,0.927169,10,AC,836,221.47,0.0932184,-1,0.0932184,0,0,1]
[194,S,0.934309,10,GT,505,221.313,0.27959,-1,0.27959,0,0,1]
[195,S,0.938935,10,AT,597,221.042,0.303628,-1,0.303628,0,0,1]
[196,S,0.943655,10,AG,109,214.649,1.17178,-1,1.17178,0,0,1]
[197,S,0.94774,10,CA,990,213.48,0.454552,-1,0.454552,0,0,1]
[198,S,0.949492,10,CG,752,212.801,0.401412,-1,0.401412,0,0,1]
[199,S,0.953164,10,GC,438,209.476,0.930316,-1,0.930316,0,0,1]
[200,S,0.957775,10,AG,352,204.805,0.866852,-1,0.866852,0,0,1]
[201,S,0.959493,10,TG,194,208.332,0.0507194,-1,0.0507194,0,0,1]
[202,S,0.961423,10,TA,236,210.638,0.0671887,-1,0.0671887,0,0,1]
[203,S,0.965121,10,GC,911,210.533,0.282443,-1,0.282443,0,0,1]
[204,S,0.967669,10,AT,869,215.512,0.0325281,-1,0.0325281,0,0,1]
[205,S,0.978507,10,GC,744,216.54,0.102823,-1,0.102823,0,0,1]
[206,S,0.981975,10,TG,725,218.406,0.0959591,-1,0.0959591,0,0,1]
[207,S,0.982339,10,CA,417,217.872,0.156593,-1,0.156593,0,0,1]
[208,S,0.984186,10,CA,835,215.901,0.410846,-1,0.410846,0,0,1]
[209,S,0.997567,10,GT,563,216.883,0.206379,-1,0.206379,0,0,1]
[-1,E,1,10,0,X,216.883,0,-1,0,0,0,1]
[-1,B,0,01,-1,X,190.801,0,-1,0,0,0,1]
[-1,E,0,01,-1,X,190.801,0,-1,0,0,0,1]
GUIDE_TREE_PARTITION1=(T_1:1,T_2:0);
