>Dataset_0
[-1,X,0,01,XX,X,433.097,0,0,0,0,1,1]
[0,S,0.00232474,10,GA,83,433.097,0.193295,529.073,1.18263,0.670991,0.10967,0]
[1,S,0.00356302,10,TG,718,434.056,0.162498,528.873,0.162498,0.109481,0.109481,0]
[2,S,0.00376196,10,CT,3,435.901,0.415081,378.911,0.415081,0.165979,0.165979,0]
[3,S,0.00397478,10,AC,426,434.003,0.460367,358.29,0.970551,0.41271,0.195763,0]
[4,S,0.00436594,10,GT,971,431.523,0.275113,356.033,0.275113,0.199962,0.199962,0]
[5,S,0.00630429,10,GA,683,431.377,0.121755,355.667,0.0608606,0.199977,0.400068,0]
[6,S,0.00828496,10,TC,190,432.707,0.0919546,357.415,0.184194,0.400372,0.199876,0]
[7,S,0.00974273,10,TC,529,434.601,0.2223,358.51,0.2223,0.199568,0.199568,0]
[8,S,0.0214248,10,CA,400,434.1,0.245102,358.201,0.121871,0.199555,0.401335,0]
[9,S,0.0235819,10,GA,439,434.753,0.28821,358.848,0.28821,0.19857,0.19857,0]
[10,S,0.0281454,10,GT,738,435.271,0.146831,359.341,0.29971,0.404903,0.198366,0]
[11,S,0.029702,10,GA,363,437.34,0.457153,360.685,0.93776,0.406094,0.197969,0]
[12,S,0.0382179,10,TG,274,436.376,0.283016,358.987,0.137886,0.19792,0.406239,0]
[13,S,0.0392311,10,TA,266,436.303,0.283594,359.52,0.137284,0.197404,0.407788,0]
[14,S,0.0419384,10,GA,852,436.911,0.25055,360.428,0.120954,0.197182,0.408453,0]
[15,S,0.0454497,10,GA,592,436.473,0.457903,360.094,0.220165,0.196858,0.409427,0]
[16,S,0.0486447,10,TC,642,435.294,0.286516,359.812,0.137234,0.196549,0.410354,0]
[17,S,0.0556122,10,CG,876,434.992,0.455176,360.117,0.955457,0.41166,0.196113,0]
[18,S,0.0607392,10,AG,683,433.47,0.446754,358.11,0.946373,0.413872,0.195376,0]
[19,S,0.0617304,10,AT,124,432.139,0.512109,356.295,0.512109,0.195097,0.195097,0]
[20,S,0.0640404,10,AT,770,431.384,0.315449,355.22,0.148546,0.195176,0.414472,0]
[21,S,0.0644924,10,CG,370,431.252,0.605347,355.449,0.28471,0.195077,0.41477,0]
[22,S,0.0675748,10,TC,487,428.411,0.288388,352.857,0.614072,0.415128,0.194957,0]
[23,S,0.068233,10,AC,503,427.397,0.0713159,351.701,0.152261,0.415776,0.194741,0]
[24,S,0.0687954,10,TG,879,430.76,0.0853092,353.658,0.0399656,0.194758,0.415725,0]
[25,S,0.0768714,10,GA,43,432.383,0.159997,355.543,0.340932,0.415303,0.194899,0]
[26,S,0.0774568,10,TG,546,433.733,0.570741,356.521,0.570741,0.194041,0.194041,0]
[27,S,0.0788273,10,GT,145,432.11,0.143358,354.255,0.0665503,0.194019,0.417942,0]
[28,S,0.079755,10,CA,902,433.667,0.541207,356.569,0.541207,0.194115,0.194115,0]
[29,S,0.0867827,10,CT,53,430.611,0.45511,354.808,0.45511,0.193786,0.193786,0]
[30,S,0.0889666,10,AT,851,428.337,0.52696,352.893,0.241466,0.192963,0.421111,0]
[31,S,0.0904245,10,TG,615,426.715,0.239432,352.79,0.523757,0.421687,0.192771,0]
[32,S,0.105404,10,TG,144,426.582,0.291481,352.245,0.291481,0.19234,0.19234,0]
[33,S,0.1068,10,CG,746,425.629,0.482372,350.898,0.215861,0.191035,0.426895,0]
[34,S,0.108963,10,CG,975,423.845,0.30785,349.815,0.137767,0.191038,0.426886,0]
[35,S,0.111338,10,CT,894,423.691,0.171605,350.31,0.384881,0.42779,0.190737,0]
[36,S,0.114674,10,AT,656,424.901,0.103441,350.723,0.0459066,0.190357,0.428929,0]
[37,S,0.115268,10,GC,787,426.588,0.423551,354.28,0.18756,0.190179,0.429464,0]
[38,S,0.116435,10,CT,20,425.752,0.475076,354.306,0.475076,0.189596,0.189596,0]
[39,S,0.117073,10,GT,661,424.56,0.25785,352.14,0.25785,0.189308,0.189308,0]
[40,S,0.117597,10,CT,379,423.95,0.133507,351.483,0.133507,0.189532,0.189532,0]
[41,S,0.118517,10,GA,274,424.717,0.178234,351.928,0.178234,0.189518,0.189518,0]
[42,S,0.125762,10,AG,39,425.473,0.319962,352.571,0.728792,0.431576,0.189475,0]
[43,S,0.129318,10,AG,754,424.875,0.521433,351.901,0.521433,0.188761,0.188761,0]
[44,S,0.129402,10,TC,482,422.695,0.479931,349.981,0.208088,0.188452,0.434643,0]
[45,S,0.132883,10,TG,636,419.156,0.200615,346.777,0.462583,0.434584,0.188472,0]
[46,S,0.134704,10,GA,64,419.859,0.384451,347.12,0.889487,0.435417,0.188194,0]
[47,S,0.138885,10,GA,382,417.711,0.218274,344.713,0.218274,0.188072,0.188072,0]
[48,S,0.139435,10,TC,311,418.724,0.146428,345.748,0.0629939,0.187812,0.436565,0]
[49,S,0.139464,10,AC,195,419.686,0.202504,347.226,0.471321,0.43688,0.187707,0]
[50,S,0.139982,10,GT,967,420.013,0.0610934,346.602,0.0610934,0.187533,0.187533,0]
[51,S,0.143854,10,CA,881,422.231,0.351472,349.794,0.351472,0.187704,0.187704,0]
[52,S,0.143865,10,TG,399,421.722,0.288188,349.547,0.122721,0.186974,0.439077,0]
[53,S,0.144278,10,AT,18,422.196,0.386605,349.793,0.164541,0.18693,0.43921,0]
[54,S,0.157324,10,TA,709,422.182,0.58278,349.736,0.248017,0.186924,0.439227,0]
[55,S,0.157888,10,AG,610,419.14,0.198011,346.375,0.198011,0.185598,0.185598,0]
[56,S,0.161122,10,TC,874,419.599,0.335375,346.66,0.140704,0.185751,0.442747,0]
[57,S,0.162176,10,AG,802,418.7,0.184115,346.459,0.184115,0.185438,0.185438,0]
[58,S,0.163871,10,AT,924,419.82,0.97373,347.402,2.33677,0.444425,0.185192,0]
[59,S,0.166907,10,AT,968,416.26,0.404064,343.809,0.971814,0.444968,0.185011,0]
[60,S,0.169229,10,AT,176,417.178,0.129424,343.907,0.129424,0.184856,0.184856,0]
[61,S,0.178127,10,TG,323,417.575,0.648255,344.281,0.26878,0.18478,0.44566,0]
[62,S,0.183342,10,TA,661,414.306,0.16194,343.14,0.16194,0.183823,0.183823,0]
[63,S,0.186716,10,CT,342,416.126,0.125032,345.225,0.0506486,0.182862,0.451415,0]
[64,S,0.187231,10,CG,187,417.367,0.0435591,347.061,0.0435591,0.182348,0.182348,0]
[65,S,0.190341,10,AT,847,421.689,0.524483,351.276,1.30696,0.453742,0.182086,0]
[66,S,0.195103,10,AG,73,419.33,0.506916,348.681,1.2708,0.455231,0.18159,0]
[67,S,0.196663,10,TC,66,417.576,0.539214,344.4,0.214148,0.181227,0.45632,0]
[68,S,0.213548,10,GA,652,415.732,0.289484,343.101,0.724059,0.454664,0.181779,0]
[69,S,0.215044,10,GT,879,415.009,0.640009,342.278,1.63888,0.460501,0.179833,0]
[70,S,0.23053,10,AG,320,413.42,0.703784,340.036,1.80461,0.460834,0.179722,0]
[71,S,0.233138,10,TC,512,411.883,0.198935,338.2,0.198935,0.178185,0.178185,0]
[72,S,0.241064,10,TG,917,412.12,0.146607,338.18,0.383662,0.465902,0.178033,0]
[73,S,0.241982,10,TA,516,413.062,0.651706,338.499,1.72356,0.468527,0.177158,0]
[74,S,0.243361,10,GT,82,410.622,0.2849,335.642,0.753369,0.468493,0.177169,0]
[75,S,0.246102,10,AT,574,410.554,0.379203,334.865,0.143516,0.177235,0.468296,0]
[76,S,0.248747,10,GC,339,410.036,0.077366,335.275,0.0292338,0.177102,0.468694,0]
[77,S,0.248779,10,TG,689,412.457,0.245738,338.029,0.654575,0.470312,0.176563,0]
[78,S,0.249186,10,CA,529,412.611,0.722486,336.905,1.92937,0.470943,0.176352,0]
[79,S,0.250893,10,CG,194,409.393,0.435418,333.407,1.15879,0.47009,0.176637,0]
[80,S,0.254522,10,GA,900,406.671,0.126773,331.046,0.337263,0.47,0.176667,0]
[81,S,0.257944,10,GA,40,408.375,0.282044,331.833,0.10551,0.176269,0.471193,0]
[82,S,0.258118,10,GA,319,408.285,0.112512,333.395,0.0419625,0.176017,0.471948,0]
[83,S,0.260614,10,GC,386,410.19,0.333529,336.463,0.333529,0.175553,0.175553,0]
[84,S,0.262037,10,GC,546,410.634,0.112421,336.777,0.112421,0.174842,0.174842,0]
[85,S,0.2621,10,TG,34,411.888,0.374353,338.821,0.374353,0.174681,0.174681,0]
[86,S,0.263437,10,AC,673,411.597,0.0778409,339.258,0.0284729,0.174403,0.476792,0]
[87,S,0.266248,10,TA,659,413.784,0.489867,342.48,0.489867,0.174058,0.174058,0]
[88,S,0.274842,10,AG,491,411.672,0.754842,338.909,2.09027,0.479993,0.173336,0]
[89,S,0.278393,10,GA,51,408.386,0.0939967,335.699,0.0939967,0.172754,0.172754,0]
[90,S,0.285144,10,CA,352,410.491,0.178415,338.091,0.178415,0.172445,0.172445,0]
[91,S,0.289887,10,CT,311,411.254,0.393677,338.821,1.11563,0.485762,0.171413,0]
[92,S,0.289988,10,GT,880,410.293,0.156434,337.634,0.0547836,0.17078,0.487661,0]
[93,S,0.290909,10,AC,760,411.413,0.0358158,339.583,0.102157,0.487381,0.170873,0]
[94,S,0.291262,10,TA,223,415.144,0.269504,342.928,0.772352,0.488563,0.170479,0]
[95,S,0.291446,10,TG,53,415.62,0.259867,342.807,0.745769,0.48891,0.170363,0]
[96,S,0.2955,10,TC,994,415.65,0.101273,341.347,0.0353369,0.170476,0.488571,0]
[97,S,0.29605,10,CA,317,417.747,0.287048,343.481,0.823917,0.488954,0.170349,0]
[98,S,0.297766,10,AC,800,418.12,0.156121,342.182,0.449088,0.489495,0.170168,0]
[99,S,0.29788,10,CG,505,419.793,0.589203,343.236,1.69072,0.488883,0.170372,0]
[100,S,0.301119,10,TA,934,416.719,0.495827,340.33,0.495827,0.170441,0.170441,0]
[101,S,0.303288,10,CA,398,414.58,0.190671,337.237,0.0662506,0.170125,0.489625,0]
[102,S,0.304182,10,TG,432,414.929,0.4718,338.075,0.4718,0.170205,0.170205,0]
[103,S,0.305841,10,TG,547,413.043,0.352637,335.335,0.352637,0.169938,0.169938,0]
[104,S,0.319884,10,AG,351,412.228,0.215751,334.862,0.215751,0.170047,0.170047,0]
[105,S,0.320657,10,AC,141,411.378,0.337643,335.221,0.995292,0.495609,0.16813,0]
[106,S,0.320969,10,GA,751,411.192,0.305343,335.887,0.305343,0.16774,0.16774,0]
[107,S,0.323397,10,CG,824,411.24,0.0510705,335.698,0.0510705,0.167475,0.167475,0]
[108,S,0.324834,10,CT,687,415.114,0.21994,339.328,0.0737922,0.167209,0.498372,0]
[109,S,0.324989,10,GT,243,414.78,0.0734071,340.03,0.0734071,0.166889,0.166889,0]
[110,S,0.331087,10,AC,564,416.857,0.229803,342.498,0.076544,0.166605,0.500186,0]
[111,S,0.331142,10,TA,865,417.024,0.395444,343.759,0.395444,0.165569,0.165569,0]
[112,S,0.332692,10,GA,144,415.173,0.792948,343.273,2.41932,0.504218,0.165261,0]
[113,S,0.335171,10,CT,167,411.616,0.407635,338.241,0.13282,0.16477,0.505691,0]
[114,S,0.346093,10,TA,908,409.708,0.538072,336.647,0.175792,0.164994,0.505019,0]
[115,S,0.348116,10,TC,899,404.18,0.695238,334.279,0.223052,0.163481,0.509557,0]
[116,S,0.352362,10,TG,240,400.882,0.252983,332.839,0.79694,0.512208,0.162597,0]
[117,S,0.35751,10,TG,931,400.936,0.0410026,334.144,0.0410026,0.16164,0.16164,0]
[118,S,0.361054,10,GC,728,405.507,0.304316,340.141,0.0942678,0.16056,0.518321,0]
[119,S,0.362347,10,CA,330,404.252,0.302993,341.047,0.991165,0.521626,0.159458,0]
[120,S,0.364365,10,CT,177,403.531,0.133239,339.963,0.439627,0.523774,0.158742,0]
[121,S,0.364608,10,AG,709,405.805,0.0522487,343.138,0.0522487,0.158579,0.158579,0]
[122,S,0.372479,10,CA,653,409.29,0.131586,348.483,0.131586,0.158205,0.158205,0]
[123,S,0.390691,10,TG,12,410.063,0.333423,351.222,0.333423,0.156424,0.156424,0]
[124,S,0.400302,10,GT,446,408.313,0.463651,354.629,0.131396,0.153171,0.540486,0]
[125,S,0.403758,10,AT,258,407.439,0.295565,358.51,1.07805,0.548697,0.150434,0]
[126,S,0.405134,10,GC,187,406.811,0.757553,359.811,0.757553,0.148711,0.148711,0]
[127,S,0.412011,10,AC,319,402.489,0.578643,356.25,0.578643,0.148028,0.148028,0]
[128,S,0.413803,10,AC,970,399.545,0.316641,355.955,0.0831636,0.146898,0.559306,0]
[129,S,0.415101,10,GA,824,396.553,0.845599,353.764,3.25398,0.561925,0.146025,0]
[130,S,0.417106,10,GA,62,392.386,0.534685,349.021,0.534685,0.1457,0.1457,0]
[131,S,0.421519,10,GT,754,391.477,0.463651,348.014,1.79226,0.563036,0.145655,0]
[132,S,0.423551,10,TG,422,390.869,0.567413,347.616,2.21057,0.564958,0.145014,0]
[133,S,0.42474,10,GT,973,387.998,0.10191,344.681,0.10191,0.144656,0.144656,0]
[134,S,0.429366,10,TC,264,389.882,0.119197,346.46,0.119197,0.144569,0.144569,0]
[135,S,0.429527,10,CA,147,390.938,0.318567,349.079,0.0805731,0.143807,0.568579,0]
[136,S,0.432221,10,CA,546,390.511,0.491677,348.987,1.95505,0.569972,0.143343,0]
[137,S,0.433201,10,TG,153,389.773,0.375029,348.576,1.50048,0.571488,0.142837,0]
[138,S,0.435685,10,TG,447,387.805,0.0396816,346.681,0.00989115,0.142616,0.572152,0]
[139,S,0.435714,10,GT,30,389.775,0.418497,350.966,1.68643,0.573241,0.142253,0]
[140,S,0.43911,10,AG,486,387.871,0.114132,347.44,0.463656,0.575218,0.141594,0]
[141,S,0.443594,10,CG,509,390.047,0.154075,347.974,0.0378914,0.141518,0.575445,0]
[142,S,0.447384,10,GT,932,391.327,0.746958,350.205,0.18289,0.141159,0.576523,0]
[143,S,0.447793,10,AT,41,386.456,0.493985,346.488,2.03998,0.579222,0.140259,0]
[144,S,0.450818,10,GA,989,384.924,0.516619,343.617,2.13962,0.579926,0.140025,0]
[145,S,0.452881,10,AC,763,382.982,0.752484,341.186,3.12045,0.580236,0.139921,0]
[146,S,0.453031,10,TC,515,379.556,0.209475,337.081,0.0504174,0.139766,0.580701,0]
[147,S,0.457328,10,AC,775,380.109,0.371064,338.33,0.0895925,0.140023,0.579931,0]
[148,S,0.460275,10,AC,633,379.637,0.125349,340.645,0.525036,0.582673,0.139109,0]
[149,S,0.461365,10,TC,737,381.6,0.332591,344.464,1.41418,0.586321,0.137893,0]
[150,S,0.469413,10,GA,358,380.858,0.151,346.008,0.647801,0.588481,0.137173,0]
[151,S,0.471569,10,CA,526,382.214,0.210441,349.735,0.92462,0.59425,0.13525,0]
[152,S,0.472312,10,TA,880,382.658,0.115453,350.779,0.115453,0.134248,0.134248,0]
[153,S,0.47374,10,CA,68,383.754,0.435332,351.665,1.94372,0.59812,0.13396,0]
[154,S,0.473862,10,GA,168,382.057,0.316495,350.289,1.41686,0.598754,0.133749,0]
[155,S,0.474654,10,TC,687,381.533,0.282681,348.357,1.26653,0.598952,0.133683,0]
[156,S,0.475908,10,TC,803,381.867,0.311835,347.369,1.39303,0.598244,0.133919,0]
[157,S,0.476005,10,GC,990,380.534,0.105823,343.213,0.0237236,0.134037,0.59789,0]
[158,S,0.476236,10,TC,176,382.358,0.385245,344.104,1.70256,0.595655,0.134782,0]
[159,S,0.478216,10,GA,278,380.972,0.216104,339.761,0.0489941,0.134938,0.595186,0]
[160,S,0.481967,10,CT,990,382.416,0.302335,341.599,0.302335,0.13541,0.13541,0]
[161,S,0.482354,10,CG,237,381.577,0.253756,342.304,0.253756,0.134621,0.134621,0]
[162,S,0.483149,10,CA,392,381.027,0.0404345,342.512,0.0404345,0.134175,0.134175,0]
[163,S,0.48638,10,AT,483,385.664,0.334759,346.78,1.49662,0.598433,0.133856,0]
[164,S,0.49132,10,AG,592,385.373,0.117192,346.966,0.527766,0.600183,0.133272,0]
[165,S,0.49138,10,CG,868,386.552,0.313392,348.413,1.42863,0.603102,0.132299,0]
[166,S,0.492101,10,CG,994,386.854,0.161886,347.337,0.161886,0.132191,0.132191,0]
[167,S,0.492443,10,AT,699,386.87,0.182451,348.516,0.830585,0.602774,0.132409,0]
[168,S,0.493491,10,TC,184,387.468,0.189848,349.617,0.868132,0.603844,0.132052,0]
[169,S,0.495176,10,GT,994,387.829,0.662554,350.014,3.04211,0.604821,0.131726,0]
[170,S,0.497821,10,CT,854,385.743,0.511159,345.803,2.35622,0.605759,0.131414,0]
[171,S,0.502773,10,AC,910,383.975,0.34529,341.868,1.58906,0.605373,0.131542,0]
[172,S,0.503714,10,GA,634,383.371,0.486933,343.62,0.486933,0.131272,0.131272,0]
[173,S,0.504806,10,CG,564,381.259,0.152532,343.166,0.152532,0.130514,0.130514,0]
[174,S,0.507458,10,AG,661,382.711,0.334333,345.82,0.334333,0.12995,0.12995,0]
[175,S,0.510442,10,GA,993,381.485,0.158499,347.131,0.7519,0.612597,0.129134,0]
[176,S,0.512913,10,CA,386,383.086,0.193579,351.362,0.931736,0.616035,0.127988,0]
[177,S,0.51686,10,TC,459,382.727,0.163691,352.574,0.0335219,0.126854,0.619439,0]
[178,S,0.517674,10,AC,658,383.95,0.183751,358.401,0.909824,0.622708,0.125764,0]
[179,S,0.51956,10,AG,2,385.296,0.0787991,363.629,0.396661,0.626579,0.124474,0]
[180,S,0.522103,10,TC,896,388.456,0.0552793,370.214,0.282901,0.630436,0.123188,0]
[181,S,0.525159,10,CG,681,391.418,0.0783821,374.862,0.407895,0.634322,0.121893,0]
[182,S,0.527208,10,TG,998,393.362,0.14183,377.093,0.747362,0.637218,0.120927,0]
[183,S,0.533573,10,CG,697,394.626,0.747345,379.131,3.96129,0.638575,0.120475,0]
[184,S,0.534779,10,CA,193,392.013,0.0273,376.103,0.0273,0.119138,0.119138,0]
[185,S,0.539788,10,TG,348,398.328,0.225218,383.806,1.21637,0.642893,0.119036,0]
[186,S,0.544049,10,AG,191,399.06,0.249317,388.39,1.36924,0.646724,0.117759,0]
[187,S,0.548346,10,AC,281,398.336,0.363146,389.369,2.03746,0.651592,0.116136,0]
[188,S,0.557261,10,TA,584,396.802,0.397282,389.354,2.26323,0.655045,0.114985,0]
[189,S,0.561701,10,AT,303,396.134,0.166906,393.493,0.976093,0.660946,0.113018,0]
[190,S,0.563601,10,AG,296,396.449,0.28798,397.819,1.72615,0.666444,0.111185,0]
[191,S,0.565352,10,GT,608,396.069,0.203932,399.486,0.033484,0.110006,0.669982,0]
[192,S,0.565432,10,CT,515,396.684,0.295443,404.213,1.81761,0.672209,0.109264,0]
[193,S,0.566372,10,AC,686,396.131,0.362743,404.655,2.25734,0.674725,0.108425,0]
[194,S,0.569745,10,GT,436,393.842,0.378648,402.986,2.36841,0.675848,0.108051,0]
[195,S,0.571543,10,AC,404,392.976,0.295545,403.127,1.86796,0.678125,0.107292,0]
[196,S,0.572256,10,AT,708,392.661,0.531189,403.527,3.3823,0.679741,0.106753,0]
[197,S,0.575612,10,CG,667,389.593,0.177172,396.922,1.13242,0.680568,0.106477,0]
[198,S,0.577074,10,TG,3,390.079,0.816493,395.226,5.21427,0.680381,0.10654,0]
[199,S,0.579788,10,AG,865,386.705,0.227007,388.116,1.4464,0.679884,0.106705,0]
[200,S,0.579793,10,TA,574,386.469,0.154123,385.081,0.978747,0.679159,0.106947,0]
[201,S,0.581613,10,AT,193,386.987,0.633311,382,3.98997,0.677425,0.107525,0]
[202,S,0.584624,10,AC,461,383.635,0.346984,375.629,2.17398,0.676214,0.107929,0]
[203,S,0.586665,10,CG,38,382.742,0.0889371,370.59,0.556675,0.675998,0.108001,0]
[204,S,0.587648,10,GC,60,384.842,0.178338,369.781,1.10861,0.67449,0.108503,0]
[205,S,0.588526,10,AT,776,385.64,0.12126,367.183,0.749426,0.673214,0.108929,0]
[206,S,0.588663,10,TG,660,387.143,0.290153,364.729,1.77949,0.671519,0.109494,0]
[207,S,0.59056,10,GT,898,386.764,0.79526,356.96,0.79526,0.110326,0.110326,0]
[208,S,0.592698,10,GA,52,383.337,0.0822283,350.518,0.0138002,0.111626,0.665122,0]
[209,S,0.593733,10,AC,599,386.484,0.274374,355.354,1.62752,0.66412,0.11196,0]
[210,S,0.595815,10,AG,579,385.863,0.136711,353.298,0.818182,0.666102,0.111299,0]
[211,S,0.596281,10,AG,382,387.224,0.284661,352.562,0.284661,0.111222,0.111222,0]
[212,S,0.597301,10,GC,157,386.153,0.158754,350.549,0.946439,0.665241,0.111586,0]
[213,S,0.598198,10,AG,652,387.247,0.280515,349.547,0.0470751,0.111621,0.665137,0]
[214,S,0.599948,10,CT,180,387.519,0.189121,351.107,1.12265,0.664285,0.111905,0]
[215,S,0.600017,10,TG,990,387.976,0.909062,352.218,5.44484,0.666278,0.111241,0]
[216,S,0.604064,10,AG,255,384.4,0.100646,346.339,0.100646,0.111065,0.111065,0]
[217,S,0.605526,10,GA,652,385.473,0.221783,348.04,1.33534,0.667441,0.110853,0]
[218,S,0.606916,10,CT,23,385.202,0.167896,346.929,0.167896,0.11038,0.11038,0]
[219,S,0.609044,10,GC,182,385.667,0.415026,347.251,2.51778,0.669114,0.110295,0]
[220,S,0.611813,10,CG,90,383.461,0.092505,345.199,0.564378,0.670368,0.109877,0]
[221,S,0.612343,10,GT,447,386.383,0.786291,347.171,4.8339,0.672049,0.109317,0]
[222,S,0.621722,10,AC,147,384.413,0.192058,341.795,1.18003,0.671921,0.10936,0]
[223,S,0.627646,10,GT,734,384.96,0.594837,345.785,3.7115,0.675308,0.108231,0]
[224,S,0.628602,10,TC,342,383.367,0.376576,347.359,2.41772,0.681538,0.106154,0]
[225,S,0.628676,10,GT,709,382.302,0.239847,347.307,1.55905,0.684217,0.105261,0]
[226,S,0.631925,10,GA,601,382.695,0.106324,348.83,0.693279,0.684888,0.105037,0]
[227,S,0.634424,10,TG,434,385.148,0.114119,351.098,0.754085,0.687756,0.104081,0]
[228,S,0.634769,10,AG,52,386.262,0.563312,354.371,3.75061,0.689381,0.10354,0]
[229,S,0.635115,10,AT,398,383.115,1.02323,349.815,1.02323,0.102966,0.102966,0]
[230,S,0.640331,10,AG,46,377.104,0.283926,342.41,1.89774,0.690208,0.103264,0]
[231,S,0.642157,10,CG,695,376.95,0.0358805,342.669,0.242152,0.692272,0.102576,0]
[232,S,0.649546,10,AT,402,379.521,0.210084,345.832,1.42758,0.69373,0.10209,0]
[233,S,0.650608,10,CA,264,379.563,0.536784,350.393,3.74173,0.699117,0.100294,0]
[234,S,0.650902,10,AC,439,377.178,0.115788,348.759,0.821398,0.702792,0.0990692,0]
[235,S,0.655543,10,TC,379,378.739,0.42008,348.616,0.42008,0.0988808,0.0988808,0]
[236,S,0.658716,10,TC,971,377.972,0.22324,350.696,1.60337,0.705371,0.0982097,0]
[237,S,0.662672,10,GC,661,379.333,0.0348297,358.577,0.254912,0.709269,0.0969105,0]
[238,S,0.66673,10,CA,970,384.555,1.30257,368.549,9.85372,0.716038,0.0946539,0]
[239,S,0.668096,10,GA,706,378.458,0.288489,363.598,2.24475,0.721734,0.0927553,0]
[240,S,0.670203,10,AT,618,380.137,0.251354,369.137,0.251354,0.0922777,0.0922777,0]
[241,S,0.677913,10,TG,18,380.008,0.200436,373.649,0.200436,0.0910438,0.0910438,0]
[242,S,0.678653,10,AT,274,379.984,0.301771,384.94,2.50576,0.734596,0.0884681,0]
[243,S,0.680177,10,GC,372,379.199,0.126393,390.694,0.126393,0.0862216,0.0862216,0]
[244,S,0.688014,10,GC,953,380.56,0.169888,399.817,1.49537,0.745808,0.0847305,0]
[245,S,0.690833,10,AC,450,381.676,0.417454,410.644,3.85478,0.754782,0.0817393,0]
[246,S,0.692166,10,TA,557,381.037,0.0534826,418.933,0.511687,0.761286,0.0795712,0]
[247,S,0.693735,10,TG,608,385.2,0.302533,429.911,2.97659,0.766335,0.0778883,0]
[248,S,0.694213,10,CT,74,384.585,0.110034,433.126,1.10629,0.770187,0.0766042,0]
[249,S,0.69688,10,GA,432,385.943,0.645153,433.825,6.56082,0.772199,0.0759335,0]
[250,S,0.700977,10,AC,88,383.795,0.15329,428.83,0.15329,0.0755028,0.0755028,0]
[251,S,0.702724,10,TG,346,383.558,0.132872,433.164,0.132872,0.0750266,0.0750266,0]
[252,S,0.702724,10,TA,19,384.172,0.10374,440.234,1.09067,0.778001,0.0739998,0]
[253,S,0.706683,10,CG,512,385.794,0.022949,447.634,0.245081,0.780691,0.0731029,0]
[254,S,0.708958,10,CT,583,395.356,0.240627,476.785,2.64196,0.785399,0.0715335,0]
[255,S,0.71232,10,CA,329,395.18,0.143742,492.253,1.65849,0.793643,0.0687857,0]
[256,S,0.715711,10,AT,51,396.117,0.380017,511.316,4.5953,0.801224,0.0662587,0]
[257,S,0.716043,10,AC,550,395.244,0.150437,528.726,1.91345,0.809152,0.063616,0]
[258,S,0.718774,10,AT,696,396.709,0.36624,545.335,4.84433,0.815125,0.0616249,0]
[259,S,0.721324,10,TC,907,395.62,0.759742,557.688,10.4502,0.820949,0.0596837,0]
[260,S,0.721919,10,GA,171,393.058,0.300515,566.367,4.28625,0.826218,0.0579274,0]
[261,S,0.72247,10,GA,635,392.535,0.050182,574.339,0.734198,0.829842,0.0567192,0]
[262,S,0.723157,10,AC,511,395.764,1.35251,586.021,20.1529,0.832406,0.0558648,0]
[263,S,0.724835,10,GT,161,385.217,0.463651,564.226,7.01453,0.834518,0.0551605,0]
[264,S,0.72666,10,GC,666,384.466,0.150837,554.682,2.27046,0.833817,0.0553945,0]
[265,S,0.72672,10,CG,146,386.024,0.238187,548.256,3.55343,0.832576,0.0558079,0]
[266,S,0.728,10,AT,388,385.722,0.512109,537.88,0.0348925,0.0565715,0.830286,0]
[267,S,0.729546,10,TG,548,383.954,0.33841,532.922,4.89571,0.828246,0.0572515,0]
[268,S,0.732203,10,CA,803,383.586,0.351167,527.954,0.0242474,0.0571996,0.828401,0]
[269,S,0.734064,10,TG,569,382.796,0.292743,531.162,4.24626,0.828621,0.0571263,0]
[270,S,0.736488,10,AG,479,383.09,0.142641,533.74,2.10229,0.830875,0.0563751,0]
[271,S,0.737151,10,CT,495,383.736,0.201635,549.16,3.01356,0.832829,0.0557237,0]
[272,S,0.738944,10,CG,728,384.817,0.202567,566.805,3.12259,0.83709,0.0543032,0]
[273,S,0.740384,10,CA,673,386.063,0.579879,585.795,9.28108,0.842148,0.0526172,0]
[274,S,0.742464,10,GC,549,383.854,0.0844866,594.065,1.40331,0.847015,0.0509949,0]
[275,S,0.744524,10,GA,547,386.948,0.163937,608.473,2.80366,0.850762,0.0497461,0]
[276,S,0.744863,10,CA,726,386.699,0.54476,618.662,9.55381,0.853927,0.0486911,0]
[277,S,0.746007,10,CG,949,384.812,0.0270625,618.617,0.483947,0.856339,0.0478869,0]
[278,S,0.746616,10,AT,908,390.077,0.454922,635.415,8.21493,0.857536,0.0474881,0]
[279,S,0.750984,10,TG,381,388.642,0.0775376,635.327,1.42324,0.859521,0.0468265,0]
[280,S,0.753091,10,GA,380,390.858,0.40808,652.139,0.40808,0.0459518,0.0459518,0]
[281,S,0.754977,10,GT,355,390.54,0.117853,664.075,2.27905,0.8657,0.0447665,0]
[282,S,0.755523,10,CA,597,392.46,0.257735,686.809,0.0129624,0.0437,0.8689,0]
[283,S,0.755602,10,GA,564,392.375,0.409606,711.804,8.41191,0.872539,0.0424871,0]
[284,S,0.757182,10,AC,962,390.24,0.114296,732.493,2.43768,0.876685,0.0411051,0]
[285,S,0.759525,10,CT,555,391.274,0.581697,762.571,12.9416,0.881179,0.039607,0]
[286,S,0.760583,10,GT,885,387.141,0.142622,782.36,3.33285,0.886228,0.0379241,0]
[287,S,0.76131,10,TC,973,388.014,0.119247,808.862,2.90665,0.890411,0.0365298,0]
[288,S,0.763655,10,GC,58,389.77,0.190556,835.869,4.81185,0.893811,0.0353962,0]
[289,S,0.763715,10,CG,952,390.178,0.685761,868.925,18.0149,0.897506,0.0341647,0]
[290,S,0.765934,10,TC,707,386.59,0.853573,893.687,23.3216,0.901063,0.032979,0]
[291,S,0.767632,10,CA,493,382.348,0.357032,908.726,10.2376,0.905285,0.0315715,0]
[292,S,0.768613,10,AG,350,381.05,0.64363,927.137,19.1338,0.908335,0.0305549,0]
[293,S,0.769162,10,TC,691,379.005,0.118317,928.664,3.6191,0.910683,0.0297724,0]
[294,S,0.772154,10,AG,35,381.856,0.0287248,942.67,0.887191,0.911468,0.0295108,0]
[295,S,0.772534,10,CT,482,389.121,1.11351,1061.95,35.1257,0.913157,0.0289476,0]
[296,S,0.773569,10,TC,898,385.413,0.0250247,1132.18,0.876625,0.921116,0.0262947,0]
[297,S,0.774626,10,CT,874,389.845,0.180512,1223.82,6.85121,0.926748,0.0244174,0]
[298,S,0.774872,10,GC,812,390.32,0.0624749,1311.99,2.55017,0.931537,0.0228211,0]
[299,S,0.775516,10,GC,927,392.888,0.408544,1436.19,17.9032,0.935928,0.0213575,0]
[300,S,0.775575,10,AT,392,392.325,0.430551,1555.41,20.6144,0.941037,0.0196545,0]
[301,S,0.775635,10,TC,618,392.451,0.0956041,1694.06,4.97352,0.945476,0.0181745,0]
[302,S,0.776233,10,AC,400,395.001,0.273457,1845.49,15.5162,0.949783,0.0167389,0]
[303,S,0.776243,10,CA,818,394.328,0.020032,1979.19,1.23516,0.953603,0.0154657,0]
[304,S,0.776714,10,TG,395,400.068,0.82559,2122.88,54.7478,0.956718,0.0144272,0]
[305,S,0.776886,10,AG,565,395.485,0.484626,2197.16,34.0752,0.959079,0.0136403,0]
[306,S,0.777588,10,GC,499,393.99,0.191736,2264.88,14.1345,0.960896,0.0130346,0]
[307,S,0.777869,10,AG,356,395.118,0.534522,2354.8,40.9213,0.962291,0.0125696,0]
[308,S,0.778003,10,TA,770,392.582,0.194298,2400.52,15.4479,0.963639,0.0121203,0]
[309,S,0.778249,10,TA,428,392.916,0.229939,2463.67,18.7741,0.964559,0.0118136,0]
[310,S,0.778945,10,CG,88,392.603,0.486924,2510.56,40.8255,0.965455,0.0115149,0]
[311,S,0.779471,10,TA,364,390,0.138072,2525.63,11.8464,0.966216,0.0112614,0]
[312,S,0.779783,10,TA,946,391.125,0.0485065,2581.7,4.2255,0.966708,0.0110973,0]
[313,S,0.779826,10,AC,242,393.652,0.338211,2651.23,30.079,0.967368,0.0108772,0]
[314,S,0.780144,10,CG,983,392.423,0.022339,2671.69,2.02798,0.968011,0.010663,0]
[315,S,0.781261,10,AC,771,396.542,0.227088,2739.16,20.8726,0.968393,0.0105358,0]
[316,S,0.781384,10,CG,290,397.078,0.161607,2771.15,15.151,0.968993,0.0103357,0]
[317,S,0.782783,10,GA,32,398.41,1.24614,2785.38,118.112,0.96932,0.0102268,0]
[318,S,0.783874,10,CG,982,389.49,0.105135,2495.65,10.0477,0.969565,0.010145,0]
[319,S,0.783915,10,AC,659,391.885,0.33669,2316.07,29.6139,0.967017,0.0109943,0]
[320,S,0.784105,10,AG,628,388.889,0.136465,2131.48,11.063,0.964315,0.0118951,0]
[321,S,0.78453,10,TG,23,390.14,0.158443,1969.82,11.9115,0.961626,0.0127912,0]
[322,S,0.785086,10,GA,331,391.46,0.168927,1822.13,11.7095,0.958516,0.013828,0]
[323,S,0.785389,10,TC,189,392.298,0.23536,1683.97,15.062,0.955221,0.0149263,0]
[324,S,0.785877,10,AG,880,391.563,0.631166,1567.86,37.256,0.951634,0.0161219,0]
[325,S,0.786363,10,CG,997,389.365,0.428982,1440.79,23.6471,0.948386,0.0172046,0]
[326,S,0.786904,10,CT,899,387.892,0.162595,1314.58,8.29044,0.944432,0.0185226,0]
[327,S,0.788272,10,GC,657,388.194,0.395391,1204.34,18.4802,0.939685,0.0201049,0]
[328,S,0.788486,10,GC,118,386.688,0.0742129,1092.72,3.19033,0.934767,0.0217444,0]
[329,S,0.788591,10,GC,690,388.292,0.386152,994.889,15.1037,0.928764,0.0237454,0]
[330,S,0.793475,10,TG,964,386.001,0.276229,891.974,9.77735,0.921867,0.0260445,0]
[331,S,0.793671,10,GC,773,385.581,0.30592,821.681,9.97506,0.915746,0.0280846,0]
[332,S,0.794566,10,GC,509,385.301,0.306837,756.454,9.21363,0.909167,0.0302776,0]
[333,S,0.796176,10,CA,500,384.129,0.41206,693.55,11.421,0.902333,0.0325555,0]
[334,S,0.800539,10,AC,57,381.879,0.335324,637.728,8.59261,0.895196,0.0349348,0]
[335,S,0.804911,10,TA,93,380.647,0.205052,602.396,4.95618,0.889586,0.0368047,0]
[336,S,0.806272,10,CT,22,381.196,0.120008,586.69,2.80706,0.886323,0.0378922,0]
[337,S,0.807709,10,GC,577,382.064,0.080844,581.828,1.85047,0.884123,0.0386258,0]
[338,S,0.808669,10,CA,372,385.039,0.491288,578.238,11.2086,0.883787,0.0387376,0]
[339,S,0.8111,10,TA,589,383.134,0.238956,559.635,0.0105715,0.0390568,0.88283,0]
[340,S,0.812165,10,AG,805,383.244,0.38296,558.093,8.52281,0.881212,0.039596,0]
[341,S,0.812493,10,CG,339,381.481,0.657656,546.788,14.676,0.881496,0.0395014,0]
[342,S,0.814392,10,GC,332,378.953,0.490635,524.84,0.490635,0.0400152,0.0400152,0]
[343,S,0.814863,10,GT,33,377.198,0.25232,508.572,5.411,0.877276,0.0409081,0]
[344,S,0.815419,10,CA,857,377.034,0.123174,494.235,2.57543,0.874524,0.0418254,0]
[345,S,0.8178,10,TA,709,378.083,0.209237,483.14,0.0102729,0.0427939,0.871618,0]
[346,S,0.818096,10,CA,418,378.071,0.290933,483.947,5.84891,0.870152,0.0432827,0]
[347,S,0.819943,10,GT,24,377.828,0.213372,482.673,0.213372,0.0431521,0.0431521,0]
[348,S,0.822115,10,GA,312,377.893,0.0646804,487.743,1.31608,0.871506,0.0428313,0]
[349,S,0.830235,10,TC,24,381.942,0.766191,496.478,15.9586,0.8741,0.0419666,0]
[350,S,0.836932,10,CT,419,378.927,0.302881,503.447,6.67209,0.880138,0.0399541,0]
[351,S,0.838907,10,TC,398,378.543,0.121968,525.474,2.86592,0.886781,0.0377396,0]
[352,S,0.840219,10,AT,950,380.399,0.534589,563.451,13.3127,0.892484,0.0358388,0]
[353,S,0.85048,10,CA,651,378.18,0.143616,588.051,3.85735,0.899527,0.0334911,0]
[354,S,0.853776,10,GC,382,379.98,0.112094,653.248,3.38991,0.909752,0.0300828,0]
[355,S,0.856059,10,AC,863,381.682,0.298351,742.355,10.2361,0.919591,0.0268032,0]
[356,S,0.856312,10,CG,787,381.295,0.131907,836.416,5.2195,0.929527,0.023491,0]
[357,S,0.856811,10,GA,745,382.132,0.401842,938.275,18.014,0.937276,0.020908,0]
[358,S,0.857091,10,CT,459,380.753,0.255054,1039.75,12.8723,0.943893,0.0187024,0]
[359,S,0.857955,10,GC,34,380.701,0.320694,1146.71,18.0708,0.949452,0.0168495,0]
[360,S,0.858046,10,AG,40,379.964,0.17825,1249.41,11.165,0.954294,0.0152354,0]
[361,S,0.858063,10,AG,129,380.59,0.131102,1350.2,8.98195,0.958048,0.0139839,0]
[362,S,0.858137,10,GA,397,382.079,0.351546,1472.29,26.0149,0.96104,0.0129868,0]
[363,S,0.858558,10,AC,719,380.657,0.0820957,1566.59,6.60906,0.964074,0.0119754,0]
[364,S,0.860074,10,TA,985,383.084,0.699222,1716.64,60.3464,0.966407,0.0111976,0]
[365,S,0.860458,10,TA,366,379.279,0.253596,1819.31,24.114,0.969415,0.0101949,0]
[366,S,0.861141,10,TG,654,379.315,0.114929,1947.97,11.7387,0.971466,0.00951126,0]
[367,S,0.861417,10,GC,718,381.57,0.90495,2121.25,99.511,0.973443,0.00885245,0]
[368,S,0.86221,10,AC,54,376.391,0.263037,2190.32,31.3952,0.975481,0.00817285,0]
[369,S,0.862214,10,TG,94,376.065,0.327439,2271.96,41.1623,0.976692,0.00776942,0]
[370,S,0.862563,10,GT,237,375.401,0.175832,2315.15,22.9546,0.977536,0.00748791,0]
[371,S,0.862927,10,GT,169,376.833,0.0376411,2382.47,5.02987,0.978042,0.00731919,0]
[372,S,0.8631,10,CA,187,383.178,0.499409,2597.47,68.6097,0.97863,0.00712343,0]
[373,S,0.863409,10,AT,813,381.528,0.887817,2712.99,131.004,0.980074,0.006642,0]
[374,S,0.863701,10,CA,612,376.981,0.0766065,2713.28,11.8883,0.981035,0.00632165,0]
[375,S,0.86402,10,TG,124,379.397,0.0483226,2757.37,7.60727,0.9813,0.00623338,0]
[376,S,0.864363,10,CT,131,382.042,0.0183806,2847.65,2.92895,0.981521,0.00615954,0]
[377,S,0.864531,10,TA,656,389.036,0.287439,3036.6,47.1026,0.982022,0.0059927,0]
[378,S,0.865018,10,AC,744,389.192,0.305927,3194.53,52.5771,0.982844,0.00571881,0]
[379,S,0.865131,10,GA,18,389.155,0.334755,3314.14,60.7359,0.983734,0.005422,0]
[380,S,0.865215,10,GC,453,388.826,0.332118,3409.36,62.5843,0.984329,0.00522356,0]
[381,S,0.865452,10,AT,589,387.152,0.261379,3446.15,50.7519,0.984785,0.00507177,0]
[382,S,0.865489,10,GT,133,387.042,0.615547,3452.47,121.556,0.985036,0.0049881,0]
[383,S,0.866235,10,TC,538,382.274,0.28283,3284.41,55.987,0.985071,0.0049763,0]
[384,S,0.866531,10,TC,167,381.979,1.25955,3127.08,241.453,0.984591,0.00513617,0]
[385,S,0.866649,10,AG,653,374.182,0.523765,2755.7,95.858,0.983872,0.00537585,0]
[386,S,0.866711,10,TG,932,372.095,0.0450832,2395.47,7.42472,0.98211,0.00596341,0]
[387,S,0.868533,10,GA,346,376.878,0.1711,2211.6,24.6225,0.979579,0.006807,0]
[388,S,0.870307,10,CT,956,378.192,0.149337,2021.42,19.8497,0.977928,0.00735731,0]
[389,S,0.870438,10,TC,607,379.833,0.0883013,1848.86,10.83,0.976124,0.00795876,0]
[390,S,0.870613,10,GA,256,381.365,0.187622,1727.87,20.9611,0.973849,0.00871686,0]
[391,S,0.87112,10,AC,845,382.812,0.370963,1658.59,38.6039,0.971979,0.00934019,0]
[392,S,0.871147,10,GA,132,381.806,0.374353,1555.78,37.3852,0.970836,0.00972137,0]
[393,S,0.871337,10,CT,236,381.851,0.324668,1428.75,30.4814,0.969035,0.0103215,0]
[394,S,0.871902,10,CA,637,380.469,0.441989,1286.68,38.125,0.966389,0.0112035,0]
[395,S,0.873666,10,AC,380,378.649,0.240041,1161.16,18.7754,0.963062,0.0123126,0]
[396,S,0.873932,10,AC,751,377.61,0.227776,1035.69,16.3631,0.959914,0.0133621,0]
[397,S,0.874573,10,AT,216,377.287,0.0770986,915.115,4.95658,0.955416,0.0148613,0]
[398,S,0.874777,10,TA,929,379.649,0.698706,810.951,39.8522,0.950031,0.0166563,0]
[399,S,0.878979,10,GT,610,375.774,0.46285,658.827,23.2352,0.943609,0.0187969,0]
[400,S,0.87934,10,GT,884,373.624,0.133842,542.884,0.00314979,0.0219818,0.934055,0]
[401,S,0.879565,10,CA,775,375.738,0.289621,477.349,10.1842,0.921391,0.0262028,0]
[402,S,0.88117,10,TC,944,375.045,0.314132,413.013,9.64014,0.910948,0.029684,0]
[403,S,0.885842,10,GT,399,374.216,0.36624,358.14,9.83352,0.899497,0.0335009,0]
[404,S,0.88795,10,AG,278,373.631,0.196331,318.164,4.75188,0.88972,0.0367601,0]
[405,S,0.890765,10,CG,382,373.367,0.212906,287.105,0.00974056,0.0402291,0.879313,0]
[406,S,0.895364,10,GT,255,374.3,0.668089,275.46,13.4832,0.870588,0.0431374,0]
[407,S,0.90168,10,TA,243,371.045,0.353457,261.25,7.12676,0.870483,0.0431723,0]
[408,S,0.90754,10,TC,619,370.253,0.287683,257.605,5.91064,0.872588,0.0424707,0]
[409,S,0.908637,10,GT,351,369.195,0.0505146,262.308,1.09282,0.878216,0.0405947,0]
[410,S,0.91129,10,GT,159,373.281,0.0071841,282.959,0.160829,0.881828,0.0393906,0]
[411,S,0.914127,10,CG,858,379.803,0.453295,318.248,11.1906,0.891647,0.0361178,0]
[412,S,0.917502,10,TA,50,379.146,0.226386,345.391,6.41105,0.904212,0.0319294,0]
[413,S,0.91979,10,TC,677,379.375,0.224661,385.447,7.22673,0.914693,0.0284355,0]
[414,S,0.924313,10,GA,458,379.833,0.239857,435.758,8.88323,0.925067,0.0249778,0]
[415,S,0.924589,10,AG,934,380.035,0.169913,533.976,7.56154,0.936845,0.0210515,0]
[416,S,0.926122,10,AG,732,380.228,0.16563,654.717,9.09641,0.948205,0.0172651,0]
[417,S,0.9272,10,TG,928,381.029,0.0428523,809.029,2.95427,0.958299,0.0139003,0]
[418,S,0.927408,10,AT,881,385.641,0.346995,1043.03,30.0194,0.966485,0.0111716,0]
[419,S,0.929942,10,CT,66,383.892,0.221193,1266.4,24.5053,0.973635,0.00878834,0]
[420,S,0.929959,10,AT,498,383.829,0.111917,1566.33,15.6987,0.979061,0.00697976,0]
[421,S,0.930387,10,TG,786,385.297,0.135918,1981.96,23.6222,0.983031,0.00565621,0]
[422,S,0.930484,10,TG,145,386.02,0.26676,2481.3,58.8708,0.986588,0.0044705,0]
[423,S,0.931153,10,AT,460,386.131,0.689347,3022.55,190.539,0.989263,0.00357903,0]
[424,S,0.931481,10,AC,634,383.934,0.505739,3480.07,172.002,0.991256,0.0029146,0]
[425,S,0.931532,10,GT,368,382.511,0.235546,3847.17,93.2455,0.992479,0.00250709,0]
[426,S,0.9319,10,AT,984,382.977,0.143561,4229.48,63.1226,0.993223,0.00225891,0]
[427,S,0.932327,10,AT,266,383.38,0.159773,4624.31,77.5717,0.993859,0.00204704,0]
[428,S,0.932967,10,GA,931,383.728,0.747176,4996.16,398.779,0.99441,0.00186319,0]
[429,S,0.933642,10,CT,433,379.845,0.0850989,5008.78,49.5025,0.994869,0.00171026,0]
[430,S,0.93373,10,AG,902,382.173,0.093622,5241.4,55.7193,0.994985,0.00167181,0]
[431,S,0.933823,10,TC,125,383.372,0.315688,5601.21,195.682,0.995183,0.0016055,0]
[432,S,0.933871,10,GC,370,382.505,0.0673272,5837.23,44.5261,0.995484,0.00150526,0]
[433,S,0.934314,10,CG,369,385.88,0.72478,6482.45,501.045,0.995679,0.00144029,0]
[434,S,0.934358,10,CG,596,382.607,0.151707,6626.75,116.246,0.9961,0.00129997,0]
[435,S,0.934402,10,TA,77,384.097,0.0802693,6719.91,63.458,0.99622,0.00126014,0]
[436,S,0.93442,10,CG,361,386.35,0.254686,6723.68,203.524,0.99626,0.0012467,0]
[437,S,0.934595,10,CA,604,386.171,0.166157,6487.34,132.113,0.996241,0.00125295,0]
[438,S,0.934631,10,TA,388,387.252,0.0975399,6151.28,75.0615,0.996117,0.00129442,0]
[439,S,0.934771,10,TC,903,388.231,0.343097,5748.87,249.773,0.995896,0.001368,0]
[440,S,0.934917,10,GC,47,387.002,0.238521,5137.28,162.203,0.995608,0.00146405,0]
[441,S,0.935117,10,TG,884,386.718,0.209411,4470.62,127.928,0.995113,0.00162895,0]
[442,S,0.935169,10,AG,414,387.186,0.00909471,3794.44,4.85221,0.994408,0.00186386,0]
[443,S,0.935516,10,CA,295,392.839,0.138947,3385.55,62.8728,0.993414,0.00219542,0]
[444,S,0.935827,10,GT,222,393.665,0.111949,2938.53,44.7737,0.992555,0.00248172,0]
[445,S,0.936055,10,AG,875,395.29,0.257631,2519.45,89.6458,0.991452,0.00284931,0]
[446,S,0.936221,10,CA,986,395.008,0.138684,2082.97,41.3318,0.990034,0.00332195,0]
[447,S,0.936521,10,GC,975,396.773,0.18281,1694.64,45.162,0.988002,0.00399929,0]
[448,S,0.937098,10,GT,731,397.16,0.101098,1343.9,20.3063,0.985284,0.0049054,0]
[449,S,0.937128,10,GC,452,398.999,0.121937,1060.05,19.5577,0.981639,0.00612023,0]
[450,S,0.938682,10,GC,98,400.532,0.060437,844.587,7.60178,0.976705,0.00776517,0]
[451,S,0.938854,10,TA,123,402.713,0.139965,683.417,14.3015,0.971477,0.00950755,0]
[452,S,0.939071,10,AC,160,403.53,0.424503,540.937,34.9272,0.964821,0.0117264,0]
[453,S,0.944171,10,AG,114,401.081,0.142938,403.91,9.29435,0.955898,0.0147007,0]
[454,S,0.944664,10,TC,496,402.482,0.433612,332.345,23.0416,0.946561,0.017813,0]
[455,S,0.948687,10,AC,115,401.605,0.124433,259.545,5.44976,0.935893,0.021369,0]
[456,S,0.95232,10,GC,675,403.504,0.259858,218.395,9.56777,0.92466,0.0251135,0]
[457,S,0.954247,10,CT,642,403.145,0.216727,190.978,7.17244,0.916885,0.0277051,0]
[458,S,0.967134,10,TA,413,403.558,0.404741,170.252,12.1845,0.909378,0.0302073,0]
[459,S,0.967464,10,TC,451,401.661,0.387913,188.428,14.5636,0.926005,0.0246649,0]
[460,S,0.967576,10,AC,966,400.58,0.144806,191.661,6.12334,0.933755,0.0220816,0]
[461,S,0.968423,10,AT,352,401.237,0.654062,197.503,28.3204,0.935204,0.0215986,0]
[462,S,0.979774,10,AG,797,398.087,0.0281528,176.611,1.28922,0.938517,0.0204945,0]
[463,S,0.980982,10,GC,431,402.247,0.33034,251.906,21.4144,0.955769,0.0147437,0]
[464,S,0.982688,10,TA,967,401.623,0.226529,337.08,22.1553,0.970239,0.00992033,0]
[465,S,0.987194,10,GC,382,401.531,0.291171,457.343,42.0608,0.979655,0.00678179,0]
[466,S,0.988056,10,GC,148,400.442,0.047293,750.474,12.5722,0.988841,0.00371974,0]
[467,S,0.989051,10,AC,597,405.523,0.246408,1295.19,115.741,0.993654,0.00211545,0]
[468,S,0.98919,10,GC,746,405.31,0.12021,2186.21,105.08,0.99658,0.00114008,0]
[469,S,0.989622,10,AC,795,406.228,0.234519,3555.24,350.808,0.997998,0.000667173,0]
[470,S,0.989757,10,CG,319,405.176,0.0813613,5411.71,205.765,0.998815,0.00039494,0]
[471,S,0.989955,10,CA,379,408.577,0.137399,8075.65,537.361,0.999234,0.000255497,0]
[472,S,0.990235,10,GC,72,411.382,0.0378608,11372.1,223.451,0.999492,0.00016935,0]
[473,S,0.990297,10,GC,12,414.161,0.149746,20004.7,1271.59,0.999647,0.000117721,0]
[474,S,0.990365,10,AT,709,415.557,0.295742,32937.1,4416.25,0.999799,6.69534e-05,0]
[475,S,0.990406,10,TA,20,415.569,0.19728,47129.4,4868.51,0.999878,4.05166e-05,0]
[476,S,0.990411,10,AC,71,416.506,0.217638,60724.2,7717.83,0.999915,2.8197e-05,0]
[477,S,0.990415,10,TG,75,417.911,0.276128,68178.8,12595.2,0.999934,2.19219e-05,0]
[478,S,0.990424,10,CT,778,417.544,0.0427344,62221.5,2182.1,0.999941,1.9583e-05,0]
[479,S,0.990428,10,AG,126,422.206,0.137934,79954.3,6439.12,0.999936,2.14199e-05,0]
[480,S,0.990429,10,CA,781,423.906,0.270801,93466.5,16072.9,0.999949,1.68474e-05,0]
[481,S,0.99044,10,GT,616,423.665,0.0420608,89198.7,2906.77,0.999957,1.44693e-05,0]
[482,S,0.990442,10,CG,782,429.126,0.200972,143411,13277.4,0.999955,1.51357e-05,0]
[483,S,0.990451,10,AC,779,429.302,0.304053,218408,31893.6,0.999971,9.53308e-06,0]
[484,S,0.990452,10,CT,332,427.462,0.0681177,284197,10887.5,0.999981,6.25641e-06,0]
[485,S,0.990452,10,GC,326,429.683,0.0628532,350392,13129.4,0.999986,4.78714e-06,0]
[486,S,0.990452,10,GA,179,431.558,0.0623695,436312,15980.6,0.999988,3.90279e-06,0]
[487,S,0.990456,10,TG,614,436.852,0.953082,762832,302772,0.999991,3.14783e-06,0]
[488,S,0.990457,10,TA,851,429.832,0.0161712,794929,8876.52,0.999995,1.82178e-06,0]
[489,S,0.990457,10,TC,178,434.972,0.780297,1.19025e+06,453645,0.999995,1.72005e-06,0]
[490,S,0.990457,10,AC,62,429.844,0.0471049,1.08993e+06,40521.8,0.999997,1.16246e-06,0]
[491,S,0.990458,10,TG,506,433.716,0.0649143,972429,51745.8,0.999996,1.25448e-06,0]
[492,S,0.990461,10,AG,852,435.972,0.616212,814174,434382,0.999996,1.41859e-06,0]
[493,S,0.99047,10,AC,803,432.806,0.035411,316445,20798.5,0.999995,1.70257e-06,0]
[494,S,0.990471,10,GT,802,438.707,0.824369,301098,189735,0.999987,4.34478e-06,0]
