Taxa bit representation:
T_1 10
T_2 01
Clade List (<taxon members> = <clade name>): 

>Dataset_0
[-1,X,0,11,XX,X,1003.49,0,-1,0,0,0,0]
[-1,X,0,01,XX,X,433.097,0,-1,0,0,0,0]
[0,S,0.00332977,10,AC,426,433.097,0.460367,-1,0.460367,0,0,0]
[1,S,0.00396362,10,AC,54,430.617,0.0710627,-1,0.0710627,0,0,0]
[2,S,0.00660271,10,AG,465,433.481,0.191975,-1,0.191975,0,0,0]
[3,S,0.00923356,10,GA,30,433.882,0.386215,-1,0.386215,0,0,0]
[4,S,0.012961,10,AT,460,433.101,0.388193,-1,0.388193,0,0,0]
[5,S,0.0131567,10,CA,74,432.815,0.196665,-1,0.196665,0,0,0]
[6,S,0.0133482,10,TG,964,432.865,0.0599811,-1,0.0599811,0,0,0]
[7,S,0.013718,10,CG,369,434.826,0.54512,-1,0.54512,0,0,0]
[8,S,0.0139277,10,GA,706,431.835,0.285897,-1,0.285897,0,0,0]
[9,S,0.0185157,10,GT,363,431.312,0.210732,-1,0.210732,0,0,0]
[10,S,0.0189458,10,TG,434,433.137,0.41739,-1,0.41739,0,0,0]
[11,S,0.0239435,10,CT,894,431.631,0.171605,-1,0.171605,0,0,0]
[12,S,0.0251437,10,GC,72,432.841,0.0507985,-1,0.0507985,0,0,0]
[13,S,0.0485363,10,TG,381,437.395,0.0775376,-1,0.0775376,0,0,0]
[14,S,0.0501776,10,AT,485,439.792,0.839193,-1,0.839193,0,0,0]
[15,S,0.0541658,10,CT,778,435.258,0.00844945,-1,0.00844945,0,0,0]
[16,S,0.0553552,10,GT,275,442.993,0.47875,-1,0.47875,0,0,0]
[17,S,0.056471,10,CT,952,442.388,0.460001,-1,0.460001,0,0,0]
[18,S,0.0669324,10,TA,903,441.501,0.133077,-1,0.133077,0,0,0]
[19,S,0.0681176,10,CG,187,442.509,0.331927,-1,0.331927,0,0,0]
[20,S,0.0686932,10,AT,847,441.928,0.524483,-1,0.524483,0,0,0]
[21,S,0.0692284,10,TC,538,439.244,0.28283,-1,0.28283,0,0,0]
[22,S,0.0702402,10,CG,317,438.949,0.425748,-1,0.425748,0,0,0]
[23,S,0.0712986,10,AC,469,437.888,0.203578,-1,0.203578,0,0,0]
[24,S,0.0718102,10,AG,46,438.295,0.0482048,-1,0.0482048,0,0,0]
[25,S,0.0722798,10,CG,53,442.05,0.0846989,-1,0.0846989,0,0,0]
[26,S,0.0767864,10,AG,565,444.516,0.484626,-1,0.484626,0,0,0]
[27,S,0.0775064,10,CG,72,442.821,0.710228,-1,0.710228,0,0,0]
[28,S,0.0785008,10,AT,483,438.268,0.114433,-1,0.114433,0,0,0]
[29,S,0.07968,10,AG,124,440.058,0.14124,-1,0.14124,0,0,0]
[30,S,0.0808752,10,AG,658,442.28,0.257988,-1,0.257988,0,0,0]
[31,S,0.0818869,10,GA,458,441.813,0.305675,-1,0.305675,0,0,0]
[32,S,0.0842106,10,CA,526,441.615,0.402001,-1,0.402001,0,0,0]
[33,S,0.0843861,10,CG,695,439.402,0.409496,-1,0.409496,0,0,0]
[34,S,0.0889628,10,TG,153,438.117,0.375029,-1,0.375029,0,0,0]
[35,S,0.0891592,10,TG,548,436.269,0.176828,-1,0.176828,0,0,0]
[36,S,0.0926746,10,AC,404,437.656,0.295545,-1,0.295545,0,0,0]
[37,S,0.0932655,10,GC,657,437.285,0.0623021,-1,0.0623021,0,0,0]
[38,S,0.0990893,10,GA,967,440.18,0.157679,-1,0.157679,0,0,0]
[39,S,0.100913,10,GA,225,441.447,0.295629,-1,0.295629,0,0,0]
[40,S,0.107607,10,AG,579,440.985,0.136711,-1,0.136711,0,0,0]
[41,S,0.118105,10,TG,395,442.358,0.398842,-1,0.398842,0,0,0]
[42,S,0.118257,10,GT,161,440.715,0.463651,-1,0.463651,0,0,0]
[43,S,0.127555,10,GC,32,439.931,0.264636,-1,0.264636,0,0,0]
[44,S,0.130046,10,GC,747,439.819,0.284465,-1,0.284465,0,0,0]
[45,S,0.130365,10,AT,258,439.159,0.295565,-1,0.295565,0,0,0]
[46,S,0.132715,10,CT,583,438.532,0.0476411,-1,0.0476411,0,0,0]
[47,S,0.132836,10,TA,223,443.11,0.107418,-1,0.107418,0,0,0]
[48,S,0.139322,10,GC,148,445.357,0.45113,-1,0.45113,0,0,0]
[49,S,0.143601,10,GC,58,443.111,0.174742,-1,0.174742,0,0,0]
[50,S,0.144388,10,AT,954,444.927,0.12584,-1,0.12584,0,0,0]
[51,S,0.151019,10,GC,773,446.539,0.300979,-1,0.300979,0,0,0]
[52,S,0.15305,10,CA,726,445.951,0.54476,-1,0.54476,0,0,0]
[53,S,0.156104,10,GA,372,444.064,0.178213,-1,0.178213,0,0,0]
[54,S,0.159555,10,AT,776,445.086,0.58462,-1,0.58462,0,0,0]
[55,S,0.16142,10,CT,392,442.861,0.624664,-1,0.624664,0,0,0]
[56,S,0.161554,10,GA,751,440.781,0.0653504,-1,0.0653504,0,0,0]
[57,S,0.164568,10,TG,75,444.83,0.0558865,-1,0.0558865,0,0,0]
[58,S,0.164617,10,AT,129,448.164,0.052832,-1,0.052832,0,0,0]
[59,S,0.166387,10,TA,931,452.044,0.670857,-1,0.670857,0,0,0]
[60,S,0.167396,10,GA,380,449.116,0.40808,-1,0.40808,0,0,0]
[61,S,0.167981,10,TG,615,448.456,0.239432,-1,0.239432,0,0,0]
[62,S,0.168152,10,CT,419,448.323,0.183883,-1,0.183883,0,0,0]
[63,S,0.171633,10,CG,505,449.015,0.186909,-1,0.186909,0,0,0]
[64,S,0.172474,10,CA,322,450.115,0.259889,-1,0.259889,0,0,0]
[65,S,0.17274,10,TC,907,450.94,0.679119,-1,0.679119,0,0,0]
[66,S,0.173065,10,AT,708,446.882,0.415729,-1,0.415729,0,0,0]
[67,S,0.178134,10,GA,549,446.852,0.368956,-1,0.368956,0,0,0]
[68,S,0.183483,10,GT,256,445.554,0.0187795,-1,0.0187795,0,0,0]
[69,S,0.193661,10,GC,132,451.249,0.116356,-1,0.116356,0,0,0]
[70,S,0.193744,10,TA,659,452.931,0.237405,-1,0.237405,0,0,0]
[71,S,0.195136,10,GT,133,452.935,0.426238,-1,0.426238,0,0,0]
[72,S,0.19803,10,TC,129,452.105,0.530261,-1,0.530261,0,0,0]
[73,S,0.198066,10,AC,686,448.451,0.420048,-1,0.420048,0,0,0]
[74,S,0.199703,10,AG,320,446.324,0.448888,-1,0.448888,0,0,0]
[75,S,0.199889,10,CG,876,444.484,0.455176,-1,0.455176,0,0,0]
[76,S,0.201485,10,GC,812,442.962,0.0624749,-1,0.0624749,0,0,0]
[77,S,0.203137,10,GC,898,445.53,0.377503,-1,0.377503,0,0,0]
[78,S,0.204589,10,AT,924,444.919,0.97373,-1,0.97373,0,0,0]
[79,S,0.204816,10,GA,993,441.358,0.490593,-1,0.490593,0,0,0]
[80,S,0.205587,10,AC,779,439.845,0.305194,-1,0.305194,0,0,0]
[81,S,0.206306,10,AC,503,436.917,0.313393,-1,0.313393,0,0,0]
[82,S,0.20752,10,TA,485,436.107,0.199665,-1,0.199665,0,0,0]
[83,S,0.210127,10,CG,38,437.113,0.0805282,-1,0.0805282,0,0,0]
[84,S,0.210486,10,GA,585,440.541,0.502784,-1,0.502784,0,0,0]
[85,S,0.21093,10,TC,844,437.534,0.0582172,-1,0.0582172,0,0,0]
[86,S,0.212643,10,AT,802,440.345,0.169349,-1,0.169349,0,0,0]
[87,S,0.214203,10,GC,326,441.623,0.21542,-1,0.21542,0,0,0]
[88,S,0.214457,10,CA,32,441.76,0.207458,-1,0.207458,0,0,0]
[89,S,0.215014,10,CG,667,442.053,0.177172,-1,0.177172,0,0,0]
[90,S,0.215988,10,AC,962,442.517,0.35018,-1,0.35018,0,0,0]
[91,S,0.223379,10,CG,982,441.214,0.0577485,-1,0.0577485,0,0,0]
[92,S,0.224292,10,TA,584,443.988,0.164306,-1,0.164306,0,0,0]
[93,S,0.225254,10,TC,994,444.776,0.0218271,-1,0.0218271,0,0,0]
[94,S,0.228295,10,CG,949,450.188,0.242993,-1,0.242993,0,0,0]
[95,S,0.232422,10,AG,35,450.423,0.683772,-1,0.683772,0,0,0]
[96,S,0.232989,10,CA,379,445.802,0.154956,-1,0.154956,0,0,0]
[97,S,0.234973,10,TG,792,446.878,0.0638765,-1,0.0638765,0,0,0]
[98,S,0.236514,10,AT,351,448.469,0.248362,-1,0.248362,0,0,0]
[99,S,0.238115,10,AC,255,447.786,0.6413,-1,0.6413,0,0,0]
[100,S,0.238783,10,AG,732,442.423,0.0157371,-1,0.0157371,0,0,0]
[101,S,0.239489,10,CT,131,450.228,0.181677,-1,0.181677,0,0,0]
[102,S,0.239749,10,TA,189,451.549,0.103676,-1,0.103676,0,0,0]
[103,S,0.244708,10,AG,73,453.038,0.949201,-1,0.949201,0,0,0]
[104,S,0.246136,10,AG,18,447.955,0.122731,-1,0.122731,0,0,0]
[105,S,0.249435,10,AG,486,449.797,0.251882,-1,0.251882,0,0,0]
[106,S,0.249479,10,CT,555,449.213,0.32838,-1,0.32838,0,0,0]
[107,S,0.250103,10,AG,88,448.754,0.260414,-1,0.260414,0,0,0]
[108,S,0.25028,10,CG,454,447.426,0.101221,-1,0.101221,0,0,0]
[109,S,0.251628,10,CG,956,449.531,0.175851,-1,0.175851,0,0,0]
[110,S,0.251794,10,CG,651,450.304,0.537931,-1,0.537931,0,0,0]
[111,S,0.253866,10,GC,62,448.709,0.309161,-1,0.309161,0,0,0]
[112,S,0.25424,10,GC,355,449.145,0.0206996,-1,0.0206996,0,0,0]
[113,S,0.255121,10,AC,966,455.525,0.404944,-1,0.404944,0,0,0]
[114,S,0.255164,10,AG,296,453.598,0.28798,-1,0.28798,0,0,0]
[115,S,0.25523,10,AT,402,453.217,0.478343,-1,0.478343,0,0,0]
[116,S,0.25607,10,TA,547,451.472,0.115938,-1,0.115938,0,0,0]
[117,S,0.256619,10,AC,57,454.812,1.00793,-1,1.00793,0,0,0]
[118,S,0.259419,10,CT,856,448.272,0.340177,-1,0.340177,0,0,0]
[119,S,0.261161,10,AT,968,447.537,0.437583,-1,0.437583,0,0,0]
[120,S,0.261452,10,GC,658,446.859,0.343154,-1,0.343154,0,0,0]
[121,S,0.264946,10,TG,672,446.87,0.0214531,-1,0.0214531,0,0,0]
[122,S,0.265549,10,AT,984,450.272,0.111807,-1,0.111807,0,0,0]
[123,S,0.266368,10,GT,397,452.329,0.477103,-1,0.477103,0,0,0]
[124,S,0.27009,10,TC,691,450.668,0.163429,-1,0.163429,0,0,0]
[125,S,0.271262,10,AG,875,452.18,0.257631,-1,0.257631,0,0,0]
[126,S,0.273793,10,AG,699,451.924,0.179317,-1,0.179317,0,0,0]
[127,S,0.275824,10,CT,994,452.503,0.970489,-1,0.970489,0,0,0]
[128,S,0.279238,10,GA,900,447.092,0.34633,-1,0.34633,0,0,0]
[129,S,0.280622,10,TG,348,445.696,0.285872,-1,0.285872,0,0,0]
[130,S,0.281138,10,CA,333,445.799,0.141093,-1,0.141093,0,0,0]
[131,S,0.281628,10,TC,707,445.926,0.853573,-1,0.853573,0,0,0]
[132,S,0.281927,10,GA,171,441.685,0.216429,-1,0.216429,0,0,0]
[133,S,0.283412,10,CA,824,442.832,0.335664,-1,0.335664,0,0,0]
[134,S,0.283996,10,TG,636,442.539,0.200615,-1,0.200615,0,0,0]
[135,S,0.286848,10,TG,660,443.233,0.253314,-1,0.253314,0,0,0]
[136,S,0.287534,10,GA,51,443.098,0.473097,-1,0.473097,0,0,0]
[137,S,0.287815,10,AT,696,440.736,0.0478552,-1,0.0478552,0,0,0]
[138,S,0.289915,10,TA,123,446.132,0.154761,-1,0.154761,0,0,0]
[139,S,0.290648,10,CT,255,446.032,0.0929946,-1,0.0929946,0,0,0]
[140,S,0.290972,10,TA,363,448.279,0.518323,-1,0.518323,0,0,0]
[141,S,0.292504,10,TA,985,445.499,0.101263,-1,0.101263,0,0,0]
[142,S,0.298968,10,AT,30,447.95,0.164061,-1,0.164061,0,0,0]
[143,S,0.299526,10,CA,500,448.912,0.108865,-1,0.108865,0,0,0]
[144,S,0.299617,10,TG,954,451.301,0.444961,-1,0.444961,0,0,0]
[145,S,0.311548,10,TA,19,449.504,0.290212,-1,0.290212,0,0,0]
[146,S,0.313279,10,TC,803,448.975,0.17028,-1,0.17028,0,0,0]
[147,S,0.314026,10,AC,910,449.635,1.06594,-1,1.06594,0,0,0]
[148,S,0.318689,10,GC,499,441.574,0.592771,-1,0.592771,0,0,0]
[149,S,0.320612,10,CG,747,438.145,0.218438,-1,0.218438,0,0,0]
[150,S,0.323719,10,GC,927,438.988,0.408544,-1,0.408544,0,0,0]
[151,S,0.324382,10,AC,450,438.481,0.417454,-1,0.417454,0,0,0]
[152,S,0.325437,10,AG,356,438.238,0.719841,-1,0.719841,0,0,0]
[153,S,0.330665,10,GA,260,433.172,0.22061,-1,0.22061,0,0,0]
[154,S,0.332507,10,AG,260,433.256,0.281891,-1,0.281891,0,0,0]
[155,S,0.33332,10,CA,295,433.172,0.138947,-1,0.138947,0,0,0]
[156,S,0.335346,10,CA,132,433.934,0.185062,-1,0.185062,0,0,0]
[157,S,0.336623,10,TA,282,434.022,0.15434,-1,0.15434,0,0,0]
[158,S,0.338967,10,TC,34,434.553,0.367439,-1,0.367439,0,0,0]
[159,S,0.341813,10,CG,23,434.372,0.152762,-1,0.152762,0,0,0]
[160,S,0.345978,10,AG,585,435.525,0.754842,-1,0.754842,0,0,0]
[161,S,0.346658,10,TC,125,432.311,0.291177,-1,0.291177,0,0,0]
[162,S,0.347503,10,CA,193,432.334,0.127433,-1,0.127433,0,0,0]
[163,S,0.352404,10,TA,397,433.704,0.150403,-1,0.150403,0,0,0]
[164,S,0.355197,10,TC,12,434.806,0.209475,-1,0.209475,0,0,0]
[165,S,0.355374,10,GA,386,434.887,0.264741,-1,0.264741,0,0,0]
[166,S,0.356295,10,GC,169,435.229,0.248853,-1,0.248853,0,0,0]
[167,S,0.362494,10,TC,451,435.112,0.816386,-1,0.816386,0,0,0]
[168,S,0.364532,10,GT,222,430.4,0.198294,-1,0.198294,0,0,0]
[169,S,0.369828,10,TG,569,430.572,0.292743,-1,0.292743,0,0,0]
[170,S,0.37129,10,CG,129,430.549,0.257697,-1,0.257697,0,0,0]
[171,S,0.374612,10,GA,243,431.731,0.0815351,-1,0.0815351,0,0,0]
[172,S,0.375669,10,GA,745,433.575,0.44134,-1,0.44134,0,0,0]
[173,S,0.378608,10,GT,211,431.433,0.00775024,-1,0.00775024,0,0,0]
[174,S,0.380093,10,AC,659,438.282,0.265488,-1,0.265488,0,0,0]
[175,S,0.382282,10,CA,329,437.71,0.0710909,-1,0.0710909,0,0,0]
[176,S,0.383488,10,AC,189,440.58,0.216521,-1,0.216521,0,0,0]
[177,S,0.393437,10,GT,747,442.277,0.479496,-1,0.479496,0,0,0]
[178,S,0.394772,10,GA,601,440.28,0.38572,-1,0.38572,0,0,0]
[179,S,0.398095,10,GT,436,439.327,0.178502,-1,0.178502,0,0,0]
[180,S,0.404811,10,GA,187,440.685,0.0879379,-1,0.0879379,0,0,0]
[181,S,0.410901,10,CG,3,442.459,0.455176,-1,0.455176,0,0,0]
[182,S,0.41443,10,GT,699,441.5,0.410595,-1,0.410595,0,0,0]
[183,S,0.415194,10,TG,747,438.997,0.108885,-1,0.108885,0,0,0]
[184,S,0.415203,10,TC,856,440.993,0.17737,-1,0.17737,0,0,0]
[185,S,0.417725,10,TG,929,441.729,0.271534,-1,0.271534,0,0,0]
[186,S,0.418591,10,GT,182,441.753,0.152619,-1,0.152619,0,0,0]
[187,S,0.421881,10,TA,413,442.571,0.0310788,-1,0.0310788,0,0,0]
[188,S,0.425164,10,TC,718,445.254,0.248367,-1,0.248367,0,0,0]
[189,S,0.427303,10,GA,18,445.131,0.747139,-1,0.747139,0,0,0]
[190,S,0.432843,10,AT,813,441.649,0.887817,-1,0.887817,0,0,0]
[191,S,0.437499,10,AC,491,437.41,0.403763,-1,0.403763,0,0,0]
[192,S,0.441658,10,CG,596,435.811,0.240395,-1,0.240395,0,0,0]
[193,S,0.442172,10,TC,184,436.384,0.24436,-1,0.24436,0,0,0]
[194,S,0.446419,10,CG,868,436.299,0.360588,-1,0.360588,0,0,0]
[195,S,0.450532,10,TA,946,435.525,0.0485065,-1,0.0485065,0,0,0]
[196,S,0.453729,10,GC,72,438.042,0.0439665,-1,0.0439665,0,0,0]
[197,S,0.462742,10,AC,903,441.702,0.355695,-1,0.355695,0,0,0]
[198,S,0.468352,10,AC,549,440.871,0.743759,-1,0.743759,0,0,0]
[199,S,0.47007,10,CA,68,436.472,0.744285,-1,0.744285,0,0,0]
[200,S,0.470718,10,CG,983,432.931,0.529754,-1,0.529754,0,0,0]
[201,S,0.471847,10,TA,677,428.846,0.107526,-1,0.107526,0,0,0]
[202,S,0.472486,10,CG,491,431.045,0.537931,-1,0.537931,0,0,0]
[203,S,0.474938,10,TA,93,429.312,0.138364,-1,0.138364,0,0,0]
[204,S,0.475319,10,TA,182,430.747,0.429446,-1,0.429446,0,0,0]
[205,S,0.475427,10,CG,858,429.897,0.32328,-1,0.32328,0,0,0]
[206,S,0.480039,10,AT,610,429.326,0.0284836,-1,0.0284836,0,0,0]
[207,S,0.480946,10,TC,487,433.187,0.281009,-1,0.281009,0,0,0]
[208,S,0.485815,10,GT,334,432.906,0.113139,-1,0.113139,0,0,0]
[209,S,0.489716,10,CA,612,435.178,0.209872,-1,0.209872,0,0,0]
[210,S,0.489833,10,AG,891,436.412,0.156048,-1,0.156048,0,0,0]
[211,S,0.490175,10,CT,58,438.28,0.163764,-1,0.163764,0,0,0]
[212,S,0.490185,10,GT,317,439.339,0.183205,-1,0.183205,0,0,0]
[213,S,0.492928,10,GA,738,439.662,0.312921,-1,0.312921,0,0,0]
[214,S,0.495496,10,TG,998,439.184,0.14183,-1,0.14183,0,0,0]
[215,S,0.496374,10,AC,677,440.449,0.445459,-1,0.445459,0,0,0]
[216,S,0.496451,10,TC,607,438.528,0.375102,-1,0.375102,0,0,0]
[217,S,0.502197,10,AC,511,435.674,0.220886,-1,0.220886,0,0,0]
[218,S,0.506382,10,TG,654,436.493,0.219519,-1,0.219519,0,0,0]
[219,S,0.509622,10,TA,366,435.788,0.0563617,-1,0.0563617,0,0,0]
[220,S,0.509974,10,TA,275,438.752,0.0769046,-1,0.0769046,0,0,0]
[221,S,0.510369,10,TG,240,441.027,0.354725,-1,0.354725,0,0,0]
[222,S,0.513133,10,CA,707,440.047,0.182386,-1,0.182386,0,0,0]
[223,S,0.51335,10,GT,368,440.286,0.47875,-1,0.47875,0,0,0]
[224,S,0.513961,10,AC,771,439.267,0.223504,-1,0.223504,0,0,0]
[225,S,0.514616,10,TG,802,439.804,0.50027,-1,0.50027,0,0,0]
[226,S,0.516832,10,GT,792,437.293,0.640009,-1,0.640009,0,0,0]
[227,S,0.517991,10,GC,439,435.701,0.237668,-1,0.237668,0,0,0]
[228,S,0.518117,10,CA,469,435.997,0.302993,-1,0.302993,0,0,0]
[229,S,0.519255,10,AT,693,435.59,0.48173,-1,0.48173,0,0,0]
[230,S,0.524471,10,GT,731,432.948,0.627897,-1,0.627897,0,0,0]
[231,S,0.525556,10,GT,33,428.673,0.366435,-1,0.366435,0,0,0]
[232,S,0.531043,10,GA,271,426.872,0.263683,-1,0.263683,0,0,0]
[233,S,0.534995,10,GC,956,426.487,0.183863,-1,0.183863,0,0,0]
[234,S,0.53605,10,CT,236,428.275,0.146158,-1,0.146158,0,0,0]
[235,S,0.552821,10,AC,845,429.071,0.436265,-1,0.436265,0,0,0]
[236,S,0.555421,10,TA,364,427.416,0.494657,-1,0.494657,0,0,0]
[237,S,0.557057,10,AT,754,425.74,1.45133,-1,1.45133,0,0,0]
[238,S,0.561395,10,TC,737,419.583,0.0644234,-1,0.0644234,0,0,0]
[239,S,0.563177,10,CA,808,422.732,0.181093,-1,0.181093,0,0,0]
[240,S,0.563749,10,AC,195,423.72,0.322623,-1,0.322623,0,0,0]
[241,S,0.564096,10,AC,126,422.119,0.346112,-1,0.346112,0,0,0]
[242,S,0.567015,10,AC,141,421.172,0.417714,-1,0.417714,0,0,0]
[243,S,0.567185,10,TA,428,420.834,0.229939,-1,0.229939,0,0,0]
[244,S,0.572886,10,TA,422,420.78,0.360377,-1,0.360377,0,0,0]
[245,S,0.573076,10,TG,865,419.43,0.317206,-1,0.317206,0,0,0]
[246,S,0.573795,10,GT,672,418.323,0.9758,-1,0.9758,0,0,0]
[247,S,0.574486,10,CG,681,414.679,0.0783821,-1,0.0783821,0,0,0]
[248,S,0.57496,10,AC,182,416.828,0.122518,-1,0.122518,0,0,0]
[249,S,0.578463,10,TA,896,417.784,0.0467425,-1,0.0467425,0,0,0]
[250,S,0.581934,10,GC,454,420.945,0.141044,-1,0.141044,0,0,0]
[251,S,0.583775,10,CA,637,422.57,0.231419,-1,0.231419,0,0,0]
[252,S,0.58404,10,CT,352,422.622,0.529716,-1,0.529716,0,0,0]
[253,S,0.584408,10,AC,896,421.459,0.244226,-1,0.244226,0,0,0]
[254,S,0.585472,10,CA,194,421.334,0.0474633,-1,0.0474633,0,0,0]
[255,S,0.588689,10,AT,443,426.038,0.106533,-1,0.106533,0,0,0]
[256,S,0.591143,10,TC,362,426.63,0.0493491,-1,0.0493491,0,0,0]
[257,S,0.592882,10,AG,414,429.549,0.189048,-1,0.189048,0,0,0]
[258,S,0.593314,10,AC,242,430.199,0.316842,-1,0.316842,0,0,0]
[259,S,0.594866,10,GA,43,429.346,0.605904,-1,0.605904,0,0,0]
[260,S,0.596915,10,GT,297,426.501,0.0459993,-1,0.0459993,0,0,0]
[261,S,0.597857,10,AT,51,430.487,0.232341,-1,0.232341,0,0,0]
[262,S,0.600364,10,TC,178,430.653,0.254921,-1,0.254921,0,0,0]
[263,S,0.601732,10,GA,868,430.753,0.15653,-1,0.15653,0,0,0]
[264,S,0.603924,10,GC,577,431.304,0.080844,-1,0.080844,0,0,0]
[265,S,0.605503,10,CT,237,434.279,0.379595,-1,0.379595,0,0,0]
[266,S,0.607697,10,GC,661,433.082,0.163213,-1,0.163213,0,0,0]
[267,S,0.610061,10,GC,452,433.8,0.193713,-1,0.193713,0,0,0]
[268,S,0.612422,10,GA,989,433.638,0.516619,-1,0.516619,0,0,0]
[269,S,0.612947,10,TA,516,432.162,0.651706,-1,0.651706,0,0,0]
[270,S,0.622374,10,TG,512,429.454,0.392606,-1,0.392606,0,0,0]
[271,S,0.624445,10,TG,786,428.265,0.135918,-1,0.135918,0,0,0]
[272,S,0.627821,10,AG,2,428.988,0.379462,-1,0.379462,0,0,0]
[273,S,0.627887,10,CG,169,427.836,0.25115,-1,0.25115,0,0,0]
[274,S,0.632146,10,CT,697,427.953,0.249053,-1,0.249053,0,0,0]
[275,S,0.633535,10,CA,362,427.465,0.46618,-1,0.46618,0,0,0]
[276,S,0.633884,10,CA,676,425.597,0.090236,-1,0.090236,0,0,0]
[277,S,0.635166,10,TC,264,428.005,0.16571,-1,0.16571,0,0,0]
[278,S,0.635399,10,CG,146,428.686,0.0734765,-1,0.0734765,0,0,0]
[279,S,0.636728,10,CT,433,432.917,0.249053,-1,0.249053,0,0,0]
[280,S,0.636915,10,GC,675,432.912,0.192984,-1,0.192984,0,0,0]
[281,S,0.640815,10,TC,58,433.029,0.362221,-1,0.362221,0,0,0]
[282,S,0.645649,10,AT,303,431.969,0.166906,-1,0.166906,0,0,0]
[283,S,0.648754,10,AG,350,432.234,0.178093,-1,0.178093,0,0,0]
[284,S,0.653311,10,GA,358,432.896,0.298011,-1,0.298011,0,0,0]
[285,S,0.655063,10,AG,225,433.008,0.292212,-1,0.292212,0,0,0]
[286,S,0.655369,10,CA,20,433.188,0.207201,-1,0.207201,0,0,0]
[287,S,0.659097,10,TA,256,434.409,0.947489,-1,0.947489,0,0,0]
[288,S,0.662763,10,GC,634,431.095,0.150368,-1,0.150368,0,0,0]
[289,S,0.666153,10,GA,635,432.722,0.731868,-1,0.731868,0,0,0]
[290,S,0.668698,10,TA,432,429.804,0.239493,-1,0.239493,0,0,0]
[291,S,0.669415,10,GT,929,430.061,0.229635,-1,0.229635,0,0,0]
[292,S,0.6699,10,TA,614,430.037,0.202527,-1,0.202527,0,0,0]
[293,S,0.671055,10,AG,805,430.659,0.127838,-1,0.127838,0,0,0]
[294,S,0.672812,10,AC,800,433.265,0.134158,-1,0.134158,0,0,0]
[295,S,0.677329,10,TG,917,435.799,0.146607,-1,0.146607,0,0,0]
[296,S,0.677345,10,GC,98,436.74,0.060437,-1,0.060437,0,0,0]
[297,S,0.678197,10,CT,956,439.579,0.305168,-1,0.305168,0,0,0]
[298,S,0.683781,10,AG,114,438.518,0.142938,-1,0.142938,0,0,0]
[299,S,0.683805,10,TG,697,440.161,0.41058,-1,0.41058,0,0,0]
[300,S,0.683967,10,CG,881,438.678,0.140753,-1,0.140753,0,0,0]
[301,S,0.684957,10,TA,144,440.839,0.234667,-1,0.234667,0,0,0]
[302,S,0.688289,10,CA,986,440.94,0.138684,-1,0.138684,0,0,0]
[303,S,0.691323,10,AG,479,442.705,0.726087,-1,0.726087,0,0,0]
[304,S,0.691874,10,AC,795,439.625,0.0288936,-1,0.0288936,0,0,0]
[305,S,0.693681,10,AG,271,443.242,0.236798,-1,0.236798,0,0,0]
[306,S,0.698167,10,GT,616,443.627,0.453917,-1,0.453917,0,0,0]
[307,S,0.698738,10,CT,854,442.094,0.464154,-1,0.464154,0,0,0]
[308,S,0.698761,10,CA,330,440.413,0.320255,-1,0.320255,0,0,0]
[309,S,0.699677,10,GT,82,439.128,0.264277,-1,0.264277,0,0,0]
[310,S,0.70027,10,AT,212,438.711,0.96451,-1,0.96451,0,0,0]
[311,S,0.702462,10,GC,953,433.181,0.349799,-1,0.349799,0,0,0]
[312,S,0.706962,10,GT,885,431.843,0.142622,-1,0.142622,0,0,0]
[313,S,0.7089,10,CA,857,432.776,0.194564,-1,0.194564,0,0,0]
[314,S,0.711956,10,AG,618,433.855,0.209326,-1,0.209326,0,0,0]
[315,S,0.713317,10,CT,844,434.423,0.588134,-1,0.588134,0,0,0]
[316,S,0.714582,10,TA,529,432.205,0.410509,-1,0.410509,0,0,0]
[317,S,0.715573,10,AC,461,431.142,0.399942,-1,0.399942,0,0,0]
[318,S,0.718677,10,AG,191,429.827,0.782376,-1,0.782376,0,0,0]
[319,S,0.720217,10,AC,628,425.743,0.130362,-1,0.130362,0,0,0]
[320,S,0.720987,10,TG,952,426.549,0.0965766,-1,0.0965766,0,0,0]
[321,S,0.724649,10,AC,760,428.611,0.0358158,-1,0.0358158,0,0,0]
[322,S,0.725972,10,AT,744,432.345,0.135873,-1,0.135873,0,0,0]
[323,S,0.729079,10,AC,115,434.069,0.253338,-1,0.253338,0,0,0]
[324,S,0.729782,10,TG,297,433.333,0.740763,-1,0.740763,0,0,0]
[325,S,0.729837,10,GA,168,429.398,0.419748,-1,0.419748,0,0,0]
[326,S,0.732323,10,CG,361,426.97,0.0600905,-1,0.0600905,0,0,0]
[327,S,0.733685,10,GA,331,432.833,0.349121,-1,0.349121,0,0,0]
[328,S,0.734014,10,CT,180,431.549,0.285137,-1,0.285137,0,0,0]
[329,S,0.735591,10,GA,651,430.525,0.0754707,-1,0.0754707,0,0,0]
[330,S,0.739406,10,GA,312,433.799,0.0646804,-1,0.0646804,0,0,0]
[331,S,0.741242,10,GA,64,437.798,0.301396,-1,0.301396,0,0,0]
[332,S,0.745761,10,TC,497,436.815,0.109521,-1,0.109521,0,0,0]
[333,S,0.747355,10,CG,290,438.972,0.161607,-1,0.161607,0,0,0]
[334,S,0.748181,10,AT,498,440.367,1.09767,-1,1.09767,0,0,0]
[335,S,0.749119,10,GT,332,436.02,0.331013,-1,0.331013,0,0,0]
[336,S,0.749749,10,GA,954,434.298,0.0670513,-1,0.0670513,0,0,0]
[337,S,0.75063,10,GT,159,437.368,0.0410501,-1,0.0410501,0,0,0]
[338,S,0.750649,10,GC,973,439.414,0.0615133,-1,0.0615133,0,0,0]
[339,S,0.757207,10,AC,707,442.741,0.33256,-1,0.33256,0,0,0]
[340,S,0.757954,10,AC,380,442.502,0.0817725,-1,0.0817725,0,0,0]
[341,S,0.764425,10,AG,797,445.538,0.230355,-1,0.230355,0,0,0]
[342,S,0.766283,10,AC,176,445.135,0.022467,-1,0.022467,0,0,0]
[343,S,0.767172,10,TA,929,449.513,0.221375,-1,0.221375,0,0,0]
[344,S,0.767332,10,GT,618,450.013,0.148781,-1,0.148781,0,0,0]
[345,S,0.769127,10,GC,971,450.845,0.470593,-1,0.470593,0,0,0]
[346,S,0.769204,10,AC,763,448.511,0.752484,-1,0.752484,0,0,0]
[347,S,0.771223,10,TG,689,445.085,0.151254,-1,0.151254,0,0,0]
[348,S,0.771735,10,CG,653,446.062,0.465189,-1,0.465189,0,0,0]
[349,S,0.774802,10,AG,422,443.647,0.297193,-1,0.297193,0,0,0]
[350,S,0.777064,10,CA,604,443.362,0.166157,-1,0.166157,0,0,0]
[351,S,0.777647,10,TA,546,444.26,0.129858,-1,0.129858,0,0,0]
[352,S,0.78072,10,GT,169,445.949,0.79526,-1,0.79526,0,0,0]
[353,S,0.780841,10,AT,362,442.684,0.948859,-1,0.948859,0,0,0]
[354,S,0.784939,10,CA,264,435.411,0.339411,-1,0.339411,0,0,0]
[355,S,0.788103,10,AT,74,434.356,0.258663,-1,0.258663,0,0,0]
[356,S,0.789435,10,TC,619,432.648,0.194258,-1,0.194258,0,0,0]
[357,S,0.789913,10,TA,346,432.813,0.0851693,-1,0.0851693,0,0,0]
[358,S,0.790361,10,TA,693,434.907,0.108063,-1,0.108063,0,0,0]
[359,S,0.794646,10,TG,94,437.371,0.327439,-1,0.327439,0,0,0]
[360,S,0.795604,10,AG,614,435.736,0.293164,-1,0.293164,0,0,0]
[361,S,0.79815,10,GT,881,435.118,0.469581,-1,0.469581,0,0,0]
[362,S,0.801969,10,GC,382,432.961,0.277158,-1,0.277158,0,0,0]
[363,S,0.802175,10,TA,50,432.161,0.226386,-1,0.226386,0,0,0]
[364,S,0.808227,10,CA,781,432.39,0.166781,-1,0.166781,0,0,0]
[365,S,0.809054,10,AC,71,435.594,0.217638,-1,0.217638,0,0,0]
[366,S,0.809817,10,GT,734,437.223,0.516618,-1,0.516618,0,0,0]
[367,S,0.812532,10,CT,22,434.364,0.0423106,-1,0.0423106,0,0,0]
[368,S,0.814752,10,GC,690,438.005,0.386152,-1,0.386152,0,0,0]
[369,S,0.815334,10,AT,41,435.714,0.493802,-1,0.493802,0,0,0]
[370,S,0.818138,10,TG,928,435.189,0.194288,-1,0.194288,0,0,0]
[371,S,0.818261,10,AG,868,435.848,0.374849,-1,0.374849,0,0,0]
[372,S,0.818811,10,TC,944,435.297,0.314132,-1,0.314132,0,0,0]
[373,S,0.81918,10,CT,177,434.224,0.175935,-1,0.175935,0,0,0]
[374,S,0.820794,10,GT,802,437.53,0.824369,-1,0.824369,0,0,0]
[375,S,0.821024,10,AT,216,431.823,0.0770986,-1,0.0770986,0,0,0]
[376,S,0.82235,10,TC,744,434.659,0.479252,-1,0.479252,0,0,0]
[377,S,0.823501,10,GA,24,432.222,0.563208,-1,0.563208,0,0,0]
[378,S,0.825719,10,CA,418,428.891,0.598398,-1,0.598398,0,0,0]
[379,S,0.827324,10,TG,7,426.726,0.0799323,-1,0.0799323,0,0,0]
[380,S,0.836028,10,GA,83,428.56,0.210015,-1,0.210015,0,0,0]
[381,S,0.836229,10,CT,126,429.488,0.22958,-1,0.22958,0,0,0]
[382,S,0.836515,10,AC,599,429.217,0.036832,-1,0.036832,0,0,0]
[383,S,0.836951,10,TG,126,432.804,0.100352,-1,0.100352,0,0,0]
[384,S,0.840006,10,TC,618,435.723,0.24436,-1,0.24436,0,0,0]
[385,S,0.840305,10,CG,902,435.505,0.226403,-1,0.226403,0,0,0]
[386,S,0.840337,10,TC,496,435.659,0.0290344,-1,0.0290344,0,0,0]
[387,S,0.842542,10,AC,719,439.05,0.3617,-1,0.3617,0,0,0]
[388,S,0.843852,10,AG,39,438.266,0.285783,-1,0.285783,0,0,0]
[389,S,0.845711,10,TA,557,437.624,0.135676,-1,0.135676,0,0,0]
[390,S,0.846599,10,AC,751,438.865,0.227776,-1,0.227776,0,0,0]
[391,S,0.848411,10,AC,24,438.336,0.341912,-1,0.341912,0,0,0]
[392,S,0.852369,10,GT,179,438.089,1.20381,-1,1.20381,0,0,0]
[393,S,0.854897,10,GT,7,430.112,0.571861,-1,0.571861,0,0,0]
[394,S,0.860007,10,AT,808,428.278,0.106337,-1,0.106337,0,0,0]
[395,S,0.861653,10,TG,506,430,0.0649143,-1,0.0649143,0,0,0]
[396,S,0.863768,10,GC,453,432.256,0.286001,-1,0.286001,0,0,0]
[397,S,0.863906,10,CT,355,431.754,0.232031,-1,0.232031,0,0,0]
[398,S,0.872965,10,GC,666,431.805,0.150837,-1,0.150837,0,0,0]
[399,S,0.874453,10,AT,950,433.363,0.534589,-1,0.534589,0,0,0]
[400,S,0.876048,10,AC,281,431.373,0.241782,-1,0.241782,0,0,0]
[401,S,0.878143,10,CT,495,431.989,0.0691368,-1,0.0691368,0,0,0]
[402,S,0.88025,10,AT,282,437.244,0.397827,-1,0.397827,0,0,0]
[403,S,0.884532,10,AC,160,435.668,0.0390598,-1,0.0390598,0,0,0]
[404,S,0.885127,10,AG,275,440.092,0.324754,-1,0.324754,0,0,0]
[405,S,0.888614,10,CT,497,438.393,0.745423,-1,0.745423,0,0,0]
[406,S,0.895975,10,AC,676,432.34,0.650587,-1,0.650587,0,0,0]
[407,S,0.90405,10,CA,493,429.456,0.259225,-1,0.259225,0,0,0]
[408,S,0.904066,10,CG,90,429.344,0.191754,-1,0.191754,0,0,0]
[409,S,0.904563,10,CG,628,430.562,0.259759,-1,0.259759,0,0,0]
[410,S,0.910384,10,GA,891,430.907,0.375714,-1,0.375714,0,0,0]
[411,S,0.911235,10,TG,934,429.216,0.120741,-1,0.120741,0,0,0]
[412,S,0.913868,10,TA,179,430.319,0.22445,-1,0.22445,0,0,0]
[413,S,0.915709,10,GC,60,430.339,0.125962,-1,0.125962,0,0,0]
[414,S,0.91822,10,TC,190,431.865,0.38821,-1,0.38821,0,0,0]
[415,S,0.927073,10,CG,997,430.705,0.428982,-1,0.428982,0,0,0]
[416,S,0.930199,10,GC,157,429.232,0.406566,-1,0.406566,0,0,0]
[417,S,0.931275,10,AG,194,428.078,0.190519,-1,0.190519,0,0,0]
[418,S,0.932458,10,AC,550,427.56,0.186095,-1,0.186095,0,0,0]
[419,S,0.936396,10,CA,818,428.11,0.020032,-1,0.020032,0,0,0]
[420,S,0.937924,10,AT,193,433.541,0.633311,-1,0.633311,0,0,0]
[421,S,0.939643,10,AC,863,430.25,0.298351,-1,0.298351,0,0,0]
[422,S,0.947539,10,TA,77,429.956,0.0517104,-1,0.0517104,0,0,0]
[423,S,0.951335,10,GA,465,433.766,0.318682,-1,0.318682,0,0,0]
[424,S,0.953465,10,GC,118,433.442,0.0299812,-1,0.0299812,0,0,0]
[425,S,0.955557,10,AT,738,437.225,0.472037,-1,0.472037,0,0,0]
[426,S,0.965035,10,TG,199,436.211,0.0659241,-1,0.0659241,0,0,0]
[427,S,0.966679,10,AC,633,437.686,0.134872,-1,0.134872,0,0,0]
[428,S,0.967594,10,CG,782,438.982,0.316767,-1,0.316767,0,0,0]
[429,S,0.978613,10,GC,431,436.802,0.33034,-1,0.33034,0,0,0]
[430,S,0.984653,10,GA,652,436.178,0.0895487,-1,0.0895487,0,0,0]
[431,S,0.985169,10,TC,808,438.583,0.549909,-1,0.549909,0,0,0]
[432,S,0.985461,10,AG,144,436.103,0.253645,-1,0.253645,0,0,0]
[433,S,0.994606,10,GA,144,435.158,0.24639,-1,0.24639,0,0,0]
[434,S,0.996213,10,TA,317,436.103,0.187985,-1,0.187985,0,0,0]
[435,S,0.996329,10,GC,47,438.302,0.238521,-1,0.238521,0,0,0]
[-1,X,1,10,XX,X,433.097,0,-1,0,0,0,0]
GUIDE_TREE_PARTITION1=(T_1:1.0,T_2:0);
