Taxa bit representation:
T_1 10
T_2 01
Clade List (<taxon members> = <clade name>): 

>Dataset_0
[-1,X,0,11,XX,X,1038.45,0,-1,0,0,0,0]
[-1,X,0,01,XX,X,432.262,0,-1,0,0,0,0]
[0,S,0.00335932,10,AT,397,432.262,0.327417,-1,0.327417,0,0,0]
[1,S,0.00720928,10,CG,27,431.306,0.181281,-1,0.181281,0,0,0]
[2,S,0.00782652,10,CA,521,433.03,0.260008,-1,0.260008,0,0,0]
[3,S,0.00864088,10,CT,694,432.713,0.263638,-1,0.263638,0,0,0]
[4,S,0.00885217,10,GT,88,432.886,0.422813,-1,0.422813,0,0,0]
[5,S,0.0104517,10,AC,546,431.246,0.0696433,-1,0.0696433,0,0,0]
[6,S,0.0116982,10,CT,154,433.523,0.166535,-1,0.166535,0,0,0]
[7,S,0.0122988,10,TC,97,434.386,0.211248,-1,0.211248,0,0,0]
[8,S,0.0124735,10,AC,24,434.998,0.225903,-1,0.225903,0,0,0]
[9,S,0.0143291,10,TG,981,434.799,0.0644736,-1,0.0644736,0,0,0]
[10,S,0.0147745,10,GA,193,438.007,0.747176,-1,0.747176,0,0,0]
[11,S,0.0225536,10,GA,991,434.672,0.359071,-1,0.359071,0,0,0]
[12,S,0.0226828,10,AG,530,434.27,0.187967,-1,0.187967,0,0,0]
[13,S,0.0257509,10,GC,748,434.988,0.120715,-1,0.120715,0,0,0]
[14,S,0.02585,10,AG,166,436.625,0.209326,-1,0.209326,0,0,0]
[15,S,0.0281357,10,GC,396,437.377,0.15551,-1,0.15551,0,0,0]
[16,S,0.028533,10,CA,252,439.282,0.221784,-1,0.221784,0,0,0]
[17,S,0.031472,10,AT,199,439.926,0.488937,-1,0.488937,0,0,0]
[18,S,0.0330838,10,CG,737,439.029,0.0782836,-1,0.0782836,0,0,0]
[19,S,0.0335255,10,GT,985,441.801,0.200706,-1,0.200706,0,0,0]
[20,S,0.0365894,10,TG,821,442.496,0.605236,-1,0.605236,0,0,0]
[21,S,0.0393209,10,CT,883,438.412,0.251973,-1,0.251973,0,0,0]
[22,S,0.0438006,10,CG,865,438.18,0.388699,-1,0.388699,0,0,0]
[23,S,0.0447543,10,AG,96,437.783,0.457582,-1,0.457582,0,0,0]
[24,S,0.0452093,10,GC,48,435.388,0.117669,-1,0.117669,0,0,0]
[25,S,0.0470195,10,GA,12,440.568,0.548393,-1,0.548393,0,0,0]
[26,S,0.0481477,10,GA,234,437.843,0.0699927,-1,0.0699927,0,0,0]
[27,S,0.0519588,10,GC,718,440.656,0.199223,-1,0.199223,0,0,0]
[28,S,0.0521266,10,GT,441,441.317,0.321197,-1,0.321197,0,0,0]
[29,S,0.0541796,10,TA,346,440.815,0.353457,-1,0.353457,0,0,0]
[30,S,0.05555,10,GC,994,439.934,0.248485,-1,0.248485,0,0,0]
[31,S,0.056719,10,GT,673,439.611,0.413488,-1,0.413488,0,0,0]
[32,S,0.0569261,10,GC,821,438.393,0.143884,-1,0.143884,0,0,0]
[33,S,0.0600525,10,TC,655,439.184,0.642396,-1,0.642396,0,0,0]
[34,S,0.0618459,10,AC,151,433.53,0.295788,-1,0.295788,0,0,0]
[35,S,0.06633,10,TA,509,433.321,0.486486,-1,0.486486,0,0,0]
[36,S,0.0712695,10,CA,609,431.594,0.27194,-1,0.27194,0,0,0]
[37,S,0.0737473,10,GT,762,430.714,0.123075,-1,0.123075,0,0,0]
[38,S,0.073819,10,CG,326,432.488,0.424529,-1,0.424529,0,0,0]
[39,S,0.0788921,10,AC,158,430.96,0.155918,-1,0.155918,0,0,0]
[40,S,0.0801701,10,GA,190,433.502,0.118157,-1,0.118157,0,0,0]
[41,S,0.0834011,10,TG,100,435.449,0.389541,-1,0.389541,0,0,0]
[42,S,0.0862512,10,AG,296,433.483,0.315192,-1,0.315192,0,0,0]
[43,S,0.0898104,10,TC,478,432.992,0.351512,-1,0.351512,0,0,0]
[44,S,0.0927083,10,TA,955,431.095,0.406667,-1,0.406667,0,0,0]
[45,S,0.0929458,10,TG,350,430.917,0.15769,-1,0.15769,0,0,0]
[46,S,0.0940149,10,GA,847,431.651,0.11614,-1,0.11614,0,0,0]
[47,S,0.0941376,10,GC,226,433.058,0.234454,-1,0.234454,0,0,0]
[48,S,0.0976812,10,GA,866,433.295,0.0973093,-1,0.0973093,0,0,0]
[49,S,0.0993811,10,AC,791,434.481,0.336731,-1,0.336731,0,0,0]
[50,S,0.101263,10,TA,877,434.501,0.266795,-1,0.266795,0,0,0]
[51,S,0.102538,10,AT,819,435.027,0.212496,-1,0.212496,0,0,0]
[52,S,0.10365,10,GA,922,435.192,0.163641,-1,0.163641,0,0,0]
[53,S,0.103914,10,AG,302,435.762,0.274815,-1,0.274815,0,0,0]
[54,S,0.106737,10,GT,141,434.892,0.335424,-1,0.335424,0,0,0]
[55,S,0.107601,10,TG,200,433.744,0.285872,-1,0.285872,0,0,0]
[56,S,0.113136,10,GT,305,434.194,0.594837,-1,0.594837,0,0,0]
[57,S,0.116631,10,CG,748,432.24,0.449255,-1,0.449255,0,0,0]
[58,S,0.130282,10,AG,387,430.603,0.220315,-1,0.220315,0,0,0]
[59,S,0.134261,10,GA,596,431.325,0.133631,-1,0.133631,0,0,0]
[60,S,0.135128,10,CG,157,433.27,0.443778,-1,0.443778,0,0,0]
[61,S,0.14171,10,CA,235,431.12,0.24051,-1,0.24051,0,0,0]
[62,S,0.145716,10,CT,655,430.667,0.0633794,-1,0.0633794,0,0,0]
[63,S,0.149606,10,GC,951,436.32,0.0654593,-1,0.0654593,0,0,0]
[64,S,0.150962,10,GA,7,438.948,0.16446,-1,0.16446,0,0,0]
[65,S,0.152742,10,TA,400,439.667,0.51079,-1,0.51079,0,0,0]
[66,S,0.153045,10,CT,484,439.29,0.321074,-1,0.321074,0,0,0]
[67,S,0.153222,10,AC,25,437.766,0.385613,-1,0.385613,0,0,0]
[68,S,0.156231,10,TC,291,436.112,0.171171,-1,0.171171,0,0,0]
[69,S,0.156916,10,TG,378,436.23,0.481088,-1,0.481088,0,0,0]
[70,S,0.157955,10,AC,521,434.336,0.240252,-1,0.240252,0,0,0]
[71,S,0.164267,10,CT,488,434.653,0.285358,-1,0.285358,0,0,0]
[72,S,0.164443,10,TG,569,433.878,0.226345,-1,0.226345,0,0,0]
[73,S,0.164751,10,CA,64,434.72,0.0967632,-1,0.0967632,0,0,0]
[74,S,0.166264,10,GA,379,438.234,0.189387,-1,0.189387,0,0,0]
[75,S,0.168123,10,TG,173,438.717,0.122964,-1,0.122964,0,0,0]
[76,S,0.172967,10,AG,471,439.893,0.0710888,-1,0.0710888,0,0,0]
[77,S,0.174863,10,GA,626,441.626,0.209936,-1,0.209936,0,0,0]
[78,S,0.177544,10,TG,92,441.863,0.0794801,-1,0.0794801,0,0,0]
[79,S,0.179801,10,GA,437,444.282,0.561948,-1,0.561948,0,0,0]
[80,S,0.181333,10,AT,443,441.513,0.0507943,-1,0.0507943,0,0,0]
[81,S,0.185836,10,AG,596,444.443,0.419812,-1,0.419812,0,0,0]
[82,S,0.187918,10,TC,740,442.498,0.159643,-1,0.159643,0,0,0]
[83,S,0.188018,10,CG,453,443.717,0.163998,-1,0.163998,0,0,0]
[84,S,0.189728,10,AC,90,444.63,0.522507,-1,0.522507,0,0,0]
[85,S,0.189862,10,GT,594,442.532,0.197708,-1,0.197708,0,0,0]
[86,S,0.190173,10,CA,266,442.508,0.120387,-1,0.120387,0,0,0]
[87,S,0.190938,10,AC,425,443.645,0.230339,-1,0.230339,0,0,0]
[88,S,0.194338,10,GC,723,443.786,0.423551,-1,0.423551,0,0,0]
[89,S,0.196649,10,GA,391,441.871,0.37445,-1,0.37445,0,0,0]
[90,S,0.197208,10,GT,16,440.392,0.129679,-1,0.129679,0,0,0]
[91,S,0.200526,10,CT,643,441.799,0.712375,-1,0.712375,0,0,0]
[92,S,0.200902,10,GT,155,436.96,0.663103,-1,0.663103,0,0,0]
[93,S,0.203373,10,CT,616,433.293,0.0710676,-1,0.0710676,0,0,0]
[94,S,0.205948,10,GC,979,437.146,0.374317,-1,0.374317,0,0,0]
[95,S,0.206005,10,CA,225,436.407,0.113407,-1,0.113407,0,0,0]
[96,S,0.206838,10,CG,838,438.171,0.205127,-1,0.205127,0,0,0]
[97,S,0.207645,10,GA,232,438.472,0.0270418,-1,0.0270418,0,0,0]
[98,S,0.212823,10,TG,643,443.171,0.17778,-1,0.17778,0,0,0]
[99,S,0.218449,10,TA,907,444.25,0.115453,-1,0.115453,0,0,0]
[100,S,0.226338,10,CG,428,445.352,0.0521544,-1,0.0521544,0,0,0]
[101,S,0.227248,10,CT,878,447.858,0.654564,-1,0.654564,0,0,0]
[102,S,0.229093,10,CT,226,445.657,0.343885,-1,0.343885,0,0,0]
[103,S,0.229939,10,GT,471,443.882,0.527027,-1,0.527027,0,0,0]
[104,S,0.230402,10,GT,393,441.918,0.164832,-1,0.164832,0,0,0]
[105,S,0.234258,10,GA,984,442.979,0.324443,-1,0.324443,0,0,0]
[106,S,0.234939,10,CG,723,442.097,0.131907,-1,0.131907,0,0,0]
[107,S,0.238452,10,AT,645,444.012,0.405042,-1,0.405042,0,0,0]
[108,S,0.238974,10,TG,616,442.803,1.12842,-1,1.12842,0,0,0]
[109,S,0.241975,10,GT,233,437.015,0.15899,-1,0.15899,0,0,0]
[110,S,0.243275,10,GC,591,438.875,0.548409,-1,0.548409,0,0,0]
[111,S,0.247523,10,CT,425,436.923,0.291154,-1,0.291154,0,0,0]
[112,S,0.247791,10,CA,548,436.902,0.414944,-1,0.414944,0,0,0]
[113,S,0.249259,10,GC,483,434.613,0.328041,-1,0.328041,0,0,0]
[114,S,0.255388,10,GA,189,434.586,0.118813,-1,0.118813,0,0,0]
[115,S,0.258761,10,AC,610,436.353,0.0172273,-1,0.0172273,0,0,0]
[116,S,0.259193,10,AT,76,444.292,1.03714,-1,1.03714,0,0,0]
[117,S,0.259319,10,GA,306,440.009,0.332709,-1,0.332709,0,0,0]
[118,S,0.259367,10,GT,628,439.141,0.0211113,-1,0.0211113,0,0,0]
[119,S,0.266239,10,AC,657,445.079,0.890219,-1,0.890219,0,0,0]
[120,S,0.267909,10,TG,613,437.756,0.647075,-1,0.647075,0,0,0]
[121,S,0.269242,10,TG,32,431.597,0.269466,-1,0.269466,0,0,0]
[122,S,0.271485,10,CG,732,431.81,0.432066,-1,0.432066,0,0,0]
[123,S,0.27274,10,TC,694,430.552,0.236841,-1,0.236841,0,0,0]
[124,S,0.288158,10,TA,253,430.379,0.541546,-1,0.541546,0,0,0]
[125,S,0.292558,10,TG,952,427.365,0.375076,-1,0.375076,0,0,0]
[126,S,0.295522,10,AT,232,425.495,1.12273,-1,1.12273,0,0,0]
[127,S,0.296922,10,CA,31,418.324,0.4383,-1,0.4383,0,0,0]
[128,S,0.297532,10,TA,248,416.098,0.632624,-1,0.632624,0,0,0]
[129,S,0.302197,10,GT,394,412.909,0.724372,-1,0.724372,0,0,0]
[130,S,0.305402,10,AT,720,409.364,0.411836,-1,0.411836,0,0,0]
[131,S,0.30908,10,CA,875,407.222,0.174097,-1,0.174097,0,0,0]
[132,S,0.311768,10,GA,477,407.923,0.211823,-1,0.211823,0,0,0]
[133,S,0.314157,10,AG,533,408.644,0.0194719,-1,0.0194719,0,0,0]
[134,S,0.318446,10,GT,57,413.32,0.171503,-1,0.171503,0,0,0]
[135,S,0.318607,10,GA,247,413.861,0.190915,-1,0.190915,0,0,0]
[136,S,0.318819,10,AC,64,414.121,0.514491,-1,0.514491,0,0,0]
[137,S,0.322455,10,AG,816,410.607,0.0628102,-1,0.0628102,0,0,0]
[138,S,0.326322,10,GC,611,412.889,0.381702,-1,0.381702,0,0,0]
[139,S,0.326436,10,CA,630,411.701,0.45055,-1,0.45055,0,0,0]
[140,S,0.326766,10,AC,768,408.267,0.148461,-1,0.148461,0,0,0]
[141,S,0.327512,10,GC,677,409.532,0.338498,-1,0.338498,0,0,0]
[142,S,0.330067,10,TG,869,408.475,0.185662,-1,0.185662,0,0,0]
[143,S,0.330307,10,GT,709,409.744,0.0210752,-1,0.0210752,0,0,0]
[144,S,0.331418,10,GT,580,416.261,0.0071841,-1,0.0071841,0,0,0]
[145,S,0.332129,10,CG,127,423.269,0.403857,-1,0.403857,0,0,0]
[146,S,0.332681,10,AC,104,422.519,0.356933,-1,0.356933,0,0,0]
[147,S,0.334112,10,AT,794,422.002,0.350218,-1,0.350218,0,0,0]
[148,S,0.337533,10,GC,658,421.545,0.397161,-1,0.397161,0,0,0]
[149,S,0.340833,10,AC,984,420.397,0.265385,-1,0.265385,0,0,0]
[150,S,0.341927,10,GA,296,420.28,0.194484,-1,0.194484,0,0,0]
[151,S,0.342133,10,CT,3,420.921,0.247065,-1,0.247065,0,0,0]
[152,S,0.346705,10,GA,533,420.723,1.00555,-1,1.00555,0,0,0]
[153,S,0.347508,10,GC,976,416.048,0.648672,-1,0.648672,0,0,0]
[154,S,0.348302,10,GA,507,412.23,0.154961,-1,0.154961,0,0,0]
[155,S,0.350071,10,CA,899,414.111,0.195308,-1,0.195308,0,0,0]
[156,S,0.352666,10,GA,348,415.016,0.319896,-1,0.319896,0,0,0]
[157,S,0.354456,10,TG,787,414.134,0.181938,-1,0.181938,0,0,0]
[158,S,0.355143,10,CA,976,414.094,0.329107,-1,0.329107,0,0,0]
[159,S,0.358588,10,AC,390,413.78,0.397524,-1,0.397524,0,0,0]
[160,S,0.35888,10,AC,579,412.801,0.780496,-1,0.780496,0,0,0]
[161,S,0.359558,10,TA,216,409.227,0.289188,-1,0.289188,0,0,0]
[162,S,0.359786,10,AG,904,408.631,0.229505,-1,0.229505,0,0,0]
[163,S,0.359859,10,TG,221,408.408,0.0979637,-1,0.0979637,0,0,0]
[164,S,0.36345,10,CA,15,410.865,0.360873,-1,0.360873,0,0,0]
[165,S,0.363811,10,GC,838,408.589,0.300984,-1,0.300984,0,0,0]
[166,S,0.364204,10,AC,131,408.288,0.0506251,-1,0.0506251,0,0,0]
[167,S,0.364379,10,AT,437,410.462,0.271904,-1,0.271904,0,0,0]
[168,S,0.365345,10,CA,559,410.044,0.271941,-1,0.271941,0,0,0]
[169,S,0.379213,10,CA,903,410.517,0.170992,-1,0.170992,0,0,0]
[170,S,0.379261,10,AT,847,412.513,0.185556,-1,0.185556,0,0,0]
[171,S,0.379308,10,CA,131,413.875,0.71128,-1,0.71128,0,0,0]
[172,S,0.379474,10,CA,765,411.701,0.665826,-1,0.665826,0,0,0]
[173,S,0.379881,10,AG,346,408.741,0.153584,-1,0.153584,0,0,0]
[174,S,0.384898,10,TG,708,410.818,0.321979,-1,0.321979,0,0,0]
[175,S,0.386658,10,GC,852,408.831,0.0716585,-1,0.0716585,0,0,0]
[176,S,0.387055,10,AG,220,411.872,0.662324,-1,0.662324,0,0,0]
[177,S,0.390902,10,GT,289,408.482,0.377516,-1,0.377516,0,0,0]
[178,S,0.394258,10,CG,4,407.832,0.388451,-1,0.388451,0,0,0]
[179,S,0.394683,10,AC,13,407.364,0.352695,-1,0.352695,0,0,0]
[180,S,0.395135,10,CA,586,407.083,0.325997,-1,0.325997,0,0,0]
[181,S,0.397186,10,CT,119,407.947,0.276964,-1,0.276964,0,0,0]
[182,S,0.398536,10,TA,118,408.557,0.392302,-1,0.392302,0,0,0]
[183,S,0.400082,10,CT,89,407.747,0.189134,-1,0.189134,0,0,0]
[184,S,0.405449,10,GT,255,408.164,0.300966,-1,0.300966,0,0,0]
[185,S,0.407759,10,GC,43,407.446,0.344447,-1,0.344447,0,0,0]
[186,S,0.408203,10,CA,80,405.565,0.14316,-1,0.14316,0,0,0]
[187,S,0.410504,10,TC,797,405.956,0.164413,-1,0.164413,0,0,0]
[188,S,0.413768,10,AC,916,407.216,0.0713159,-1,0.0713159,0,0,0]
[189,S,0.418313,10,CG,666,409.76,0.0782836,-1,0.0782836,0,0,0]
[190,S,0.418553,10,TG,847,412.095,0.567748,-1,0.567748,0,0,0]
[191,S,0.418982,10,TC,81,408.469,0.107142,-1,0.107142,0,0,0]
[192,S,0.420241,10,AG,779,410.896,0.112694,-1,0.112694,0,0,0]
[193,S,0.42062,10,TA,51,412.113,0.119607,-1,0.119607,0,0,0]
[194,S,0.42256,10,CA,108,413.685,0.366543,-1,0.366543,0,0,0]
[195,S,0.423375,10,TA,822,413.013,0.2423,-1,0.2423,0,0,0]
[196,S,0.424096,10,TC,89,413.793,0.322704,-1,0.322704,0,0,0]
[197,S,0.427914,10,TC,894,413.376,0.188962,-1,0.188962,0,0,0]
[198,S,0.430853,10,CT,654,414.407,0.100028,-1,0.100028,0,0,0]
[199,S,0.432952,10,AT,139,417.176,0.38602,-1,0.38602,0,0,0]
[200,S,0.436069,10,CG,701,415.784,0.478692,-1,0.478692,0,0,0]
[201,S,0.436376,10,CG,568,413.502,0.187597,-1,0.187597,0,0,0]
[202,S,0.446825,10,TG,382,413.717,0.191519,-1,0.191519,0,0,0]
[203,S,0.454321,10,CA,821,413.997,0.229648,-1,0.229648,0,0,0]
[204,S,0.456388,10,GT,552,415.013,0.15888,-1,0.15888,0,0,0]
[205,S,0.458771,10,GC,869,415.725,0.191561,-1,0.191561,0,0,0]
[206,S,0.469443,10,GT,778,416.53,0.0761351,-1,0.0761351,0,0,0]
[207,S,0.4717,10,CG,635,419.9,0.48601,-1,0.48601,0,0,0]
[208,S,0.471909,10,TG,778,418.754,0.586589,-1,0.586589,0,0,0]
[209,S,0.472676,10,GC,506,415.384,0.552955,-1,0.552955,0,0,0]
[210,S,0.474448,10,CA,528,412.596,0.410519,-1,0.410519,0,0,0]
[211,S,0.475835,10,AC,908,411.607,0.245288,-1,0.245288,0,0,0]
[212,S,0.476416,10,TG,1,410.902,0.148039,-1,0.148039,0,0,0]
[213,S,0.479577,10,AC,353,411.481,0.130362,-1,0.130362,0,0,0]
[214,S,0.481223,10,CT,915,412.504,0.543328,-1,0.543328,0,0,0]
[215,S,0.485555,10,TG,217,410.268,0.0408569,-1,0.0408569,0,0,0]
[216,S,0.490402,10,GA,816,413.386,0.645153,-1,0.645153,0,0,0]
[217,S,0.491185,10,TG,860,411.001,0.240091,-1,0.240091,0,0,0]
[218,S,0.491648,10,GT,1,411.339,0.390576,-1,0.390576,0,0,0]
[219,S,0.49203,10,GA,102,410.761,0.191996,-1,0.191996,0,0,0]
[220,S,0.492619,10,TG,721,412.734,0.0780079,-1,0.0780079,0,0,0]
[221,S,0.49411,10,AT,314,414.909,0.182787,-1,0.182787,0,0,0]
[222,S,0.500552,10,CA,908,414.809,0.254772,-1,0.254772,0,0,0]
[223,S,0.501496,10,CT,585,415.513,0.485755,-1,0.485755,0,0,0]
[224,S,0.501539,10,AC,225,410.969,0.44473,-1,0.44473,0,0,0]
[225,S,0.501883,10,AT,909,409.719,0.477542,-1,0.477542,0,0,0]
[226,S,0.502693,10,TG,921,407.78,0.10567,-1,0.10567,0,0,0]
[227,S,0.504872,10,CT,974,409.742,0.383549,-1,0.383549,0,0,0]
[228,S,0.506256,10,CA,165,408.539,0.163729,-1,0.163729,0,0,0]
[229,S,0.507496,10,GC,871,409.81,0.394518,-1,0.394518,0,0,0]
[230,S,0.512202,10,TA,722,408.228,0.440525,-1,0.440525,0,0,0]
[231,S,0.512664,10,AC,908,407.197,0.322048,-1,0.322048,0,0,0]
[232,S,0.521836,10,AT,722,406.329,0.124391,-1,0.124391,0,0,0]
[233,S,0.530101,10,TG,57,407.36,0.349425,-1,0.349425,0,0,0]
[234,S,0.537023,10,AC,45,406.779,0.59213,-1,0.59213,0,0,0]
[235,S,0.540647,10,TA,425,401.846,0.201577,-1,0.201577,0,0,0]
[236,S,0.545862,10,GC,200,402.382,0.0547403,-1,0.0547403,0,0,0]
[237,S,0.54626,10,GT,617,406.445,0.160703,-1,0.160703,0,0,0]
[238,S,0.547734,10,AT,524,406.59,0.144694,-1,0.144694,0,0,0]
[239,S,0.548622,10,TA,468,407.823,0.405491,-1,0.405491,0,0,0]
[240,S,0.550448,10,CG,681,406.85,0.418492,-1,0.418492,0,0,0]
[241,S,0.553509,10,GA,346,406.121,0.380189,-1,0.380189,0,0,0]
[242,S,0.555414,10,CG,892,404.044,0.642299,-1,0.642299,0,0,0]
[243,S,0.556488,10,TC,857,400.606,0.140055,-1,0.140055,0,0,0]
[244,S,0.559034,10,GC,513,400.845,0.245014,-1,0.245014,0,0,0]
[245,S,0.568105,10,TG,970,401.1,0.669214,-1,0.669214,0,0,0]
[246,S,0.570873,10,TG,229,398.856,0.0546624,-1,0.0546624,0,0,0]
[247,S,0.575758,10,AT,821,402.873,0.72511,-1,0.72511,0,0,0]
[248,S,0.577077,10,AT,372,398.972,0.186922,-1,0.186922,0,0,0]
[249,S,0.57769,10,GT,527,398.985,0.39682,-1,0.39682,0,0,0]
[250,S,0.578047,10,TG,488,397.81,0.420779,-1,0.420779,0,0,0]
[251,S,0.578298,10,GT,933,397.567,0.263013,-1,0.263013,0,0,0]
[252,S,0.586534,10,GT,731,398.387,0.460305,-1,0.460305,0,0,0]
[253,S,0.58707,10,CA,951,396.198,0.28863,-1,0.28863,0,0,0]
[254,S,0.58956,10,TA,585,396.169,0.257465,-1,0.257465,0,0,0]
[255,S,0.590068,10,AT,106,396.45,0.258806,-1,0.258806,0,0,0]
[256,S,0.59812,10,GA,56,396.189,0.126136,-1,0.126136,0,0,0]
[257,S,0.600009,10,AT,367,398.528,0.279794,-1,0.279794,0,0,0]
[258,S,0.601151,10,TA,50,398.259,0.216623,-1,0.216623,0,0,0]
[259,S,0.601392,10,GA,369,398.001,0.216841,-1,0.216841,0,0,0]
[260,S,0.602978,10,TG,464,398.834,0.247197,-1,0.247197,0,0,0]
[261,S,0.60402,10,AT,903,399.239,0.365342,-1,0.365342,0,0,0]
[262,S,0.607075,10,CT,168,397.867,0.162034,-1,0.162034,0,0,0]
[263,S,0.609626,10,CT,481,398.513,0.320393,-1,0.320393,0,0,0]
[264,S,0.612756,10,GA,214,397.58,0.30585,-1,0.30585,0,0,0]
[265,S,0.617964,10,AG,899,397.601,0.372943,-1,0.372943,0,0,0]
[266,S,0.619729,10,TA,257,397.025,0.00576933,-1,0.00576933,0,0,0]
[267,S,0.620967,10,CT,171,407.376,0.0772884,-1,0.0772884,0,0,0]
[268,S,0.625054,10,TG,667,409.466,0.554858,-1,0.554858,0,0,0]
[269,S,0.629117,10,AG,183,407.495,0.545393,-1,0.545393,0,0,0]
[270,S,0.630418,10,TC,381,405.742,0.236661,-1,0.236661,0,0,0]
[271,S,0.631079,10,TA,103,405.952,0.339519,-1,0.339519,0,0,0]
[272,S,0.638058,10,TC,980,404.037,0.0852617,-1,0.0852617,0,0,0]
[273,S,0.643074,10,CG,215,407.033,0.682397,-1,0.682397,0,0,0]
[274,S,0.643471,10,CA,980,403.442,0.283461,-1,0.283461,0,0,0]
[275,S,0.644073,10,CA,768,402.289,0.216902,-1,0.216902,0,0,0]
[276,S,0.644167,10,AG,87,402.333,0.102338,-1,0.102338,0,0,0]
[277,S,0.644392,10,TC,141,404.168,0.362221,-1,0.362221,0,0,0]
[278,S,0.646433,10,CG,608,403.504,0.240362,-1,0.240362,0,0,0]
[279,S,0.647814,10,GT,896,404.188,0.120739,-1,0.120739,0,0,0]
[280,S,0.651306,10,TA,292,406.95,0.206398,-1,0.206398,0,0,0]
[281,S,0.653352,10,AC,539,407.781,0.220934,-1,0.220934,0,0,0]
[282,S,0.65869,10,GT,696,408.623,0.772672,-1,0.772672,0,0,0]
[283,S,0.662877,10,GC,159,405.115,0.044659,-1,0.044659,0,0,0]
[284,S,0.664713,10,CG,814,408.577,0.189665,-1,0.189665,0,0,0]
[285,S,0.67112,10,TG,535,409.145,0.0834679,-1,0.0834679,0,0,0]
[286,S,0.67126,10,AG,56,410.992,0.436484,-1,0.436484,0,0,0]
[287,S,0.67191,10,AG,846,408.627,0.337784,-1,0.337784,0,0,0]
[288,S,0.672129,10,GC,648,407.702,0.306625,-1,0.306625,0,0,0]
[289,S,0.680172,10,TG,583,406.683,0.350054,-1,0.350054,0,0,0]
[290,S,0.680865,10,TG,673,405.861,0.136606,-1,0.136606,0,0,0]
[291,S,0.686233,10,CA,799,406.716,0.142384,-1,0.142384,0,0,0]
[292,S,0.68996,10,GA,930,407.304,0.254539,-1,0.254539,0,0,0]
[293,S,0.694168,10,CA,334,407.243,0.308701,-1,0.308701,0,0,0]
[294,S,0.696815,10,AT,877,406.638,0.141418,-1,0.141418,0,0,0]
[295,S,0.70104,10,CG,365,407.341,0.143428,-1,0.143428,0,0,0]
[296,S,0.709325,10,AT,444,408.485,0.508546,-1,0.508546,0,0,0]
[297,S,0.709819,10,AG,549,406.18,0.192976,-1,0.192976,0,0,0]
[298,S,0.71032,10,AT,101,406.293,0.166355,-1,0.166355,0,0,0]
[299,S,0.712596,10,CA,571,407.089,0.231419,-1,0.231419,0,0,0]
[300,S,0.714202,10,AC,256,407.237,0.787689,-1,0.787689,0,0,0]
[301,S,0.717799,10,CG,796,400.063,0.361036,-1,0.361036,0,0,0]
[302,S,0.718661,10,CG,627,398.911,0.538494,-1,0.538494,0,0,0]
[303,S,0.719145,10,AC,62,397.258,0.407742,-1,0.407742,0,0,0]
[304,S,0.725083,10,AT,636,395.761,0.248016,-1,0.248016,0,0,0]
[305,S,0.729892,10,AT,547,394.971,0.334108,-1,0.334108,0,0,0]
[306,S,0.729993,10,GA,549,395.237,0.421793,-1,0.421793,0,0,0]
[307,S,0.730147,10,AG,379,394.193,0.287445,-1,0.287445,0,0,0]
[308,S,0.731701,10,TA,49,393.773,0.182857,-1,0.182857,0,0,0]
[309,S,0.7353,10,TA,222,393.582,0.0391943,-1,0.0391943,0,0,0]
[310,S,0.738901,10,GC,652,397.133,0.551668,-1,0.551668,0,0,0]
[311,S,0.745671,10,CT,675,394.423,0.255054,-1,0.255054,0,0,0]
[312,S,0.747271,10,GA,109,394.293,0.233573,-1,0.233573,0,0,0]
[313,S,0.74872,10,AT,66,394.922,0.0664722,-1,0.0664722,0,0,0]
[314,S,0.749027,10,TA,636,398.407,0.251994,-1,0.251994,0,0,0]
[315,S,0.749947,10,AT,202,399.197,0.393897,-1,0.393897,0,0,0]
[316,S,0.750502,10,TG,561,397.532,0.32067,-1,0.32067,0,0,0]
[317,S,0.75253,10,GA,464,395.694,0.123311,-1,0.123311,0,0,0]
[318,S,0.757068,10,CG,857,396.05,0.239113,-1,0.239113,0,0,0]
[319,S,0.757154,10,GA,937,396.667,0.189387,-1,0.189387,0,0,0]
[320,S,0.75789,10,CT,264,396.667,0.0883268,-1,0.0883268,0,0,0]
[321,S,0.761748,10,TG,278,400.855,0.0726765,-1,0.0726765,0,0,0]
[322,S,0.765158,10,TC,762,403.939,0.0974692,-1,0.0974692,0,0,0]
[323,S,0.766821,10,TC,700,405.662,0.0767922,-1,0.0767922,0,0,0]
[324,S,0.767025,10,CA,308,408.325,0.1227,-1,0.1227,0,0,0]
[325,S,0.76775,10,CG,871,409.79,0.145995,-1,0.145995,0,0,0]
[326,S,0.768783,10,AG,661,411.705,0.31016,-1,0.31016,0,0,0]
[327,S,0.774374,10,TA,88,411.12,0.150049,-1,0.150049,0,0,0]
[328,S,0.777123,10,AC,346,412.808,0.309801,-1,0.309801,0,0,0]
[329,S,0.778083,10,TC,209,412.661,0.182697,-1,0.182697,0,0,0]
[330,S,0.785295,10,TC,835,413.399,0.0340593,-1,0.0340593,0,0,0]
[331,S,0.787501,10,TG,525,417.919,0.368509,-1,0.368509,0,0,0]
[332,S,0.79699,10,AC,477,416.389,0.191838,-1,0.191838,0,0,0]
[333,S,0.797575,10,AG,566,417.22,0.299337,-1,0.299337,0,0,0]
[334,S,0.80072,10,TC,896,415.921,0.608383,-1,0.608383,0,0,0]
[335,S,0.802834,10,GT,723,412.185,0.340257,-1,0.340257,0,0,0]
[336,S,0.806939,10,CG,706,411.514,0.181915,-1,0.181915,0,0,0]
[337,S,0.811505,10,GC,595,412.035,0.112668,-1,0.112668,0,0,0]
[338,S,0.813509,10,TG,329,412.956,0.141972,-1,0.141972,0,0,0]
[339,S,0.81475,10,CT,698,414.095,0.443001,-1,0.443001,0,0,0]
[340,S,0.816411,10,AG,364,412.575,0.132915,-1,0.132915,0,0,0]
[341,S,0.820109,10,TG,722,413.624,0.182919,-1,0.182919,0,0,0]
[342,S,0.829169,10,GA,116,413.862,0.263243,-1,0.263243,0,0,0]
[343,S,0.835173,10,GT,861,413.585,0.296366,-1,0.296366,0,0,0]
[344,S,0.835315,10,AT,468,412.965,0.140477,-1,0.140477,0,0,0]
[345,S,0.839017,10,TC,430,413.794,0.187534,-1,0.187534,0,0,0]
[346,S,0.849754,10,AC,605,416.022,0.633709,-1,0.633709,0,0,0]
[347,S,0.851277,10,CG,112,412.705,0.238724,-1,0.238724,0,0,0]
[348,S,0.854549,10,AC,676,413.081,0.283127,-1,0.283127,0,0,0]
[349,S,0.855223,10,CT,950,411.963,0.132605,-1,0.132605,0,0,0]
[350,S,0.86147,10,AT,549,413.491,0.28276,-1,0.28276,0,0,0]
[351,S,0.865617,10,GT,229,412.971,0.68771,-1,0.68771,0,0,0]
[352,S,0.865722,10,AG,426,408.954,0.460542,-1,0.460542,0,0,0]
[353,S,0.867198,10,GT,631,405.104,0.552646,-1,0.552646,0,0,0]
[354,S,0.868436,10,GC,674,402.836,0.138176,-1,0.138176,0,0,0]
[355,S,0.873292,10,GC,281,404.756,0.104371,-1,0.104371,0,0,0]
[356,S,0.873801,10,GA,34,406.799,0.0699927,-1,0.0699927,0,0,0]
[357,S,0.874885,10,TC,110,409.986,0.171764,-1,0.171764,0,0,0]
[358,S,0.875062,10,CT,505,411.195,0.109039,-1,0.109039,0,0,0]
[359,S,0.87728,10,TA,322,413.397,0.132981,-1,0.132981,0,0,0]
[360,S,0.878315,10,TG,3,415.203,0.223475,-1,0.223475,0,0,0]
[361,S,0.879428,10,TC,188,415.167,0.319574,-1,0.319574,0,0,0]
[362,S,0.879924,10,TA,405,414.157,0.119435,-1,0.119435,0,0,0]
[363,S,0.881732,10,GT,600,415.62,0.0605251,-1,0.0605251,0,0,0]
[364,S,0.883067,10,AG,792,419.27,0.270419,-1,0.270419,0,0,0]
[365,S,0.890497,10,AC,764,418.556,0.3242,-1,0.3242,0,0,0]
[366,S,0.890854,10,GT,748,417.235,0.228109,-1,0.228109,0,0,0]
[367,S,0.895143,10,AC,604,417.287,0.101869,-1,0.101869,0,0,0]
[368,S,0.896475,10,AC,768,419.746,0.286305,-1,0.286305,0,0,0]
[369,S,0.897232,10,GC,960,419.479,0.219685,-1,0.219685,0,0,0]
[370,S,0.898364,10,TC,709,419.225,0.223355,-1,0.223355,0,0,0]
[371,S,0.900221,10,GT,192,419.427,0.0723818,-1,0.0723818,0,0,0]
[372,S,0.901819,10,TC,684,422.344,0.132464,-1,0.132464,0,0,0]
[373,S,0.904648,10,CA,141,423.686,0.222561,-1,0.222561,0,0,0]
[374,S,0.904918,10,TC,168,423.705,0.493824,-1,0.493824,0,0,0]
[375,S,0.904947,10,TG,861,421.577,0.208742,-1,0.208742,0,0,0]
[376,S,0.906575,10,CT,158,422.198,0.430174,-1,0.430174,0,0,0]
[377,S,0.908071,10,CT,282,419.853,0.794968,-1,0.794968,0,0,0]
[378,S,0.908374,10,AC,425,416.819,0.124407,-1,0.124407,0,0,0]
[379,S,0.908732,10,CG,81,420.094,0.491836,-1,0.491836,0,0,0]
[380,S,0.909243,10,CT,472,418.298,0.0476411,-1,0.0476411,0,0,0]
[381,S,0.913686,10,AG,322,422.783,0.0822516,-1,0.0822516,0,0,0]
[382,S,0.915309,10,AG,190,424.462,0.372798,-1,0.372798,0,0,0]
[383,S,0.920498,10,AC,88,422.715,0.882232,-1,0.882232,0,0,0]
[384,S,0.923805,10,GA,803,418.576,0.194484,-1,0.194484,0,0,0]
[385,S,0.924074,10,AG,507,419.555,0.0764734,-1,0.0764734,0,0,0]
[386,S,0.926846,10,AC,72,421.135,0.525931,-1,0.525931,0,0,0]
[387,S,0.936068,10,TG,963,419.288,0.0780079,-1,0.0780079,0,0,0]
[388,S,0.939015,10,GA,301,421.452,0.254539,-1,0.254539,0,0,0]
[389,S,0.944761,10,GC,912,421.333,0.275182,-1,0.275182,0,0,0]
[390,S,0.949194,10,AG,405,421.293,0.331383,-1,0.331383,0,0,0]
[391,S,0.949398,10,AT,219,421.644,0.380017,-1,0.380017,0,0,0]
[392,S,0.952941,10,GT,278,420.877,0.571955,-1,0.571955,0,0,0]
[393,S,0.953665,10,TA,443,417.978,0.185212,-1,0.185212,0,0,0]
[394,S,0.961969,10,AT,299,419.576,0.252033,-1,0.252033,0,0,0]
[395,S,0.967503,10,AG,401,419.561,0.169913,-1,0.169913,0,0,0]
[396,S,0.969171,10,TC,600,419.48,0.337362,-1,0.337362,0,0,0]
[397,S,0.969788,10,CA,764,417.445,0.18809,-1,0.18809,0,0,0]
[398,S,0.971286,10,CG,820,418.567,0.124269,-1,0.124269,0,0,0]
[399,S,0.971461,10,TA,972,420.085,0.0697817,-1,0.0697817,0,0,0]
[400,S,0.978596,10,AG,464,422.796,0.443059,-1,0.443059,0,0,0]
[401,S,0.978799,10,GT,921,422.546,0.488345,-1,0.488345,0,0,0]
[402,S,0.980694,10,TA,505,420.584,0.350585,-1,0.350585,0,0,0]
[403,S,0.985714,10,TC,232,420.002,0.156127,-1,0.156127,0,0,0]
[404,S,0.989744,10,AT,30,420.65,0.272368,-1,0.272368,0,0,0]
[405,S,0.990752,10,CG,246,420.795,0.245574,-1,0.245574,0,0,0]
[406,S,0.990955,10,TC,310,420.971,0.156005,-1,0.156005,0,0,0]
[407,S,0.993159,10,CA,360,421.411,0.370598,-1,0.370598,0,0,0]
[408,S,0.994549,10,CT,259,419.51,0.25835,-1,0.25835,0,0,0]
[409,S,0.997319,10,AT,334,419.621,0.149715,-1,0.149715,0,0,0]
[410,S,0.998683,10,GT,326,421.122,0.189201,-1,0.189201,0,0,0]
[411,S,0.998736,10,CA,834,422.016,0.261726,-1,0.261726,0,0,0]
[-1,X,1,10,XX,X,432.262,0,-1,0,0,0,0]
GUIDE_TREE_PARTITION1=(T_1:1.0,T_2:0);
