>Dataset_0
[-1,X,0,01,XX,X,446.39,0,0,0]
[0,S,0.00284085,10,CG,148,446.39,0.34568,391.545,0.840628]
[1,S,0.0029851,10,GA,907,445.26,0.360089,390.52,0.147626]
[2,S,0.0126283,10,GA,540,444.06,0.279172,389.568,0.114435]
[3,S,0.0163256,10,GT,325,444.221,0.0874718,391.165,0.0354851]
[4,S,0.0174329,10,GA,616,446.367,0.258491,393.022,0.104444]
[5,S,0.0187314,10,GA,618,446.493,0.0992565,394.516,0.0400564]
[6,S,0.0203819,10,CG,838,448.266,0.421302,396.769,1.04543]
[7,S,0.0219478,10,TC,386,447.06,0.0396898,394.783,0.098665]
[8,S,0.0219777,10,CT,338,450.498,1.21661,397.226,3.02957]
[9,S,0.0236593,10,AT,380,444.304,0.540102,388.752,0.540102]
[10,S,0.0260634,10,TG,998,441.482,0.344973,385.384,0.344973]
[11,S,0.0269363,10,AC,618,439.605,0.204496,383.344,0.204496]
[12,S,0.0298922,10,TG,112,440.656,0.554858,384.394,1.38928]
[13,S,0.0326801,10,GT,560,438.333,0.912893,381.026,2.29322]
[14,S,0.0353607,10,AT,566,435.158,0.167154,376.328,0.421195]
[15,S,0.0390194,10,CT,574,435.903,0.222934,376.559,0.0882095]
[16,S,0.0395395,10,TA,626,436.2,0.133897,377.885,0.0527638]
[17,S,0.0430285,10,AG,763,437.491,0.118746,379.386,0.0467662]
[18,S,0.0458143,10,GA,659,438.871,0.113874,380.433,0.290275]
[19,S,0.0494107,10,GT,546,440.1,0.151766,380.552,0.388082]
[20,S,0.0530242,10,CG,314,441.108,0.222416,381.948,0.57106]
[21,S,0.055786,10,GT,77,441.217,0.82774,381.245,2.13398]
[22,S,0.0636274,10,CG,255,437.041,0.489447,376.444,0.489447]
[23,S,0.067447,10,CT,331,434.329,0.27665,373.327,0.106013]
[24,S,0.0700682,10,AC,431,434.546,0.173285,375.223,0.454203]
[25,S,0.0725592,10,CG,841,434.912,0.0592097,375.052,0.0225206]
[26,S,0.0778505,10,TA,310,437.716,0.522119,379.256,0.522119]
[27,S,0.0830006,10,TC,28,434.795,0.500556,376.881,0.500556]
[28,S,0.0833225,10,CA,134,431.468,0.127491,374.337,0.0477622]
[29,S,0.0864902,10,AT,156,433.567,0.17398,376.893,0.46458]
[30,S,0.0866219,10,AT,400,434.185,0.238735,376.898,0.639892]
[31,S,0.0889712,10,AG,526,434.5,0.412379,376.342,1.10549]
[32,S,0.0926819,10,GC,129,432.365,0.518645,373.26,1.39425]
[33,S,0.0984258,10,GC,441,430.104,0.738427,371.312,1.9939]
[34,S,0.0987944,10,CA,622,426.992,0.553723,368.684,0.203658]
[35,S,0.0994451,10,TA,57,423.378,0.24093,366.341,0.655352]
[36,S,0.106531,10,CA,388,423.145,0.129659,366.305,0.129659]
[37,S,0.109706,10,GC,561,424.796,0.249223,368.276,0.249223]
[38,S,0.110255,10,AG,734,424.444,0.0746722,368.158,0.205824]
[39,S,0.111755,10,AT,544,427.235,0.395856,370.087,1.09186]
[40,S,0.112024,10,AT,210,425.148,0.242309,367.409,0.669569]
[41,S,0.112794,10,GC,244,425.017,0.433979,366.906,0.433979]
[42,S,0.114391,10,CA,235,423.836,0.219503,365.184,0.219503]
[43,S,0.114582,10,TG,739,423.672,0.0420119,365.244,0.0420119]
[44,S,0.118946,10,TG,591,427.309,0.191644,369.546,0.191644]
[45,S,0.125848,10,GA,292,427.13,0.21507,368.962,0.21507]
[46,S,0.128189,10,TC,70,427.458,0.0606251,369.516,0.0215603]
[47,S,0.128283,10,AC,628,430.56,0.505739,372.869,1.42625]
[48,S,0.131552,10,AT,554,429.383,0.767171,371.559,0.767171]
[49,S,0.131591,10,AT,388,425.066,0.0363705,367.429,0.0363705]
[50,S,0.137802,10,GA,763,431.653,0.454052,372.448,1.28596]
[51,S,0.138564,10,AC,543,430.274,0.303914,372.331,0.106468]
[52,S,0.139386,10,TC,521,429.735,0.602411,372.695,0.602411]
[53,S,0.14259,10,TG,370,426.719,0.293507,370.074,0.293507]
[54,S,0.143607,10,TC,247,425.969,0.904318,369.814,0.904318]
[55,S,0.144592,10,CT,387,422.762,1.08293,365.561,0.376585]
[56,S,0.152175,10,GA,850,414.491,0.0917614,359.263,0.0917614]
[57,S,0.154268,10,GC,94,417.193,0.0863761,362.563,0.251137]
[58,S,0.16301,10,GC,738,419.39,0.827258,364.323,0.827258]
[59,S,0.165337,10,AC,897,415.334,0.257614,360.129,0.0873633]
[60,S,0.165966,10,AG,612,415.677,0.382272,361.384,0.382272]
[61,S,0.170431,10,GT,332,413.582,0.195088,357.453,0.195088]
[62,S,0.175141,10,GC,183,413.614,0.5908,357.104,0.5908]
[63,S,0.177373,10,AG,501,410.989,0.154276,353.932,0.462274]
[64,S,0.177385,10,TA,843,411.742,0.449901,355.55,1.3521]
[65,S,0.179913,10,CG,689,409.724,0.414782,352.759,0.414782]
[66,S,0.181695,10,TA,337,408.539,0.156544,352.116,0.156544]
[67,S,0.184621,10,TC,909,409.035,0.0225653,353.477,0.0225653]
[68,S,0.192983,10,CA,329,414.507,0.255216,359.913,0.774508]
[69,S,0.19829,10,GT,854,413.83,0.341923,360.441,1.04947]
[70,S,0.19852,10,CT,358,414.105,0.318254,360.927,0.318254]
[71,S,0.201715,10,TG,824,414.22,0.352637,360.29,1.0906]
[72,S,0.212146,10,CT,492,413.329,0.356568,358.872,0.114787]
[73,S,0.215778,10,AC,310,412.562,0.190006,359.921,0.59884]
[74,S,0.217552,10,TC,306,412.996,0.331765,360.27,0.10473]
[75,S,0.22014,10,TC,578,412.811,0.495167,360.103,1.57251]
[76,S,0.221126,10,TG,743,408.348,0.458608,356.901,1.46175]
[77,S,0.222733,10,GC,252,407.182,0.126601,353.353,0.126601]
[78,S,0.230501,10,AT,198,409.238,0.458012,355.917,1.46523]
[79,S,0.238168,10,TC,142,408.165,0.057019,355.282,0.184444]
[80,S,0.239395,10,AG,337,410.901,0.228836,356.951,0.748473]
[81,S,0.243693,10,CA,578,410.895,0.188799,355.213,0.0576201]
[82,S,0.245136,10,CA,627,412.647,0.371603,357.817,0.371603]
[83,S,0.246524,10,GA,935,411.754,0.523252,356.141,1.72892]
[84,S,0.246881,10,CA,541,409.777,0.141329,353.754,0.0426858]
[85,S,0.246918,10,CA,938,410.39,0.543453,355.123,1.80028]
[86,S,0.248069,10,TC,377,408.624,0.072716,352.101,0.072716]
[87,S,0.248554,10,CT,552,412.089,0.650217,357.715,0.650217]
[88,S,0.248619,10,CT,375,409.428,0.406526,353.093,1.35]
[89,S,0.249003,10,GC,741,407.533,0.648417,349.609,0.195239]
[90,S,0.251859,10,AG,182,405.223,0.0371638,347.882,0.0371638]
[91,S,0.254516,10,TG,535,410.924,0.197805,355.477,0.197805]
[92,S,0.254933,10,TG,325,411.67,0.544703,357.769,1.82488]
[93,S,0.255521,10,TG,93,410.366,0.411348,356.385,0.122706]
[94,S,0.259998,10,TA,225,409.345,0.13019,356.313,0.0388019]
[95,S,0.264053,10,AG,731,410.794,0.385052,359.028,1.3006]
[96,S,0.264424,10,AT,711,409.298,0.869766,357.183,0.869766]
[97,S,0.266957,10,AT,96,405.725,0.446219,352.437,1.51725]
[98,S,0.267397,10,TC,457,403.831,0.0908658,350.829,0.310148]
[99,S,0.270992,10,GA,49,407.795,0.448603,351.392,1.53222]
[100,S,0.272821,10,TC,171,405.213,0.24895,347.553,0.854944]
[101,S,0.276883,10,GC,148,405.064,0.17385,346.916,0.0504825]
[102,S,0.280115,10,CG,28,406.167,0.260912,349.006,0.904117]
[103,S,0.283678,10,CA,289,406.83,0.407317,349.801,1.41847]
[104,S,0.289337,10,TG,879,405.556,0.133585,347.396,0.0381488]
[105,S,0.289364,10,GC,733,406.281,0.060687,350.352,0.214385]
[106,S,0.290847,10,GT,215,409.749,0.0982407,351.009,0.0982407]
[107,S,0.291172,10,CG,577,411.499,0.389386,352.706,1.37881]
[108,S,0.292402,10,GT,291,409.302,0.403988,348.74,0.403988]
[109,S,0.300444,10,GA,964,408.369,0.332709,347.462,1.18099]
[110,S,0.304666,10,CA,543,407.723,0.208725,347.066,0.75035]
[111,S,0.30998,10,GC,124,407.967,0.452947,348.054,0.452947]
[112,S,0.317757,10,CG,883,406.679,0.0476072,347.691,0.0130426]
[113,S,0.318864,10,CT,377,410,0.362792,355.463,0.362792]
[114,S,0.3211,10,CT,530,408.492,0.529716,353.255,0.143048]
[115,S,0.324889,10,CA,881,406.607,0.0845841,350.746,0.0227584]
[116,S,0.329669,10,GC,458,410.135,0.569618,356.579,0.152313]
[117,S,0.333529,10,CA,823,407.332,0.143237,357.24,0.539921]
[118,S,0.335987,10,GT,599,408.332,0.0324214,358.254,0.122997]
[119,S,0.33774,10,TG,215,413.072,0.509977,361.61,0.509977]
[120,S,0.34171,10,CG,532,411.323,0.149895,360.52,0.149895]
[121,S,0.344938,10,TG,874,411.981,0.590043,363.013,2.26939]
[122,S,0.345041,10,CT,561,409.995,0.383549,360.908,0.383549]
[123,S,0.350462,10,GC,72,409.296,0.355642,359.701,1.37559]
[124,S,0.351082,10,AT,616,407.464,0.734025,358.019,0.734025]
[125,S,0.352639,10,TC,502,403.449,0.676535,353.535,2.64387]
[126,S,0.352769,10,AC,898,400.455,0.163134,350.209,0.639225]
[127,S,0.354151,10,GT,661,401.134,0.335794,349.719,0.335794]
[128,S,0.354721,10,TG,86,401.274,0.33959,349.748,1.33412]
[129,S,0.362892,10,GC,537,400.4,0.397161,348.232,1.56182]
[130,S,0.366692,10,TC,374,399.604,0.188962,348.421,0.753692]
[131,S,0.367174,10,AG,656,400.008,0.123314,349.371,0.123314]
[132,S,0.368451,10,TG,432,400.544,0.285216,350.571,1.14617]
[133,S,0.37205,10,CT,979,400.233,0.417321,349.43,1.68082]
[134,S,0.37614,10,AC,30,398.425,0.429129,347.016,1.7394]
[135,S,0.37778,10,AG,842,397.17,0.653069,345.765,2.66641]
[136,S,0.38536,10,AT,607,394.87,0.524764,342.026,2.14884]
[137,S,0.39536,10,GT,353,392.67,0.309161,341.482,1.28335]
[138,S,0.397373,10,TC,859,392.407,0.229552,342.608,0.970429]
[139,S,0.398786,10,CT,885,393.043,0.639432,342.698,2.71324]
[140,S,0.404865,10,CT,436,388.681,0.378919,334.527,1.61203]
[141,S,0.404944,10,CA,645,387.599,0.119178,333.763,0.512781]
[142,S,0.405051,10,AT,660,389.119,0.956018,335.258,0.222161]
[143,S,0.407259,10,CT,853,385.104,0.161521,333.297,0.161521]
[144,S,0.409457,10,AC,95,385.415,0.212092,334.301,0.0490729]
[145,S,0.41516,10,TC,918,385.32,0.146446,335.427,0.0337445]
[146,S,0.417088,10,TA,274,385.703,0.0592143,338.012,0.0592143]
[147,S,0.421522,10,CA,24,388.399,0.348022,342.49,0.348022]
[148,S,0.424377,10,TC,616,387.359,0.190868,342.428,0.190868]
[149,S,0.425036,10,GC,731,388.067,0.248019,344.136,0.055546]
[150,S,0.425974,10,CT,932,387.197,0.27452,348.937,1.22732]
[151,S,0.430636,10,CG,741,387.092,0.062143,347.892,0.278333]
[152,S,0.430686,10,GT,482,389.401,0.361942,351.224,1.63586]
[153,S,0.432837,10,AC,830,388.98,0.441994,349.576,0.0977834]
[154,S,0.437308,10,GT,285,388.077,0.659249,350.377,2.99245]
[155,S,0.438217,10,GC,600,386.613,0.161947,348.697,0.0353651]
[156,S,0.439657,10,TA,637,387.656,0.0780112,351.044,0.0780112]
[157,S,0.446971,10,CA,897,389.734,0.393104,354.326,1.80852]
[158,S,0.450357,10,AC,267,387.734,0.102746,354.237,0.479643]
[159,S,0.450636,10,GA,585,388.929,0.395673,356.023,1.85975]
[160,S,0.454457,10,GC,307,388.174,0.45144,354.805,0.45144]
[161,S,0.458281,10,AC,419,386.218,0.123766,352.652,0.123766]
[162,S,0.458361,10,AG,864,388.347,0.397801,357.323,1.90015]
[163,S,0.458531,10,CT,608,387.114,0.359235,354.847,1.71621]
[164,S,0.458551,10,AG,540,386.661,0.409148,353.07,1.95535]
[165,S,0.461866,10,CG,183,385.04,0.883458,348.553,0.883458]
[166,S,0.464249,10,GA,66,378.665,0.216841,339.792,0.216841]
[167,S,0.465009,10,CT,750,378.699,0.505878,340.832,2.44628]
[168,S,0.465756,10,TG,704,377.727,0.133585,338.306,0.0275811]
[169,S,0.467601,10,CA,428,378.587,0.529577,341.993,2.56891]
[170,S,0.469868,10,AT,270,376.364,0.563512,339.188,2.74404]
[171,S,0.476542,10,AG,911,374.878,0.809149,339.576,0.165381]
[172,S,0.478352,10,GC,689,369.863,0.135991,335.908,0.135991]
[173,S,0.482827,10,AT,225,371.047,0.427332,337.624,2.12854]
[174,S,0.482842,10,CT,918,369.599,0.393642,336.557,1.97955]
[175,S,0.483748,10,TC,665,369.216,0.479079,335.335,2.40928]
[176,S,0.486817,10,GA,612,366.994,0.152453,332.269,0.152453]
[177,S,0.489782,10,CG,202,368.374,0.156509,335.951,0.793844]
[178,S,0.501551,10,AT,141,369.723,0.141296,336.383,0.0276787]
[179,S,0.504618,10,GT,545,370.901,0.548324,343.803,2.87244]
[180,S,0.505274,10,TA,705,370.214,0.143466,341.652,0.756711]
[181,S,0.516454,10,TG,388,372.56,0.281426,342.229,1.48657]
[182,S,0.517411,10,GC,278,372.776,0.0725306,346.906,0.392942]
[183,S,0.518725,10,CG,193,375.31,0.34159,350.917,1.85466]
[184,S,0.519526,10,AG,235,374.139,0.117301,349.797,0.117301]
[185,S,0.519838,10,GT,445,376.959,0.84282,353.418,4.59836]
[186,S,0.520635,10,CG,618,373.608,0.285457,347.785,1.55856]
[187,S,0.520653,10,TC,720,373.877,0.0582172,346.928,0.0106432]
[188,S,0.529939,10,CG,253,376.75,0.400685,351.407,2.1918]
[189,S,0.530619,10,AC,858,375.663,0.64107,352.754,3.5834]
[190,S,0.532562,10,CT,720,372.559,0.66839,348.584,3.74209]
[191,S,0.533066,10,TA,266,369.686,0.197434,344.866,1.11044]
[192,S,0.533764,10,AT,563,371.479,0.12584,347.691,0.708617]
[193,S,0.538667,10,AC,578,372.892,0.308717,349.396,1.74129]
[194,S,0.542226,10,CG,243,372.82,0.188416,350.852,1.07523]
[195,S,0.543229,10,GC,305,373.42,0.104895,351.977,0.104895]
[196,S,0.560884,10,CA,95,374.665,0.292177,356.216,1.68574]
[197,S,0.562649,10,AT,42,374.761,0.269729,364.137,0.044761]
[198,S,0.563651,10,CA,799,374.167,0.346404,365.635,0.0572307]
[199,S,0.565869,10,TC,137,373.479,0.17028,365.884,1.03327]
[200,S,0.565977,10,TC,492,374.226,0.167131,365.052,1.01987]
[201,S,0.569937,10,GT,730,374.993,0.484583,365.598,2.95785]
[202,S,0.569991,10,AT,627,372.514,0.230117,359.709,1.41886]
[203,S,0.570141,10,TA,522,372.959,0.104231,360.535,0.642761]
[204,S,0.577014,10,GC,265,374.756,0.289089,362.945,0.289089]
[205,S,0.579636,10,CT,244,374.119,0.102006,365.164,0.640542]
[206,S,0.579854,10,TA,801,375.245,0.181414,367.095,1.147]
[207,S,0.581033,10,TG,20,375.999,0.0763922,366.251,0.0763922]
[208,S,0.583177,10,CG,760,378.115,0.357287,369.744,2.26724]
[209,S,0.584791,10,GC,642,377.871,0.142604,368.337,0.142604]
[210,S,0.586452,10,GA,739,378.627,0.231574,370.263,1.48413]
[211,S,0.589057,10,CT,70,377.735,0.736063,370.181,4.73816]
[212,S,0.591184,10,TC,332,374.826,0.585885,367.04,3.79771]
[213,S,0.593471,10,GC,852,372.646,0.596066,364.17,0.0914342]
[214,S,0.593591,10,AC,938,369.79,0.0878365,360.036,0.0133911]
[215,S,0.593857,10,TG,493,371.512,0.290792,365.229,1.90803]
[216,S,0.594933,10,GC,811,370.739,0.201151,362.91,0.0306343]
[217,S,0.596586,10,GC,643,371.315,0.454702,367.874,2.99437]
[218,S,0.599008,10,AC,40,369.985,0.346112,364.366,2.28952]
[219,S,0.605867,10,GT,790,369.375,0.282807,362.979,0.042471]
[220,S,0.610252,10,GT,477,369.551,0.349975,368.817,2.37494]
[221,S,0.611062,10,AT,232,368.526,0.468947,369.153,3.22154]
[222,S,0.616548,10,GA,211,365.754,0.15407,365.768,1.06083]
[223,S,0.619248,10,CA,642,366.905,0.157625,368.361,1.10232]
[224,S,0.620675,10,AT,293,368.391,0.180704,368.904,1.27354]
[225,S,0.623387,10,AT,614,368.296,0.125315,369.245,0.886816]
[226,S,0.626089,10,TC,8,370.771,0.271596,371.595,1.93714]
[227,S,0.626774,10,AC,623,370.691,0.516917,371.562,0.516917]
[228,S,0.627206,10,CA,616,368.77,0.982694,370.36,0.982694]
[229,S,0.629266,10,GT,980,364.021,0.250798,365.002,1.80884]
[230,S,0.630175,10,TG,410,363.94,0.0516506,364.326,0.374785]
[231,S,0.631308,10,GT,562,367.216,0.552784,364.953,0.552784]
[232,S,0.631429,10,CG,207,364.983,0.328571,362.798,2.39859]
[233,S,0.632478,10,CA,638,364.38,0.20624,360.199,1.50611]
[234,S,0.634559,10,GT,704,365.369,0.29021,357.969,2.12592]
[235,S,0.635428,10,CG,230,364.174,0.143428,356.193,0.0194583]
[236,S,0.638644,10,CG,148,365.651,0.34568,360.103,2.55465]
[237,S,0.63956,10,GC,928,364.548,0.165617,359.724,1.23584]
[238,S,0.63966,10,AC,528,365.774,0.355695,359.538,0.0475353]
[239,S,0.645109,10,GC,368,364.881,0.00238994,360.014,0.000319297]
[240,S,0.648468,10,GA,290,376.6,0.133342,384.93,1.01479]
[241,S,0.650474,10,CG,905,376.922,0.192203,386.186,1.47799]
[242,S,0.655196,10,GC,418,378.836,0.772766,390.978,0.772766]
[243,S,0.665137,10,CG,39,374.061,0.165088,385.652,1.29649]
[244,S,0.665442,10,CG,234,375.271,0.395872,393.544,0.0488296]
[245,S,0.666879,10,AC,449,374.328,0.454507,393.052,3.68843]
[246,S,0.668208,10,GA,937,372.906,0.210429,390.739,1.71569]
[247,S,0.672209,10,CG,595,373.07,0.155111,387.827,1.27018]
[248,S,0.673557,10,CG,600,374.897,0.36533,391.753,3.03129]
[249,S,0.67584,10,GC,215,373.715,0.117214,389.529,0.97693]
[250,S,0.67826,10,GA,192,376.234,0.284154,390.719,2.38641]
[251,S,0.681284,10,AT,356,376.373,0.0918615,391.832,0.0108495]
[252,S,0.683552,10,TA,141,378.752,0.403831,403.361,3.45436]
[253,S,0.6838,10,CG,368,377.355,1.63432,401.055,14.0886]
[254,S,0.685474,10,CA,605,365.636,0.402001,378.09,3.46838]
[255,S,0.694067,10,GA,998,364.565,0.149069,375.978,1.29355]
[256,S,0.696245,10,TA,660,365.972,0.022879,383.634,0.204577]
[257,S,0.701069,10,GA,817,369.274,0.258414,387.597,2.32857]
[258,S,0.702439,10,TC,97,369.12,0.139458,389.767,0.0152109]
[259,S,0.704038,10,GC,921,370.575,0.251995,395.097,2.32185]
[260,S,0.70652,10,GC,111,370.549,0.0894676,394.291,0.829153]
[261,S,0.708683,10,GA,376,372.201,0.0219231,396.526,0.205031]
[262,S,0.711786,10,GA,883,378.991,0.172992,410.224,0.172992]
[263,S,0.712242,10,GC,927,379.581,0.109405,412.61,1.04337]
[264,S,0.712468,10,CT,279,381.231,0.794968,411.946,7.59435]
[265,S,0.720743,10,GT,656,378.34,0.353828,404.207,3.38299]
[266,S,0.733355,10,AT,907,378.43,0.460747,410.367,0.460747]
[267,S,0.733361,10,TA,42,376.097,0.353457,418.04,3.66505]
[268,S,0.737327,10,AC,637,375.214,0.302651,414.005,3.13831]
[269,S,0.738434,10,AG,319,374.068,0.0974798,419.543,1.0272]
[270,S,0.739873,10,AT,29,375.513,0.17203,422.226,1.82101]
[271,S,0.742932,10,AC,881,375.731,0.439384,423.035,4.67865]
[272,S,0.743594,10,CG,584,375.327,0.328467,425.767,3.54221]
[273,S,0.746083,10,CT,97,374.686,0.407571,425.988,4.40745]
[274,S,0.746453,10,TA,356,373.232,0.53002,424.694,5.79179]
[275,S,0.749629,10,CT,146,370.853,0.0393308,414.355,0.43046]
[276,S,0.752816,10,AT,153,375.023,0.23146,424.425,2.56765]
[277,S,0.753814,10,GA,255,374.572,0.156843,426.194,1.76392]
[278,S,0.758662,10,TA,358,376.284,0.200541,428.081,2.26514]
[279,S,0.759416,10,TA,375,376.787,0.22592,435.905,0.0195808]
[280,S,0.762728,10,TC,387,377.297,0.341595,439.311,3.95444]
[281,S,0.763129,10,CA,315,375.881,0.416119,439.894,0.0354173]
[282,S,0.764754,10,CA,521,375.118,0.375583,442.436,4.42069]
[283,S,0.774484,10,AT,379,373.512,1.02915,439.03,1.02915]
[284,S,0.776606,10,GA,911,366.667,0.036847,442.781,0.45701]
[285,S,0.779206,10,TC,882,371.523,0.159643,457.394,2.00006]
[286,S,0.78387,10,GC,532,372.075,0.387049,456.578,0.387049]
[287,S,0.787701,10,GC,297,371.421,0.178111,460.314,2.31125]
[288,S,0.788713,10,TA,955,372.018,0.0892605,467.442,0.0892605]
[289,S,0.788936,10,CA,513,375.049,0.232464,483.949,3.09002]
[290,S,0.791955,10,AC,799,375.38,0.31041,481.084,4.13074]
[291,S,0.792078,10,CA,418,374.821,0.0931254,483.751,0.0931254]
[292,S,0.793907,10,GT,67,376.989,0.169062,490.618,2.28586]
[293,S,0.794879,10,CG,852,377.864,0.0737926,500.138,1.00712]
[294,S,0.797275,10,AC,134,380.72,0.384131,513.229,5.26895]
[295,S,0.801411,10,AC,24,379.039,0.172378,512.872,0.172378]
[296,S,0.802681,10,TC,972,380.557,0.14004,527.445,1.98784]
[297,S,0.805803,10,CT,236,381.64,0.339635,535.611,4.85386]
[298,S,0.805917,10,AT,703,380.446,0.125315,537.004,0.125315]
[299,S,0.808617,10,CG,295,382.599,0.250994,542.112,0.250994]
[300,S,0.809133,10,CT,813,382.189,0.213778,549.623,3.15542]
[301,S,0.811348,10,CA,142,382.823,0.100521,544.132,0.00679083]
[302,S,0.813382,10,AG,987,385.243,0.073477,562.013,1.10113]
[303,S,0.818613,10,CG,909,387.93,0.709368,571.236,10.7529]
[304,S,0.818899,10,CG,341,383.707,0.205815,569.847,3.21477]
[305,S,0.819811,10,CT,689,383.56,0.287718,567.25,4.50157]
[306,S,0.821157,10,AC,315,383.849,0.135359,564.863,2.12909]
[307,S,0.821962,10,TC,821,384.611,0.149001,566.071,2.36225]
[308,S,0.825269,10,AT,512,385.588,0.319036,565.887,0.0200282]
[309,S,0.82528,10,TG,576,386.002,0.43752,578.582,7.10832]
[310,S,0.826576,10,GC,272,384.764,0.536007,581.928,8.70899]
[311,S,0.828192,10,TA,320,382.343,0.310883,564.681,5.09091]
[312,S,0.829307,10,CA,308,382.075,0.0525288,565.392,0.868701]
[313,S,0.834217,10,TG,954,386.127,0.955231,578.223,15.9058]
[314,S,0.834772,10,CT,14,382.084,0.0546596,572.5,0.00318352]
[315,S,0.836699,10,TC,561,386.311,0.176102,604.537,0.176102]
[316,S,0.837107,10,AT,90,386.789,0.134011,611.223,2.33762]
[317,S,0.838121,10,CG,636,387.702,0.456426,613.457,7.98257]
[318,S,0.838148,10,CT,306,386.649,0.604641,608.469,10.6442]
[319,S,0.843561,10,TG,323,383.635,0.294174,593.901,5.17962]
[320,S,0.845117,10,TC,359,382.984,0.362444,606.763,6.61324]
[321,S,0.851532,10,AT,446,381.731,0.165256,604.99,3.04703]
[322,S,0.852068,10,GA,288,381.874,0.175987,625.481,3.39169]
[323,S,0.852523,10,GC,230,382.975,0.399562,628,7.72963]
[324,S,0.853873,10,CA,268,381.66,0.0769622,621.719,1.49366]
[325,S,0.854242,10,CT,51,385.292,0.181041,629.317,3.5475]
[326,S,0.861199,10,CA,265,386.96,0.853783,638.901,16.7741]
[327,S,0.861359,10,CG,851,382.005,0.513998,649.648,10.6271]
[328,S,0.861742,10,TA,853,379.154,0.623891,635.74,12.9147]
[329,S,0.861747,10,AC,142,377.652,0.503152,626.751,10.4454]
[330,S,0.865882,10,TG,703,375.232,0.413702,610.801,8.58875]
[331,S,0.867103,10,TC,596,373.115,0.70649,622.345,15.1386]
[332,S,0.867832,10,AT,375,369.246,0.275734,611.566,5.96493]
[333,S,0.868318,10,GT,26,368.698,0.203932,610.242,4.43698]
[334,S,0.868919,10,CG,53,369.457,0.605484,610.115,13.2242]
[335,S,0.87015,10,CA,965,366.986,0.0500622,598.495,1.0986]
[336,S,0.870496,10,CA,695,371.085,0.315546,605.673,6.9929]
[337,S,0.871292,10,GA,313,370.717,0.250854,600.147,5.57469]
[338,S,0.873815,10,TA,23,370.69,0.339519,597.887,7.59362]
[339,S,0.874483,10,GT,798,368.851,0.241691,594.51,5.51795]
[340,S,0.877026,10,GC,234,368.621,0.153783,591.392,3.53037]
[341,S,0.877153,10,CT,997,369.428,0.10873,606.92,2.54972]
[342,S,0.879056,10,CA,706,372.717,0.318087,625.187,7.46715]
[343,S,0.879875,10,GC,20,371.986,0.254479,624.891,6.07152]
[344,S,0.879949,10,TC,967,371.66,0.362028,625.043,8.69859]
[345,S,0.880459,10,TA,145,370.494,0.582489,616.229,14.0046]
[346,S,0.883392,10,TC,574,366.808,0.816386,604.127,19.7151]
[347,S,0.883922,10,AT,626,363.239,0.503237,597.316,12.4697]
[348,S,0.885587,10,CA,184,361.508,0.095265,586.919,2.37174]
[349,S,0.886049,10,CA,938,363.887,0.295059,593.86,7.45666]
[350,S,0.886749,10,TG,790,363.551,0.219834,588.224,5.57889]
[351,S,0.887473,10,CT,15,363.374,1.2276,585.766,31.3532]
[352,S,0.889898,10,AC,292,357.043,0.123,538.628,3.16236]
[353,S,0.891332,10,GA,117,359.637,0.0426502,556.132,1.12155]
[354,S,0.892597,10,AC,541,362.045,0.219267,561.757,5.84463]
[355,S,0.893034,10,AT,975,362.313,0.351913,565.755,9.49462]
[356,S,0.894077,10,CA,528,360.451,0.167658,562.422,4.54251]
[357,S,0.894765,10,GT,183,361.267,0.183205,565.388,5.01425]
[358,S,0.895325,10,AG,61,361.512,0.111286,571.806,3.0664]
[359,S,0.898197,10,TC,273,362.79,0.160254,576.852,4.44009]
[360,S,0.89974,10,AC,59,363.646,0.40862,603.821,11.6514]
[361,S,0.903152,10,TC,120,362.313,0.175228,596.996,5.0758]
[362,S,0.90598,10,CT,286,363.268,0.337984,612.5,10.1461]
[363,S,0.907365,10,TA,383,363.353,0.251645,618.746,7.78835]
[364,S,0.910164,10,GC,415,363.851,0.178338,622.637,5.60451]
[365,S,0.911686,10,TG,74,365.021,0.137119,635.125,4.44736]
[366,S,0.912946,10,AG,989,366.788,0.236798,655.72,7.81646]
[367,S,0.914798,10,TC,425,366.474,0.0265205,658.281,0.888435]
[368,S,0.920564,10,AT,418,371.475,0.320736,677.569,10.9847]
[369,S,0.921146,10,AC,66,370.914,0.637928,710.683,23.4769]
[370,S,0.92117,10,CA,738,368.739,0.317014,691.229,11.7549]
[371,S,0.922086,10,AT,190,368.797,0.252033,685.401,9.3483]
[372,S,0.923613,10,CT,836,368.818,0.06706,686.235,2.51735]
[373,S,0.926041,10,GA,219,371.413,0.0466064,701.821,1.78539]
[374,S,0.926473,10,TG,670,375.074,0.149768,732.894,5.93022]
[375,S,0.928339,10,TG,75,375.776,0.487156,730.862,19.4053]
[376,S,0.930089,10,TG,241,374.373,0.158185,728.515,6.46905]
[377,S,0.930474,10,TA,910,374.681,0.551287,739.239,23.1225]
[378,S,0.930612,10,AG,22,372.841,0.258868,722.362,10.9191]
[379,S,0.933195,10,GC,542,373.422,0.199896,734.676,8.44874]
[380,S,0.933857,10,TG,986,373.632,0.271776,753.069,11.9409]
[381,S,0.934958,10,CG,419,373.061,0.235439,751.51,10.4501]
[382,S,0.936579,10,TC,423,373.688,0.187072,754.525,8.44681]
[383,S,0.937521,10,TG,379,373.42,0.0948529,787.987,4.39467]
[384,S,0.937531,10,CT,256,376.618,0.305168,812.564,14.3562]
[385,S,0.94027,10,AC,612,376.271,0.0636472,797.839,2.99468]
[386,S,0.941738,10,TG,380,378.902,0.540755,841.405,26.6336]
[387,S,0.943176,10,AG,274,375.77,0.617729,820.462,31.2059]
[388,S,0.94532,10,GA,370,373.606,0.0553685,808.176,2.86919]
[389,S,0.948106,10,AG,479,377.459,0.0398334,855.369,2.14657]
[390,S,0.948489,10,CT,499,381.313,0.213778,897.438,12.1496]
[391,S,0.949597,10,GA,420,382.014,0.609616,891.504,34.9085]
[392,S,0.949738,10,AT,850,378.689,0.37299,873.867,21.8358]
[393,S,0.95009,10,TG,907,378.106,0.200615,853.906,11.7779]
[394,S,0.950638,10,TC,114,378.31,0.124327,858.843,7.35156]
[395,S,0.951058,10,CT,24,380.293,0.590626,860.419,35.318]
[396,S,0.951124,10,AC,87,377.75,0.244856,831.678,14.7693]
[397,S,0.95259,10,AG,158,377.594,0.140056,819.64,8.45956]
[398,S,0.952802,10,AC,47,377.938,0.273451,835.46,17.0356]
[399,S,0.953962,10,CT,307,377.86,0.468409,835.389,29.3146]
[400,S,0.955061,10,GT,182,376.567,0.121856,834.536,7.82124]
[401,S,0.955174,10,CG,467,379.888,0.242993,894.299,15.9834]
[402,S,0.955875,10,TA,661,380.277,0.192303,880.421,12.6814]
[403,S,0.958487,10,CA,221,380.011,0.281396,903.608,18.8556]
[404,S,0.958842,10,AG,589,378.471,0.0922787,938.21,6.57801]
[405,S,0.963126,10,GC,583,380.839,0.349799,965.668,25.1532]
[406,S,0.964,10,AG,616,379.588,0.0972521,1052.82,7.81667]
[407,S,0.964003,10,TG,165,380.837,0.184442,1069.74,15.1887]
[408,S,0.964984,10,TC,14,381.002,0.100853,1054.3,8.306]
[409,S,0.966311,10,TA,304,383.329,0.18986,1080.33,16.0794]
[410,S,0.966474,10,TG,377,384.833,0.074678,1102.2,6.57643]
[411,S,0.966987,10,GT,235,387.461,0.333951,1113.35,29.5543]
[412,S,0.968418,10,TA,662,386.458,0.351187,1099.87,31.5678]
[413,S,0.968828,10,GA,373,384.773,0.530792,1115.51,49.8975]
[414,S,0.969096,10,AT,996,381.386,0.932934,1078.57,88.8644]
[415,S,0.969986,10,CG,247,375.154,0.0366671,997.465,3.52332]
[416,S,0.970394,10,CG,188,380.42,0.109416,1077.16,10.8286]
[417,S,0.970964,10,GA,588,380.852,0.316495,1117.86,31.7588]
[418,S,0.972741,10,CG,181,380.488,0.784255,1118.87,80.2539]
[419,S,0.972848,10,AT,894,375.78,0.231706,1104.26,25.2718]
[420,S,0.972928,10,TA,56,375.187,0.267539,1082.96,29.2955]
[421,S,0.973254,10,GC,186,375.216,0.535185,1056.49,58.7776]
[422,S,0.973529,10,TG,16,374.018,0.137052,1009.27,15.2369]
[423,S,0.973904,10,AG,806,374.709,0.281891,1003.91,31.6691]
[424,S,0.975739,10,GT,295,374.304,0.265707,985.545,30.2833]
[425,S,0.976398,10,AG,531,374.378,0.182286,1025.76,22.3603]
[426,S,0.978367,10,TC,291,374.768,0.388857,1049.51,49.0422]
[427,S,0.979067,10,TA,50,372.862,0.234494,1088.97,32.2872]
[428,S,0.979494,10,GA,6,372.74,0.437856,1091.16,62.3188]
[429,S,0.9799,10,AT,378,371.803,0.304368,1049.34,44.2279]
[430,S,0.982496,10,TG,983,370.804,0.106317,1024.59,15.7625]
[431,S,0.984042,10,AT,564,372.645,0.0373724,1249.53,6.36826]
[432,S,0.984047,10,TC,331,376.843,0.290747,1411.88,54.369]
[433,S,0.984417,10,GC,841,376.744,0.0482033,1357.51,9.01664]
[434,S,0.985439,10,GT,248,381.493,0.653649,1564.29,125.193]
[435,S,0.985804,10,CG,458,377.17,0.0805282,1538.34,16.5106]
[436,S,0.986191,10,CG,658,379.973,0.303647,1560.45,63.8669]
[437,S,0.986493,10,CT,840,379.677,0.963399,1537.49,208.335]
[438,S,0.986934,10,GC,591,374.541,0.238023,1356.94,52.6299]
[439,S,0.987861,10,TC,35,375.03,0.0606291,1347.14,13.8603]
[440,S,0.988078,10,GC,736,377.183,0.173752,1532.94,42.7693]
[441,S,0.988105,10,TG,646,377.444,0.074678,1516.46,18.7171]
[442,S,0.989035,10,AC,883,380.167,0.351956,1500.94,88.4163]
[443,S,0.989415,10,GA,611,378.65,0.254934,1530.84,69.498]
[444,S,0.98975,10,TG,810,378.163,0.253892,1512.56,71.7041]
[445,S,0.990333,10,GC,60,377.827,0.0236254,1540.46,6.89137]
[446,S,0.990341,10,GT,709,384.326,0.0359801,1752.87,11.1301]
[447,S,0.99136,10,GT,38,388.092,0.450789,1826.62,139.567]
[448,S,0.991546,10,GT,708,386.028,0.269377,1884.2,93.2608]
[449,S,0.992567,10,GT,973,386.001,0.327902,1935.42,116.027]
[450,S,0.992611,10,AC,336,385.742,0.0889,2094.54,35.7941]
[451,S,0.992633,10,CA,252,388.507,0.158112,2159.71,64.0345]
[452,S,0.994957,10,TA,984,389.576,0.639,2101.38,259.578]
[453,S,0.995874,10,GT,879,386.62,0.174277,2685.95,103.495]
[454,S,0.995953,10,TG,552,388.934,0.227493,3154.01,165.178]
[455,S,0.99645,10,TG,63,388.265,0.413702,3106.47,306.245]
[456,S,0.996538,10,CA,830,383.916,0.123764,3190.75,104.478]
[457,S,0.996604,10,TC,562,385.141,0.22324,3372.62,193.22]
[458,S,0.996644,10,TG,971,384.593,0.117739,3792.07,103.9]
[459,S,0.997249,10,TC,582,386.853,0.170692,3731.54,152.417]
[460,S,0.997309,10,CA,305,387.677,0.0870458,4364.59,94.8419]
[461,S,0.997388,10,CT,833,389.71,0.381923,4362.17,425.323]
[462,S,0.997444,10,CG,811,388.545,0.226403,4055.69,259.788]
[463,S,0.997573,10,TG,84,388.975,0.101712,3878.8,119.266]
[464,S,0.997933,10,CA,561,390.784,0.703309,3958.63,868.542]
[465,S,0.998174,10,GA,535,387.845,0.0493934,3628.32,71.6553]
[466,S,0.998628,10,GT,396,391.312,0.151942,4404.86,249.543]
[467,S,0.998721,10,GA,123,393.005,0.0769612,5525.88,168.159]
[468,S,0.998786,10,CT,124,395.441,0.725833,7415.77,1702.2]
[469,S,0.998806,10,CG,769,392.681,0.0615406,6018.34,152.048]
[470,S,0.998817,10,CT,532,394.723,0.204187,5964.11,512.918]
[471,S,0.999079,10,GC,745,396.524,0.0361816,7330.22,91.7073]
[472,S,0.999308,10,AC,904,401.121,0.214981,11635.9,700.043]
[473,S,0.999408,10,TC,530,401.03,0.54562,14561.4,2366.1]
[474,S,0.999504,10,CA,548,397.572,0.0952602,12673,482.813]
[475,S,0.999673,10,TG,554,399.228,0.10785,14549.2,652.457]
[476,S,0.99969,10,AC,729,401.263,0.0569641,25686.5,521.914]
[477,S,0.999709,10,TG,711,404.468,0.476694,29851.1,4610.26]
[478,S,0.999718,10,GT,93,401.632,0.156861,26941.6,1619.35]
