Taxa bit representation:
T_1 10
T_2 01
Clade List (<taxon members> = <clade name>): 

>Dataset_0
[-1,X,0,11,XX,X,1112.01,0,-1,0]
[-1,X,0,01,XX,X,446.39,0,-1,0]
[0,S,0.00396037,10,GT,26,446.39,0.476409,-1,0.476409]
[1,S,0.00660283,10,AG,806,443.687,0.281891,-1,0.281891]
[2,S,0.00661381,10,TG,377,443.295,0.242296,-1,0.242296]
[3,S,0.0079861,10,CT,184,442.841,0.25835,-1,0.25835]
[4,S,0.0085253,10,AC,238,442.859,0.165131,-1,0.165131]
[5,S,0.0109247,10,AT,210,443.386,0.242309,-1,0.242309]
[6,S,0.0112589,10,AC,569,443.254,0.286305,-1,0.286305]
[7,S,0.0115115,10,CT,744,442.92,0.359384,-1,0.359384]
[8,S,0.0130209,10,CT,750,442.099,0.505878,-1,0.505878]
[9,S,0.0151444,10,GT,708,441.107,0.321197,-1,0.321197]
[10,S,0.0251882,10,GA,49,440.039,0.448603,-1,0.448603]
[11,S,0.0278088,10,GT,77,437.456,0.82774,-1,0.82774]
[12,S,0.030877,10,AT,563,433.281,0.0564036,-1,0.0564036]
[13,S,0.0322152,10,AT,232,436.458,0.370842,-1,0.370842]
[14,S,0.0340622,10,CA,513,434.98,0.232464,-1,0.232464]
[15,S,0.0354527,10,TC,425,435.311,0.0192417,-1,0.0192417]
[16,S,0.0384834,10,CT,243,441.566,0.0596678,-1,0.0596678]
[17,S,0.0387011,10,CG,584,445.679,0.0892807,-1,0.0892807]
[18,S,0.0437755,10,TA,931,448.846,0.228389,-1,0.228389]
[19,S,0.0459189,10,CG,965,449.132,0.222416,-1,0.222416]
[20,S,0.0477553,10,TC,171,449.355,0.24895,-1,0.24895]
[21,S,0.0608727,10,AG,484,449.205,0.235293,-1,0.235293]
[22,S,0.0611981,10,GC,661,450.037,0.467415,-1,0.467415]
[23,S,0.061305,10,AT,156,448.156,0.17398,-1,0.17398]
[24,S,0.0670597,10,GT,937,448.774,0.437852,-1,0.437852]
[25,S,0.0672604,10,GT,297,446.806,0.0463015,-1,0.0463015]
[26,S,0.0683071,10,AT,607,450.726,0.524764,-1,0.524764]
[27,S,0.0706065,10,TG,383,448.129,0.0873734,-1,0.0873734]
[28,S,0.0710539,10,CG,552,450.495,0.838848,-1,0.838848]
[29,S,0.0713225,10,CT,997,445.62,0.264756,-1,0.264756]
[30,S,0.0713314,10,TC,137,444.936,0.144031,-1,0.144031]
[31,S,0.0720526,10,CG,341,445.322,0.546431,-1,0.546431]
[32,S,0.0776895,10,CA,289,442.151,0.54011,-1,0.54011]
[33,S,0.0792427,10,TA,998,440.176,0.0848493,-1,0.0848493]
[34,S,0.079271,10,GA,659,443.68,0.0687175,-1,0.0687175]
[35,S,0.0797122,10,GA,6,445.667,0.397363,-1,0.397363]
[36,S,0.0838544,10,CG,256,444.564,0.255204,-1,0.255204]
[37,S,0.0851775,10,GC,420,443.492,0.0160832,-1,0.0160832]
[38,S,0.085762,10,GT,546,450.895,0.151766,-1,0.151766]
[39,S,0.0877728,10,TG,986,452.07,0.0947805,-1,0.0947805]
[40,S,0.0885292,10,CG,308,454.387,0.201562,-1,0.201562]
[41,S,0.0905626,10,CT,375,455.836,0.32257,-1,0.32257]
[42,S,0.0906872,10,AT,446,455.269,0.11882,-1,0.11882]
[43,S,0.0918906,10,GC,111,458.117,0.578163,-1,0.578163]
[44,S,0.0940848,10,CA,358,455.691,0.259889,-1,0.259889]
[45,S,0.0947401,10,AT,614,456.208,0.479219,-1,0.479219]
[46,S,0.0958495,10,AT,378,453.991,0.166355,-1,0.166355]
[47,S,0.0962411,10,GT,477,454.507,0.349975,-1,0.349975]
[48,S,0.100079,10,GC,441,453.551,0.738427,-1,0.738427]
[49,S,0.100543,10,GA,308,449.989,0.169774,-1,0.169774]
[50,S,0.101497,10,GA,742,451.668,0.193295,-1,0.193295]
[51,S,0.101797,10,GT,730,452.905,0.0195176,-1,0.0195176]
[52,S,0.102117,10,TA,522,459.816,0.245319,-1,0.245319]
[53,S,0.10262,10,AG,731,459.015,0.596135,-1,0.596135]
[54,S,0.105132,10,AG,419,455.524,0.713228,-1,0.713228]
[55,S,0.110052,10,GC,66,450.025,0.0271963,-1,0.0271963]
[56,S,0.114735,10,GT,248,456.563,0.989682,-1,0.989682]
[57,S,0.117211,10,CG,236,452.988,0.242817,-1,0.242817]
[58,S,0.120311,10,GC,542,453.332,0.427393,-1,0.427393]
[59,S,0.120905,10,CA,622,449.894,0.553723,-1,0.553723]
[60,S,0.125672,10,CA,823,446.798,0.037406,-1,0.037406]
[61,S,0.127551,10,AC,30,451.696,0.127505,-1,0.127505]
[62,S,0.128621,10,CG,221,453.583,0.0294017,-1,0.0294017]
[63,S,0.129473,10,AG,526,458.027,0.412379,-1,0.412379]
[64,S,0.129479,10,CT,286,455.956,0.0792702,-1,0.0792702]
[65,S,0.131435,10,TC,578,459.263,0.495167,-1,0.495167]
[66,S,0.131869,10,GT,642,454.59,0.00370821,-1,0.00370821]
[67,S,0.133382,10,CA,428,464.469,0.384205,-1,0.384205]
[68,S,0.133524,10,CA,872,462.307,0.202514,-1,0.202514]
[69,S,0.134794,10,GC,453,462.555,0.300984,-1,0.300984]
[70,S,0.135472,10,CG,314,462.192,0.222416,-1,0.222416]
[71,S,0.136897,10,CG,388,462.285,0.0777107,-1,0.0777107]
[72,S,0.137848,10,CG,658,464.492,0.216018,-1,0.216018]
[73,S,0.145597,10,GC,272,464.57,0.192246,-1,0.192246]
[74,S,0.147515,10,TG,642,464.969,1.50525,-1,1.50525]
[75,S,0.148285,10,AT,198,455.09,0.458012,-1,0.458012]
[76,S,0.1504,10,GT,335,454.017,0.137896,-1,0.137896]
[77,S,0.155414,10,GA,288,455.209,0.320217,-1,0.320217]
[78,S,0.155469,10,CA,148,453.69,0.217253,-1,0.217253]
[79,S,0.157241,10,GC,236,454.447,0.257323,-1,0.257323]
[80,S,0.157281,10,GT,798,454.103,0.35211,-1,0.35211]
[81,S,0.158166,10,AC,47,452.42,0.273451,-1,0.273451]
[82,S,0.158443,10,CA,645,452.659,0.119178,-1,0.119178]
[83,S,0.158975,10,TG,743,454.179,0.281413,-1,0.281413]
[84,S,0.1592,10,TG,165,453.416,0.184442,-1,0.184442]
[85,S,0.159429,10,CA,255,453.581,0.348492,-1,0.348492]
[86,S,0.161787,10,TA,145,453.453,0.0816883,-1,0.0816883]
[87,S,0.163389,10,TC,297,456.069,0.603524,-1,0.603524]
[88,S,0.167184,10,GA,67,452.646,0.454612,-1,0.454612]
[89,S,0.172903,10,TC,136,448.872,0.12656,-1,0.12656]
[90,S,0.173293,10,GT,738,450.601,0.654605,-1,0.654605]
[91,S,0.176676,10,TG,28,448.306,0.487584,-1,0.487584]
[92,S,0.177896,10,AT,358,446.489,0.306991,-1,0.306991]
[93,S,0.178114,10,GT,482,446.087,0.221017,-1,0.221017]
[94,S,0.179187,10,CA,605,446.54,0.296489,-1,0.296489]
[95,S,0.184382,10,AT,96,446.258,0.166906,-1,0.166906]
[96,S,0.185399,10,GA,332,446.657,0.248091,-1,0.248091]
[97,S,0.185619,10,TG,311,446.151,0.479706,-1,0.479706]
[98,S,0.185752,10,GA,383,442.517,0.26259,-1,0.26259]
[99,S,0.189448,10,AT,153,441.759,0.23146,-1,0.23146]
[100,S,0.190123,10,TG,86,441.048,0.33959,-1,0.33959]
[101,S,0.191238,10,TG,423,440.174,0.415684,-1,0.415684]
[102,S,0.191594,10,TA,676,437.986,0.101668,-1,0.101668]
[103,S,0.193628,10,CA,695,438.965,0.315546,-1,0.315546]
[104,S,0.194155,10,CG,202,438.618,0.156509,-1,0.156509]
[105,S,0.196328,10,TG,576,439.967,0.451934,-1,0.451934]
[106,S,0.204431,10,GC,921,439.49,0.251995,-1,0.251995]
[107,S,0.206482,10,GA,313,439.464,0.19739,-1,0.19739]
[108,S,0.207168,10,CT,885,440.02,0.13167,-1,0.13167]
[109,S,0.207937,10,AC,40,441.343,0.375938,-1,0.375938]
[110,S,0.210459,10,TG,241,440.112,0.27568,-1,0.27568]
[111,S,0.211022,10,AT,564,438.166,0.129763,-1,0.129763]
[112,S,0.212117,10,TA,23,441.702,0.177399,-1,0.177399]
[113,S,0.214413,10,TG,670,441.71,0.149768,-1,0.149768]
[114,S,0.215371,10,GA,445,442.366,0.412793,-1,0.412793]
[115,S,0.216557,10,TG,535,439.822,0.197805,-1,0.197805]
[116,S,0.218447,10,TC,386,440.644,0.624743,-1,0.624743]
[117,S,0.224034,10,AG,989,437.868,0.245515,-1,0.245515]
[118,S,0.224447,10,GC,583,437.169,0.124211,-1,0.124211]
[119,S,0.228595,10,TC,0,438.977,0.0323735,-1,0.0323735]
[120,S,0.228696,10,GA,423,443.121,0.131472,-1,0.131472]
[121,S,0.229224,10,AG,319,445.772,0.0974798,-1,0.0974798]
[122,S,0.230756,10,TG,84,447.016,0.0728629,-1,0.0728629]
[123,S,0.231374,10,TC,310,448.996,0.0539807,-1,0.0539807]
[124,S,0.231502,10,CT,532,451.359,0.612227,-1,0.612227]
[125,S,0.23686,10,CG,760,448.693,0.357287,-1,0.357287]
[126,S,0.23855,10,AT,67,448.449,0.887817,-1,0.887817]
[127,S,0.243616,10,TG,859,444.166,0.272114,-1,0.272114]
[128,S,0.245529,10,GA,965,443.36,0.203299,-1,0.203299]
[129,S,0.246049,10,GT,736,444.88,0.0928388,-1,0.0928388]
[130,S,0.248522,10,AC,872,447.334,0.304386,-1,0.304386]
[131,S,0.258399,10,GA,376,447.086,0.211487,-1,0.211487]
[132,S,0.261802,10,AC,423,448.4,0.778167,-1,0.778167]
[133,S,0.262354,10,CG,193,443.028,0.34159,-1,0.34159]
[134,S,0.265831,10,TG,370,441.858,0.293507,-1,0.293507]
[135,S,0.267736,10,CA,608,440.743,0.122379,-1,0.122379]
[136,S,0.269721,10,TA,521,442.874,0.479676,-1,0.479676]
[137,S,0.273183,10,GC,562,440.786,1.59761,-1,1.59761]
[138,S,0.273461,10,AG,22,430.776,0.105804,-1,0.105804]
[139,S,0.274468,10,TC,567,434.51,0.0519843,-1,0.0519843]
[140,S,0.279417,10,GC,292,438.282,0.148248,-1,0.148248]
[141,S,0.279717,10,AT,676,440.36,0.499784,-1,0.499784]
[142,S,0.284755,10,GA,466,439.327,0.0679468,-1,0.0679468]
[143,S,0.285648,10,AC,267,442.348,0.102746,-1,0.102746]
[144,S,0.286312,10,CA,922,443.9,0.0982,-1,0.0982]
[145,S,0.287428,10,TG,874,445.833,0.590043,-1,0.590043]
[146,S,0.287809,10,GT,311,443.855,0.658877,-1,0.658877]
[147,S,0.291056,10,TG,985,441.962,0.295131,-1,0.295131]
[148,S,0.298832,10,TG,824,441.885,0.739673,-1,0.739673]
[149,S,0.299283,10,GA,817,437.095,0.258414,-1,0.258414]
[150,S,0.301442,10,CG,51,436.96,0.0811037,-1,0.0811037]
[151,S,0.302055,10,CT,24,442.267,0.590626,-1,0.590626]
[152,S,0.305776,10,TG,432,437.655,0.451232,-1,0.451232]
[153,S,0.311388,10,GA,373,435.959,0.074471,-1,0.074471]
[154,S,0.312147,10,AT,975,439.64,0.0596729,-1,0.0596729]
[155,S,0.312852,10,AC,904,442.155,0.226348,-1,0.226348]
[156,S,0.315136,10,GA,585,442.762,1.34449,-1,1.34449]
[157,S,0.315667,10,GC,664,434.971,0.406569,-1,0.406569]
[158,S,0.316083,10,GC,130,433.523,0.106508,-1,0.106508]
[159,S,0.318711,10,TG,358,435.056,0.0590902,-1,0.0590902]
[160,S,0.319299,10,TG,937,437.542,0.125542,-1,0.125542]
[161,S,0.320605,10,TG,323,439.51,0.217731,-1,0.217731]
[162,S,0.328606,10,TC,359,440.154,0.279051,-1,0.279051]
[163,S,0.334347,10,GT,985,439.287,0.209723,-1,0.209723]
[164,S,0.338178,10,TA,374,439.364,0.177484,-1,0.177484]
[165,S,0.338951,10,TG,810,439.395,0.120081,-1,0.120081]
[166,S,0.343231,10,GA,358,441.495,0.694549,-1,0.694549]
[167,S,0.347487,10,CG,53,439.098,0.792413,-1,0.792413]
[168,S,0.347971,10,GA,305,433.009,0.213337,-1,0.213337]
[169,S,0.350697,10,GT,152,432.045,0.0196743,-1,0.0196743]
[170,S,0.352181,10,AT,544,436.721,0.218974,-1,0.218974]
[171,S,0.353477,10,AT,598,438.014,0.0572836,-1,0.0572836]
[172,S,0.35688,10,AG,501,441.722,0.154276,-1,0.154276]
[173,S,0.358729,10,CG,905,442.475,0.568436,-1,0.568436]
[174,S,0.359239,10,AC,449,439.564,0.596747,-1,0.596747]
[175,S,0.363775,10,CG,467,437.234,0.491836,-1,0.491836]
[176,S,0.365805,10,TA,500,435.066,0.0914738,-1,0.0914738]
[177,S,0.369901,10,CG,577,437.751,0.943319,-1,0.943319]
[178,S,0.370718,10,AG,148,433.789,0.337542,-1,0.337542]
[179,S,0.37392,10,GA,937,431.825,0.312658,-1,0.312658]
[180,S,0.376048,10,CG,851,432.286,0.117148,-1,0.117148]
[181,S,0.379947,10,GC,790,434.533,0.107682,-1,0.107682]
[182,S,0.380079,10,CG,553,437.123,0.455048,-1,0.455048]
[183,S,0.38547,10,GA,211,435.499,0.15407,-1,0.15407]
[184,S,0.39198,10,GC,415,436.649,0.344447,-1,0.344447]
[185,S,0.392459,10,GC,617,435.309,0.0528798,-1,0.0528798]
[186,S,0.392817,10,CT,136,438.292,0.43551,-1,0.43551]
[187,S,0.393605,10,GT,51,436.707,0.310893,-1,0.310893]
[188,S,0.393746,10,CA,853,436.386,0.362416,-1,0.362416]
[189,S,0.393785,10,GT,353,435.439,0.309161,-1,0.309161]
[190,S,0.397799,10,AC,505,435.204,0.198255,-1,0.198255]
[191,S,0.397885,10,TC,120,436.164,0.229771,-1,0.229771]
[192,S,0.399074,10,TC,502,436.218,0.465811,-1,0.465811]
[193,S,0.402304,10,CT,567,434.464,0.703137,-1,0.703137]
[194,S,0.405096,10,TG,16,430.693,0.0417043,-1,0.0417043]
[195,S,0.405386,10,AT,996,434.143,0.932934,-1,0.932934]
[196,S,0.406987,10,TG,152,427.911,1.00238,-1,1.00238]
[197,S,0.410254,10,TA,910,423.851,0.273211,-1,0.273211]
[198,S,0.412221,10,AT,270,424.248,0.891723,-1,0.891723]
[199,S,0.414213,10,GT,244,420.217,0.236798,-1,0.236798]
[200,S,0.414412,10,AG,554,420.243,0.253441,-1,0.253441]
[201,S,0.41518,10,AG,864,419.733,0.397801,-1,0.397801]
[202,S,0.41606,10,AT,336,418.264,0.159254,-1,0.159254]
[203,S,0.41723,10,TA,63,420.471,0.10374,-1,0.10374]
[204,S,0.419066,10,CT,789,421.648,0.0345747,-1,0.0345747]
[205,S,0.425829,10,TA,801,425.429,0.21834,-1,0.21834]
[206,S,0.42661,10,AC,622,426.299,0.0848869,-1,0.0848869]
[207,S,0.429885,10,GA,484,429.45,0.421345,-1,0.421345]
[208,S,0.43132,10,AG,379,427.675,0.258477,-1,0.258477]
[209,S,0.433595,10,GT,850,427.919,0.53227,-1,0.53227]
[210,S,0.437588,10,GT,964,425.643,0.724372,-1,0.724372]
[211,S,0.438391,10,TG,247,422.543,0.20928,-1,0.20928]
[212,S,0.438543,10,TC,8,422.153,0.30418,-1,0.30418]
[213,S,0.438851,10,AG,63,422.239,0.1418,-1,0.1418]
[214,S,0.442558,10,TC,972,422.872,0.591639,-1,0.591639]
[215,S,0.444591,10,TG,337,420.101,0.580601,-1,0.580601]
[216,S,0.445237,10,AG,842,416.365,0.0237126,-1,0.0237126]
[217,S,0.446494,10,GA,247,423.846,0.561833,-1,0.561833]
[218,S,0.451031,10,GT,291,422.756,0.0945888,-1,0.0945888]
[219,S,0.454736,10,TC,20,425.315,0.378432,-1,0.378432]
[220,S,0.455523,10,AC,974,425.263,0.156522,-1,0.156522]
[221,S,0.457493,10,GT,973,426.077,0.603828,-1,0.603828]
[222,S,0.457695,10,TC,336,424.035,0.139969,-1,0.139969]
[223,S,0.458165,10,TC,291,425.701,0.477483,-1,0.477483]
[224,S,0.462002,10,AC,374,422.549,0.343451,-1,0.343451]
[225,S,0.462019,10,TC,665,421.256,0.119757,-1,0.119757]
[226,S,0.462748,10,TG,739,422.448,0.315922,-1,0.315922]
[227,S,0.464742,10,AT,656,421.048,0.314089,-1,0.314089]
[228,S,0.467093,10,GA,561,420.321,0.110574,-1,0.110574]
[229,S,0.468529,10,GC,94,422.391,0.384141,-1,0.384141]
[230,S,0.470483,10,CA,238,421.132,0.215304,-1,0.215304]
[231,S,0.471983,10,GA,219,422.126,0.547823,-1,0.547823]
[232,S,0.476101,10,CT,617,418.972,0.326031,-1,0.326031]
[233,S,0.480605,10,GT,560,418.825,0.84282,-1,0.84282]
[234,S,0.482186,10,TG,617,415.649,0.582876,-1,0.582876]
[235,S,0.48721,10,TC,967,412.758,0.248037,-1,0.248037]
[236,S,0.489321,10,CG,838,412.734,0.421302,-1,0.421302]
[237,S,0.494276,10,TG,983,410.765,0.0782276,-1,0.0782276]
[238,S,0.497708,10,AT,608,413.284,0.735358,-1,0.735358]
[239,S,0.498225,10,GT,545,410.222,0.480595,-1,0.480595]
[240,S,0.505386,10,AT,190,409.119,0.0791483,-1,0.0791483]
[241,S,0.510416,10,GA,256,411.163,0.1711,-1,0.1711]
[242,S,0.511093,10,GT,307,412.881,0.571468,-1,0.571468]
[243,S,0.511967,10,AC,628,411.122,0.423875,-1,0.423875]
[244,S,0.512444,10,CG,790,409.795,0.291487,-1,0.291487]
[245,S,0.514352,10,TC,957,408.249,0.0766656,-1,0.0766656]
[246,S,0.515644,10,AG,371,410.207,0.232094,-1,0.232094]
[247,S,0.517794,10,CG,181,410.678,0.575469,-1,0.575469]
[248,S,0.520191,10,CG,664,408.693,0.527788,-1,0.527788]
[249,S,0.521294,10,CT,840,406.057,1.24536,-1,1.24536]
[250,S,0.522515,10,CT,932,398.337,0.0446988,-1,0.0446988]
[251,S,0.524363,10,TC,273,403.015,0.0362115,-1,0.0362115]
[252,S,0.526216,10,TG,75,407.359,0.050902,-1,0.050902]
[253,S,0.530645,10,AG,466,411.367,0.333454,-1,0.333454]
[254,S,0.530759,10,TC,35,410.903,0.0606291,-1,0.0606291]
[255,S,0.532861,10,AC,922,412.662,0.5101,-1,0.5101]
[256,S,0.535755,10,AT,763,410.729,0.0689403,-1,0.0689403]
[257,S,0.536455,10,TG,243,412.587,0.375959,-1,0.375959]
[258,S,0.540503,10,TA,57,411.005,0.24093,-1,0.24093]
[259,S,0.540706,10,CA,569,410.817,0.216902,-1,0.216902]
[260,S,0.548943,10,AC,589,411.072,0.336915,-1,0.336915]
[261,S,0.555173,10,TA,763,409.523,0.616743,-1,0.616743]
[262,S,0.55815,10,TA,50,407.665,0.234494,-1,0.234494]
[263,S,0.560778,10,TA,705,407.639,0.116934,-1,0.116934]
[264,S,0.562406,10,AT,90,408.74,0.0988724,-1,0.0988724]
[265,S,0.564254,10,GA,611,410.756,0.0324348,-1,0.0324348]
[266,S,0.57495,10,GT,980,414.798,0.557718,-1,0.557718]
[267,S,0.577444,10,GA,123,411.865,0.38572,-1,0.38572]
[268,S,0.579517,10,CG,188,411.103,0.109416,-1,0.109416]
[269,S,0.586676,10,GT,38,411.796,0.265707,-1,0.265707]
[270,S,0.589774,10,TA,320,411.838,0.405154,-1,0.405154]
[271,S,0.590986,10,AC,158,410.477,0.0354836,-1,0.0354836]
[272,S,0.593088,10,AG,734,414.785,0.245673,-1,0.245673]
[273,S,0.593991,10,AT,293,414.282,0.0782823,-1,0.0782823]
[274,S,0.594703,10,CT,268,417.453,0.28706,-1,0.28706]
[275,S,0.595121,10,CG,453,417.957,0.205127,-1,0.205127]
[276,S,0.60126,10,AT,894,418.221,0.231706,-1,0.231706]
[277,S,0.603149,10,AG,479,417.792,0.0398334,-1,0.0398334]
[278,S,0.606503,10,GC,215,421.646,0.117214,-1,0.117214]
[279,S,0.611228,10,CT,236,423.994,0.195724,-1,0.195724]
[280,S,0.615089,10,GA,535,424.223,0.112027,-1,0.112027]
[281,S,0.616674,10,TA,598,427.771,0.673344,-1,0.673344]
[282,S,0.619681,10,AG,416,424.064,0.1107,-1,0.1107]
[283,S,0.62415,10,GT,285,426.461,0.786291,-1,0.786291]
[284,S,0.624508,10,TG,909,423.995,0.219519,-1,0.219519]
[285,S,0.624924,10,CT,499,423.752,0.410438,-1,0.410438]
[286,S,0.624967,10,GA,290,421.627,0.406471,-1,0.406471]
[287,S,0.629416,10,CT,279,420.506,0.114617,-1,0.114617]
[288,S,0.630752,10,AC,858,422.824,0.496537,-1,0.496537]
[289,S,0.632229,10,TC,789,421.531,1.10455,-1,1.10455]
[290,S,0.636558,10,GT,854,416.705,0.510624,-1,0.510624]
[291,S,0.642988,10,CT,436,415.833,0.378919,-1,0.378919]
[292,S,0.643171,10,AG,247,414.82,0.0826324,-1,0.0826324]
[293,S,0.64495,10,TG,971,416.261,0.0858514,-1,0.0858514]
[294,S,0.664136,10,TC,637,419.068,0.125126,-1,0.125126]
[295,S,0.665293,10,CT,979,419.579,0.216676,-1,0.216676]
[296,S,0.666053,10,AC,898,420.048,0.281899,-1,0.281899]
[297,S,0.668044,10,GT,418,418.8,0.595276,-1,0.595276]
[298,S,0.669034,10,CA,661,415.861,0.159769,-1,0.159769]
[299,S,0.687585,10,AG,531,417.556,0.172757,-1,0.172757]
[300,S,0.688126,10,GT,726,417.858,0.135491,-1,0.135491]
[301,S,0.691036,10,GT,183,420.345,0.251736,-1,0.251736]
[302,S,0.693456,10,CT,813,420.811,0.308058,-1,0.308058]
[303,S,0.694033,10,CG,130,420.073,0.48601,-1,0.48601]
[304,S,0.701347,10,GC,186,418.397,0.420666,-1,0.420666]
[305,S,0.701655,10,GC,928,417.561,0.107475,-1,0.107475]
[306,S,0.702744,10,AC,729,419.032,0.760454,-1,0.760454]
[307,S,0.703931,10,CT,0,413.504,0.849075,-1,0.849075]
[308,S,0.707336,10,CA,329,409.359,0.853783,-1,0.853783]
[309,S,0.708256,10,CT,235,405.574,0.36112,-1,0.36112]
[310,S,0.708392,10,TC,736,404.616,0.0644234,-1,0.0644234]
[311,S,0.710731,10,CG,207,407.465,0.328571,-1,0.328571]
[312,S,0.713145,10,GC,278,406.861,0.641065,-1,0.641065]
[313,S,0.716353,10,AT,445,404.243,0.568255,-1,0.568255]
[314,S,0.717278,10,GA,192,402.186,0.630995,-1,0.630995]
[315,S,0.717493,10,GC,537,400.318,0.386112,-1,0.386112]
[316,S,0.719925,10,TG,410,398.253,0.0516506,-1,0.0516506]
[317,S,0.721097,10,TG,284,401.84,0.114914,-1,0.114914]
[318,S,0.722653,10,GC,129,403.033,0.518645,-1,0.518645]
[319,S,0.724263,10,CT,836,400.582,0.06706,-1,0.06706]
[320,S,0.725484,10,CG,253,403.467,0.331401,-1,0.331401]
[321,S,0.741807,10,CA,833,402.466,0.321445,-1,0.321445]
[322,S,0.742712,10,GT,396,401.292,0.151942,-1,0.151942]
[323,S,0.752773,10,GT,284,402.854,0.463651,-1,0.463651]
[324,S,0.753937,10,TG,306,401.661,0.185016,-1,0.185016]
[325,S,0.754821,10,GT,553,403.079,0.353777,-1,0.353777]
[326,S,0.755914,10,CA,505,402.543,0.329472,-1,0.329472]
[327,S,0.758936,10,GA,371,401.676,0.268804,-1,0.268804]
[328,S,0.759878,10,TC,457,401.204,0.0908658,-1,0.0908658]
[329,S,0.760306,10,CA,589,405.168,0.179497,-1,0.179497]
[330,S,0.761021,10,CT,27,406.717,0.1412,-1,0.1412]
[331,S,0.763266,10,TA,738,408.668,0.375002,-1,0.375002]
[332,S,0.764369,10,CG,636,407.481,0.394286,-1,0.394286]
[333,S,0.771604,10,TA,662,406.664,0.351187,-1,0.351187]
[334,S,0.773404,10,GA,642,405.318,0.0622196,-1,0.0622196]
[335,S,0.77364,10,TG,493,407.938,0.290792,-1,0.290792]
[336,S,0.774619,10,GC,927,407.164,0.109405,-1,0.109405]
[337,S,0.77762,10,CA,533,408.886,0.187518,-1,0.187518]
[338,S,0.77851,10,AT,256,408.685,0.420693,-1,0.420693]
[339,S,0.782196,10,CA,974,407.422,0.227929,-1,0.227929]
[340,S,0.783287,10,CT,338,407.359,0.446946,-1,0.446946]
[341,S,0.785453,10,TG,274,405.313,0.749826,-1,0.749826]
[342,S,0.789504,10,TG,112,401.851,0.0828796,-1,0.0828796]
[343,S,0.793422,10,AT,566,403.605,0.107964,-1,0.107964]
[344,S,0.794983,10,TC,27,404.91,0.404025,-1,0.404025]
[345,S,0.796912,10,TC,142,402.959,0.0482853,-1,0.0482853]
[346,S,0.79779,10,TA,375,406.077,0.0743153,-1,0.0743153]
[347,S,0.800511,10,GT,531,408.731,0.0995335,-1,0.0995335]
[348,S,0.805897,10,AC,87,412.86,0.314057,-1,0.314057]
[349,S,0.816761,10,CG,158,412.368,0.593439,-1,0.593439]
[350,S,0.820303,10,TA,843,408.405,0.405491,-1,0.405491]
[351,S,0.823385,10,GA,416,407.537,0.163411,-1,0.163411]
[352,S,0.824746,10,GT,306,409.164,0.328665,-1,0.328665]
[353,S,0.826411,10,GC,643,407.746,0.537707,-1,0.537707]
[354,S,0.829461,10,CT,595,405.801,0.262414,-1,0.262414]
[355,S,0.830435,10,TA,266,406.166,0.249658,-1,0.249658]
[356,S,0.831467,10,GC,60,407.483,0.144806,-1,0.144806]
[357,S,0.832447,10,TA,984,408.65,0.436647,-1,0.436647]
[358,S,0.835701,10,TG,726,406.574,0.219834,-1,0.219834]
[359,S,0.841017,10,TG,595,406.81,0.146607,-1,0.146607]
[360,S,0.842028,10,AG,589,407.604,0.303358,-1,0.303358]
[361,S,0.843176,10,GA,588,406.303,0.214746,-1,0.214746]
[362,S,0.844623,10,GA,739,406.731,0.158933,-1,0.158933]
[363,S,0.854655,10,AC,431,406.977,0.192058,-1,0.192058]
[364,S,0.854851,10,CT,689,407.195,0.287718,-1,0.287718]
[365,S,0.858209,10,GC,859,407.464,0.302528,-1,0.302528]
[366,S,0.858745,10,CA,548,407.532,0.0952602,-1,0.0952602]
[367,S,0.859559,10,AT,833,408.952,0.302111,-1,0.302111]
[368,S,0.860858,10,AG,711,408.961,0.320479,-1,0.320479]
[369,S,0.862753,10,TC,582,408.07,0.170692,-1,0.170692]
[370,S,0.86467,10,AT,182,408.894,0.0426416,-1,0.0426416]
[371,S,0.875096,10,GC,733,412.236,0.0933591,-1,0.0933591]
[372,S,0.876119,10,TA,964,413.761,0.0310788,-1,0.0310788]
[373,S,0.87947,10,AT,375,417.449,0.593924,-1,0.593924]
[374,S,0.880342,10,CG,39,414.794,0.415916,-1,0.415916]
[375,S,0.882401,10,GA,370,413.439,0.24171,-1,0.24171]
[376,S,0.886926,10,CT,146,413.172,0.487138,-1,0.487138]
[377,S,0.887707,10,GC,745,410.925,0.247596,-1,0.247596]
[378,S,0.890202,10,GA,935,411.071,0.756713,-1,0.756713]
[379,S,0.890259,10,AC,828,405.482,0.02515,-1,0.02515]
[380,S,0.893187,10,CT,15,409.691,0.691563,-1,0.691563]
[381,S,0.894023,10,TG,955,406.652,0.0488465,-1,0.0488465]
[382,S,0.898239,10,AT,29,412.076,0.251552,-1,0.251552]
[383,S,0.900588,10,TA,56,411.658,0.398296,-1,0.398296]
[384,S,0.900977,10,TC,114,410.475,0.0773909,-1,0.0773909]
[385,S,0.901286,10,AT,400,412.926,0.238735,-1,0.238735]
[386,S,0.902025,10,GA,252,413.372,0.0918013,-1,0.0918013]
[387,S,0.904386,10,AT,703,415.803,0.125315,-1,0.125315]
[388,S,0.908283,10,AT,500,417.986,0.44747,-1,0.44747]
[389,S,0.908651,10,TA,304,416.796,0.128343,-1,0.128343]
[390,S,0.909803,10,TG,646,419.081,0.074678,-1,0.074678]
[391,S,0.911003,10,TA,268,421.805,0.119141,-1,0.119141]
[392,S,0.912219,10,AC,59,422.912,0.295545,-1,0.295545]
[393,S,0.918881,10,AT,931,422.708,0.574669,-1,0.574669]
[394,S,0.919109,10,TG,74,420.592,0.902421,-1,0.902421]
[395,S,0.921319,10,GT,709,415.698,0.223974,-1,0.223974]
[396,S,0.925339,10,GA,490,416.563,0.0236227,-1,0.0236227]
[397,S,0.927224,10,TC,882,421.582,0.055242,-1,0.055242]
[398,S,0.932482,10,TC,821,424.998,0.149001,-1,0.149001]
[399,S,0.938607,10,CA,420,425.975,0.183946,-1,0.183946]
[400,S,0.939275,10,AG,61,426.24,0.186333,-1,0.186333]
[401,S,0.943889,10,TG,524,426.592,0.040445,-1,0.040445]
[402,S,0.955981,10,CA,706,430.54,0.182386,-1,0.182386]
[403,S,0.956787,10,CA,638,430.862,0.207013,-1,0.207013]
[404,S,0.958985,10,AG,987,432.273,0.357433,-1,0.357433]
[405,S,0.961906,10,TG,703,431.419,0.73281,-1,0.73281]
[406,S,0.96484,10,AT,623,427.552,1.04082,-1,1.04082]
[407,S,0.966572,10,GA,117,421.673,0.0506928,-1,0.0506928]
[408,S,0.969028,10,GT,124,424.663,0.408721,-1,0.408721]
[409,S,0.971809,10,GT,599,423.865,0.0324214,-1,0.0324214]
[410,S,0.972466,10,AC,332,428.583,0.0914071,-1,0.0914071]
[411,S,0.973045,10,CT,295,430.806,0.403228,-1,0.403228]
[412,S,0.978964,10,TC,591,428.447,0.0800909,-1,0.0800909]
[413,S,0.983671,10,AG,380,432.313,0.403102,-1,0.403102]
[414,S,0.984885,10,TA,184,430.847,0.843894,-1,0.843894]
[415,S,0.98489,10,TC,596,426.308,0.70649,-1,0.70649]
[416,S,0.985337,10,GA,265,422.046,0.610514,-1,0.610514]
[417,S,0.985781,10,CT,627,418.77,0.398368,-1,0.398368]
[418,S,0.986287,10,GC,72,418.051,0.345312,-1,0.345312]
[419,S,0.988785,10,TG,954,417.937,0.892478,-1,0.892478]
[420,S,0.989842,10,CA,938,411.625,0.295059,-1,0.295059]
[421,S,0.990814,10,CG,769,411.289,0.0615406,-1,0.0615406]
[422,S,0.996566,10,GA,221,413.331,0.148346,-1,0.148346]
[423,S,0.996582,10,TG,531,414.335,0.506087,-1,0.506087]
[424,S,0.999711,10,AC,612,410.206,0.394437,-1,0.394437]
[-1,X,1,10,XX,X,446.39,0,-1,0]
GUIDE_TREE_PARTITION1=(T_1:1.0,T_2:0);
