>Dataset_0
[-1,X,0,01,XX,X,100,0,0,0]
[0,S,0.0109433,10,TG,60,100,0.333333,76.3014,0.333333]
[1,S,0.0253421,10,CA,38,100,0.333333,76.2957,0.820179]
[2,S,0.0286529,10,GA,87,100,0.333333,75.2001,0.133362]
[3,S,0.040019,10,TG,42,100,0.333333,76.3027,0.333333]
[4,S,0.0633365,10,GC,92,100,0.333333,76.3183,0.846835]
[5,S,0.0931422,10,GC,42,100,0.333333,75.2261,0.869573]
[6,S,0.0950718,10,CG,70,100,0.333333,74.1237,0.900561]
[7,S,0.179163,10,AC,9,100,0.333333,72.9293,0.902646]
[8,S,0.183019,10,CT,23,100,0.333333,72.0227,1.00418]
[9,S,0.18523,10,AT,78,100,0.333333,70.7063,0.333333]
[10,S,0.192551,10,CT,59,100,0.333333,70.7199,1.0124]
[11,S,0.198514,10,GT,69,100,0.333333,69.4054,1.02251]
[12,S,0.221024,10,AG,3,100,0.333333,68.064,0.107782]
[13,S,0.224247,10,GT,74,100,0.333333,69.5965,1.06378]
[14,S,0.229187,10,AG,89,100,0.333333,68.2004,0.103972]
[15,S,0.231631,10,TG,0,100,0.333333,69.668,0.333333]
[16,S,0.238722,10,GC,60,100,0.333333,69.6909,1.08001]
[17,S,0.257519,10,AG,87,100,0.333333,68.3093,1.09114]
[18,S,0.264135,10,CA,31,100,0.333333,66.997,0.0990521]
[19,S,0.269392,10,CG,46,100,0.333333,68.5619,0.0980751]
[20,S,0.290747,10,GA,3,100,0.333333,70.1413,1.14195]
[21,S,0.295711,10,TA,53,100,0.333333,68.9185,1.18014]
[22,S,0.318308,10,GT,40,100,0.333333,67.4205,1.18938]
[23,S,0.349357,10,GT,46,100,0.333333,66.1398,0.333333]
[24,S,0.354091,10,AC,41,100,0.333333,66.6765,0.333333]
[25,S,0.360246,10,GA,76,100,0.333333,66.7729,1.3094]
[26,S,0.406599,10,TG,94,100,0.333333,65.1661,0.0839579]
[27,S,0.423021,10,AT,64,100,0.333333,68.1394,0.0772207]
[28,S,0.427522,10,GA,81,100,0.333333,70.6196,0.333333]
[29,S,0.444064,10,CT,52,100,0.333333,70.7981,1.49746]
[30,S,0.444962,10,AT,66,100,0.333333,69.5045,1.54705]
[31,S,0.449329,10,TC,57,100,0.333333,67.5404,0.0716924]
[32,S,0.466362,10,AC,26,100,0.333333,69.7268,1.56349]
[33,S,0.491142,10,AC,31,100,0.333333,68.4237,1.61899]
[34,S,0.531813,10,TC,78,100,0.333333,67.4477,1.70667]
[35,S,0.573723,10,GA,89,100,0.333333,67.3719,1.87148]
[36,S,0.576587,10,CT,57,100,0.333333,67.6899,2.07538]
[37,S,0.577218,10,GA,68,100,0.333333,65.3059,2.09082]
[38,S,0.586739,10,TC,82,100,0.333333,62.7482,2.09426]
[39,S,0.594299,10,CA,21,100,0.333333,60.7225,0.333333]
[40,S,0.642525,10,CG,5,100,0.333333,61.2117,2.19135]
[41,S,0.698133,10,TA,43,100,0.333333,62.061,0.333333]
[42,S,0.712682,10,TC,28,100,0.333333,68.3098,3.02399]
[43,S,0.728204,10,GA,94,100,0.333333,66.7269,0.333333]
[44,S,0.734242,10,GC,0,100,0.333333,69.1587,3.38607]
[45,S,0.744224,10,AC,43,100,0.333333,66.1604,0.333333]
[46,S,0.745281,10,CG,41,100,0.333333,67.8633,3.61416]
[47,S,0.776011,10,GT,91,100,0.333333,63.8481,0.0306072]
[48,S,0.809339,10,AG,21,100,0.333333,74.5176,0.333333]
[49,S,0.81689,10,AC,73,100,0.333333,84.2937,0.333333]
[50,S,0.817004,10,TC,46,100,0.333333,87.0639,5.15497]
[51,S,0.818896,10,TG,91,100,0.333333,81.3472,5.15835]
[52,S,0.850641,10,CA,43,100,0.333333,76.2064,0.333333]
[53,S,0.852558,10,TG,25,100,0.333333,89.2035,6.38406]
[54,S,0.881239,10,AC,81,100,0.333333,83.0972,6.47084]
[55,S,0.896633,10,AT,1,100,0.333333,91.4135,8.10452]
[56,S,0.89982,10,TG,54,100,0.333333,93.4486,9.35628]
