>Dataset_0
[-1,X,0,01,XX,X,428.925,0,0,0,0,1,1]
[0,S,0.00028289,10,CT,966,428.925,0.764803,529.512,4.72942,0.673339,0.108887,0]
[1,S,0.00182292,10,GC,891,424.61,0.392051,523.78,2.42513,0.673408,0.108864,0]
[2,S,0.00348871,10,TG,745,423.625,0.673943,526.078,4.22265,0.676221,0.107926,0]
[3,S,0.00381415,10,AC,913,419.485,0.573056,520.717,3.60634,0.677182,0.107606,0]
[4,S,0.00541644,10,GC,906,416.751,0.24062,518.062,0.24062,0.106794,0.106794,0]
[5,S,0.00894565,10,CG,59,416.282,0.461002,520.976,2.96011,0.681564,0.106145,0]
[6,S,0.0132425,10,TC,579,414.456,0.447267,517.081,2.88673,0.682679,0.105774,0]
[7,S,0.0150067,10,CA,502,412.585,0.298875,513.511,0.298875,0.105082,0.105082,0]
[8,S,0.0180346,10,GA,786,411.4,0.244294,515.897,1.603,0.68625,0.104583,0]
[9,S,0.0187072,10,CG,804,411.108,0.838615,516.089,0.126971,0.104115,0.687656,0]
[10,S,0.0187811,10,GT,473,405.774,0.649208,511.313,4.29445,0.687984,0.104005,0]
[11,S,0.0232831,10,GA,933,403.088,0.305675,511.465,0.0455489,0.102977,0.691069,0]
[12,S,0.0271397,10,TG,950,402.834,0.143025,517.343,0.971735,0.693695,0.102102,0]
[13,S,0.029014,10,CA,327,403.993,0.278819,517.654,0.278819,0.101746,0.101746,0]
[14,S,0.0298002,10,AC,64,404.442,0.150809,517.95,1.02872,0.694542,0.101819,0]
[15,S,0.0343124,10,GT,876,405.799,0.630841,518.363,0.630841,0.101843,0.101843,0]
[16,S,0.0348402,10,AC,484,402.872,0.452646,516.126,3.09107,0.694777,0.101741,0]
[17,S,0.0360145,10,GT,171,401.926,0.272276,516.351,0.272276,0.101139,0.101139,0]
[18,S,0.0392427,10,TG,746,403.547,0.6264,517.328,4.33115,0.697408,0.100864,0]
[19,S,0.0412906,10,TC,942,401.658,0.140055,511.98,0.967677,0.697254,0.100915,0]
[20,S,0.0414683,10,GA,58,402.196,0.111325,514.405,0.774949,0.698829,0.10039,0]
[21,S,0.0429745,10,AG,264,404.607,0.219892,514.595,1.52876,0.698564,0.100479,0]
[22,S,0.0435055,10,GC,178,404.909,0.238996,511.426,0.0345426,0.100818,0.697547,0]
[23,S,0.0492936,10,TC,100,404.959,0.343609,511.242,2.37689,0.697503,0.100832,0]
[24,S,0.0565991,10,TG,221,403.994,0.32734,508.448,2.27915,0.698875,0.100375,0]
[25,S,0.05998,10,CA,658,403.054,0.242245,509.954,1.70542,0.701196,0.0996012,0]
[26,S,0.0608751,10,TC,80,403.144,0.140772,511.247,0.99748,0.702551,0.0991495,0]
[27,S,0.0616042,10,TG,387,404.263,0.327736,511.671,0.327736,0.0990939,0.0990939,0]
[28,S,0.0628422,10,TA,158,403.532,0.220498,510.719,1.56024,0.702262,0.099246,0]
[29,S,0.0660298,10,CA,949,404.451,0.365982,512.221,2.59856,0.702978,0.0990075,0]
[30,S,0.0704653,10,GA,491,403.388,0.108757,509.953,0.773161,0.703236,0.0989214,0]
[31,S,0.070627,10,TG,154,405.217,0.532181,512.734,3.814,0.70492,0.0983599,0]
[32,S,0.0743899,10,GA,482,402.97,0.337077,508.422,2.40428,0.70393,0.09869,0]
[33,S,0.0744709,10,CA,370,401.837,0.272932,507.529,1.96733,0.706117,0.097961,0]
[34,S,0.076486,10,AC,437,401.947,0.0874737,505.444,0.632527,0.706775,0.0977416,0]
[35,S,0.0796746,10,AG,783,403.803,0.0746722,509.048,0.541083,0.707206,0.0975979,0]
[36,S,0.0797775,10,GT,235,406.017,0.0707869,509.894,0.512288,0.706947,0.0976845,0]
[37,S,0.085829,10,GT,151,408.891,0.52278,514.198,3.7613,0.705732,0.0980893,0]
[38,S,0.0864602,10,CG,760,407.468,0.418148,509.939,3.007,0.705629,0.0981237,0]
[39,S,0.0880551,10,TC,97,406.16,0.0433279,507.996,0.313006,0.706576,0.097808,0]
[40,S,0.0897719,10,GT,639,411.065,0.324381,517.383,2.35611,0.707699,0.0974335,0]
[41,S,0.0901852,10,TC,420,410.298,0.254921,507.831,1.83123,0.705406,0.0981979,0]
[42,S,0.0922494,10,CT,389,410.213,0.833418,506.193,6.00208,0.705933,0.0980222,0]
[43,S,0.0939384,10,CT,363,405.881,0.434802,498.605,3.13983,0.706495,0.0978349,0]
[44,S,0.094368,10,CG,66,404.351,0.567381,499.242,4.15348,0.709315,0.0968951,0]
[45,S,0.0947461,10,TA,107,402.787,0.156544,496.32,1.15131,0.710271,0.0965763,0]
[46,S,0.0962605,10,TC,600,403.693,0.160971,496.987,1.18943,0.711235,0.0962551,0]
[47,S,0.0991526,10,AG,143,404.701,0.228268,497.627,0.228268,0.0962979,0.0962979,0]
[48,S,0.0996212,10,GC,381,405.519,0.0511943,498.421,0.00692734,0.0962447,0.711266,0]
[49,S,0.101491,10,CA,229,409.99,0.251272,504.164,1.85391,0.71093,0.0963567,0]
[50,S,0.103548,10,CG,984,410.975,0.259482,499.388,1.896,0.708932,0.0970228,0]
[51,S,0.104238,10,TC,876,410.262,0.26056,492.146,0.26056,0.097031,0.097031,0]
[52,S,0.104332,10,TC,922,409.848,0.62697,492.948,0.62697,0.0968428,0.0968428,0]
[53,S,0.107298,10,CT,457,407.559,0.276309,491.942,2.02671,0.709723,0.0967591,0]
[54,S,0.11099,10,TG,861,407.548,0.111024,494.336,0.822321,0.711724,0.0960919,0]
[55,S,0.111334,10,CT,234,408.407,0.260707,496.708,1.93979,0.712657,0.0957808,0]
[56,S,0.114184,10,AT,98,408.381,0.523501,489.947,3.88782,0.712273,0.0959089,0]
[57,S,0.115638,10,TG,791,405.74,0.479574,485.889,3.57435,0.713006,0.0956647,0]
[58,S,0.11667,10,CG,381,405.114,0.707843,484.706,5.32268,0.714817,0.0950609,0]
[59,S,0.117495,10,CG,930,400.644,0.382819,479.287,2.88717,0.71542,0.09486,0]
[60,S,0.119433,10,CA,455,399.702,0.44568,480.726,3.40564,0.718083,0.0939722,0]
[61,S,0.119597,10,AG,895,397.337,0.32736,478.819,2.51395,0.719087,0.0936378,0]
[62,S,0.1198,10,CT,695,396.762,0.27452,479.404,0.27452,0.0931895,0.0931895,0]
[63,S,0.120852,10,CT,859,396.457,0.110656,478.064,0.857027,0.7208,0.0930668,0]
[64,S,0.125336,10,GA,294,399.031,0.102183,480.141,0.102183,0.0929232,0.0929232,0]
[65,S,0.126387,10,AT,111,401.407,0.210053,487.9,0.210053,0.0930223,0.0930223,0]
[66,S,0.127225,10,CA,613,402.571,0.098208,486.352,0.757206,0.719894,0.0933687,0]
[67,S,0.134499,10,GA,511,405.253,0.108781,487.064,0.836963,0.719468,0.0935105,0]
[68,S,0.13572,10,CG,178,406.323,0.261336,488.522,2.01451,0.719849,0.0933837,0]
[69,S,0.137103,10,CG,231,406.272,0.270328,488.233,2.08104,0.719579,0.0934735,0]
[70,S,0.144853,10,CG,439,405.701,0.552176,488.973,4.25877,0.719959,0.0933471,0]
[71,S,0.14496,10,CG,193,404.502,0.184562,488.255,1.43974,0.722244,0.0925855,0]
[72,S,0.145698,10,CT,614,404.813,0.426782,487.578,3.34045,0.722917,0.092361,0]
[73,S,0.145885,10,AG,129,402.367,0.121645,483.591,0.01554,0.0923542,0.722937,0]
[74,S,0.147109,10,GA,446,403.537,0.273125,488.999,2.15265,0.724304,0.0918986,0]
[75,S,0.150345,10,AG,400,403.838,0.188585,486.267,1.48397,0.723985,0.092005,0]
[76,S,0.150929,10,GT,254,404.716,0.476657,485.649,3.7633,0.724649,0.0917836,0]
[77,S,0.151116,10,AT,884,403.159,0.272368,481.327,0.272368,0.091891,0.091891,0]
[78,S,0.156539,10,GA,493,403.225,0.0629282,482.534,0.0629282,0.0915962,0.0915962,0]
[79,S,0.157443,10,AT,330,407.507,0.122362,489.268,0.975399,0.726563,0.0911457,0]
[80,S,0.161622,10,GC,945,408.768,0.183441,486.629,1.44727,0.724507,0.091831,0]
[81,S,0.164297,10,AT,479,410.752,0.257862,489.306,2.03859,0.724916,0.0916947,0]
[82,S,0.165646,10,GC,77,410.948,0.276897,486.478,2.18516,0.724558,0.0918139,0]
[83,S,0.166632,10,AG,106,411.234,0.118746,484.397,0.938259,0.724806,0.0917315,0]
[84,S,0.170227,10,CG,61,413.609,0.4276,492.398,0.4276,0.0916963,0.0916963,0]
[85,S,0.171652,10,GC,666,411.114,0.284897,488.887,2.24875,0.724599,0.0918002,0]
[86,S,0.173144,10,TG,108,410.521,0.858128,489.062,6.83089,0.726283,0.0912391,0]
[87,S,0.177888,10,CG,80,405.08,0.228334,472.981,0.0285833,0.0910052,0.726984,0]
[88,S,0.17801,10,CA,89,404.631,0.124881,481.201,0.0153116,0.0896382,0.731086,0]
[89,S,0.180735,10,AG,911,404.924,0.182286,483.612,1.48875,0.731354,0.0895486,0]
[90,S,0.181346,10,GC,295,405.565,0.413984,483.189,3.39061,0.731908,0.089364,0]
[91,S,0.184951,10,TC,542,403.997,0.310216,476.675,2.53842,0.73173,0.0894233,0]
[92,S,0.185723,10,TG,534,404.303,0.122964,480.563,0.122964,0.0888357,0.0888357,0]
[93,S,0.185954,10,TA,291,406.086,0.352882,485.885,0.352882,0.0888222,0.0888222,0]
[94,S,0.186073,10,GA,431,404.968,0.0622715,477.595,0.511971,0.732658,0.0891139,0]
[95,S,0.186797,10,TA,304,407.679,0.390757,483.415,3.22279,0.733276,0.0889081,0]
[96,S,0.188331,10,GT,521,406.764,0.10205,478.844,0.836398,0.732045,0.0893182,0]
[97,S,0.192781,10,TC,1,407.753,0.183641,482.844,1.51189,0.732926,0.0890248,0]
[98,S,0.19942,10,TA,927,408.499,0.232203,481.938,1.91807,0.733578,0.0888074,0]
[99,S,0.199527,10,GT,506,409.272,0.315706,484.288,2.6261,0.73494,0.0883534,0]
[100,S,0.202644,10,AG,831,409.677,0.207305,483.933,0.207305,0.0884772,0.0884772,0]
[101,S,0.203965,10,AG,541,410.166,0.579713,488.688,0.579713,0.088272,0.088272,0]
[102,S,0.206067,10,TC,18,406.942,0.142453,487.16,0.142453,0.0882393,0.0882393,0]
[103,S,0.207468,10,GA,218,407.737,0.570594,492.999,4.80934,0.737502,0.0874993,0]
[104,S,0.208079,10,CG,906,406.437,0.25962,487.677,0.25962,0.0875124,0.0875124,0]
[105,S,0.211985,10,GT,538,406.947,0.654605,489.411,5.54009,0.738294,0.0872352,0]
[106,S,0.215009,10,GA,0,404.587,0.227051,484.885,0.227051,0.0869776,0.0869776,0]
[107,S,0.223106,10,CA,45,404.53,0.193293,488.732,1.65974,0.741082,0.0863061,0]
[108,S,0.224351,10,AT,480,405.407,0.613601,494.853,0.613601,0.0855799,0.0855799,0]
[109,S,0.224436,10,AC,856,403.391,0.347529,491.114,3.01645,0.743144,0.0856185,0]
[110,S,0.22525,10,AG,681,401.981,0.250057,489.245,2.18243,0.744196,0.085268,0]
[111,S,0.225305,10,AG,303,401.876,0.230355,488.122,2.02041,0.745133,0.0849557,0]
[112,S,0.226475,10,AT,294,401.526,0.0988724,486.556,0.867508,0.745202,0.0849328,0]
[113,S,0.229657,10,CG,410,403.505,0.328262,490.185,2.88761,0.745691,0.0847698,0]
[114,S,0.233862,10,GA,534,403.163,0.592471,487.194,5.20729,0.745528,0.084824,0]
[115,S,0.234111,10,TC,685,400.776,0.150047,481.027,1.32784,0.746824,0.0843921,0]
[116,S,0.235359,10,TG,689,401.039,0.195475,483.634,1.74161,0.748103,0.0839657,0]
[117,S,0.240156,10,GA,176,402.354,0.645153,484.441,5.75413,0.748302,0.0838995,0]
[118,S,0.241259,10,AC,894,400.167,0.294943,479.339,2.63921,0.748916,0.0836947,0]
[119,S,0.241937,10,CA,239,399.261,0.181031,477.459,1.63204,0.750317,0.0832276,0]
[120,S,0.242732,10,TA,669,399.436,0.374085,478.984,3.38402,0.750957,0.0830144,0]
[121,S,0.243065,10,TC,217,398.305,0.286516,474.919,2.59357,0.75108,0.0829733,0]
[122,S,0.243121,10,TA,813,397.706,0.25232,474.253,0.25232,0.0827528,0.0827528,0]
[123,S,0.243282,10,AG,495,398.193,0.371344,474.885,0.371344,0.0826466,0.0826466,0]
[124,S,0.243528,10,AG,46,395.256,0.353103,465.398,3.20962,0.751856,0.0827145,0]
[125,S,0.243836,10,TA,649,394.528,0.169619,464.042,1.55472,0.753411,0.0821964,0]
[126,S,0.244695,10,GC,63,395.466,0.197256,466.423,1.81245,0.753862,0.0820459,0]
[127,S,0.245234,10,TG,847,395.881,0.23683,465.539,2.17315,0.753614,0.0821286,0]
[128,S,0.249006,10,AG,302,396.578,0.465059,464.083,4.26584,0.753547,0.0821511,0]
[129,S,0.252485,10,GC,541,396.14,0.345312,461.841,3.17858,0.754198,0.0819339,0]
[130,S,0.252592,10,GT,35,395.613,0.275248,460.67,2.54942,0.755347,0.081551,0]
[131,S,0.253512,10,GT,632,395.275,0.349605,458.886,3.2433,0.755641,0.0814529,0]
[132,S,0.255386,10,TA,84,394.509,0.0893637,456.164,0.830899,0.756057,0.0813144,0]
[133,S,0.257088,10,CT,590,397.424,0.339696,466.242,3.1737,0.756942,0.0810192,0]
[134,S,0.258204,10,CT,454,396.665,0.2587,462.905,2.40377,0.755933,0.0813556,0]
[135,S,0.268652,10,AG,803,396.753,0.304184,461.59,0.304184,0.081129,0.081129,0]
[136,S,0.270267,10,TG,215,396.586,0.119216,466.729,0.119216,0.0802079,0.0802079,0]
[137,S,0.271274,10,GA,298,397.393,0.0715576,469.486,0.679405,0.759895,0.080035,0]
[138,S,0.273758,10,GC,93,401.182,0.203169,474.678,0.203169,0.0800778,0.0800778,0]
[139,S,0.277006,10,GC,143,400.954,0.149621,470.271,1.41031,0.758568,0.0804772,0]
[140,S,0.283568,10,CG,204,402.504,0.0332888,471.271,0.00351245,0.080145,0.759565,0]
[141,S,0.285495,10,GA,322,409.635,0.486933,483.33,4.64109,0.760599,0.0798003,0]
[142,S,0.290183,10,TA,75,408.253,0.0628833,474.073,0.589823,0.757667,0.0807778,0]
[143,S,0.294659,10,TG,94,410.85,0.339105,482.533,3.21505,0.759634,0.0801218,0]
[144,S,0.297362,10,AG,646,409.572,0.387357,479.635,3.67246,0.759631,0.080123,0]
[145,S,0.300281,10,AC,89,408.951,0.439384,480.126,4.19708,0.760998,0.0796674,0]
[146,S,0.307969,10,TC,57,408.137,0.561441,478.676,0.0584173,0.0792967,0.76211,0]
[147,S,0.308478,10,GA,921,405.506,0.177622,484.295,1.73125,0.764647,0.0784509,0]
[148,S,0.310029,10,TG,513,406.009,0.400445,487.689,3.93346,0.76604,0.0779866,0]
[149,S,0.311433,10,GT,806,405.298,0.228997,485.318,2.2518,0.766234,0.077922,0]
[150,S,0.311704,10,GA,982,406.278,0.319875,486.488,0.0323971,0.0776786,0.766964,0]
[151,S,0.311952,10,AT,236,406.434,0.0585233,493.982,0.0585233,0.0778084,0.0778084,0]
[152,S,0.312168,10,CT,325,411.759,0.339635,502.545,3.34603,0.76657,0.0778099,0]
[153,S,0.313898,10,CT,199,410.469,0.188169,494.344,1.82863,0.764114,0.0786286,0]
[154,S,0.314333,10,CG,809,412.831,0.674875,494.45,6.59852,0.76521,0.0782632,0]
[155,S,0.31714,10,TA,742,409.319,0.119607,484.828,1.16304,0.764221,0.0785929,0]
[156,S,0.317423,10,AC,65,410.456,0.127373,490.825,1.25553,0.766666,0.0777781,0]
[157,S,0.321806,10,GA,790,411.47,0.401842,488.511,3.95094,0.766211,0.0779296,0]
[158,S,0.323803,10,GA,503,410.042,0.248127,485.843,0.248127,0.0776744,0.0776744,0]
[159,S,0.325363,10,AT,292,411.301,0.421906,491.723,4.19491,0.76821,0.0772632,0]
[160,S,0.325675,10,CA,970,409.6,0.378457,482.423,3.75985,0.768065,0.0773116,0]
[161,S,0.327744,10,AG,531,408.769,0.186384,478.543,1.86086,0.768947,0.0770177,0]
[162,S,0.329309,10,CT,44,409.074,0.248414,479.406,2.49382,0.769921,0.0766931,0]
[163,S,0.332848,10,CT,118,409.117,0.144646,477.223,1.45457,0.770222,0.0765925,0]
[164,S,0.33561,10,CG,657,411.296,0.328467,481.256,3.32157,0.771208,0.0762641,0]
[165,S,0.336614,10,TG,695,410.836,0.120667,477.134,1.2187,0.770987,0.0763376,0]
[166,S,0.337896,10,TA,88,412.904,0.210531,478.931,2.13233,0.771486,0.0761713,0]
[167,S,0.33871,10,GT,571,414.539,0.214783,477.609,2.16818,0.7709,0.0763665,0]
[168,S,0.346741,10,GC,204,415,0.840476,473.795,8.4596,0.770383,0.0765389,0]
[169,S,0.351795,10,GA,580,407.461,0.0431791,467.359,0.439828,0.772488,0.0758372,0]
[170,S,0.352703,10,AG,467,410.67,0.0428818,482.77,0.449216,0.777377,0.0742077,0]
[171,S,0.353585,10,TG,465,413.187,0.76829,487.323,7.99291,0.776178,0.0746074,0]
[172,S,0.356398,10,TG,236,410.054,0.837067,475.772,8.66416,0.775291,0.0749029,0]
[173,S,0.356682,10,TA,608,404.635,0.822768,469.809,8.62631,0.777522,0.0741593,0]
[174,S,0.364734,10,AC,637,402.449,0.137346,465.71,1.4614,0.780062,0.0733125,0]
[175,S,0.365535,10,GC,343,405.214,0.271569,479.589,2.94588,0.783357,0.0722145,0]
[176,S,0.366411,10,GT,274,405.486,0.145774,474.919,1.57187,0.782339,0.0725535,0]
[177,S,0.370749,10,TG,802,407.166,0.375029,473.39,4.04699,0.782469,0.0725103,0]
[178,S,0.371394,10,AG,982,406.124,0.191127,471.164,2.06853,0.782968,0.0723442,0]
[179,S,0.371914,10,TA,644,405.968,0.255163,463.43,2.77222,0.78362,0.0721267,0]
[180,S,0.373019,10,AC,0,405.788,0.183561,461.188,1.99689,0.78384,0.0720533,0]
[181,S,0.373305,10,GA,87,407.249,0.648712,459.767,0.648712,0.07192,0.07192,0]
[182,S,0.374091,10,TC,299,402.636,0.762167,447.523,8.28302,0.78367,0.0721099,0]
[183,S,0.375526,10,CT,944,396.926,0.612227,443.073,6.74425,0.785958,0.0713474,0]
[184,S,0.377619,10,TA,706,394.303,0.191927,441.553,2.15209,0.788927,0.0703577,0]
[185,S,0.379175,10,AT,687,394.799,0.25767,440.894,2.9203,0.7907,0.0697667,0]
[186,S,0.379453,10,CA,582,394.617,0.286199,438.031,3.24795,0.79092,0.0696933,0]
[187,S,0.381005,10,TG,526,394.03,0.158185,436.573,1.79692,0.791081,0.0696397,0]
[188,S,0.382021,10,AT,503,394.74,0.59249,436.146,6.75925,0.791785,0.0694049,0]
[189,S,0.383932,10,AT,683,390.412,0.30707,423.263,3.50252,0.791757,0.0694142,0]
[190,S,0.385681,10,GT,695,389.989,0.449371,424.239,0.0388068,0.0685886,0.794234,0]
[191,S,0.39065,10,CG,770,387.92,0.27935,424.701,3.24838,0.794919,0.0683605,0]
[192,S,0.39087,10,CA,622,388.184,0.46178,425.844,5.44732,0.797247,0.0675843,0]
[193,S,0.393057,10,GT,423,386.519,0.142145,420.091,0.142145,0.0676026,0.0676026,0]
[194,S,0.393141,10,TA,294,387.041,0.519103,425.906,0.0436511,0.0671497,0.798551,0]
[195,S,0.393973,10,CA,11,385.384,0.124424,428.171,1.47775,0.798343,0.0672191,0]
[196,S,0.402017,10,GT,81,386.652,0.332574,433.266,3.97381,0.799313,0.0668956,0]
[197,S,0.406264,10,CT,286,385.54,0.195951,442.284,2.36664,0.801031,0.0663229,0]
[198,S,0.408574,10,GT,906,385.988,0.0115667,442.83,0.141198,0.802725,0.0657582,0]
[199,S,0.410093,10,AC,291,395.424,0.223239,451.104,2.73308,0.803186,0.0656045,0]
[200,S,0.413347,10,GC,522,395.46,0.607712,440.611,7.27097,0.799526,0.0668248,0]
[201,S,0.41466,10,CG,996,393.201,0.353068,435.022,4.24885,0.800453,0.0665155,0]
[202,S,0.417043,10,GC,22,393.228,0.0598512,432.263,0.0598512,0.0660644,0.0660644,0]
[203,S,0.41998,10,CT,854,397.718,0.0998442,446.009,1.21698,0.802485,0.0658382,0]
[204,S,0.423402,10,TG,830,399.963,0.201368,445.43,2.438,0.801418,0.0661938,0]
[205,S,0.423905,10,CA,711,400.19,0.0832223,450.733,1.00789,0.801467,0.0661776,0]
[206,S,0.424417,10,AG,187,403.229,0.178706,450.989,2.16499,0.801519,0.0661603,0]
[207,S,0.425126,10,AC,74,403.055,0.184716,446.332,2.22193,0.800385,0.0665384,0]
[208,S,0.425172,10,AG,300,404.358,0.352146,446.88,0.352146,0.066444,0.066444,0]
[209,S,0.425702,10,CA,237,403.527,0.469364,444.116,5.63702,0.800132,0.0666227,0]
[210,S,0.429342,10,GA,38,401.907,0.263683,438.954,3.17689,0.80064,0.0664535,0]
[211,S,0.434199,10,CA,392,401.886,0.232426,439.459,2.83144,0.802399,0.0658669,0]
[212,S,0.437664,10,CA,289,402.1,0.261726,439.398,3.21772,0.803848,0.0653841,0]
[213,S,0.438813,10,CT,905,401.668,0.471256,437.778,5.82844,0.804788,0.0650707,0]
[214,S,0.440143,10,AC,581,397.1,0.216731,437.623,2.68943,0.805309,0.0648969,0]
[215,S,0.444821,10,GA,656,398.304,0.521107,437.662,0.0413813,0.0641322,0.807603,0]
[216,S,0.448408,10,TA,852,396.334,0.266312,438.391,3.37279,0.808488,0.0638374,0]
[217,S,0.451049,10,AC,96,395.464,0.286822,438.667,3.67699,0.810364,0.063212,0]
[218,S,0.452228,10,GA,903,395.085,0.75161,432.701,9.7074,0.811504,0.0628319,0]
[219,S,0.452733,10,TC,122,390.395,0.207434,422.861,2.68798,0.812009,0.0626637,0]
[220,S,0.454579,10,GC,672,390.441,0.156744,423.46,2.05907,0.814086,0.0619714,0]
[221,S,0.458058,10,CA,988,391.44,0.0847111,422.556,1.11666,0.814609,0.0617969,0]
[222,S,0.458983,10,GT,61,393.681,0.350351,423.694,4.63722,0.815224,0.0615919,0]
[223,S,0.459557,10,AG,435,392.517,0.0999322,417.379,1.31709,0.814584,0.0618053,0]
[224,S,0.462836,10,CA,256,394.107,0.255216,417.432,3.37809,0.815228,0.0615906,0]
[225,S,0.464366,10,GA,636,394.715,0.772946,415.143,10.2531,0.815554,0.0614819,0]
[226,S,0.464409,10,GC,300,390.422,0.310226,404.491,4.12087,0.815764,0.0614121,0]
[227,S,0.465867,10,CA,22,390.502,1.35394,403.881,18.1963,0.817513,0.0608289,0]
[228,S,0.465892,10,GT,530,383.414,0.250781,380.474,0.0186101,0.060696,0.817912,0]
[229,S,0.467865,10,GT,353,383.403,0.160703,389.692,2.20814,0.820794,0.0597355,0]
[230,S,0.469144,10,CG,588,383.853,0.143428,388.606,1.97856,0.821374,0.0595421,0]
[231,S,0.471835,10,GC,80,385.64,0.553425,387.347,7.64439,0.821565,0.0594782,0]
[232,S,0.473137,10,CA,114,383.754,0.322493,373.738,4.45661,0.821633,0.0594556,0]
[233,S,0.473284,10,CT,125,382.573,0.178473,370.28,2.4857,0.822775,0.0590751,0]
[234,S,0.488991,10,GT,831,383.749,0.538883,370.519,7.5321,0.823293,0.0589023,0]
[235,S,0.490084,10,GA,129,381.119,0.447018,362.662,6.43056,0.827442,0.0575194,0]
[236,S,0.495052,10,AC,592,380.406,0.33256,359.223,4.82985,0.828799,0.057067,0]
[237,S,0.497522,10,AT,604,379.759,0.0817707,357.615,1.2023,0.830541,0.0564865,0]
[238,S,0.502584,10,AT,430,383.34,0.586124,368.545,8.67833,0.83152,0.0561599,0]
[239,S,0.502752,10,GT,160,381.462,0.0256926,356.444,0.0256926,0.0561234,0.0561234,0]
[240,S,0.502898,10,CG,230,387.151,0.495988,369.961,7.39033,0.832404,0.0558652,0]
[241,S,0.514479,10,AT,602,384.928,0.492967,357.588,7.2336,0.830255,0.0565815,0]
[242,S,0.514902,10,TC,146,381.817,0.394643,356.463,5.97297,0.834575,0.0551416,0]
[243,S,0.515372,10,TG,333,379.551,0.259916,352.454,3.97133,0.83588,0.0547067,0]
[244,S,0.515506,10,AG,85,378.939,0.0736468,352.649,1.13352,0.836879,0.0543736,0]
[245,S,0.517734,10,GC,880,381.816,0.0962664,358.92,1.48462,0.837151,0.054283,0]
[246,S,0.52139,10,TA,160,384.299,1.0175,359.539,15.643,0.836726,0.0544248,0]
[247,S,0.521946,10,GC,127,378.307,0.207703,342.798,3.19702,0.836888,0.0543706,0]
[248,S,0.522051,10,TA,126,377.757,0.487566,348.445,7.63943,0.839302,0.0535661,0]
[249,S,0.524749,10,GT,394,376.63,0.244626,341.125,3.83971,0.83954,0.0534868,0]
[250,S,0.527767,10,AG,977,376.654,0.240244,339.368,3.80543,0.840763,0.053079,0]
[251,S,0.528619,10,GT,900,376.882,0.171503,344.532,2.73468,0.84165,0.0527833,0]
[252,S,0.530277,10,AG,923,377.753,0.443059,342.731,7.07367,0.841818,0.0527272,0]
[253,S,0.533002,10,AG,980,377.06,0.523791,337.839,8.37331,0.841989,0.0526705,0]
[254,S,0.533664,10,CG,922,375.121,0.379825,326.034,6.12098,0.843058,0.0523142,0]
[255,S,0.539457,10,AG,584,374.238,0.201534,323.08,3.27033,0.843971,0.0520098,0]
[256,S,0.542514,10,GA,803,374.088,0.215025,325.733,0.215025,0.0513276,0.0513276,0]
[257,S,0.543933,10,AC,803,374.044,0.291915,329.61,4.84741,0.846982,0.051006,0]
[258,S,0.545448,10,AG,195,373.71,0.00868696,324.735,0.144741,0.847421,0.0508598,0]
[259,S,0.550388,10,GC,499,384.379,0.536007,348.653,8.9706,0.847993,0.0506689,0]
[260,S,0.562602,10,CG,72,382.655,0.616736,336.945,10.1365,0.845645,0.0514517,0]
[261,S,0.562985,10,TC,828,379.791,0.224416,334.178,3.81471,0.849988,0.050004,0]
[262,S,0.568685,10,GT,824,380.696,0.327902,332.527,0.019121,0.0496307,0.851108,0]
[263,S,0.573697,10,AG,708,380.07,0.134384,338.851,2.33065,0.852531,0.0491563,0]
[264,S,0.57487,10,GC,804,381.861,0.146477,343.578,2.57618,0.854281,0.0485729,0]
[265,S,0.576169,10,GC,53,382.819,0.0234674,340.309,0.411895,0.854027,0.0486575,0]
[266,S,0.577416,10,CG,739,385.682,0.692789,342.489,12.1668,0.8541,0.0486334,0]
[267,S,0.582587,10,TC,857,381.82,0.309522,327.879,0.017708,0.04883,0.85351,0]
[268,S,0.582682,10,AT,971,381.671,0.115853,337.783,2.07308,0.856419,0.0478604,0]
[269,S,0.582688,10,CT,57,383.725,0.08274,335.624,1.48152,0.856498,0.0478339,0]
[270,S,0.584231,10,CT,367,386.496,0.147648,332.707,2.62894,0.855807,0.0480642,0]
[271,S,0.584506,10,TG,50,388.104,0.193999,331.644,3.44164,0.855356,0.0482148,0]
[272,S,0.585126,10,CT,864,388.563,0.269606,327.132,4.76547,0.854902,0.048366,0]
[273,S,0.586587,10,TA,171,389.132,0.395444,322.118,6.99203,0.854943,0.0483524,0]
[274,S,0.587273,10,CT,925,387.396,0.315346,316.591,5.58786,0.855211,0.0482631,0]
[275,S,0.587276,10,GT,72,386.633,0.244626,312.32,0.0137168,0.0479983,0.856005,0]
[276,S,0.589538,10,TC,194,386.825,1.42009,317.739,25.3784,0.85626,0.0479132,0]
[277,S,0.593798,10,TG,530,376.426,0.249221,292.026,4.47723,0.856904,0.0476987,0]
[278,S,0.595271,10,AT,576,376.436,0.353486,296.603,6.60591,0.861674,0.0461086,0]
[279,S,0.59748,10,TA,348,375.042,0.14422,290.211,2.70535,0.862123,0.0459589,0]
[280,S,0.598032,10,TA,909,375.809,0.440115,289.548,8.33563,0.863261,0.0455796,0]
[281,S,0.59929,10,TC,259,373.735,0.112244,280.197,2.12435,0.863178,0.0456073,0]
[282,S,0.600924,10,CA,18,375.514,0.553622,288.711,10.5735,0.864245,0.0452516,0]
[283,S,0.602098,10,TG,111,373.801,0.180625,280.82,0.180625,0.0452787,0.0452787,0]
[284,S,0.605623,10,AG,882,374.162,0.20442,288.601,3.93223,0.865084,0.0449721,0]
[285,S,0.605955,10,CT,857,373.751,0.198647,292.885,3.85297,0.866048,0.0446506,0]
[286,S,0.608199,10,AC,493,373.9,0.0672179,289.324,1.30641,0.866283,0.0445722,0]
[287,S,0.610419,10,GA,494,378.385,0.859105,323.968,16.7901,0.866925,0.0443583,0]
[288,S,0.615695,10,AG,20,372.289,0.245515,301.131,4.76709,0.866171,0.0446097,0]
[289,S,0.61906,10,GT,111,372.221,0.335205,303.805,0.335205,0.043418,0.043418,0]
[290,S,0.619185,10,TG,824,371.859,0.185537,299.788,3.75164,0.870803,0.0430655,0]
[291,S,0.62118,10,AT,645,372.486,0.410429,296.229,8.31031,0.870956,0.0430147,0]
[292,S,0.627348,10,AG,424,371.479,0.0834441,291.37,1.69587,0.871374,0.0428754,0]
[293,S,0.628501,10,GA,387,372.308,0.224529,292.994,4.6551,0.873592,0.0421359,0]
[294,S,0.62953,10,AT,502,373.594,0.233213,288.441,4.83953,0.873693,0.0421025,0]
[295,S,0.639112,10,TC,603,374.318,0.273351,283.361,5.66847,0.873615,0.0421284,0]
[296,S,0.643382,10,TC,884,374.125,0.42203,283.147,0.42203,0.0412066,0.0412066,0]
[297,S,0.653043,10,GC,782,372.838,0.203047,282.227,4.37459,0.877774,0.040742,0]
[298,S,0.65541,10,TC,906,372.844,0.151764,284.908,0.00682126,0.0396059,0.881182,0]
[299,S,0.65818,10,GC,134,374.286,0.46752,295.501,10.4759,0.881924,0.0393587,0]
[300,S,0.658947,10,CG,115,373.104,0.371528,285.508,8.36147,0.882379,0.0392071,0]
[301,S,0.660295,10,TA,599,371.888,0.169498,277.999,3.83616,0.882961,0.0390129,0]
[302,S,0.686287,10,CG,83,372.512,0.191753,275.607,4.37255,0.883735,0.0387551,0]
[303,S,0.686956,10,GT,495,372.961,0.804623,289.863,19.8929,0.891788,0.0360707,0]
[304,S,0.693041,10,AC,704,369.944,0.153248,269.717,3.79245,0.891881,0.0360398,0]
[305,S,0.694642,10,AG,705,370.911,0.736726,285.632,18.7635,0.894621,0.0351262,0]
[306,S,0.6949,10,TA,986,367.545,0.283771,267.152,0.283771,0.0350411,0.0350411,0]
[307,S,0.696329,10,AG,577,366.617,0.122302,269.273,3.15571,0.895843,0.0347191,0]
[308,S,0.697171,10,AT,87,369.504,0.591861,267.364,15.3861,0.896538,0.0344874,0]
[309,S,0.704265,10,CT,422,367.103,0.0995754,249.923,2.57504,0.896051,0.0346498,0]
[310,S,0.706453,10,TG,839,369.111,0.138898,275.513,0.138898,0.0336912,0.0336912,0]
[311,S,0.707072,10,AC,564,369.823,0.176265,277.977,4.71259,0.899112,0.0336295,0]
[312,S,0.717884,10,GT,331,370.366,0.331064,273.021,8.85293,0.899129,0.0336237,0]
[313,S,0.720746,10,CT,844,370.335,0.221036,272.24,6.13559,0.902465,0.0325115,0]
[314,S,0.721671,10,GT,215,370.102,0.452899,268.437,0.452899,0.0322014,0.0322014,0]
[315,S,0.722329,10,GA,839,369.295,0.0526368,265.048,1.48273,0.903751,0.0320831,0]
[316,S,0.726141,10,TG,72,371.958,0.255452,271.518,7.22971,0.904159,0.0319472,0]
[317,S,0.732264,10,TC,840,371.766,0.309236,265.467,8.81204,0.90475,0.0317499,0]
[318,S,0.734599,10,CT,906,370.576,0.383549,261.58,11.1936,0.906787,0.031071,0]
[319,S,0.741661,10,CA,285,369.134,0.134732,252.671,0.134732,0.0307252,0.0307252,0]
[320,S,0.744943,10,TC,215,370.104,0.132464,264.114,0.132464,0.0298494,0.0298494,0]
[321,S,0.745351,10,CT,756,371.417,0.1778,270.422,5.48021,0.911301,0.0295662,0]
[322,S,0.748205,10,AC,546,372.219,0.0600887,264.356,1.84838,0.91114,0.0296201,0]
[323,S,0.751334,10,AT,13,375.566,0.565657,285.205,17.5642,0.911897,0.0293678,0]
[324,S,0.754685,10,AT,294,373.735,0.0373724,267.427,1.1647,0.91219,0.0292699,0]
[325,S,0.757426,10,CA,215,377.528,0.24051,270.7,7.63912,0.913699,0.0287669,0]
[326,S,0.757538,10,CA,876,377.228,0.0856827,262.692,2.72467,0.913792,0.028736,0]
[327,S,0.759328,10,GC,932,380.69,0.0160832,260.073,0.512097,0.913893,0.0287022,0]
[328,S,0.760533,10,GC,260,385.301,0.523646,275.429,16.6436,0.913754,0.0287487,0]
[329,S,0.762526,10,GC,78,382.803,0.225949,257.469,7.12991,0.913183,0.028939,0]
[330,S,0.774558,10,AG,516,383.437,0.245673,253.134,7.87177,0.914388,0.0285375,0]
[331,S,0.780306,10,GA,262,382.954,0.180089,256.158,6.07682,0.918353,0.0272157,0]
[332,S,0.782282,10,AT,344,383.806,0.0843494,258.836,2.92653,0.920414,0.0265285,0]
[333,S,0.783903,10,AG,933,387.347,0.593289,257.22,20.7288,0.920925,0.0263582,0]
[334,S,0.786121,10,TC,585,384.173,0.171145,235.302,5.96913,0.920797,0.0264008,0]
[335,S,0.791409,10,TC,423,385.696,0.25095,233.005,8.9207,0.922174,0.0259419,0]
[336,S,0.792632,10,AC,978,386.113,0.0305938,236.327,1.11131,0.923712,0.0254293,0]
[337,S,0.793688,10,CG,547,391.135,0.732224,242.658,26.7291,0.924058,0.0253139,0]
[338,S,0.802009,10,AT,169,387.498,0.0649241,213.337,2.35106,0.923494,0.0255021,0]
[339,S,0.808791,10,TG,709,390.101,0.0886222,220.191,3.37976,0.927072,0.0243092,0]
[340,S,0.810688,10,TA,425,392.512,0.525543,221.952,20.629,0.928999,0.0236672,0]
[341,S,0.810935,10,CT,93,390.577,0.19478,196.237,7.67548,0.929255,0.0235817,0]
[342,S,0.824307,10,TG,652,392.64,0.046711,189.271,1.8525,0.929674,0.0234419,0]
[343,S,0.82647,10,GT,993,397.466,0.0599109,246.174,2.54735,0.934093,0.0219689,0]
[344,S,0.8292,10,AG,285,401.598,0.281348,264.296,11.9647,0.934104,0.0219653,0]
[345,S,0.83059,10,TG,695,401.638,0.120667,252.739,5.16052,0.93445,0.0218499,0]
[346,S,0.830599,10,GA,369,403.706,0.19835,257.988,8.55302,0.934954,0.0216822,0]
[347,S,0.831692,10,AG,994,403.506,0.626992,255.788,26.8965,0.934637,0.0217876,0]
[348,S,0.832166,10,GC,983,399.251,0.090631,229.599,3.91563,0.935071,0.0216431,0]
[349,S,0.83255,10,AG,813,402.3,0.0509796,273.535,2.23294,0.935898,0.0213672,0]
[350,S,0.837605,10,GA,421,405.155,0.349546,269.8,15.2274,0.935571,0.0214762,0]
[351,S,0.853923,10,GA,770,404.199,0.258414,259.729,0.00579075,0.0209972,0.937008,0]
[352,S,0.854165,10,CA,979,404.286,0.201932,299.165,10.0634,0.94322,0.0189266,0]
[353,S,0.854495,10,CG,981,405.198,0.968766,313.597,48.3503,0.943299,0.0189003,0]
[354,S,0.85594,10,CA,642,399.315,0.174097,264.374,8.68912,0.943299,0.0189002,0]
[355,S,0.857513,10,AG,986,399.859,0.602283,261.476,30.8229,0.944626,0.0184581,0]
[356,S,0.862592,10,AG,698,397.171,0.337784,232.192,17.4567,0.945135,0.0182882,0]
[357,S,0.865834,10,GC,766,395.775,0.302528,223.028,16.335,0.947364,0.0175454,0]
[358,S,0.869773,10,AG,656,395.603,0.0946412,211.618,5.25459,0.948736,0.0170878,0]
[359,S,0.870528,10,TA,653,398.683,1.47913,258.673,84.6873,0.950211,0.0165962,0]
[360,S,0.874557,10,AT,109,389.917,0.0302297,147.686,1.72738,0.950118,0.0166274,0]
[361,S,0.88536,10,TC,111,395.881,0.977797,210.005,59.0159,0.952649,0.0157838,0]
[362,S,0.928321,10,TG,372,388.56,0.23107,159.83,15.048,0.955962,0.0146793,0]
[363,S,0.932031,10,CT,898,388.043,0.0232837,226.442,2.48497,0.972659,0.00911362,0]
[364,S,0.933422,10,CG,884,392.728,0.216885,279.706,24.4551,0.974083,0.00863886,0]
[365,S,0.936248,10,GT,99,392.855,0.0752724,257.044,8.562,0.974303,0.00856555,0]
[366,S,0.938545,10,GC,468,395.508,0.130906,258.935,15.5508,0.975368,0.00821062,0]
[367,S,0.947449,10,TA,920,396.645,0.140697,250.429,17.2267,0.976084,0.00797207,0]
[368,S,0.947637,10,TA,654,397.5,0.028455,270.17,4.06719,0.979443,0.00685241,0]
[369,S,0.947942,10,CG,5,401.137,0.0636562,266.164,9.11189,0.979472,0.00684265,0]
[370,S,0.949512,10,TC,896,403.676,0.173728,334.026,24.786,0.979406,0.00686476,0]
[371,S,0.951019,10,AG,315,404.334,0.0974896,296.321,14.2535,0.979894,0.00670216,0]
[372,S,0.952569,10,GA,263,406.445,0.0904194,307.872,13.607,0.980454,0.00651517,0]
[373,S,0.954279,10,AG,428,408.367,0.0255276,301.87,3.94718,0.980967,0.00634421,0]
[374,S,0.956069,10,TG,427,414.353,0.569215,393.275,90.8952,0.981559,0.00614684,0]
[375,S,0.957159,10,TC,6,409.846,0.610022,309.537,99.9319,0.982016,0.0059946,0]
[376,S,0.958422,10,GT,899,407.344,0.118758,216.668,20.1734,0.982646,0.00578471,0]
[377,S,0.960502,10,AC,413,411.677,0.0727237,228.95,12.8094,0.983253,0.00558229,0]
[378,S,0.964958,10,CA,532,412.86,0.119319,224.772,21.8957,0.983915,0.00536177,0]
[379,S,0.967134,10,TA,317,413.845,0.134928,227.195,27.845,0.985671,0.00477624,0]
[380,S,0.97484,10,AG,770,415.958,0.24177,210.855,53.0852,0.986521,0.004493,0]
[381,S,0.987041,10,TA,281,416.154,0.0175651,203.243,5.01771,0.989607,0.00346425,0]
[382,S,0.987575,10,CG,335,421.069,0.0334153,545.503,18.5552,0.994626,0.00179118,0]
[383,S,0.987938,10,TG,336,426.599,0.81386,983.828,465.864,0.994786,0.00173788,0]
[384,S,0.993248,10,AG,327,420.722,0.0706061,525.003,41.0942,0.994872,0.00170934,0]
[385,S,0.993262,10,TC,282,423.591,0.30041,874.329,316.976,0.997165,0.00094505,0]
[386,S,0.994846,10,GT,690,421.114,0.0565685,554.439,59.4047,0.997151,0.000949544,0]
[387,S,0.997048,10,GT,901,424.448,0.188689,650.005,260.625,0.997833,0.000722418,0]
[388,S,0.998834,10,GC,552,423.427,0.0543368,672.707,130.038,0.998748,0.000417331,0]
[389,S,0.999225,10,GC,105,426.351,0.0646808,1375.14,392.956,0.999506,0.00016452,0]
