Taxa bit representation:
T_1 10
T_2 01
Clade List (<taxon members> = <clade name>): 

>Dataset_0
[-1,X,0,11,XX,X,1096.27,0,-1,0,0,0,0]
[-1,X,0,01,XX,X,428.925,0,-1,0,0,0,0]
[0,S,0.00250804,10,CA,455,428.925,0.219503,-1,0.219503,0,0,0]
[1,S,0.00444701,10,CT,457,429.544,0.529946,-1,0.529946,0,0,0]
[2,S,0.00565488,10,TA,281,426.55,0.0175651,-1,0.0175651,0,0,0]
[3,S,0.0125586,10,AC,602,430.75,0.400095,-1,0.400095,0,0,0]
[4,S,0.0127381,10,CA,930,430.257,0.389487,-1,0.389487,0,0,0]
[5,S,0.0130724,10,CA,996,428.954,0.165108,-1,0.165108,0,0,0]
[6,S,0.0135561,10,TC,685,430.414,0.150047,-1,0.150047,0,0,0]
[7,S,0.015204,10,TG,465,430.973,0.301892,-1,0.301892,0,0,0]
[8,S,0.017108,10,CA,232,430.547,0.0537689,-1,0.0537689,0,0,0]
[9,S,0.0185648,10,GC,880,435.331,0.0962664,-1,0.0962664,0,0,0]
[10,S,0.0193307,10,AC,581,437.094,0.0432671,-1,0.0432671,0,0,0]
[11,S,0.0211238,10,AG,435,441.411,0.0607078,-1,0.0607078,0,0,0]
[12,S,0.0211729,10,GC,213,444.035,0.163833,-1,0.163833,0,0,0]
[13,S,0.0232638,10,AG,292,444.429,0.328315,-1,0.328315,0,0,0]
[14,S,0.0254371,10,GC,876,443.244,0.648062,-1,0.648062,0,0,0]
[15,S,0.0337806,10,GA,446,440.467,0.273125,-1,0.273125,0,0,0]
[16,S,0.0344115,10,TA,145,440.768,0.941388,-1,0.941388,0,0,0]
[17,S,0.0372325,10,CG,193,438.203,0.184562,-1,0.184562,0,0,0]
[18,S,0.0387211,10,TC,492,438.515,0.0921302,-1,0.0921302,0,0,0]
[19,S,0.0393838,10,GA,921,440.253,0.123728,-1,0.123728,0,0,0]
[20,S,0.0401741,10,GA,322,441.902,0.486933,-1,0.486933,0,0,0]
[21,S,0.0457904,10,GT,506,440.537,0.315706,-1,0.315706,0,0,0]
[22,S,0.0472178,10,TA,706,439.943,0.191927,-1,0.191927,0,0,0]
[23,S,0.0484978,10,GA,903,440.439,0.257593,-1,0.257593,0,0,0]
[24,S,0.0488015,10,AC,65,439.977,0.356439,-1,0.356439,0,0,0]
[25,S,0.0520784,10,TC,97,438.852,0.0866869,-1,0.0866869,0,0,0]
[26,S,0.0554976,10,AG,467,442.168,0.207366,-1,0.207366,0,0,0]
[27,S,0.0562352,10,CG,820,442.297,0.260924,-1,0.260924,0,0,0]
[28,S,0.0611745,10,TC,6,441.428,0.0655369,-1,0.0655369,0,0,0]
[29,S,0.0635218,10,TA,922,443.637,0.301758,-1,0.301758,0,0,0]
[30,S,0.0664823,10,CG,213,444.149,0.362103,-1,0.362103,0,0,0]
[31,S,0.0674298,10,GT,151,443.756,0.202442,-1,0.202442,0,0,0]
[32,S,0.0692725,10,AG,187,445.718,0.178706,-1,0.178706,0,0,0]
[33,S,0.0714043,10,GT,254,445.544,0.476657,-1,0.476657,0,0,0]
[34,S,0.0752583,10,AT,129,443.987,0.539858,-1,0.539858,0,0,0]
[35,S,0.0778104,10,AG,895,441.802,0.32736,-1,0.32736,0,0,0]
[36,S,0.0783707,10,AC,111,441.283,0.477114,-1,0.477114,0,0,0]
[37,S,0.0814053,10,TG,427,439.363,0.0799323,-1,0.0799323,0,0,0]
[38,S,0.0833518,10,TC,228,441.019,0.183908,-1,0.183908,0,0,0]
[39,S,0.0841351,10,TG,513,442.516,0.200615,-1,0.200615,0,0,0]
[40,S,0.0851029,10,GC,63,443.21,0.259893,-1,0.259893,0,0,0]
[41,S,0.0859143,10,GA,394,442.751,0.29819,-1,0.29819,0,0,0]
[42,S,0.0872819,10,CT,502,442.239,0.240163,-1,0.240163,0,0,0]
[43,S,0.092343,10,GT,134,442.113,0.25926,-1,0.25926,0,0,0]
[44,S,0.0925356,10,AC,307,442.442,0.115788,-1,0.115788,0,0,0]
[45,S,0.0933339,10,AG,996,443.508,0.485386,-1,0.485386,0,0,0]
[46,S,0.0986572,10,TA,927,442.075,0.0183811,-1,0.0183811,0,0,0]
[47,S,0.100672,10,CG,5,448.461,0.601303,-1,0.601303,0,0,0]
[48,S,0.100683,10,AG,242,446.349,0.0697795,-1,0.0697795,0,0,0]
[49,S,0.100735,10,TC,802,449.713,0.0581856,-1,0.0581856,0,0,0]
[50,S,0.101262,10,CT,363,453.316,0.434802,-1,0.434802,0,0,0]
[51,S,0.104555,10,AC,96,451.786,0.160647,-1,0.160647,0,0,0]
[52,S,0.106097,10,AT,971,452.459,0.296494,-1,0.296494,0,0,0]
[53,S,0.107489,10,TC,282,452.068,0.192281,-1,0.192281,0,0,0]
[54,S,0.107571,10,GC,105,450.873,0.0904965,-1,0.0904965,0,0,0]
[55,S,0.107579,10,CT,44,452.603,0.126273,-1,0.126273,0,0,0]
[56,S,0.108582,10,CG,870,455.056,0.438373,-1,0.438373,0,0,0]
[57,S,0.110336,10,GC,666,453.571,0.284897,-1,0.284897,0,0,0]
[58,S,0.115996,10,GC,901,452.978,0.165617,-1,0.165617,0,0,0]
[59,S,0.117263,10,TG,631,453.247,0.295131,-1,0.295131,0,0,0]
[60,S,0.118259,10,TC,299,452.978,0.20833,-1,0.20833,0,0,0]
[61,S,0.118927,10,AC,930,454.103,0.425494,-1,0.425494,0,0,0]
[62,S,0.119298,10,AC,484,452.746,0.452646,-1,0.452646,0,0,0]
[63,S,0.120158,10,GC,983,451.801,0.206099,-1,0.206099,0,0,0]
[64,S,0.128901,10,CA,239,452.177,0.284397,-1,0.284397,0,0,0]
[65,S,0.129708,10,AG,46,451.337,0.13921,-1,0.13921,0,0,0]
[66,S,0.130234,10,TA,107,451.492,0.190801,-1,0.190801,0,0,0]
[67,S,0.137034,10,CG,228,451.644,0.0998368,-1,0.0998368,0,0,0]
[68,S,0.138359,10,TA,709,453.933,0.213237,-1,0.213237,0,0,0]
[69,S,0.148559,10,AC,704,454.341,0.153248,-1,0.153248,0,0,0]
[70,S,0.149368,10,TC,259,454.895,0.0934299,-1,0.0934299,0,0,0]
[71,S,0.150215,10,CG,59,456.411,0.461002,-1,0.461002,0,0,0]
[72,S,0.152808,10,CA,307,454.631,0.46143,-1,0.46143,0,0,0]
[73,S,0.154317,10,AC,681,453.564,0.203395,-1,0.203395,0,0,0]
[74,S,0.15521,10,GC,724,453.611,0.117785,-1,0.117785,0,0,0]
[75,S,0.170245,10,CG,809,454.619,0.635901,-1,0.635901,0,0,0]
[76,S,0.171028,10,TG,154,451.903,0.992034,-1,0.992034,0,0,0]
[77,S,0.171383,10,CA,770,446.462,0.288391,-1,0.288391,0,0,0]
[78,S,0.172446,10,CG,802,446.813,1.32903,-1,1.32903,0,0,0]
[79,S,0.172547,10,AT,474,438.622,0.176011,-1,0.176011,0,0,0]
[80,S,0.173085,10,CA,157,439.631,0.133565,-1,0.133565,0,0,0]
[81,S,0.17347,10,GC,473,440.799,0.125545,-1,0.125545,0,0,0]
[82,S,0.175723,10,GT,631,442.505,0.209723,-1,0.209723,0,0,0]
[83,S,0.17718,10,AC,74,442.774,0.0297492,-1,0.0297492,0,0,0]
[84,S,0.177601,10,AC,85,447.578,0.185633,-1,0.185633,0,0,0]
[85,S,0.18376,10,GT,331,448.391,0.0231727,-1,0.0231727,0,0,0]
[86,S,0.186907,10,GC,499,452.594,0.861464,-1,0.861464,0,0,0]
[87,S,0.18711,10,AC,803,448.375,0.108474,-1,0.108474,0,0,0]
[88,S,0.190428,10,GA,369,450.139,0.249943,-1,0.249943,0,0,0]
[89,S,0.191172,10,CG,392,450.503,0.43851,-1,0.43851,0,0,0]
[90,S,0.191363,10,TA,534,448.203,0.361231,-1,0.361231,0,0,0]
[91,S,0.191569,10,TA,746,447.357,0.62495,-1,0.62495,0,0,0]
[92,S,0.195631,10,CT,325,442.794,0.306309,-1,0.306309,0,0,0]
[93,S,0.197016,10,TA,812,441.917,0.226386,-1,0.226386,0,0,0]
[94,S,0.201133,10,AG,577,442.069,0.289236,-1,0.289236,0,0,0]
[95,S,0.202749,10,GA,392,440.888,0.125745,-1,0.125745,0,0,0]
[96,S,0.203371,10,TA,599,442.541,0.109896,-1,0.109896,0,0,0]
[97,S,0.20474,10,GA,639,443.723,0.154231,-1,0.154231,0,0,0]
[98,S,0.20851,10,AG,994,445.897,0.15612,-1,0.15612,0,0,0]
[99,S,0.208564,10,CT,370,446.021,0.12704,-1,0.12704,0,0,0]
[100,S,0.213604,10,AG,705,446.53,0.291292,-1,0.291292,0,0,0]
[101,S,0.21635,10,GA,511,446.083,0.24639,-1,0.24639,0,0,0]
[102,S,0.216867,10,AT,109,446.195,0.0989713,-1,0.0989713,0,0,0]
[103,S,0.217941,10,GT,87,449.016,0.694437,-1,0.694437,0,0,0]
[104,S,0.218136,10,AC,564,445.476,0.176265,-1,0.176265,0,0,0]
[105,S,0.21883,10,GC,472,446.019,0.222154,-1,0.222154,0,0,0]
[106,S,0.22371,10,AC,977,445.334,0.0594999,-1,0.0594999,0,0,0]
[107,S,0.229522,10,GT,974,448.048,0.0661108,-1,0.0661108,0,0,0]
[108,S,0.23117,10,AG,645,452.004,0.278362,-1,0.278362,0,0,0]
[109,S,0.231716,10,GA,503,451.822,0.554253,-1,0.554253,0,0,0]
[110,S,0.234434,10,GT,538,449.974,0.440244,-1,0.440244,0,0,0]
[111,S,0.23564,10,CT,230,449.455,0.747185,-1,0.747185,0,0,0]
[112,S,0.237342,10,AC,28,445.21,0.0830986,-1,0.0830986,0,0,0]
[113,S,0.240361,10,TC,942,446.845,0.140055,-1,0.140055,0,0,0]
[114,S,0.24261,10,CA,289,447.383,0.402304,-1,0.402304,0,0,0]
[115,S,0.245125,10,TC,80,446.317,0.140772,-1,0.140772,0,0,0]
[116,S,0.245371,10,AT,911,447.694,0.352476,-1,0.352476,0,0,0]
[117,S,0.247748,10,GT,806,445.983,0.616779,-1,0.616779,0,0,0]
[118,S,0.249261,10,TA,23,443.288,0.257167,-1,0.257167,0,0,0]
[119,S,0.250077,10,GA,792,443.218,0.137893,-1,0.137893,0,0,0]
[120,S,0.255827,10,TC,84,446.055,0.0757478,-1,0.0757478,0,0,0]
[121,S,0.257808,10,AG,783,449.246,0.10942,-1,0.10942,0,0,0]
[122,S,0.259891,10,CT,944,450.347,0.202182,-1,0.202182,0,0,0]
[123,S,0.260425,10,TG,304,451.746,0.0898833,-1,0.0898833,0,0,0]
[124,S,0.262357,10,CT,61,455.897,0.139808,-1,0.139808,0,0,0]
[125,S,0.262689,10,GA,62,457.597,0.1618,-1,0.1618,0,0,0]
[126,S,0.262952,10,TA,669,458.558,0.374085,-1,0.374085,0,0,0]
[127,S,0.266701,10,AG,330,457.427,0.451546,-1,0.451546,0,0,0]
[128,S,0.277479,10,GC,304,456.119,0.430188,-1,0.430188,0,0,0]
[129,S,0.279092,10,GA,99,452.716,0.363943,-1,0.363943,0,0,0]
[130,S,0.280456,10,GT,993,452.092,0.35077,-1,0.35077,0,0,0]
[131,S,0.281103,10,GA,38,451.831,0.216429,-1,0.216429,0,0,0]
[132,S,0.281186,10,TA,75,452.576,0.237629,-1,0.237629,0,0,0]
[133,S,0.28371,10,TA,18,452.865,0.36931,-1,0.36931,0,0,0]
[134,S,0.285016,10,CT,389,452.083,0.713957,-1,0.713957,0,0,0]
[135,S,0.287955,10,TA,644,449.37,0.378914,-1,0.378914,0,0,0]
[136,S,0.290907,10,CA,642,448.183,0.326774,-1,0.326774,0,0,0]
[137,S,0.292501,10,CA,658,447.182,0.242245,-1,0.242245,0,0,0]
[138,S,0.299338,10,GC,127,447.272,0.168709,-1,0.168709,0,0,0]
[139,S,0.303817,10,TC,840,447.823,0.0232585,-1,0.0232585,0,0,0]
[140,S,0.303982,10,AC,157,450.855,0.419954,-1,0.419954,0,0,0]
[141,S,0.309384,10,TG,221,449.686,0.32734,-1,0.32734,0,0,0]
[142,S,0.314099,10,TC,828,448.747,0.216647,-1,0.216647,0,0,0]
[143,S,0.314814,10,AC,943,448.835,0.522507,-1,0.522507,0,0,0]
[144,S,0.31559,10,CG,666,446.632,0.22332,-1,0.22332,0,0,0]
[145,S,0.316727,10,AG,195,447.28,0.00868696,-1,0.00868696,0,0,0]
[146,S,0.318421,10,AC,827,457.56,0.132164,-1,0.132164,0,0,0]
[147,S,0.322611,10,TA,194,458.933,1.07633,-1,1.07633,0,0,0]
[148,S,0.325152,10,TA,387,450.093,0.348578,-1,0.348578,0,0,0]
[149,S,0.325584,10,GC,571,449.715,0.142434,-1,0.142434,0,0,0]
[150,S,0.326211,10,CG,285,450.339,0.27561,-1,0.27561,0,0,0]
[151,S,0.327452,10,GT,775,449.564,0.0211113,-1,0.0211113,0,0,0]
[152,S,0.327807,10,GC,343,455.005,0.271569,-1,0.271569,0,0,0]
[153,S,0.329029,10,AG,99,455.277,0.162754,-1,0.162754,0,0,0]
[154,S,0.333034,10,CA,304,455.901,0.492417,-1,0.492417,0,0,0]
[155,S,0.336124,10,GA,494,454.301,0.0516697,-1,0.0516697,0,0,0]
[156,S,0.337938,10,TG,911,458.622,0.285872,-1,0.285872,0,0,0]
[157,S,0.340138,10,GT,645,459.132,0.22228,-1,0.22228,0,0,0]
[158,S,0.344849,10,GC,672,458.84,0.156744,-1,0.156744,0,0,0]
[159,S,0.347764,10,CG,657,459.781,0.328467,-1,0.328467,0,0,0]
[160,S,0.348951,10,AC,913,459.321,0.298562,-1,0.298562,0,0,0]
[161,S,0.351239,10,GT,81,458.47,0.683274,-1,0.683274,0,0,0]
[162,S,0.352957,10,GC,160,453.929,0.0399446,-1,0.0399446,0,0,0]
[163,S,0.357857,10,TC,653,458.696,0.273351,-1,0.273351,0,0,0]
[164,S,0.359947,10,CG,724,458.435,0.456426,-1,0.456426,0,0,0]
[165,S,0.360957,10,AG,884,457.426,0.0583489,-1,0.0583489,0,0,0]
[166,S,0.364167,10,AC,541,462.142,0.417454,-1,0.417454,0,0,0]
[167,S,0.36493,10,CT,614,461.262,0.181392,-1,0.181392,0,0,0]
[168,S,0.368989,10,AG,20,461.884,0.429645,-1,0.429645,0,0,0]
[169,S,0.370415,10,CT,473,460.575,0.135968,-1,0.135968,0,0,0]
[170,S,0.374064,10,TG,652,465.073,0.0744832,-1,0.0744832,0,0,0]
[171,S,0.375719,10,AC,792,469.002,0.370767,-1,0.370767,0,0,0]
[172,S,0.379703,10,CG,930,467.224,0.487919,-1,0.487919,0,0,0]
[173,S,0.387965,10,TG,122,464.846,0.130361,-1,0.130361,0,0,0]
[174,S,0.394152,10,GC,522,466.241,0.182258,-1,0.182258,0,0,0]
[175,S,0.394712,10,CT,966,466.669,0.764803,-1,0.764803,0,0,0]
[176,S,0.397137,10,CA,72,462.337,0.683413,-1,0.683413,0,0,0]
[177,S,0.397979,10,TC,600,458.236,0.339044,-1,0.339044,0,0,0]
[178,S,0.39922,10,TG,411,457.034,0.110891,-1,0.110891,0,0,0]
[179,S,0.399686,10,TA,474,458.894,0.97491,-1,0.97491,0,0,0]
[180,S,0.403033,10,GT,353,452.022,0.160703,-1,0.160703,0,0,0]
[181,S,0.406121,10,AC,143,452.472,0.227776,-1,0.227776,0,0,0]
[182,S,0.407533,10,TA,348,452.568,0.14422,-1,0.14422,0,0,0]
[183,S,0.408114,10,TG,830,453.336,0.0215935,-1,0.0215935,0,0,0]
[184,S,0.410902,10,TC,134,461.249,0.454413,-1,0.454413,0,0,0]
[185,S,0.411185,10,TG,974,459.499,0.629515,-1,0.629515,0,0,0]
[186,S,0.41692,10,TG,950,455.544,0.143025,-1,0.143025,0,0,0]
[187,S,0.419379,10,CA,582,456.875,0.705846,-1,0.705846,0,0,0]
[188,S,0.419957,10,TA,158,453.161,0.156911,-1,0.156911,0,0,0]
[189,S,0.420014,10,TC,146,454.672,0.078331,-1,0.078331,0,0,0]
[190,S,0.420606,10,GA,298,455.722,0.30503,-1,0.30503,0,0,0]
[191,S,0.420948,10,AG,923,454.718,0.52794,-1,0.52794,0,0,0]
[192,S,0.423686,10,AT,576,452.079,0.623373,-1,0.623373,0,0,0]
[193,S,0.425002,10,AC,232,448.868,0.33517,-1,0.33517,0,0,0]
[194,S,0.426658,10,CA,876,446.614,0.0856827,-1,0.0856827,0,0,0]
[195,S,0.428038,10,CT,984,449.975,0.277068,-1,0.277068,0,0,0]
[196,S,0.428183,10,GC,260,450.171,0.523646,-1,0.523646,0,0,0]
[197,S,0.428961,10,GT,766,448.433,0.240687,-1,0.240687,0,0,0]
[198,S,0.428967,10,AG,882,449.073,0.811857,-1,0.811857,0,0,0]
[199,S,0.430383,10,AT,495,443.011,1.03714,-1,1.03714,0,0,0]
[200,S,0.432142,10,GC,932,438.451,0.18508,-1,0.18508,0,0,0]
[201,S,0.436487,10,CG,792,438.662,0.28172,-1,0.28172,0,0,0]
[202,S,0.439864,10,AT,516,437.603,0.110756,-1,0.110756,0,0,0]
[203,S,0.441089,10,TA,654,439.107,0.263818,-1,0.263818,0,0,0]
[204,S,0.441754,10,AC,637,438.602,0.404242,-1,0.404242,0,0,0]
[205,S,0.442942,10,TC,719,438.101,0.106585,-1,0.106585,0,0,0]
[206,S,0.44509,10,GT,632,440.013,0.349605,-1,0.349605,0,0,0]
[207,S,0.447689,10,AG,400,439.707,0.188585,-1,0.188585,0,0,0]
[208,S,0.451684,10,AG,106,440.497,0.603177,-1,0.603177,0,0,0]
[209,S,0.451908,10,CT,547,437.212,0.133199,-1,0.133199,0,0,0]
[210,S,0.451961,10,AG,413,439.073,0.223995,-1,0.223995,0,0,0]
[211,S,0.45603,10,CT,590,438.822,0.339696,-1,0.339696,0,0,0]
[212,S,0.456635,10,CG,472,438.062,0.538494,-1,0.538494,0,0,0]
[213,S,0.456678,10,TA,31,435.403,0.0809692,-1,0.0809692,0,0,0]
[214,S,0.458078,10,CA,11,436.862,0.124424,-1,0.124424,0,0,0]
[215,S,0.459127,10,CG,681,438.18,0.303297,-1,0.303297,0,0,0]
[216,S,0.462154,10,AG,969,437.733,0.00812969,-1,0.00812969,0,0,0]
[217,S,0.462243,10,CT,756,446.543,0.1778,-1,0.1778,0,0,0]
[218,S,0.465943,10,CT,653,447.509,0.200548,-1,0.200548,0,0,0]
[219,S,0.470092,10,TG,547,447.678,0.190792,-1,0.190792,0,0,0]
[220,S,0.470813,10,AC,64,448.566,0.287045,-1,0.287045,0,0,0]
[221,S,0.472135,10,TA,839,448.304,0.315701,-1,0.315701,0,0,0]
[222,S,0.474753,10,GA,969,447.247,1.27117,-1,1.27117,0,0,0]
[223,S,0.47752,10,CA,237,438.436,0.356958,-1,0.356958,0,0,0]
[224,S,0.478154,10,TA,370,437.731,0.164109,-1,0.164109,0,0,0]
[225,S,0.479698,10,AG,303,440.261,0.230355,-1,0.230355,0,0,0]
[226,S,0.483263,10,GT,35,439.862,0.330205,-1,0.330205,0,0,0]
[227,S,0.485486,10,TG,766,439.439,0.25955,-1,0.25955,0,0,0]
[228,S,0.486263,10,CA,445,438.8,0.380806,-1,0.380806,0,0,0]
[229,S,0.487782,10,CT,114,438.01,0.853365,-1,0.853365,0,0,0]
[230,S,0.488865,10,GT,636,434.026,0.44388,-1,0.44388,0,0,0]
[231,S,0.489746,10,CA,45,431.947,0.690136,-1,0.690136,0,0,0]
[232,S,0.491844,10,TG,630,429.529,0.0625482,-1,0.0625482,0,0,0]
[233,S,0.494521,10,GC,891,432.064,0.392051,-1,0.392051,0,0,0]
[234,S,0.494665,10,GT,899,431.023,0.07289,-1,0.07289,0,0,0]
[235,S,0.49641,10,AT,344,434.106,0.0843494,-1,0.0843494,0,0,0]
[236,S,0.497298,10,GA,242,437.647,0.445923,-1,0.445923,0,0,0]
[237,S,0.497991,10,AC,194,435.635,0.467631,-1,0.467631,0,0,0]
[238,S,0.498414,10,CG,981,434.286,0.594342,-1,0.594342,0,0,0]
[239,S,0.499386,10,AT,831,432.531,0.996795,-1,0.996795,0,0,0]
[240,S,0.499585,10,GT,330,424.36,0.10242,-1,0.10242,0,0,0]
[241,S,0.502103,10,TG,745,427.477,0.259867,-1,0.259867,0,0,0]
[242,S,0.503649,10,GC,493,428.194,0.146477,-1,0.146477,0,0,0]
[243,S,0.506078,10,AC,300,429.719,0.433519,-1,0.433519,0,0,0]
[244,S,0.507217,10,AT,23,428.308,0.106337,-1,0.106337,0,0,0]
[245,S,0.507524,10,AT,929,429.888,0.277762,-1,0.277762,0,0,0]
[246,S,0.508068,10,GA,176,429.113,0.645153,-1,0.645153,0,0,0]
[247,S,0.510723,10,AG,584,427.098,0.201534,-1,0.201534,0,0,0]
[248,S,0.511277,10,TA,297,427.475,0.0964497,-1,0.0964497,0,0,0]
[249,S,0.511482,10,GT,521,429.426,0.422813,-1,0.422813,0,0,0]
[250,S,0.514696,10,CT,492,427.991,0.601849,-1,0.601849,0,0,0]
[251,S,0.514844,10,CG,760,424.583,0.418148,-1,0.418148,0,0,0]
[252,S,0.524838,10,CA,160,423.112,1.0226,-1,1.0226,0,0,0]
[253,S,0.525141,10,CG,410,417.279,0.496035,-1,0.496035,0,0,0]
[254,S,0.525718,10,TG,813,415.728,0.162942,-1,0.162942,0,0,0]
[255,S,0.529758,10,AC,503,416.63,0.068351,-1,0.068351,0,0,0]
[256,S,0.530849,10,AT,479,419.987,0.401159,-1,0.401159,0,0,0]
[257,S,0.537059,10,TG,775,418.374,0.980735,-1,0.980735,0,0,0]
[258,S,0.542341,10,CA,943,412.933,0.0941985,-1,0.0941985,0,0,0]
[259,S,0.54303,10,TG,655,415.136,0.394216,-1,0.394216,0,0,0]
[260,S,0.54775,10,GT,630,413.668,0.64643,-1,0.64643,0,0,0]
[261,S,0.552874,10,CT,905,411.133,0.40968,-1,0.40968,0,0,0]
[262,S,0.55467,10,TG,50,410.287,0.0666567,-1,0.0666567,0,0,0]
[263,S,0.555827,10,TC,893,412.105,0.150439,-1,0.150439,0,0,0]
[264,S,0.556635,10,CA,979,413.27,0.327096,-1,0.327096,0,0,0]
[265,S,0.560906,10,GA,705,411.994,0.212808,-1,0.212808,0,0,0]
[266,S,0.564456,10,TC,860,412.441,0.218649,-1,0.218649,0,0,0]
[267,S,0.564808,10,AG,705,412.137,0.291292,-1,0.291292,0,0,0]
[268,S,0.57025,10,CA,229,411.69,0.0618645,-1,0.0618645,0,0,0]
[269,S,0.572979,10,AG,746,416.593,0.659075,-1,0.659075,0,0,0]
[270,S,0.575509,10,TG,791,414.409,0.479574,-1,0.479574,0,0,0]
[271,S,0.578443,10,CT,893,413.424,0.386025,-1,0.386025,0,0,0]
[272,S,0.580795,10,CT,125,412.259,0.592044,-1,0.592044,0,0,0]
[273,S,0.582003,10,GC,122,409.979,0.0511281,-1,0.0511281,0,0,0]
[274,S,0.582921,10,GC,442,412.305,0.0133854,-1,0.0133854,0,0,0]
[275,S,0.585423,10,TC,291,420.507,0.113914,-1,0.113914,0,0,0]
[276,S,0.589576,10,GA,790,421.228,0.401842,-1,0.401842,0,0,0]
[277,S,0.593904,10,CA,3,419.976,0.235222,-1,0.235222,0,0,0]
[278,S,0.594213,10,TC,1,419.947,0.13147,-1,0.13147,0,0,0]
[279,S,0.594264,10,GA,491,421.949,0.295629,-1,0.295629,0,0,0]
[280,S,0.597489,10,CA,970,421.33,0.159769,-1,0.159769,0,0,0]
[281,S,0.59912,10,TA,215,422.947,0.110903,-1,0.110903,0,0,0]
[282,S,0.599865,10,AT,31,424.78,0.567969,-1,0.567969,0,0,0]
[283,S,0.601503,10,CT,454,422.641,0.2587,-1,0.2587,0,0,0]
[284,S,0.60307,10,TG,333,422.73,0.57274,-1,0.57274,0,0,0]
[285,S,0.608699,10,AG,428,419.478,0.181264,-1,0.181264,0,0,0]
[286,S,0.613312,10,AG,531,419.984,0.186384,-1,0.186384,0,0,0]
[287,S,0.614248,10,AG,72,420.289,0.212047,-1,0.212047,0,0,0]
[288,S,0.61489,10,CT,231,421.284,0.445141,-1,0.445141,0,0,0]
[289,S,0.615837,10,CA,28,419.224,0.560137,-1,0.560137,0,0,0]
[290,S,0.615857,10,GC,77,417.589,0.360833,-1,0.360833,0,0,0]
[291,S,0.616692,10,AT,394,416.608,0.207249,-1,0.207249,0,0,0]
[292,S,0.616718,10,AG,770,417.407,0.24177,-1,0.24177,0,0,0]
[293,S,0.61842,10,TC,603,417.32,0.0837729,-1,0.0837729,0,0,0]
[294,S,0.623398,10,CT,422,419.795,0.0617185,-1,0.0617185,0,0,0]
[295,S,0.623488,10,GA,482,422.031,0.209777,-1,0.209777,0,0,0]
[296,S,0.623781,10,GA,786,422.706,0.178213,-1,0.178213,0,0,0]
[297,S,0.624615,10,AG,980,423.711,0.345801,-1,0.345801,0,0,0]
[298,S,0.627734,10,AG,315,422.667,0.0974896,-1,0.0974896,0,0,0]
[299,S,0.629011,10,CG,65,424.778,0.269111,-1,0.269111,0,0,0]
[300,S,0.630019,10,TA,649,424.798,0.248136,-1,0.248136,0,0,0]
[301,S,0.631428,10,TG,847,424.619,0.23683,-1,0.23683,0,0,0]
[302,S,0.633883,10,CT,118,425.316,0.144646,-1,0.144646,0,0,0]
[303,S,0.637539,10,TC,100,427.494,0.209152,-1,0.209152,0,0,0]
[304,S,0.638298,10,CG,977,428.767,0.268702,-1,0.268702,0,0,0]
[305,S,0.643083,10,GT,666,428.916,0.204119,-1,0.204119,0,0,0]
[306,S,0.64318,10,AT,145,429.438,0.0996898,-1,0.0996898,0,0,0]
[307,S,0.64501,10,TG,861,430.936,0.0200876,-1,0.0200876,0,0,0]
[308,S,0.651948,10,GC,568,435.589,0.116518,-1,0.116518,0,0,0]
[309,S,0.652242,10,GA,263,437.296,0.0554642,-1,0.0554642,0,0,0]
[310,S,0.652849,10,GC,766,439.544,0.302528,-1,0.302528,0,0,0]
[311,S,0.655807,10,GT,292,439.656,0.361939,-1,0.361939,0,0,0]
[312,S,0.656796,10,CA,860,439.58,0.185361,-1,0.185361,0,0,0]
[313,S,0.668048,10,TC,526,440.909,0.0693112,-1,0.0693112,0,0,0]
[314,S,0.668663,10,GC,699,443.089,0.100276,-1,0.100276,0,0,0]
[315,S,0.673085,10,GA,262,444.455,0.217995,-1,0.217995,0,0,0]
[316,S,0.673874,10,AT,297,445.045,0.515459,-1,0.515459,0,0,0]
[317,S,0.675106,10,GA,690,443.048,0.295471,-1,0.295471,0,0,0]
[318,S,0.675155,10,TA,920,442.782,0.136578,-1,0.136578,0,0,0]
[319,S,0.680893,10,TG,230,443.671,0.168119,-1,0.168119,0,0,0]
[320,S,0.684849,10,CT,898,444.14,0.468277,-1,0.468277,0,0,0]
[321,S,0.688243,10,CT,859,442.075,0.36623,-1,0.36623,0,0,0]
[322,S,0.690266,10,GC,65,441.309,0.231816,-1,0.231816,0,0,0]
[323,S,0.690635,10,AT,812,441.289,0.100167,-1,0.100167,0,0,0]
[324,S,0.691852,10,AT,683,443.317,0.30707,-1,0.30707,0,0,0]
[325,S,0.692987,10,CT,602,442.826,0.320566,-1,0.320566,0,0,0]
[326,S,0.695721,10,CG,739,442,0.456714,-1,0.456714,0,0,0]
[327,S,0.699419,10,TG,94,439.473,0.280806,-1,0.280806,0,0,0]
[328,S,0.70295,10,TG,336,438.887,0.0461589,-1,0.0461589,0,0,0]
[329,S,0.703854,10,AC,546,442.242,0.580978,-1,0.580978,0,0,0]
[330,S,0.706939,10,CA,827,439.073,0.608346,-1,0.608346,0,0,0]
[331,S,0.707013,10,AC,437,436.859,0.139714,-1,0.139714,0,0,0]
[332,S,0.710081,10,AT,98,438.495,0.839002,-1,0.839002,0,0,0]
[333,S,0.710471,10,CA,256,433.638,0.294112,-1,0.294112,0,0,0]
[334,S,0.711102,10,CA,949,433.984,0.365982,-1,0.365982,0,0,0]
[335,S,0.713555,10,AG,236,432.84,0.338879,-1,0.338879,0,0,0]
[336,S,0.716509,10,TC,542,431.418,0.816386,-1,0.816386,0,0,0]
[337,S,0.718475,10,TA,126,427.382,0.519103,-1,0.519103,0,0,0]
[338,S,0.720396,10,CA,532,425.93,0.119319,-1,0.119319,0,0,0]
[339,S,0.720962,10,CG,526,426.813,0.451764,-1,0.451764,0,0,0]
[340,S,0.730034,10,AT,708,425.212,0.295196,-1,0.295196,0,0,0]
[341,S,0.736038,10,AG,698,425.3,0.141135,-1,0.141135,0,0,0]
[342,S,0.74114,10,TG,689,427.524,0.025545,-1,0.025545,0,0,0]
[343,S,0.741356,10,CT,503,432.816,0.421631,-1,0.421631,0,0,0]
[344,S,0.741638,10,CT,234,430.499,0.529145,-1,0.529145,0,0,0]
[345,S,0.742656,10,GC,295,429.02,0.0280104,-1,0.0280104,0,0,0]
[346,S,0.743495,10,AG,264,434.068,0.266166,-1,0.266166,0,0,0]
[347,S,0.745393,10,GC,0,434.068,0.275461,-1,0.275461,0,0,0]
[348,S,0.746191,10,TA,929,433.414,0.224153,-1,0.224153,0,0,0]
[349,S,0.747216,10,AG,646,434.189,0.347042,-1,0.347042,0,0,0]
[350,S,0.749387,10,AT,690,433.708,0.301626,-1,0.301626,0,0,0]
[351,S,0.755133,10,AC,978,431.54,0.298024,-1,0.298024,0,0,0]
[352,S,0.758261,10,AT,13,431.17,0.565657,-1,0.565657,0,0,0]
[353,S,0.758723,10,AC,894,429.34,0.294943,-1,0.294943,0,0,0]
[354,S,0.759093,10,TA,114,427.877,0.0628167,-1,0.0628167,0,0,0]
[355,S,0.759194,10,AC,480,430.22,0.249194,-1,0.249194,0,0,0]
[356,S,0.760576,10,CT,901,430.811,0.0783321,-1,0.0783321,0,0,0]
[357,S,0.760628,10,AG,709,432.862,0.131102,-1,0.131102,0,0,0]
[358,S,0.76141,10,CG,699,434.042,0.889764,-1,0.889764,0,0,0]
[359,S,0.76227,10,CT,199,429.316,0.188169,-1,0.188169,0,0,0]
[360,S,0.763617,10,CT,286,431.449,0.149387,-1,0.149387,0,0,0]
[361,S,0.764439,10,TC,666,433.384,0.334601,-1,0.334601,0,0,0]
[362,S,0.764811,10,GT,411,432.273,0.11691,-1,0.11691,0,0,0]
[363,S,0.765675,10,TC,579,433.842,0.0284065,-1,0.0284065,0,0,0]
[364,S,0.770308,10,GC,820,438.173,0.239385,-1,0.239385,0,0,0]
[365,S,0.770377,10,GA,171,439.041,0.424637,-1,0.424637,0,0,0]
[366,S,0.770501,10,TC,852,438.754,0.0910984,-1,0.0910984,0,0,0]
[367,S,0.773638,10,CG,295,440.585,0.893712,-1,0.893712,0,0,0]
[368,S,0.778778,10,TG,372,435.537,0.23107,-1,0.23107,0,0,0]
[369,S,0.783305,10,CT,925,434.494,0.393937,-1,0.393937,0,0,0]
[370,S,0.78818,10,GA,22,433.082,0.837724,-1,0.837724,0,0,0]
[371,S,0.793304,10,CA,622,430.08,0.46178,-1,0.46178,0,0,0]
[372,S,0.793607,10,AG,302,428.415,0.596985,-1,0.596985,0,0,0]
[373,S,0.795546,10,CT,367,426.703,0.359614,-1,0.359614,0,0,0]
[374,S,0.804784,10,TA,129,425.346,0.158784,-1,0.158784,0,0,0]
[375,S,0.807531,10,GC,870,426.887,0.125317,-1,0.125317,0,0,0]
[376,S,0.809007,10,GA,58,428.47,0.263243,-1,0.263243,0,0,0]
[377,S,0.813395,10,CG,588,427.923,0.143428,-1,0.143428,0,0,0]
[378,S,0.815945,10,AG,922,429.295,0.672927,-1,0.672927,0,0,0]
[379,S,0.816688,10,CG,83,426.479,0.182682,-1,0.182682,0,0,0]
[380,S,0.816888,10,AC,592,428.245,0.33256,-1,0.33256,0,0,0]
[381,S,0.817256,10,GC,423,427.598,0.221797,-1,0.221797,0,0,0]
[382,S,0.818304,10,CG,852,428.061,0.399782,-1,0.399782,0,0,0]
[383,S,0.821158,10,GT,93,426.976,0.156913,-1,0.156913,0,0,0]
[384,S,0.822371,10,CG,439,428.481,0.274407,-1,0.274407,0,0,0]
[385,S,0.823341,10,GT,99,428.795,0.0752724,-1,0.0752724,0,0,0]
[386,S,0.825013,10,TA,88,431.575,0.0656776,-1,0.0656776,0,0,0]
[387,S,0.834301,10,CG,477,434.819,0.0708063,-1,0.0708063,0,0,0]
[388,S,0.834655,10,GC,78,438.174,0.225949,-1,0.225949,0,0,0]
[389,S,0.835818,10,GA,295,438.732,0.130893,-1,0.130893,0,0,0]
[390,S,0.838291,10,TC,742,440.07,0.0421264,-1,0.0421264,0,0,0]
[391,S,0.83914,10,AT,639,444.724,0.169155,-1,0.169155,0,0,0]
[392,S,0.844231,10,CG,327,445.399,0.210771,-1,0.210771,0,0,0]
[393,S,0.846542,10,AG,424,446.144,0.257775,-1,0.257775,0,0,0]
[394,S,0.851309,10,GT,228,445.291,0.385402,-1,0.385402,0,0,0]
[395,S,0.853133,10,TG,984,443.808,0.114119,-1,0.114119,0,0,0]
[396,S,0.855359,10,AC,445,444.859,0.839704,-1,0.839704,0,0,0]
[397,S,0.858461,10,TA,425,437.895,0.254242,-1,0.254242,0,0,0]
[398,S,0.863567,10,CT,719,437.679,0.485797,-1,0.485797,0,0,0]
[399,S,0.863879,10,GC,552,435.767,0.0543368,-1,0.0543368,0,0,0]
[400,S,0.865776,10,TC,217,438.69,0.163922,-1,0.163922,0,0,0]
[401,S,0.866201,10,AC,856,439.421,0.347529,-1,0.347529,0,0,0]
[402,S,0.866456,10,TG,516,438.119,0.468174,-1,0.468174,0,0,0]
[403,S,0.872821,10,GC,782,436.099,0.203047,-1,0.203047,0,0,0]
[404,S,0.874605,10,AT,430,436.104,0.0815938,-1,0.0815938,0,0,0]
[405,S,0.874776,10,GC,468,438.187,0.130906,-1,0.130906,0,0,0]
[406,S,0.875124,10,TG,708,439.324,0.163145,-1,0.163145,0,0,0]
[407,S,0.875196,10,TA,653,442.063,0.176148,-1,0.176148,0,0,0]
[408,S,0.878516,10,TC,896,442.394,0.0747469,-1,0.0747469,0,0,0]
[409,S,0.880866,10,GA,421,446.72,0.341847,-1,0.341847,0,0,0]
[410,S,0.8811,10,TA,608,446.631,0.822768,-1,0.822768,0,0,0]
[411,S,0.881992,10,GT,906,444.556,0.108299,-1,0.108299,0,0,0]
[412,S,0.882638,10,CA,613,446.474,0.269025,-1,0.269025,0,0,0]
[413,S,0.88377,10,GT,274,445.853,0.145774,-1,0.145774,0,0,0]
[414,S,0.885015,10,GT,655,447.533,0.373874,-1,0.373874,0,0,0]
[415,S,0.88606,10,CA,988,447.204,0.0847111,-1,0.0847111,0,0,0]
[416,S,0.886922,10,CA,742,449.786,0.739557,-1,0.739557,0,0,0]
[417,S,0.887752,10,AC,3,444.934,0.217631,-1,0.217631,0,0,0]
[418,S,0.892613,10,AT,604,445.654,0.184398,-1,0.184398,0,0,0]
[419,S,0.897209,10,GA,431,446.552,0.589999,-1,0.589999,0,0,0]
[420,S,0.8973,10,CG,115,443.814,0.371528,-1,0.371528,0,0,0]
[421,S,0.898614,10,CG,442,442.609,0.572237,-1,0.572237,0,0,0]
[422,S,0.899901,10,CG,85,440.424,0.532297,-1,0.532297,0,0,0]
[423,S,0.90305,10,TG,986,437.435,0.67901,-1,0.67901,0,0,0]
[424,S,0.909392,10,GC,945,434.142,0.576153,-1,0.576153,0,0,0]
[425,S,0.911949,10,GA,218,432.012,0.845031,-1,0.845031,0,0,0]
[426,S,0.916778,10,AT,169,428.562,0.0649241,-1,0.0649241,0,0,0]
[427,S,0.919364,10,AT,860,431.165,0.397243,-1,0.397243,0,0,0]
[428,S,0.919737,10,CG,335,429.717,0.715202,-1,0.715202,0,0,0]
[429,S,0.924598,10,CT,571,426.016,0.24362,-1,0.24362,0,0,0]
[430,S,0.933443,10,GC,53,425.949,0.081127,-1,0.081127,0,0,0]
[431,S,0.933519,10,AG,62,427.808,0.260762,-1,0.260762,0,0,0]
[432,S,0.940706,10,TC,585,426.806,0.171145,-1,0.171145,0,0,0]
[433,S,0.941127,10,GT,900,428.049,0.110398,-1,0.110398,0,0,0]
[434,S,0.945777,10,TG,231,430.036,0.305174,-1,0.305174,0,0,0]
[435,S,0.946997,10,AT,687,429.552,0.244907,-1,0.244907,0,0,0]
[436,S,0.951023,10,CT,844,430.483,0.221036,-1,0.221036,0,0,0]
[437,S,0.953849,10,TC,420,430.463,0.285978,-1,0.285978,0,0,0]
[438,S,0.961096,10,CG,695,429.936,0.124107,-1,0.124107,0,0,0]
[439,S,0.963271,10,AC,295,432.182,0.0648013,-1,0.0648013,0,0,0]
[440,S,0.963458,10,GT,235,435.892,0.320992,-1,0.320992,0,0,0]
[441,S,0.973192,10,GC,413,435.07,0.24062,-1,0.24062,0,0,0]
[442,S,0.975193,10,GA,852,434.284,0.0127858,-1,0.0127858,0,0,0]
[443,S,0.978875,10,GT,294,442.282,0.390512,-1,0.390512,0,0,0]
[444,S,0.981251,10,CA,84,440.201,0.335328,-1,0.335328,0,0,0]
[445,S,0.981479,10,CG,66,439.379,0.298068,-1,0.298068,0,0,0]
[446,S,0.982095,10,CT,854,439.904,0.955793,-1,0.955793,0,0,0]
[447,S,0.982706,10,TA,909,432.396,0.440115,-1,0.440115,0,0,0]
[448,S,0.985871,10,TA,636,430.321,0.383006,-1,0.383006,0,0,0]
[449,S,0.99044,10,TA,317,429.235,0.134928,-1,0.134928,0,0,0]
[450,S,0.990735,10,TG,108,431.348,0.132872,-1,0.132872,0,0,0]
[451,S,0.991855,10,CA,711,432.631,0.197125,-1,0.197125,0,0,0]
[452,S,0.99314,10,CT,864,432.953,0.269606,-1,0.269606,0,0,0]
[453,S,0.997502,10,GA,580,433.522,0.149522,-1,0.149522,0,0,0]
[-1,X,1,10,XX,X,428.925,0,-1,0,0,0,0]
GUIDE_TREE_PARTITION1=(T_1:1.0,T_2:0);
