>Dataset_0
[-1,X,0,01,XX,X,404.953,0,0,0,0,1,1]
[0,S,0.00270459,10,TG,44,404.953,0.0199363,353.349,0.0148229,0.230152,0.309545,0]
[1,S,0.0066075,10,TC,954,412.603,0.178775,359.579,0.132668,0.230015,0.309955,0]
[2,S,0.0115923,10,CA,70,413.743,0.207013,360.408,0.207013,0.229816,0.229816,0]
[3,S,0.018128,10,AC,205,414.487,0.454507,360.603,0.454507,0.22956,0.22956,0]
[4,S,0.0195352,10,AG,677,412.809,0.98004,358.465,0.719219,0.229219,0.312344,0]
[5,S,0.022699,10,TG,746,408.839,0.276229,355.141,0.202505,0.229145,0.312566,0]
[6,S,0.0256568,10,TA,198,408.708,0.116934,354.736,0.159879,0.31307,0.228977,0]
[7,S,0.0257649,10,AC,948,410.401,0.331742,355.688,0.242099,0.228819,0.313544,0]
[8,S,0.0290744,10,CT,881,409.341,0.332225,354.978,0.455277,0.313562,0.228813,0]
[9,S,0.0290825,10,CA,399,409.578,0.250704,354.694,0.18249,0.228634,0.314097,0]
[10,S,0.0299969,10,CA,622,410.832,0.281412,356.092,0.386605,0.314098,0.228634,0]
[11,S,0.0333576,10,GA,758,410.848,0.138881,355.69,0.138881,0.228584,0.228584,0]
[12,S,0.0417582,10,CT,410,412.446,0.832229,356.838,0.603826,0.228401,0.314796,0]
[13,S,0.0450404,10,CT,620,408.263,0.135251,352.659,0.0975003,0.227937,0.31619,0]
[14,S,0.0464535,10,AC,112,408.159,0.958059,352.569,0.688889,0.227752,0.316743,0]
[15,S,0.0522738,10,AG,399,403.572,0.351845,348.945,0.351845,0.227673,0.227673,0]
[16,S,0.0540952,10,TA,390,401.704,0.228661,346.605,0.163484,0.227341,0.317977,0]
[17,S,0.0578545,10,GC,45,401.817,1.22148,346.898,0.872046,0.227236,0.318291,0]
[18,S,0.0589022,10,CG,207,392.735,0.146251,339.431,0.104099,0.227018,0.318945,0]
[19,S,0.0590949,10,CG,153,393.419,0.0840135,340.275,0.0840135,0.226957,0.226957,0]
[20,S,0.0610171,10,TC,585,398.174,0.229771,344.19,0.163383,0.226946,0.319162,0]
[21,S,0.0617211,10,CT,744,398.056,0.232351,344.039,0.232351,0.226834,0.226834,0]
[22,S,0.0669342,10,CA,656,397.848,0.143237,343.59,0.101635,0.226792,0.319623,0]
[23,S,0.0674881,10,GC,756,399.48,0.366912,344.921,0.366912,0.226484,0.226484,0]
[24,S,0.0722255,10,CG,225,398.672,0.480871,343.834,0.480871,0.226451,0.226451,0]
[25,S,0.0732504,10,CT,346,397.002,0.247057,341.94,0.173797,0.226166,0.321501,0]
[26,S,0.0771934,10,TC,72,397.694,0.140055,342.318,0.0984404,0.226104,0.321687,0]
[27,S,0.0806921,10,CT,1,398.217,0.257645,342.533,0.180495,0.225864,0.322407,0]
[28,S,0.0844953,10,TC,258,398.529,0.204855,342.652,0.204855,0.22565,0.22565,0]
[29,S,0.0930369,10,CT,250,399.86,0.267913,343.322,0.186532,0.225414,0.323758,0]
[30,S,0.0951288,10,TG,671,399.021,0.370672,342.038,0.256185,0.224876,0.325372,0]
[31,S,0.097326,10,GA,121,398.466,0.0722971,341.449,0.0722971,0.224743,0.224743,0]
[32,S,0.107752,10,TC,650,401.184,0.804402,343.321,0.804402,0.224602,0.224602,0]
[33,S,0.109881,10,CT,173,397.77,0.195844,339.2,0.195844,0.223922,0.223922,0]
[34,S,0.117387,10,CG,152,398.658,0.501278,339.485,0.341317,0.223781,0.328658,0]
[35,S,0.120161,10,GC,194,394.169,0.164051,335.734,0.242588,0.330168,0.223277,0]
[36,S,0.123011,10,GT,24,394.459,0.096045,335.486,0.0647851,0.223089,0.330733,0]
[37,S,0.124443,10,CA,258,396.701,0.421534,337.886,0.421534,0.222894,0.222894,0]
[38,S,0.13409,10,TA,852,394.312,0.259003,335.905,0.174012,0.222795,0.331614,0]
[39,S,0.136,10,TG,346,394.88,0.432885,335.716,0.432885,0.222122,0.222122,0]
[40,S,0.137269,10,CT,564,392.961,0.553448,333.956,0.832809,0.334038,0.221987,0]
[41,S,0.137423,10,GC,625,390.49,0.180825,331.114,0.120022,0.221897,0.334309,0]
[42,S,0.137454,10,CA,532,391.389,0.126231,332.246,0.0837734,0.221886,0.334342,0]
[43,S,0.14456,10,TC,1,392.889,0.242508,333.764,0.365426,0.334348,0.221884,0]
[44,S,0.150168,10,CT,862,392.577,0.165552,332.694,0.109113,0.221373,0.335881,0]
[45,S,0.152349,10,GA,93,393.277,0.0758109,333.17,0.0496914,0.220963,0.33711,0]
[46,S,0.154208,10,GA,36,396.877,0.174272,336.221,0.174272,0.220803,0.220803,0]
[47,S,0.16454,10,AT,825,398.359,0.0721703,337.49,0.0721703,0.220665,0.220665,0]
[48,S,0.169219,10,GA,117,400.91,0.772946,339.242,0.499386,0.219887,0.34034,0]
[49,S,0.172014,10,GT,780,397.751,0.139505,336.335,0.0897001,0.219528,0.341417,0]
[50,S,0.172357,10,AT,428,398.871,0.425754,337.198,0.66406,0.342066,0.219311,0]
[51,S,0.173217,10,TG,549,397.132,0.320292,335.44,0.205278,0.219285,0.342146,0]
[52,S,0.174739,10,AG,140,397.451,0.236798,335.85,0.151631,0.219218,0.342347,0]
[53,S,0.175698,10,TG,981,397.462,0.967672,335.996,0.967672,0.219099,0.219099,0]
[54,S,0.176656,10,AT,181,391.828,0.184192,330.7,0.184192,0.219023,0.219023,0]
[55,S,0.178839,10,AG,86,392.993,0.329396,331.754,0.329396,0.218948,0.218948,0]
[56,S,0.178856,10,GT,153,392.43,0.860501,331.142,1.35175,0.343672,0.218776,0]
[57,S,0.17897,10,TG,347,388.234,0.212008,327.266,0.134959,0.218775,0.343676,0]
[58,S,0.182911,10,CA,269,388.24,0.4761,327.899,0.303036,0.218766,0.343703,0]
[59,S,0.186038,10,TC,710,386.925,0.264505,326.661,0.264505,0.218452,0.218452,0]
[60,S,0.187548,10,GC,152,386.905,0.304097,326.6,0.481361,0.345396,0.218201,0]
[61,S,0.201945,10,CG,530,386.593,0.380259,325.825,0.602894,0.345762,0.218079,0]
[62,S,0.208166,10,GT,525,385.422,0.13169,323.635,0.13169,0.216894,0.216894,0]
[63,S,0.209869,10,GC,275,388.616,0.452947,325.91,0.73457,0.350896,0.216368,0]
[64,S,0.212636,10,GT,994,387.152,0.373989,324.086,0.373989,0.216222,0.216222,0]
[65,S,0.212787,10,AC,557,386.396,0.620993,323.148,1.01219,0.352045,0.215985,0]
[66,S,0.213626,10,TC,305,383.208,0.322114,320.443,0.197587,0.215972,0.352084,0]
[67,S,0.214844,10,TC,700,382.509,0.0713848,319.895,0.0713848,0.215899,0.215899,0]
[68,S,0.218406,10,TA,664,385.698,0.134694,323.335,0.0824295,0.215794,0.352618,0]
[69,S,0.219473,10,AT,538,386.537,0.00649687,324.214,0.00395978,0.215484,0.353548,0]
[70,S,0.224306,10,GC,2,394.783,0.058119,334.322,0.0353795,0.215391,0.353828,0]
[71,S,0.229262,10,GA,773,397.806,0.14323,336.653,0.0867041,0.214964,0.355107,0]
[72,S,0.229892,10,GA,595,398.632,0.0205228,337.45,0.0123517,0.214522,0.356435,0]
[73,S,0.233484,10,GT,774,403.751,0.104413,342.053,0.0627948,0.214465,0.356605,0]
[74,S,0.235524,10,GC,134,406.813,0.0894676,345.053,0.0535785,0.21414,0.35758,0]
[75,S,0.262057,10,TG,104,408.64,0.0962086,346.621,0.0574759,0.213954,0.358137,0]
[76,S,0.262984,10,CT,608,410.693,0.283203,347.644,0.283203,0.211448,0.211448,0]
[77,S,0.271116,10,AT,187,410.663,0.340785,347.652,0.196835,0.211357,0.365928,0]
[78,S,0.27502,10,AG,101,410.225,0.683242,346.961,1.19526,0.368341,0.210553,0]
[79,S,0.278927,10,AT,601,407.341,0.173386,343.294,0.0986125,0.210161,0.369517,0]
[80,S,0.288544,10,GT,987,407.342,0.32268,343.527,0.182589,0.209765,0.370706,0]
[81,S,0.292721,10,TG,24,406.509,0.516713,342.97,0.924865,0.373682,0.208773,0]
[82,S,0.292744,10,AC,485,404.268,0.0762689,339.865,0.0423719,0.208334,0.374998,0]
[83,S,0.30122,10,CA,365,406.831,0.0911481,342.306,0.0506366,0.208331,0.375006,0]
[84,S,0.301312,10,CT,282,408.875,0.252831,344.274,0.460397,0.377719,0.207427,0]
[85,S,0.305002,10,CT,849,410.054,0.521135,344.767,0.286149,0.207417,0.377748,0]
[86,S,0.309703,10,AC,647,409.093,0.0353886,343.869,0.0193326,0.207017,0.378948,0]
[87,S,0.31141,10,GA,166,412.734,0.343911,347.365,0.633678,0.380493,0.206502,0]
[88,S,0.311437,10,CG,403,412.052,0.205405,346.368,0.205405,0.206314,0.206314,0]
[89,S,0.315786,10,GC,207,413.173,0.394021,346.937,0.727778,0.381068,0.206311,0]
[90,S,0.317968,10,GA,44,412.489,0.0900484,345.59,0.0900484,0.205827,0.205827,0]
[91,S,0.320752,10,AC,879,415.299,0.362743,347.936,0.362743,0.205582,0.205582,0]
[92,S,0.324596,10,GT,801,413.629,0.391706,346.702,0.391706,0.205268,0.205268,0]
[93,S,0.324755,10,AC,184,413.268,0.269932,346.061,0.14342,0.20483,0.385511,0]
[94,S,0.326509,10,AC,595,412.547,0.81721,346.253,0.81721,0.204812,0.204812,0]
[95,S,0.330239,10,AT,482,407.897,0.00513562,342.331,0.00272109,0.20461,0.386169,0]
[96,S,0.331269,10,CA,186,419.163,0.328584,351.064,0.623539,0.387462,0.204179,0]
[97,S,0.334356,10,CT,118,418.08,0.0727053,349.655,0.0727053,0.20406,0.20406,0]
[98,S,0.336166,10,TC,590,420.391,0.0598475,351.659,0.0313469,0.203699,0.388903,0]
[99,S,0.336443,10,CG,2,423.083,0.668907,354.89,1.28051,0.389541,0.203486,0]
[100,S,0.336577,10,GA,455,420.06,0.152081,352.229,0.291255,0.389639,0.203454,0]
[101,S,0.339614,10,CT,543,420.774,0.460001,352.226,0.881135,0.389687,0.203438,0]
[102,S,0.339936,10,AC,55,419.481,0.0471049,350.547,0.0244801,0.203078,0.390766,0]
[103,S,0.34034,10,TA,913,422.977,0.290166,354.088,0.558611,0.39088,0.20304,0]
[104,S,0.347014,10,TC,118,422.528,0.600573,353.229,0.600573,0.202992,0.202992,0]
[105,S,0.347073,10,AT,196,420.217,0.452279,350.978,0.232434,0.20219,0.393429,0]
[106,S,0.347185,10,AT,322,418.828,0.279794,350.343,0.143778,0.202183,0.393451,0]
[107,S,0.353502,10,CG,977,418.561,0.572237,350.662,1.11377,0.393491,0.20217,0]
[108,S,0.356808,10,AG,776,416.983,0.320963,348.647,0.320963,0.201398,0.201398,0]
[109,S,0.362662,10,AC,929,416.557,0.109221,347.828,0.215754,0.397033,0.200989,0]
[110,S,0.364436,10,GA,310,418.083,0.236384,348.206,0.118572,0.200257,0.399229,0]
[111,S,0.368074,10,GC,149,418.673,0.193713,348.649,0.193713,0.200033,0.200033,0]
[112,S,0.369975,10,CA,947,418.715,0.0441749,348.62,0.0219692,0.19957,0.401289,0]
[113,S,0.370145,10,CT,103,423.376,0.0243672,354.424,0.0491458,0.40202,0.199327,0]
[114,S,0.373716,10,TA,627,429.186,0.174618,359.409,0.0865544,0.199305,0.402085,0]
[115,S,0.374301,10,CT,793,429.623,0.133675,359.917,0.0658804,0.198844,0.403467,0]
[116,S,0.387488,10,GA,37,430.815,0.384252,361.203,0.189196,0.198768,0.403695,0]
[117,S,0.391274,10,GC,854,429.498,0.0704697,360.639,0.0339544,0.197028,0.408916,0]
[118,S,0.391376,10,GT,969,432.31,0.190832,363.499,0.091368,0.196517,0.410448,0]
[119,S,0.39259,10,CG,747,432.331,0.328467,363.776,0.157239,0.196504,0.410489,0]
[120,S,0.393167,10,GT,544,431.98,0.30666,364.04,0.641911,0.410983,0.196339,0]
[121,S,0.395791,10,TG,326,431.328,0.343436,363.173,0.719592,0.411219,0.19626,0]
[122,S,0.398137,10,TC,504,430.885,0.309236,361.906,0.650815,0.412294,0.195902,0]
[123,S,0.398865,10,AC,947,430.118,0.753228,361.23,1.59158,0.413261,0.19558,0]
[124,S,0.402994,10,TA,384,425.457,0.159448,355.305,0.159448,0.195479,0.195479,0]
[125,S,0.40306,10,GC,135,426.215,0.511262,356.573,0.239952,0.194906,0.415283,0]
[126,S,0.40508,10,AG,537,424.683,0.767002,355.791,1.63443,0.41531,0.194897,0]
[127,S,0.412106,10,GA,575,418.032,0.143128,345.15,0.0669326,0.194614,0.416159,0]
[128,S,0.420778,10,TA,673,419.335,0.248651,346.506,0.538274,0.419143,0.193619,0]
[129,S,0.424396,10,AC,418,419.269,0.166851,346.439,0.0758966,0.192367,0.4229,0]
[130,S,0.42617,10,CA,99,419.712,0.152104,346.619,0.0687389,0.191836,0.424492,0]
[131,S,0.430405,10,TC,289,421.31,0.188781,348.81,0.419077,0.425277,0.191574,0]
[132,S,0.434194,10,AG,568,421.314,0.15612,348.139,0.0697855,0.190944,0.427168,0]
[133,S,0.438476,10,GT,861,421.547,0.556804,348.881,0.556804,0.190374,0.190374,0]
[134,S,0.438771,10,TA,745,419.959,0.147722,347.428,0.147722,0.189724,0.189724,0]
[135,S,0.441123,10,TG,925,421.032,0.289861,348.261,0.127576,0.189679,0.430963,0]
[136,S,0.441241,10,AT,821,420.263,0.410296,348.428,0.410296,0.189319,0.189319,0]
[137,S,0.444117,10,AT,913,418.769,0.213723,347.673,0.0936312,0.1893,0.432099,0]
[138,S,0.449656,10,AT,664,419.218,0.417535,348.741,0.958253,0.433431,0.188856,0]
[139,S,0.450379,10,AT,823,418.379,0.27311,347.535,0.117752,0.187992,0.436023,0]
[140,S,0.450462,10,AT,728,417.551,0.0926951,347.017,0.215292,0.436364,0.187879,0]
[141,S,0.450756,10,GT,621,420.546,0.388777,349.927,0.167363,0.187866,0.436403,0]
[142,S,0.452365,10,CA,149,419.929,0.123736,349.821,0.123736,0.187819,0.187819,0]
[143,S,0.453954,10,AG,483,422.228,0.938035,351.993,0.402336,0.187565,0.437304,0]
[144,S,0.454115,10,AT,44,413.676,0.474841,346.243,1.11048,0.438059,0.187314,0]
[145,S,0.466734,10,CT,485,412.099,0.00466453,344.238,0.00466453,0.187288,0.187288,0]
[146,S,0.467164,10,CG,854,425.934,0.610066,356.542,1.46299,0.444247,0.185251,0]
[147,S,0.468145,10,AT,685,423.121,0.388075,353.617,0.931434,0.444459,0.18518,0]
[148,S,0.468667,10,CG,590,421.469,0.355352,351.643,0.355352,0.185019,0.185019,0]
[149,S,0.46979,10,AG,54,419.512,0.484941,349.377,0.201441,0.184933,0.445201,0]
[150,S,0.473903,10,TG,608,418.05,0.251209,348.139,0.606113,0.445757,0.184748,0]
[151,S,0.474459,10,GC,952,418.043,0.187243,348.025,0.0769631,0.184064,0.447808,0]
[152,S,0.47541,10,TA,741,418.083,0.232975,348.678,0.567442,0.448086,0.183971,0]
[153,S,0.475823,10,GC,162,417.841,0.0345335,348.03,0.0842735,0.448564,0.183812,0]
[154,S,0.47754,10,CA,391,421.703,0.35136,349.931,0.143859,0.183743,0.448772,0]
[155,S,0.47901,10,CT,23,420.653,0.359614,350.182,0.881401,0.449639,0.183454,0]
[156,S,0.480894,10,TG,525,418.99,0.424026,348.85,0.424026,0.183206,0.183206,0]
[157,S,0.482173,10,TC,624,415.796,0.108456,346.286,0.043947,0.182886,0.451342,0]
[158,S,0.482495,10,TG,605,418.412,0.338436,349.961,0.837428,0.451996,0.182668,0]
[159,S,0.484126,10,CT,41,417.387,0.0572227,348.779,0.0231105,0.182613,0.45216,0]
[160,S,0.484947,10,AT,649,420.442,0.397996,351.954,0.988792,0.452997,0.182334,0]
[161,S,0.48934,10,GC,84,419.255,0.350265,349.03,0.871696,0.45342,0.182193,0]
[162,S,0.491845,10,TG,410,418.833,0.158304,348.45,0.158304,0.181435,0.181435,0]
[163,S,0.495821,10,GT,381,419.656,0.47031,349.495,0.186267,0.180998,0.457006,0]
[164,S,0.496196,10,AC,701,418.366,0.390561,349.275,0.994496,0.459102,0.180299,0]
[165,S,0.505523,10,CA,932,416.074,0.038586,345.543,0.0151415,0.180233,0.4593,0]
[166,S,0.505962,10,TC,44,420.287,0.191355,351.045,0.0735926,0.178565,0.464305,0]
[167,S,0.512459,10,AT,781,420.418,0.421216,351.824,0.161839,0.178486,0.464543,0]
[168,S,0.512978,10,TG,35,419.227,0.182451,351.74,0.182451,0.177299,0.177299,0]
[169,S,0.513012,10,TG,485,420.066,1.40118,352.068,1.40118,0.177203,0.177203,0]
[170,S,0.521129,10,TG,765,406.704,0.34022,340.694,0.34022,0.177197,0.177197,0]
[171,S,0.523414,10,TG,137,406.264,0.130684,341.283,0.0485448,0.175684,0.472947,0]
[172,S,0.525362,10,CA,511,407.37,0.529301,342.856,0.1956,0.175253,0.474241,0]
[173,S,0.526877,10,CG,625,405.952,0.205131,342.877,0.557567,0.475351,0.174883,0]
[174,S,0.530609,10,CA,880,406.784,0.124608,342.416,0.0456846,0.174594,0.476217,0]
[175,S,0.537452,10,CT,540,408.783,0.369332,345.249,0.134246,0.173878,0.478366,0]
[176,S,0.538781,10,GT,923,408.319,0.100239,346.71,0.0358571,0.172547,0.482359,0]
[177,S,0.540291,10,GC,920,412.182,0.492705,349.482,0.175696,0.172286,0.483143,0]
[178,S,0.542098,10,AG,93,407.457,0.587882,347.969,1.65452,0.484037,0.171988,0]
[179,S,0.543404,10,AT,932,403.712,0.87233,344.828,0.87233,0.17163,0.17163,0]
[180,S,0.551682,10,CG,44,398.9,0.432977,340.919,0.432977,0.17137,0.17137,0]
[181,S,0.554882,10,TA,263,397.158,0.0802693,340.736,0.0277497,0.169704,0.490889,0]
[182,S,0.556476,10,CT,280,399.827,0.336261,343.912,0.980337,0.492849,0.16905,0]
[183,S,0.560037,10,AT,149,398.236,0.694409,342.669,2.03245,0.493832,0.168723,0]
[184,S,0.560256,10,GT,104,393.921,1.1991,339.312,3.5408,0.496041,0.167986,0]
[185,S,0.561215,10,AC,960,387.069,0.183561,332.541,0.542329,0.496178,0.167941,0]
[186,S,0.563341,10,AG,575,387.681,0.400159,332.561,1.1851,0.496777,0.167741,0]
[187,S,0.566183,10,AG,773,386.379,0.373555,331.548,1.11222,0.49811,0.167297,0]
[188,S,0.571059,10,TA,253,384.352,0.324201,328.348,0.108109,0.166699,0.499902,0]
[189,S,0.571228,10,GA,485,383.799,0.91787,330.447,2.78695,0.503009,0.165664,0]
[190,S,0.575354,10,GC,734,378.485,0.176813,324.64,0.0582074,0.165628,0.503116,0]
[191,S,0.575548,10,GC,195,377.828,0.365916,324.974,0.365916,0.164741,0.164741,0]
[192,S,0.581156,10,GA,572,376.615,0.395411,324.037,1.21457,0.505902,0.164699,0]
[193,S,0.582158,10,GT,590,376.35,0.510624,323.256,1.59161,0.509563,0.163479,0]
[194,S,0.588928,10,TG,34,375.614,0.435322,321.787,1.36049,0.510223,0.163259,0]
[195,S,0.59357,10,AG,123,373.792,0.215401,321.878,0.0676923,0.161758,0.514725,0]
[196,S,0.59956,10,TC,793,374.399,0.419717,326.248,1.35242,0.517856,0.160715,0]
[197,S,0.600865,10,CG,218,373.207,0.174083,326.139,0.570213,0.521952,0.159349,0]
[198,S,0.601555,10,AG,708,373.667,0.100646,326.094,0.33086,0.522852,0.159049,0]
[199,S,0.604913,10,CA,647,374.962,0.298397,325.502,0.982817,0.52333,0.15889,0]
[200,S,0.605336,10,CT,251,374.739,0.316581,325.41,0.316581,0.158112,0.158112,0]
[201,S,0.608212,10,CG,912,375.462,0.328312,325.284,1.09282,0.525961,0.158013,0]
[202,S,0.61085,10,AC,527,374.684,0.0806477,324.761,0.270625,0.527978,0.157341,0]
[203,S,0.615436,10,CG,734,378.011,0.34104,329.696,1.153,0.529842,0.156719,0]
[204,S,0.615453,10,CT,58,378.669,0.25783,331.587,0.883204,0.533113,0.155629,0]
[205,S,0.615949,10,GA,406,378.5,0.246722,330.954,0.845194,0.533125,0.155625,0]
[206,S,0.622817,10,TG,923,378.84,0.315563,331.541,1.08257,0.533481,0.155506,0]
[207,S,0.625083,10,AC,33,377.362,0.541606,332.716,1.89558,0.538456,0.153848,0]
[208,S,0.63107,10,TA,30,375.471,0.406667,329.892,1.43285,0.540117,0.153294,0]
[209,S,0.632077,10,AT,353,374.894,0.229216,330.24,0.822173,0.54455,0.151817,0]
[210,S,0.639639,10,CA,731,374.55,0.581802,329.262,0.581802,0.151566,0.151566,0]
[211,S,0.639801,10,GT,450,372.175,0.44388,328.319,0.44388,0.149662,0.149662,0]
[212,S,0.645604,10,CG,333,370.875,0.192203,326.978,0.192203,0.149621,0.149621,0]
[213,S,0.651716,10,AG,253,372.651,0.342801,331.197,0.342801,0.148134,0.148134,0]
[214,S,0.65444,10,AC,192,371.003,0.128316,331.062,0.490663,0.560367,0.146544,0]
[215,S,0.654821,10,CG,316,372.295,0.4619,332.937,0.4619,0.145828,0.145828,0]
[216,S,0.65686,10,AG,332,371.195,0.125895,332.544,0.486223,0.562817,0.145728,0]
[217,S,0.656938,10,AG,384,372.723,0.0826324,332.935,0.321245,0.564437,0.145188,0]
[218,S,0.661579,10,GT,549,373.879,0.190832,332.557,0.742075,0.5645,0.145167,0]
[219,S,0.661584,10,TG,251,373.525,0.414412,333.492,0.414412,0.143927,0.143927,0]
[220,S,0.664708,10,GC,525,372.312,0.597369,333.714,0.597369,0.143926,0.143926,0]
[221,S,0.664839,10,TA,711,368.319,0.23532,329.652,0.938681,0.570752,0.143083,0]
[222,S,0.669797,10,AC,365,369.226,0.532354,328.58,2.12446,0.570858,0.143047,0]
[223,S,0.670945,10,TA,49,367.182,0.0955696,327.004,0.387763,0.574914,0.141695,0]
[224,S,0.672635,10,TA,359,368.022,0.315524,327.268,1.28517,0.57586,0.14138,0]
[225,S,0.673676,10,CG,941,367.173,0.0966548,326.979,0.395949,0.577258,0.140914,0]
[226,S,0.676655,10,CT,617,369.248,0.0748772,328.92,0.0182136,0.140626,0.578122,0]
[227,S,0.68311,10,TC,861,371.41,0.171145,334.142,0.171145,0.139797,0.139797,0]
[228,S,0.68489,10,AC,753,371.746,0.169886,337.097,0.721576,0.586059,0.13798,0]
[229,S,0.689979,10,GA,6,372.838,0.06666,338.087,0.06666,0.137474,0.137474,0]
[230,S,0.690143,10,CT,624,376.444,0.458121,343.268,1.99382,0.591957,0.136014,0]
[231,S,0.690311,10,AT,722,374.094,0.352674,339.538,0.0809863,0.135967,0.592099,0]
[232,S,0.690697,10,GC,54,373.448,0.281972,339.852,0.281972,0.135918,0.135918,0]
[233,S,0.693636,10,GA,35,372.341,0.0622787,340.207,0.0622787,0.135807,0.135807,0]
[234,S,0.694837,10,TA,816,375.25,0.161375,345.855,0.0365933,0.134953,0.59514,0]
[235,S,0.696588,10,AT,349,376.23,0.515459,347.335,2.28311,0.596192,0.134603,0]
[236,S,0.699079,10,GC,747,374.292,0.25714,344.319,1.14625,0.597731,0.13409,0]
[237,S,0.699943,10,GT,873,373.684,0.315731,344.1,1.42039,0.599933,0.133356,0]
[238,S,0.701056,10,AC,35,373.359,0.579634,342.279,2.61596,0.600699,0.1331,0]
[239,S,0.702686,10,GT,137,370.752,0.426238,338.279,1.93163,0.601689,0.13277,0]
[240,S,0.707519,10,AC,83,369.646,0.114009,337.427,0.519818,0.603145,0.132285,0]
[241,S,0.708557,10,TC,620,370.696,0.433337,340.342,2.01208,0.607495,0.130835,0]
[242,S,0.708709,10,AG,731,369.105,0.367155,337.778,1.71153,0.608436,0.130521,0]
[243,S,0.715039,10,GT,925,367.555,0.213973,335.206,0.998033,0.608575,0.130475,0]
[244,S,0.722515,10,GC,346,368.436,0.201438,338.302,0.962774,0.614371,0.128543,0]
[245,S,0.724821,10,TC,699,368.842,0.199863,342.065,0.0406008,0.126221,0.621338,0]
[246,S,0.733342,10,GA,657,369.803,0.221072,346.566,1.09838,0.623514,0.125495,0]
[247,S,0.734696,10,AT,158,370.176,0.295742,350.863,1.52151,0.631663,0.122779,0]
[248,S,0.741535,10,TC,924,369.959,0.2059,349.053,1.06529,0.632975,0.122342,0]
[249,S,0.741555,10,GC,417,370.827,0.196528,353.24,1.04664,0.639668,0.120111,0]
[250,S,0.747345,10,AT,627,371.236,0.539858,354.157,2.87535,0.639688,0.120104,0]
[251,S,0.748722,10,TG,680,368.861,0.0519954,355.035,0.283963,0.645445,0.118185,0]
[252,S,0.752544,10,CT,947,370.752,0.110845,357.683,0.020174,0.117724,0.646827,0]
[253,S,0.755053,10,CT,268,373.233,0.0598278,366.184,0.0107059,0.116437,0.650689,0]
[254,S,0.758354,10,TC,707,375.539,0.152543,374.315,0.0269911,0.115585,0.653244,0]
[255,S,0.758367,10,CT,72,377.145,0.40635,380.611,2.3312,0.65663,0.114457,0]
[256,S,0.758951,10,AT,390,376.622,0.255078,378.482,1.46345,0.656644,0.114452,0]
[257,S,0.762833,10,GC,571,376.957,0.0904965,377.298,0.0904965,0.114252,0.114252,0]
[258,S,0.766958,10,GT,382,378.509,0.166741,383.47,0.976534,0.66127,0.11291,0]
[259,S,0.767446,10,GT,824,379.662,0.117389,388.209,0.700934,0.66559,0.11147,0]
[260,S,0.768841,10,AC,255,382.931,0.401394,392.917,0.0670683,0.111298,0.666105,0]
[261,S,0.772004,10,AT,816,381.47,0.366316,390.184,2.20693,0.667578,0.110807,0]
[262,S,0.773643,10,AT,930,380.49,0.303792,392.761,0.0496651,0.109688,0.670937,0]
[263,S,0.773847,10,GA,225,379.345,0.120136,395.017,0.740709,0.672689,0.109104,0]
[264,S,0.776398,10,TC,540,381.659,0.159643,394.571,0.98527,0.672907,0.109031,0]
[265,S,0.778237,10,CT,961,382.123,0.413138,396.458,2.5818,0.675649,0.108117,0]
[266,S,0.782689,10,GA,995,381.03,0.0527702,395.712,0.332783,0.677637,0.107454,0]
[267,S,0.784138,10,CT,97,384.692,0.672344,405.131,4.33557,0.682487,0.105838,0]
[268,S,0.784516,10,AT,263,382.478,0.57059,399.226,3.70655,0.684077,0.105308,0]
[269,S,0.789456,10,CT,105,379.955,0.0835185,395.445,0.54358,0.684493,0.105169,0]
[270,S,0.792141,10,AT,108,382.151,0.139334,403.23,0.93024,0.689965,0.103345,0]
[271,S,0.793006,10,CA,539,382.309,0.12153,404.608,0.822877,0.692968,0.102344,0]
[272,S,0.794826,10,TC,617,384.184,0.450157,408.536,3.06196,0.693939,0.10202,0]
[273,S,0.795928,10,CG,470,382.975,0.242817,407.75,1.6677,0.695991,0.101336,0]
[274,S,0.800482,10,TG,913,382.811,0.486144,407.479,0.486144,0.100921,0.100921,0]
[275,S,0.80129,10,TA,824,380.662,0.518911,411.53,0.0732763,0.0991909,0.702427,0]
[276,S,0.801936,10,TG,969,377.684,0.320292,408.546,2.27826,0.703354,0.0988819,0]
[277,S,0.802155,10,TA,187,377.663,0.138375,408.841,0.987786,0.704097,0.0986344,0]
[278,S,0.804848,10,GA,677,378.821,0.107008,411.542,0.7648,0.704349,0.0985502,0]
[279,S,0.805813,10,AC,56,379.927,0.532354,416.56,3.86221,0.707459,0.0975136,0]
[280,S,0.80849,10,GT,123,377.765,0.531929,412.671,0.531929,0.0971404,0.0971404,0]
[281,S,0.80892,10,CG,249,374.906,0.112154,408.977,0.830593,0.7117,0.0960999,0]
[282,S,0.810668,10,GA,407,376.119,0.213404,411.111,1.58431,0.712203,0.0959323,0]
[283,S,0.811202,10,GC,490,377.062,0.343306,414.949,2.5744,0.714255,0.0952484,0]
[284,S,0.815802,10,TC,250,376.731,0.421055,412.551,3.16716,0.714882,0.0950393,0]
[285,S,0.817679,10,AG,371,375.177,0.112694,419.645,0.870785,0.720332,0.0932227,0]
[286,S,0.825049,10,TC,41,376.548,0.595091,422.071,4.64984,0.722573,0.0924757,0]
[287,S,0.825412,10,TC,385,373.739,0.407735,429.966,3.33215,0.73148,0.0895067,0]
[288,S,0.827406,10,AT,852,372.188,0.0502929,428.92,0.411938,0.731922,0.0893593,0]
[289,S,0.829307,10,GA,827,375.818,0.347416,439.095,2.88134,0.734363,0.0885457,0]
[290,S,0.829951,10,TG,947,375.189,0.35202,438.461,0.35202,0.087766,0.087766,0]
[291,S,0.834949,10,CA,54,373.153,0.164097,436.517,1.38307,0.737496,0.0875014,0]
[292,S,0.835722,10,CG,74,374.149,0.204458,447.149,0.0234863,0.0854307,0.743708,0]
[293,S,0.836545,10,GT,13,374.535,0.133183,451.587,1.16532,0.744676,0.0851082,0]
[294,S,0.837647,10,CG,441,375.652,0.0689759,454.087,0.606811,0.745708,0.0847641,0]
[295,S,0.837834,10,CG,839,378.302,0.472108,459.066,4.18388,0.747094,0.0843019,0]
[296,S,0.840016,10,AG,408,376.802,0.389989,454.917,3.46043,0.747329,0.0842237,0]
[297,S,0.841879,10,GT,940,375.449,0.330068,454.473,2.97197,0.750086,0.0833048,0]
[298,S,0.842733,10,CG,571,374.601,0.534503,455.566,0.534503,0.0825159,0.0825159,0]
[299,S,0.846054,10,CA,700,373.049,0.264554,454.352,2.42658,0.75354,0.0821534,0]
[300,S,0.848132,10,CG,134,372.883,0.270006,458.557,2.53432,0.757795,0.0807352,0]
[301,S,0.849336,10,GT,671,372.526,0.313388,462.03,2.98495,0.760475,0.0798418,0]
[302,S,0.850917,10,AC,391,371.628,0.18359,462.236,1.76372,0.762034,0.0793221,0]
[303,S,0.851203,10,TA,538,372.313,0.567733,464.202,5.51645,0.764088,0.0786372,0]
[304,S,0.863528,10,TC,444,370.472,0.712841,461.555,6.94079,0.764462,0.0785127,0]
[305,S,0.864016,10,TA,658,367.092,0.166842,486.978,1.78266,0.780778,0.073074,0]
[306,S,0.864185,10,TC,196,368.862,0.0321146,489.056,0.0321146,0.0728552,0.0728552,0]
[307,S,0.864804,10,AT,993,373.677,0.613601,495.187,6.59018,0.781662,0.0727794,0]
[308,S,0.864992,10,CT,707,371.172,0.382106,488.127,4.12403,0.782497,0.072501,0]
[309,S,0.868526,10,CA,831,369.565,0.117993,483.497,1.27539,0.782751,0.0724165,0]
[310,S,0.871889,10,AT,414,371.039,0.397144,495.285,4.4164,0.787542,0.0708195,0]
[311,S,0.872625,10,GC,850,369.752,0.603679,496.968,0.603679,0.0692864,0.0692864,0]
[312,S,0.874757,10,AT,329,366.109,0.308868,491.19,3.55305,0.793152,0.0689492,0]
[313,S,0.875355,10,GA,659,365.472,0.1059,494.019,0.00904146,0.0679685,0.796095,0]
[314,S,0.879424,10,CT,817,366.513,0.340597,502.845,4.00972,0.796922,0.0676928,0]
[315,S,0.880015,10,GT,12,365.956,0.399165,512.64,4.8685,0.802589,0.0658038,0]
[316,S,0.885372,10,TA,930,364.786,0.202967,510.507,2.48852,0.803417,0.0655278,0]
[317,S,0.887169,10,CG,945,365.931,0.0617502,529.368,0.0617502,0.0630074,0.0630074,0]
[318,S,0.88879,10,AC,506,369.362,0.177726,546.425,2.32626,0.813538,0.062154,0]
[319,S,0.889368,10,AC,6,370.727,0.395347,554.474,5.25485,0.815858,0.0613808,0]
[320,S,0.889746,10,AT,488,368.756,0.085475,550.742,1.14241,0.816686,0.0611046,0]
[321,S,0.893058,10,GC,74,370.929,0.30185,551.047,4.049,0.817229,0.0609237,0]
[322,S,0.895534,10,CG,900,370.542,0.234393,561.347,3.24744,0.822008,0.0593306,0]
[323,S,0.896693,10,TA,180,370.88,0.211469,569.18,3.00341,0.825608,0.0581308,0]
[324,S,0.898238,10,TA,450,371.136,0.361231,569.93,5.1913,0.8273,0.0575667,0]
[325,S,0.898861,10,AC,589,370.614,0.166851,572.037,2.43635,0.829564,0.0568119,0]
[326,S,0.900925,10,AG,258,371.308,0.245041,572.755,3.60136,0.83048,0.0565068,0]
[327,S,0.902894,10,AT,694,371.814,0.182421,578.43,2.74005,0.833523,0.0554924,0]
[328,S,0.903395,10,TC,268,372.852,0.660032,583.343,10.1262,0.836441,0.0545196,0]
[329,S,0.905682,10,GC,410,370.4,0.148248,571.112,2.28686,0.837186,0.0542713,0]
[330,S,0.907319,10,GT,303,372.447,0.100007,584.721,0.100007,0.0531342,0.0531342,0]
[331,S,0.90762,10,GA,913,373.575,0.235602,598.703,3.79663,0.843052,0.052316,0]
[332,S,0.915493,10,AC,389,374.187,0.187131,596.46,3.02588,0.843505,0.0521651,0]
[333,S,0.916146,10,TG,427,374.572,0.245908,644.171,4.36623,0.85546,0.0481799,0]
[334,S,0.922823,10,TA,95,374.248,0.152366,647.831,2.72741,0.856462,0.0478459,0]
[335,S,0.924689,10,CA,69,376.408,0.255216,695.272,4.9828,0.866808,0.0443973,0]
[336,S,0.926366,10,GC,712,376.743,0.081127,712.18,1.6249,0.86973,0.0434233,0]
[337,S,0.926435,10,GA,396,378.065,0.100934,735.895,2.06968,0.872369,0.0425437,0]
[338,S,0.926488,10,TA,189,380.862,0.310917,733.26,6.38168,0.872478,0.0425073,0]
[339,S,0.927417,10,TG,317,380.63,0.0593372,730.575,0.00288874,0.0424794,0.872562,0]
[340,S,0.931174,10,GA,660,383.086,0.397363,756.152,0.397363,0.0419906,0.0419906,0]
[341,S,0.931728,10,CG,118,381.787,0.0372705,782.36,0.819924,0.879996,0.0400012,0]
[342,S,0.933593,10,CT,756,384.759,0.318328,794.604,7.06212,0.880882,0.0397062,0]
[343,S,0.93431,10,TG,821,383.186,0.171646,809.277,3.91915,0.883869,0.0387104,0]
[344,S,0.934553,10,TG,932,384.115,0.333423,814.023,0.333423,0.0383265,0.0383265,0]
[345,S,0.935001,10,CG,942,383.616,0.277719,815.263,6.43776,0.885412,0.0381959,0]
[346,S,0.936119,10,AG,656,382.937,0.631166,814.864,0.631166,0.0379555,0.0379555,0]
[347,S,0.936525,10,CT,356,381.435,0.183181,820.915,4.35435,0.887937,0.0373542,0]
[348,S,0.936541,10,TG,338,381.579,0.137052,823.289,3.27944,0.888594,0.0371353,0]
[349,S,0.936651,10,GA,437,382.05,0.17866,824.9,4.27621,0.88862,0.0371265,0]
[350,S,0.93706,10,GA,521,384.296,0.191008,846.534,4.58001,0.888799,0.0370671,0]
[351,S,0.938829,10,AT,122,385.821,0.0787478,846.583,1.90095,0.889461,0.0368463,0]
[352,S,0.940074,10,AC,99,388.886,0.144257,891.423,3.58679,0.892334,0.0358888,0]
[353,S,0.940643,10,AC,307,390.262,0.358564,918.474,9.10713,0.894362,0.0352126,0]
[354,S,0.942512,10,AT,660,389.005,0.12287,914.582,3.15176,0.895292,0.0349026,0]
[355,S,0.943188,10,TA,430,390.381,0.416424,942.814,11.0411,0.898354,0.0338821,0]
[356,S,0.943532,10,GA,480,388.991,0.202424,941.338,5.43312,0.899465,0.0335117,0]
[357,S,0.943782,10,CT,107,389.736,0.176108,942.038,0.176108,0.033323,0.033323,0]
[358,S,0.949735,10,AC,121,390.785,0.525018,948.509,14.2456,0.900443,0.0331856,0]
[359,S,0.950344,10,AC,824,387.869,0.384835,1028.99,0.384835,0.029891,0.029891,0]
[360,S,0.950372,10,CG,650,386.783,0.0782822,1034.08,2.41421,0.911347,0.029551,0]
[361,S,0.95051,10,CA,418,388.498,0.335788,1032.19,10.3615,0.911393,0.0295358,0]
[362,S,0.950607,10,CA,195,387.749,0.403386,1025.17,12.4833,0.911625,0.0294583,0]
[363,S,0.950824,10,CA,196,386.328,0.575765,1024.96,17.8539,0.911788,0.0294039,0]
[364,S,0.951047,10,TA,322,383.43,0.2224,1006.78,6.92771,0.912152,0.0292827,0]
[365,S,0.951074,10,CG,98,383.101,0.540422,1003.9,16.9127,0.912525,0.0291584,0]
[366,S,0.952603,10,AT,411,381.068,0.392729,987.115,12.2976,0.91257,0.0291434,0]
[367,S,0.953185,10,CA,55,380.22,0.247601,1004.1,8.01075,0.915143,0.0282858,0]
[368,S,0.954422,10,CG,595,380.363,0.355411,1007.31,11.6457,0.916123,0.0279589,0]
[369,S,0.955181,10,CG,952,380.119,0.325422,1021.3,10.9605,0.918214,0.0272622,0]
[370,S,0.955222,10,TC,313,380.284,0.219254,1029.82,7.51317,0.9195,0.0268335,0]
[371,S,0.956051,10,CG,296,381.009,0.116397,1038.22,3.99237,0.91957,0.02681,0]
[372,S,0.956354,10,CA,364,382.658,0.0193544,1052.86,0.676712,0.920978,0.0263406,0]
[373,S,0.96003,10,GT,986,388.893,0.121324,1081.55,4.27217,0.921492,0.0261692,0]
[374,S,0.9606,10,GT,253,390.016,0.165201,1165.99,6.3664,0.927776,0.0240748,0]
[375,S,0.960803,10,CA,255,390.784,0.108617,1195.8,4.24786,0.928755,0.0237482,0]
[376,S,0.960869,10,TC,849,393.296,0.17204,1181.51,6.76375,0.929103,0.0236323,0]
[377,S,0.961282,10,GA,251,393.729,0.31769,1182.85,12.5116,0.929217,0.0235943,0]
[378,S,0.961437,10,TG,778,393.579,0.160291,1183.24,6.38171,0.929928,0.0233572,0]
[379,S,0.962654,10,AC,292,394.266,0.105214,1186.51,4.20613,0.930195,0.0232683,0]
[380,S,0.964091,10,GA,947,396.424,0.339808,1233.96,0.339808,0.0225682,0.0225682,0]
[381,S,0.964096,10,CA,184,396.379,0.218223,1265.07,9.38379,0.934784,0.0217386,0]
[382,S,0.964111,10,AC,880,397.042,0.440021,1256.36,18.924,0.934793,0.0217358,0]
[383,S,0.964599,10,GC,894,395.043,0.365916,1235.85,15.7437,0.934819,0.0217271,0]
[384,S,0.965899,10,AT,36,394.02,0.275734,1236.71,12.0308,0.935667,0.0214444,0]
[385,S,0.966552,10,GC,563,393.679,0.215331,1275.56,9.7611,0.937928,0.0206908,0]
[386,S,0.966958,10,TC,191,394.683,0.357913,1293.72,16.5479,0.939067,0.020311,0]
[387,S,0.967742,10,TA,788,394.638,0.126515,1291.64,5.92259,0.939775,0.020075,0]
[388,S,0.968026,10,CA,893,395.717,0.283458,1324.25,13.599,0.941148,0.0196174,0]
[389,S,0.968998,10,TG,621,395.49,0.213216,1321.79,10.3215,0.941644,0.0194519,0]
[390,S,0.971323,10,GC,116,396.791,0.268246,1351.31,13.4006,0.94335,0.0188834,0]
[391,S,0.971927,10,CT,946,396.259,0.194125,1458.79,10.4991,0.947446,0.017518,0]
[392,S,0.973041,10,AG,37,397.446,0.190549,1479.55,10.5312,0.948514,0.0171621,0]
[393,S,0.973403,10,AT,272,397.783,0.10019,1527.73,5.77,0.950487,0.0165043,0]
[394,S,0.974261,10,TA,994,399.066,0.154293,1554.62,9.00888,0.951131,0.0162898,0]
[395,S,0.976492,10,TA,601,400.187,0.346416,1592.88,20.9119,0.952656,0.0157813,0]
[396,S,0.976908,10,CG,848,400.37,0.375423,1717.91,24.8479,0.956639,0.0144537,0]
[397,S,0.978637,10,TA,781,399.919,0.168041,1742.71,11.3251,0.957383,0.0142056,0]
[398,S,0.978733,10,GA,765,400.476,0.226726,1909.99,16.5344,0.960488,0.0131706,0]
[399,S,0.979546,10,GC,932,401.353,0.149746,1902.75,10.9705,0.960661,0.013113,0]
[400,S,0.980235,10,TG,780,402.449,0.655444,1965.58,49.9527,0.962127,0.0126244,0]
[401,S,0.980862,10,GA,639,399.944,0.0545795,1980.9,4.30657,0.963372,0.0122093,0]
[402,S,0.981875,10,GC,285,403.934,0.153783,2047.42,12.5366,0.964506,0.0118313,0]
[403,S,0.981901,10,GT,302,405.173,0.437204,2146.86,37.6572,0.966342,0.0112193,0]
[404,S,0.981951,10,GA,140,403.848,0.263683,2114.58,22.7437,0.966388,0.011204,0]
[405,S,0.982,10,CA,861,403.86,0.0631925,2097.53,5.46594,0.966479,0.0111736,0]
[406,S,0.982313,10,GA,333,407.129,0.0865746,2148.14,7.50896,0.966568,0.011144,0]
[407,S,0.982425,10,TA,823,410.475,0.150403,2191.25,13.2789,0.967137,0.0109542,0]
[408,S,0.982677,10,AT,997,411.348,0.224917,2231.62,19.9849,0.96734,0.0108867,0]
[409,S,0.982839,10,GC,982,411.206,0.186809,2242.91,16.8434,0.967799,0.0107338,0]
[410,S,0.983039,10,TC,159,411.621,0.0424576,2260.41,3.86453,0.968092,0.0106359,0]
[411,S,0.983429,10,GC,423,415.475,0.361825,2358.78,33.3268,0.968457,0.0105144,0]
[412,S,0.983476,10,CG,127,414.682,0.165768,2379.35,15.6313,0.969166,0.0102779,0]
[413,S,0.983938,10,GA,568,415.29,0.375585,2370.3,35.5191,0.969253,0.0102491,0]
[414,S,0.98399,10,TA,311,415.331,0.205493,2403.56,19.9976,0.970094,0.00996856,0]
[415,S,0.984473,10,CT,271,415.925,0.212794,2412.37,20.7766,0.97019,0.00993669,0]
[416,S,0.985252,10,GT,44,416.362,0.211362,2499.85,21.2853,0.971072,0.00964267,0]
[417,S,0.9856,10,TG,967,417.97,0.30737,2626.15,32.6037,0.972496,0.00916815,0]
[418,S,0.985815,10,GT,113,417.198,0.122714,2654.54,13.3342,0.973133,0.00895569,0]
[419,S,0.985998,10,GC,129,419.419,0.434881,2700.67,47.9775,0.973527,0.00882431,0]
[420,S,0.987166,10,AG,745,417.88,0.00868696,2711.61,0.970981,0.973862,0.00871274,0]
[421,S,0.987247,10,GA,316,426.631,0.485574,3033.87,59.2585,0.976007,0.00799756,0]
[422,S,0.987485,10,GT,347,424.642,0.227406,2966.61,27.9296,0.976156,0.00794798,0]
[423,S,0.987992,10,AT,70,424.936,0.386605,3010.12,48.3924,0.976594,0.00780198,0]
[424,S,0.988016,10,CT,954,423.912,0.338017,3085.22,44.1123,0.977529,0.00749046,0]
[425,S,0.988345,10,TC,801,422.8,0.0423989,3046.63,0.0423989,0.00747553,0.00747553,0]
[426,S,0.989018,10,TC,610,424.978,0.167131,3172.66,22.477,0.97818,0.00727338,0]
[427,S,0.989061,10,GA,945,425.7,0.37013,3377.73,52.8501,0.979422,0.00685928,0]
[428,S,0.989549,10,CA,710,424.01,0.341111,3327.23,48.8977,0.979501,0.00683302,0]
[429,S,0.989594,10,TC,348,423.353,0.153638,3439.18,23.0589,0.980403,0.00653231,0]
[430,S,0.989813,10,CA,850,424.33,0.213901,3430.5,32.2443,0.980487,0.00650432,0]
[431,S,0.990035,10,TA,574,424.913,0.073261,3470.43,11.2822,0.980892,0.00636944,0]
[432,S,0.990277,10,GC,404,427.917,0.244629,3585.32,38.5172,0.981303,0.00623241,0]
[433,S,0.990682,10,AT,641,426.996,0.0932432,3627.59,15.0489,0.981751,0.00608295,0]
[434,S,0.99129,10,CT,161,429.609,0.853365,3767.99,143.753,0.982503,0.00583247,0]
[435,S,0.991845,10,AT,609,423.882,0.269042,3874.36,48.5068,0.983633,0.0054557,0]
[436,S,0.992183,10,GC,399,423.062,0.121937,4084.45,23.4891,0.984665,0.0051116,0]
[437,S,0.992475,10,CA,400,424.889,0.296337,4292.55,59.5599,0.985293,0.00490227,0]
[438,S,0.992797,10,GT,529,424.665,0.120394,4389.38,25.1415,0.985837,0.00472084,0]
[439,S,0.992815,10,CA,112,426.261,0.201187,4633.13,43.9,0.986438,0.00452069,0]
[440,S,0.992938,10,TC,535,425.874,0.163922,4600.71,35.8623,0.986473,0.00450905,0]
[441,S,0.992991,10,CA,683,426.19,0.295619,4565.03,65.8028,0.986702,0.00443275,0]
[442,S,0.993015,10,TC,825,425.885,0.176769,4533.14,39.6479,0.986801,0.00439964,0]
[443,S,0.993083,10,AG,964,426.61,0.0428818,4540.03,9.65123,0.986846,0.0043847,0]
[444,S,0.993228,10,CG,920,428.889,0.200657,4659.1,45.6032,0.986972,0.00434273,0]
[445,S,0.993563,10,GT,439,430.628,0.584907,4711.58,135.786,0.987242,0.00425261,0]
[446,S,0.993598,10,TA,789,427.544,0.191927,4845.81,46.8885,0.987869,0.0040436,0]
[447,S,0.993821,10,GC,981,427.909,0.222781,4824.35,54.7216,0.987934,0.00402205,0]
[448,S,0.994449,10,GA,456,427.737,0.050182,4926.21,12.7742,0.988352,0.00388262,0]
[449,S,0.994571,10,GA,273,430.792,0.502784,5587.83,142.511,0.989527,0.00349109,0]
[450,S,0.99466,10,CT,585,429.565,0.271383,5578.91,78.6546,0.989755,0.00341497,0]
[451,S,0.994662,10,GA,119,429.737,0.0509136,5649.88,15.0033,0.989922,0.00335928,0]
[452,S,0.994679,10,GA,571,433.106,0.393279,5646.47,115.94,0.989926,0.00335792,0]
[453,S,0.994734,10,GT,702,431.486,0.36624,5547.84,0.36624,0.00334729,0.00334729,0]
[454,S,0.994824,10,AG,561,430.632,0.320407,5616.27,95.7589,0.990062,0.00331273,0]
[455,S,0.995229,10,GC,669,430.664,0.281891,5724.18,85.708,0.990229,0.00325683,0]
[456,S,0.995236,10,TC,949,430.723,0.0671711,6160.15,22.1622,0.990989,0.00300358,0]
[457,S,0.995275,10,CG,811,432.896,0.155111,6144.94,51.2576,0.991003,0.00299889,0]
[458,S,0.995538,10,AC,947,433.977,0.207813,6143.14,69.238,0.991076,0.00297465,0]
[459,S,0.995547,10,GC,588,433.87,0.275182,6503.55,97.0932,0.991569,0.00281031,0]
[460,S,0.995853,10,CT,824,433.488,0.43551,6420.45,154.002,0.991588,0.00280416,0]
[461,S,0.995978,10,CA,963,432.046,0.458083,6747.26,173.959,0.992162,0.00261265,0]
[462,S,0.996316,10,TA,107,430.207,0.289615,6777.04,113.415,0.992398,0.00253416,0]
[463,S,0.996776,10,CG,879,430.533,0.221531,7272.36,94.7284,0.993033,0.0023223,0]
[464,S,0.996876,10,TA,744,430.852,0.740906,8198.36,362.09,0.993899,0.00203371,0]
[465,S,0.997212,10,CA,526,424.88,0.50322,8286.08,253.849,0.994088,0.00197064,0]
[466,S,0.997381,10,CA,505,422.731,0.353572,9063.35,199.872,0.994721,0.00175965,0]
[467,S,0.997413,10,TC,845,421.484,0.28139,9434.81,169.368,0.99504,0.00165317,0]
[468,S,0.997549,10,GC,457,421.659,0.442929,9380.5,269.921,0.995101,0.00163292,0]
[469,S,0.997774,10,AC,532,419.557,0.484163,9714.65,311.387,0.995357,0.00154764,0]
[470,S,0.997917,10,TA,722,416.809,0.169498,10353.2,120.061,0.995783,0.0014058,0]
[471,S,0.998027,10,CT,252,417.455,0.203709,11028.5,154.242,0.996053,0.0013155,0]
[472,S,0.99824,10,AG,254,419.8,0.771932,12043.5,617.12,0.996261,0.00124619,0]
[473,S,0.998353,10,AC,460,414.133,0.348772,12804.6,312.579,0.996664,0.00111207,0]
[474,S,0.9984,10,CA,341,412.82,0.239967,13347.7,229.834,0.996878,0.00104083,0]
[475,S,0.99842,10,CG,135,413.011,0.248016,13503.3,244.544,0.996967,0.00101112,0]
[476,S,0.998471,10,CG,436,413.148,0.534503,13425.2,533.659,0.997004,0.000998582,0]
[477,S,0.998493,10,CG,148,411.712,0.14801,13319,152.689,0.9971,0.000966541,0]
[478,S,0.998594,10,TC,181,412.703,0.108456,13362.6,113.558,0.997143,0.000952341,0]
[479,S,0.998639,10,CT,729,414.91,0.240627,14478.3,270.075,0.997334,0.00088859,0]
[480,S,0.998645,10,GC,416,414.949,0.161837,14677.1,187.651,0.997419,0.000860208,0]
[481,S,0.99865,10,GA,514,416.789,0.0699927,14793.8,81.4875,0.99743,0.00085673,0]
[482,S,0.998672,10,GT,746,419.626,0.453917,15089.2,530.285,0.997439,0.000853794,0]
[483,S,0.998695,10,GC,859,417.943,0.30185,14801.1,358.518,0.997481,0.000839817,0]
[484,S,0.998728,10,GT,860,417.023,0.59995,15312.5,725.102,0.997524,0.000825352,0]
[485,S,0.998743,10,TC,16,414.559,0.159339,14481.4,197.698,0.997588,0.00080403,0]
[486,S,0.998769,10,CA,379,416.595,0.0445936,14443,55.9483,0.997615,0.000795149,0]
[487,S,0.998869,10,AG,667,420.987,0.287445,15520.3,368.342,0.997664,0.000778553,0]
[488,S,0.999003,10,AT,386,420.833,0.386093,16489.2,538.499,0.997854,0.00071544,0]
[489,S,0.999015,10,CG,363,419.83,0.772785,18097.6,1223.17,0.998108,0.000630592,0]
[490,S,0.999064,10,GT,377,414.619,0.469581,17129.3,751.985,0.99813,0.000623288,0]
[491,S,0.999131,10,GT,536,412.036,0.0864874,17235,145.773,0.998223,0.000592248,0]
[492,S,0.999163,10,CG,203,416.522,0.0782836,18403,142.109,0.99835,0.000549962,0]
[493,S,0.999175,10,AC,415,418.973,0.212215,19700.4,400.111,0.998411,0.000529548,0]
[494,S,0.999232,10,GA,170,418.674,0.156085,19588,298.684,0.998435,0.000521757,0]
[495,S,0.999279,10,GT,776,418.797,0.117238,20869.5,240.83,0.998542,0.0004861,0]
[496,S,0.999384,10,TG,830,421.237,0.158515,23305.7,346.852,0.998631,0.000456385,0]
[497,S,0.999404,10,TC,833,422.661,0.267225,27930.3,685.03,0.998831,0.000389636,0]
[498,S,0.999425,10,TA,178,422.144,0.334957,28134.4,887.69,0.998869,0.000376909,0]
[499,S,0.999448,10,TG,173,420.826,0.0840229,28299.4,230.746,0.998909,0.000363739,0]
[500,S,0.999489,10,CA,948,422.412,0.226375,30289.6,647.462,0.998952,0.000349268,0]
[501,S,0.999518,10,AT,758,422.954,0.0478552,31999.2,147.766,0.999029,0.000323543,0]
[502,S,0.9996,10,AT,128,427.646,0.173386,35178.1,568.116,0.999085,0.000304916,0]
[503,S,0.999638,10,CA,759,427.73,0.540928,41677.2,2132.63,0.99924,0.00025345,0]
[504,S,0.999654,10,TC,799,425.285,0.0482853,45313.9,210.801,0.999313,0.000228899,0]
[505,S,0.999658,10,TC,725,427.528,0.155307,46752.7,709.19,0.999343,0.000218848,0]
[506,S,0.999685,10,CT,205,428.181,0.0379186,46513.1,174.918,0.99935,0.000216639,0]
[507,S,0.999717,10,CT,440,431.93,0.1229,54436.8,615.224,0.999401,0.000199646,0]
[508,S,0.999751,10,CA,525,433.107,0.272478,59936.3,1519.01,0.999462,0.000179282,0]
[509,S,0.999752,10,TA,276,432.616,0.0617908,66431.9,391.751,0.999527,0.000157655,0]
[510,S,0.999757,10,TC,357,436.066,0.13994,66217.5,889.603,0.999528,0.000157232,0]
[511,S,0.999777,10,AG,117,437.19,0.319962,66670.3,2075.81,0.999538,0.000154067,0]
[512,S,0.999782,10,CA,801,438.329,0.279675,70608.3,1983.42,0.999577,0.000140947,0]
[513,S,0.999818,10,AG,802,438.663,0.410202,73044.2,2971.68,0.999586,0.00013798,0]
[514,S,0.999836,10,AC,511,437.518,0.144257,83976.5,1252.49,0.999655,0.000115136,0]
[515,S,0.999837,10,TC,871,438.146,0.0887347,91730.4,854.323,0.999689,0.000103833,0]
[516,S,0.999847,10,CG,199,440.567,0.140749,91150.8,1359.21,0.999689,0.00010352,0]
[517,S,0.999862,10,TA,206,442.293,0.96537,97296.3,9962.66,0.999709,9.68707e-05,0]
[518,S,0.999863,10,GT,713,437.738,0.425393,97161,4884.17,0.999739,8.70735e-05,0]
[519,S,0.999879,10,TG,989,436.625,0.0854223,92760.9,985.935,0.99974,8.66184e-05,0]
[520,S,0.999903,10,AC,676,441.117,0.229803,115884,2994.78,0.99977,7.6717e-05,0]
[521,S,0.999906,10,AG,202,441.297,0.302511,141533,4942.73,0.999816,6.1192e-05,0]
[522,S,0.999918,10,GT,317,439.912,0.44919,141908,7570.99,0.999822,5.93199e-05,0]
[523,S,0.999918,10,TG,987,439.411,0.52725,154086,10193.2,0.999845,5.17174e-05,0]
[524,S,0.999919,10,AT,762,436.348,0.380436,146195,7362.65,0.999845,5.1663e-05,0]
[525,S,0.999929,10,CG,990,435.151,0.456947,140280,8935.61,0.999847,5.11299e-05,0]
[526,S,0.99994,10,GT,290,433.505,0.3633,150105,8045.09,0.999865,4.51518e-05,0]
[527,S,0.999947,10,AC,832,431.515,0.337018,168828,8869.47,0.999886,3.79932e-05,0]
[528,S,0.999952,10,CT,826,430.68,0.143573,179523,4240.65,0.999898,3.38528e-05,0]
[529,S,0.999955,10,AG,659,431.721,0.167089,196225,5524.95,0.999909,3.02399e-05,0]
[530,S,0.999956,10,AC,269,432.768,0.144806,206065,5068.52,0.999914,2.85672e-05,0]
[531,S,0.99996,10,TC,200,433.377,0.264505,207718,9567.88,0.999917,2.76428e-05,0]
[532,S,0.999966,10,CA,562,432.76,0.483395,217024,19151.4,0.999924,2.52388e-05,0]
[533,S,0.999972,10,CT,699,431.535,0.212882,230868,9840.54,0.999935,2.16318e-05,0]
[534,S,0.999977,10,CG,45,431.582,0.181738,265804,10096.2,0.999946,1.79997e-05,0]
[535,S,0.999981,10,TG,381,430.9,0.281536,317036,19391.5,0.999956,1.45178e-05,0]
[536,S,0.999986,10,TA,482,429.75,0.0500085,364395,4216.96,0.999964,1.18585e-05,0]
[537,S,0.999987,10,TG,774,434.339,0.635428,593942,71363.6,0.999973,8.90385e-06,0]
[538,S,0.999987,10,AG,310,431.087,0.480017,549861,56724.3,0.999975,8.46206e-06,0]
[539,S,0.999987,10,AT,335,429.693,0.399487,498221,47694.7,0.999975,8.37571e-06,0]
[540,S,0.999989,10,GA,483,426.94,1.03245,453939,124198,0.999975,8.31273e-06,0]
[541,S,0.999992,10,CA,630,420.608,0.138947,410986,20833,0.99998,6.66944e-06,0]
[542,S,0.999995,10,TG,978,421.361,0.149333,488505,28034.4,0.999984,5.32667e-06,0]
[543,S,0.999995,10,GA,403,422.284,0.0384403,723890,11344.8,0.99999,3.38833e-06,0]
[544,S,0.999997,10,AC,361,427.984,0.223004,757457,69963.1,0.99999,3.18743e-06,0]
[545,S,0.999998,10,CT,11,428.001,0.0859699,1.17616e+06,46142.6,0.999994,1.86312e-06,0]
[546,S,0.999998,10,TC,174,430.533,0.111751,1.44087e+06,76480,0.999996,1.46118e-06,0]
[547,S,0.999998,10,AT,175,433.339,0.843162,2.52639e+06,684942,0.999996,1.23099e-06,0]
[548,S,1,10,CG,515,428.76,0.228734,1.6492e+06,212079,0.999997,1.07853e-06,0]
[549,S,1,10,TC,303,428.168,0.064826,1.54997e+10,6.4826e+08,1,2.22507e-308,0]
[550,S,1,10,CT,305,432.338,0.538458,1.96038e+10,5.38458e+09,1,2.22507e-308,0]
[551,S,1,10,TC,862,429.182,0.0967981,1.42192e+10,9.67981e+08,1,2.22507e-308,0]
[552,S,1,10,CG,991,431.611,0.259482,1.32512e+10,2.59482e+09,1,2.22507e-308,0]
[553,S,1,10,TA,123,431.261,0.242484,1.06564e+10,2.42484e+09,1,2.22507e-308,0]
[554,S,1,10,GT,176,430.449,0.151942,8.92604e+09,1.51942e+09,1,2.22507e-308,0]
[555,S,1,10,AT,124,431.925,0.0818839,7.40662e+09,8.18839e+08,1,2.22507e-308,0]
[556,S,1,10,GC,86,433.932,0.142863,6.58778e+09,1.42863e+09,1,2.22507e-308,0]
[557,S,1,10,TA,131,435.273,0.117148,5.74598e+09,1.17148e+09,1,2.22507e-308,0]
[558,S,1,10,GC,656,436.492,0.22695,4.5745e+09,2.2695e+09,1,2.22507e-308,0]
