Taxa bit representation:
T_1 10
T_2 01
Clade List (<taxon members> = <clade name>): 

>Dataset_0
[-1,X,0,11,XX,X,1147.91,0,-1,0,0,0,0]
[-1,X,0,01,XX,X,404.953,0,-1,0,0,0,0]
[0,S,0.00153926,10,CG,510,404.953,0.462062,-1,0.462062,0,0,0]
[1,S,0.00322634,10,GA,406,403.609,0.313514,-1,0.313514,0,0,0]
[2,S,0.00762561,10,AT,414,403.406,0.296494,-1,0.296494,0,0,0]
[3,S,0.00907621,10,AC,708,402.814,0.0858145,-1,0.0858145,0,0,0]
[4,S,0.0107199,10,CA,683,404.045,0.301296,-1,0.301296,0,0,0]
[5,S,0.0132646,10,CG,203,403.456,0.0310989,-1,0.0310989,0,0,0]
[6,S,0.0141934,10,CT,543,407.977,0.460001,-1,0.460001,0,0,0]
[7,S,0.0142093,10,TC,725,406.734,0.288657,-1,0.288657,0,0,0]
[8,S,0.0183317,10,GC,859,405.69,0.091271,-1,0.091271,0,0,0]
[9,S,0.0187142,10,TG,326,408.676,0.343436,-1,0.343436,0,0,0]
[10,S,0.0197139,10,TC,981,408.077,0.510076,-1,0.510076,0,0,0]
[11,S,0.0205309,10,TG,193,404.904,0.206596,-1,0.206596,0,0,0]
[12,S,0.0276,10,CT,436,405.499,0.133055,-1,0.133055,0,0,0]
[13,S,0.0294801,10,GT,37,407.677,0.470507,-1,0.470507,0,0,0]
[14,S,0.0335094,10,TC,504,406.73,0.309236,-1,0.309236,0,0,0]
[15,S,0.0357304,10,CT,280,405.955,0.115731,-1,0.115731,0,0,0]
[16,S,0.03625,10,GC,698,406.922,0.310952,-1,0.310952,0,0,0]
[17,S,0.0362679,10,AT,821,406.714,0.410296,-1,0.410296,0,0,0]
[18,S,0.0453669,10,TG,427,405.282,0.442229,-1,0.442229,0,0,0]
[19,S,0.0471244,10,TA,710,402.718,0.254242,-1,0.254242,0,0,0]
[20,S,0.0471335,10,CT,177,402.466,0.0253566,-1,0.0253566,0,0,0]
[21,S,0.0474036,10,TA,338,408.537,0.209237,-1,0.209237,0,0,0]
[22,S,0.0518178,10,TG,90,408.382,0.0597921,-1,0.0597921,0,0,0]
[23,S,0.0541116,10,CT,817,410.401,0.340597,-1,0.340597,0,0,0]
[24,S,0.0549797,10,AT,411,409.791,0.196138,-1,0.196138,0,0,0]
[25,S,0.0573232,10,CG,403,411.974,0.156066,-1,0.156066,0,0,0]
[26,S,0.0596321,10,AT,609,414.135,0.0882628,-1,0.0882628,0,0,0]
[27,S,0.0606454,10,AT,428,416.329,0.234368,-1,0.234368,0,0,0]
[28,S,0.0616156,10,AC,506,416.83,0.177726,-1,0.177726,0,0,0]
[29,S,0.0647888,10,GT,860,418.361,0.641478,-1,0.641478,0,0,0]
[30,S,0.0673473,10,TA,765,414.783,0.311771,-1,0.311771,0,0,0]
[31,S,0.0675274,10,CT,608,415.219,0.172883,-1,0.172883,0,0,0]
[32,S,0.073935,10,AG,651,416.063,0.257631,-1,0.257631,0,0,0]
[33,S,0.0749658,10,TC,180,416.04,0.63499,-1,0.63499,0,0,0]
[34,S,0.0765825,10,CG,256,411.877,0.598047,-1,0.598047,0,0,0]
[35,S,0.0828166,10,TG,283,408.975,0.0927187,-1,0.0927187,0,0,0]
[36,S,0.0861367,10,GC,982,411.154,0.455946,-1,0.455946,0,0,0]
[37,S,0.0864004,10,GC,995,408.825,0.300097,-1,0.300097,0,0,0]
[38,S,0.0959232,10,TA,49,408.758,0.0955696,-1,0.0955696,0,0,0]
[39,S,0.0961621,10,AC,181,409.062,0.201793,-1,0.201793,0,0,0]
[40,S,0.104917,10,GA,801,410.449,0.0415735,-1,0.0415735,0,0,0]
[41,S,0.105456,10,GA,521,414.845,0.191008,-1,0.191008,0,0,0]
[42,S,0.110162,10,TC,198,416.081,0.0612981,-1,0.0612981,0,0,0]
[43,S,0.115399,10,AC,292,418.875,0.124962,-1,0.124962,0,0,0]
[44,S,0.117488,10,GA,480,420.1,0.305128,-1,0.305128,0,0,0]
[45,S,0.117658,10,CA,505,419.731,0.353572,-1,0.353572,0,0,0]
[46,S,0.118723,10,TC,711,418.383,0.441693,-1,0.441693,0,0,0]
[47,S,0.12527,10,GT,940,417.25,0.0186312,-1,0.0186312,0,0,0]
[48,S,0.129788,10,TG,799,423.24,0.292108,-1,0.292108,0,0,0]
[49,S,0.131868,10,CG,731,421.815,0.433534,-1,0.433534,0,0,0]
[50,S,0.134491,10,TG,978,420.714,0.163172,-1,0.163172,0,0,0]
[51,S,0.135447,10,AG,561,422.175,0.353346,-1,0.353346,0,0,0]
[52,S,0.142703,10,TC,200,421.281,0.0600864,-1,0.0600864,0,0,0]
[53,S,0.143607,10,TG,258,424.356,0.370672,-1,0.370672,0,0,0]
[54,S,0.144762,10,CA,851,423.212,0.23964,-1,0.23964,0,0,0]
[55,S,0.144886,10,AG,386,424.065,0.0255276,-1,0.0255276,0,0,0]
[56,S,0.148003,10,AG,997,429.039,0.104885,-1,0.104885,0,0,0]
[57,S,0.150689,10,GA,651,430.111,0.242522,-1,0.242522,0,0,0]
[58,S,0.151014,10,TA,359,430.134,0.315524,-1,0.315524,0,0,0]
[59,S,0.153,10,TA,178,429.371,0.100709,-1,0.100709,0,0,0]
[60,S,0.153051,10,AC,33,431.128,0.514367,-1,0.514367,0,0,0]
[61,S,0.154932,10,AG,408,428.8,1.06948,-1,1.06948,0,0,0]
[62,S,0.157103,10,CT,471,422.43,0.113487,-1,0.113487,0,0,0]
[63,S,0.157123,10,CG,530,424.724,0.438373,-1,0.438373,0,0,0]
[64,S,0.157165,10,TA,924,422.858,0.221159,-1,0.221159,0,0,0]
[65,S,0.160707,10,GC,525,423.243,0.358482,-1,0.358482,0,0,0]
[66,S,0.163804,10,AT,728,422.223,0.121621,-1,0.121621,0,0,0]
[67,S,0.16382,10,AC,924,424.101,0.233384,-1,0.233384,0,0,0]
[68,S,0.166412,10,CG,249,424.016,0.490524,-1,0.490524,0,0,0]
[69,S,0.16904,10,CA,316,421.8,0.322635,-1,0.322635,0,0,0]
[70,S,0.172633,10,CT,252,422.571,0.414608,-1,0.414608,0,0,0]
[71,S,0.176007,10,CG,180,421.599,0.264792,-1,0.264792,0,0,0]
[72,S,0.178756,10,TA,206,420.524,0.391041,-1,0.391041,0,0,0]
[73,S,0.185674,10,TC,535,418.889,0.116355,-1,0.116355,0,0,0]
[74,S,0.189934,10,AT,353,419.488,0.229216,-1,0.229216,0,0,0]
[75,S,0.191483,10,TA,430,419.04,0.416424,-1,0.416424,0,0,0]
[76,S,0.19433,10,GA,994,417.695,0.0959186,-1,0.0959186,0,0,0]
[77,S,0.195383,10,AG,701,421.816,0.110598,-1,0.110598,0,0,0]
[78,S,0.201272,10,GC,692,423.363,0.136101,-1,0.136101,0,0,0]
[79,S,0.201481,10,AT,993,423.449,0.83893,-1,0.83893,0,0,0]
[80,S,0.202478,10,GC,588,418.723,0.25714,-1,0.25714,0,0,0]
[81,S,0.205279,10,AT,487,418.356,0.135873,-1,0.135873,0,0,0]
[82,S,0.206371,10,GA,407,419.403,0.169235,-1,0.169235,0,0,0]
[83,S,0.206771,10,AT,802,420.541,0.209048,-1,0.209048,0,0,0]
[84,S,0.21089,10,CT,200,419.587,0.658712,-1,0.658712,0,0,0]
[85,S,0.210985,10,CG,942,416.621,0.298403,-1,0.298403,0,0,0]
[86,S,0.216432,10,AC,430,414.488,0.351118,-1,0.351118,0,0,0]
[87,S,0.21654,10,CT,470,413.451,0.345001,-1,0.345001,0,0,0]
[88,S,0.2174,10,GC,84,411.508,0.228344,-1,0.228344,0,0,0]
[89,S,0.217594,10,GC,490,412.177,0.262149,-1,0.262149,0,0,0]
[90,S,0.218933,10,CT,379,412.244,0.0267993,-1,0.0267993,0,0,0]
[91,S,0.22005,10,CA,759,417.11,0.0470217,-1,0.0470217,0,0,0]
[92,S,0.220177,10,GT,382,420.735,0.24305,-1,0.24305,0,0,0]
[93,S,0.220307,10,GC,285,419.984,0.834817,-1,0.834817,0,0,0]
[94,S,0.221721,10,CT,153,416.509,0.886625,-1,0.886625,0,0,0]
[95,S,0.222643,10,AG,640,412.266,0.0712505,-1,0.0712505,0,0,0]
[96,S,0.222664,10,GC,701,415.153,0.139711,-1,0.139711,0,0,0]
[97,S,0.225408,10,CG,218,416.591,0.174083,-1,0.174083,0,0,0]
[98,S,0.225807,10,CG,826,417.05,0.293733,-1,0.293733,0,0,0]
[99,S,0.228935,10,CG,410,416.362,0.161886,-1,0.161886,0,0,0]
[100,S,0.231424,10,GC,894,416.602,0.365916,-1,0.365916,0,0,0]
[101,S,0.237212,10,GT,713,415.691,0.25395,-1,0.25395,0,0,0]
[102,S,0.23773,10,GA,437,415.8,0.229084,-1,0.229084,0,0,0]
[103,S,0.238483,10,CA,526,416.277,0.193293,-1,0.193293,0,0,0]
[104,S,0.238689,10,AC,929,416.947,0.109221,-1,0.109221,0,0,0]
[105,S,0.245053,10,GA,3,418.552,0.296766,-1,0.296766,0,0,0]
[106,S,0.246711,10,AG,101,419.127,0.398299,-1,0.398299,0,0,0]
[107,S,0.246788,10,CT,356,419.198,0.183181,-1,0.183181,0,0,0]
[108,S,0.255223,10,CT,961,419.343,0.369021,-1,0.369021,0,0,0]
[109,S,0.257635,10,AC,56,418.84,0.180321,-1,0.180321,0,0,0]
[110,S,0.259923,10,GA,170,419.244,0.0750483,-1,0.0750483,0,0,0]
[111,S,0.262311,10,GA,195,421.445,0.455449,-1,0.455449,0,0,0]
[112,S,0.264757,10,GA,119,419.669,0.10514,-1,0.10514,0,0,0]
[113,S,0.266849,10,CA,58,421.315,0.295059,-1,0.295059,0,0,0]
[114,S,0.267987,10,GA,180,420.842,0.214263,-1,0.214263,0,0,0]
[115,S,0.268744,10,CA,297,421.895,0.107176,-1,0.107176,0,0,0]
[116,S,0.269265,10,TA,989,423.688,0.161978,-1,0.161978,0,0,0]
[117,S,0.270387,10,GT,621,425.291,0.213213,-1,0.213213,0,0,0]
[118,S,0.279065,10,TG,608,425.42,0.115139,-1,0.115139,0,0,0]
[119,S,0.280608,10,CT,564,427.871,0.465525,-1,0.465525,0,0,0]
[120,S,0.280792,10,TA,384,425.833,0.522604,-1,0.522604,0,0,0]
[121,S,0.288273,10,GC,986,423.591,0.262066,-1,0.262066,0,0,0]
[122,S,0.289511,10,CA,622,422.336,0.373072,-1,0.373072,0,0,0]
[123,S,0.291746,10,TC,289,420.922,0.161498,-1,0.161498,0,0,0]
[124,S,0.299896,10,AT,649,422.545,0.137413,-1,0.137413,0,0,0]
[125,S,0.307196,10,CG,986,424.861,0.23831,-1,0.23831,0,0,0]
[126,S,0.307511,10,GT,660,426.117,0.032675,-1,0.032675,0,0,0]
[127,S,0.308753,10,AC,361,430.737,0.193862,-1,0.193862,0,0,0]
[128,S,0.312079,10,GA,116,430.771,0.0883711,-1,0.0883711,0,0,0]
[129,S,0.31855,10,CA,711,433.624,0.0108362,-1,0.0108362,0,0,0]
[130,S,0.331265,10,CA,525,439.867,0.28151,-1,0.28151,0,0,0]
[131,S,0.331374,10,CA,945,439.113,0.446476,-1,0.446476,0,0,0]
[132,S,0.331896,10,GA,514,438.044,0.112168,-1,0.112168,0,0,0]
[133,S,0.336533,10,AG,202,440.074,0.300426,-1,0.300426,0,0,0]
[134,S,0.338173,10,CT,70,439.188,0.038278,-1,0.038278,0,0,0]
[135,S,0.339299,10,GT,149,444.988,0.36323,-1,0.36323,0,0,0]
[136,S,0.343708,10,CG,977,443.014,0.541958,-1,0.541958,0,0,0]
[137,S,0.347606,10,CT,708,441.084,0.452649,-1,0.452649,0,0,0]
[138,S,0.347985,10,AC,332,439.214,0.198769,-1,0.198769,0,0,0]
[139,S,0.348584,10,AG,415,440.276,0.0925866,-1,0.0925866,0,0,0]
[140,S,0.348594,10,TC,313,443.377,0.542837,-1,0.542837,0,0,0]
[141,S,0.348661,10,CA,723,440.759,0.237071,-1,0.237071,0,0,0]
[142,S,0.351429,10,GT,113,441.861,0.341694,-1,0.341694,0,0,0]
[143,S,0.353978,10,CA,225,439.376,0.271573,-1,0.271573,0,0,0]
[144,S,0.354041,10,CT,881,440.02,0.332225,-1,0.332225,0,0,0]
[145,S,0.35578,10,TC,852,440.257,0.49226,-1,0.49226,0,0,0]
[146,S,0.363163,10,CT,97,438.613,0.32084,-1,0.32084,0,0,0]
[147,S,0.370777,10,AG,651,438.509,0.275749,-1,0.275749,0,0,0]
[148,S,0.371174,10,GC,439,438.084,0.201151,-1,0.201151,0,0,0]
[149,S,0.371925,10,CT,784,438.862,0.103888,-1,0.103888,0,0,0]
[150,S,0.37279,10,AT,885,440.138,0.0903452,-1,0.0903452,0,0,0]
[151,S,0.373483,10,TC,191,441.201,0.219254,-1,0.219254,0,0,0]
[152,S,0.375076,10,AT,843,441.937,0.0489189,-1,0.0489189,0,0,0]
[153,S,0.376807,10,GT,758,446.388,0.426377,-1,0.426377,0,0,0]
[154,S,0.379436,10,GC,598,444.815,0.166698,-1,0.166698,0,0,0]
[155,S,0.379512,10,GT,376,445.421,0.108299,-1,0.108299,0,0,0]
[156,S,0.382907,10,CT,440,447.63,0.27623,-1,0.27623,0,0,0]
[157,S,0.38773,10,TC,385,447.824,0.328764,-1,0.328764,0,0,0]
[158,S,0.388024,10,CG,385,446.355,0.786776,-1,0.786776,0,0,0]
[159,S,0.388637,10,AT,175,442.658,0.400575,-1,0.400575,0,0,0]
[160,S,0.389175,10,AC,116,441.643,0.852368,-1,0.852368,0,0,0]
[161,S,0.389468,10,AG,338,436.818,0.167296,-1,0.167296,0,0,0]
[162,S,0.389535,10,GT,386,437.58,0.064854,-1,0.064854,0,0,0]
[163,S,0.391552,10,TG,778,439.77,0.209411,-1,0.209411,0,0,0]
[164,S,0.392264,10,AT,205,439.802,0.677591,-1,0.677591,0,0,0]
[165,S,0.393213,10,TA,379,437.084,0.557913,-1,0.557913,0,0,0]
[166,S,0.394325,10,GT,13,434.475,0.133183,-1,0.133183,0,0,0]
[167,S,0.394625,10,AT,329,435.591,0.233244,-1,0.233244,0,0,0]
[168,S,0.395351,10,TA,788,435.644,0.126515,-1,0.126515,0,0,0]
[169,S,0.395444,10,TC,200,437.287,0.228142,-1,0.228142,0,0,0]
[170,S,0.403574,10,GT,450,437.46,0.44388,-1,0.44388,0,0,0]
[171,S,0.406745,10,GT,651,436.207,0.108299,-1,0.108299,0,0,0]
[172,S,0.410622,10,TA,673,437.457,0.447941,-1,0.447941,0,0,0]
[173,S,0.412693,10,AC,723,435.383,0.26339,-1,0.26339,0,0,0]
[174,S,0.416254,10,GC,510,434.281,0.115539,-1,0.115539,0,0,0]
[175,S,0.416547,10,TG,436,435.586,0.410793,-1,0.410793,0,0,0]
[176,S,0.420425,10,TG,680,434.509,0.456395,-1,0.456395,0,0,0]
[177,S,0.420705,10,GA,827,432.264,0.107163,-1,0.107163,0,0,0]
[178,S,0.421718,10,GA,455,434.092,0.152081,-1,0.152081,0,0,0]
[179,S,0.421887,10,AT,711,434.76,0.0490594,-1,0.0490594,0,0,0]
[180,S,0.42223,10,GC,410,440.066,0.365435,-1,0.365435,0,0,0]
[181,S,0.424651,10,GC,669,439.801,0.281891,-1,0.281891,0,0,0]
[182,S,0.42545,10,AT,122,439.861,0.185391,-1,0.185391,0,0,0]
[183,S,0.428185,10,CT,161,441.888,0.153358,-1,0.153358,0,0,0]
[184,S,0.428655,10,AC,676,442.016,0.229803,-1,0.229803,0,0,0]
[185,S,0.429855,10,AC,537,442.195,0.0521704,-1,0.0521704,0,0,0]
[186,S,0.430217,10,TA,711,445.456,0.720941,-1,0.720941,0,0,0]
[187,S,0.435763,10,TG,34,440.15,0.0582471,-1,0.0582471,0,0,0]
[188,S,0.436615,10,GC,121,443.578,0.51629,-1,0.51629,0,0,0]
[189,S,0.437265,10,AG,371,440.835,0.112694,-1,0.112694,0,0,0]
[190,S,0.44242,10,AC,389,442.14,0.275152,-1,0.275152,0,0,0]
[191,S,0.444619,10,AC,272,441.321,0.0920822,-1,0.0920822,0,0,0]
[192,S,0.446477,10,CG,332,443.295,0.213838,-1,0.213838,0,0,0]
[193,S,0.454421,10,AG,879,444.108,0.326504,-1,0.326504,0,0,0]
[194,S,0.455606,10,GT,536,442.756,0.431611,-1,0.431611,0,0,0]
[195,S,0.457544,10,TA,627,441.184,0.0888948,-1,0.0888948,0,0,0]
[196,S,0.461942,10,TA,574,443.559,0.173591,-1,0.173591,0,0,0]
[197,S,0.463071,10,AG,335,444.62,0.208426,-1,0.208426,0,0,0]
[198,S,0.464643,10,AT,627,444.339,0.539858,-1,0.539858,0,0,0]
[199,S,0.465124,10,CT,282,441.965,0.1412,-1,0.1412,0,0,0]
[200,S,0.465975,10,TG,967,443.152,0.30737,-1,0.30737,0,0,0]
[201,S,0.467368,10,CG,296,442.38,0.253947,-1,0.253947,0,0,0]
[202,S,0.469028,10,GC,563,442.624,0.244867,-1,0.244867,0,0,0]
[203,S,0.472354,10,CG,695,443.597,0.036414,-1,0.036414,0,0,0]
[204,S,0.472641,10,AC,192,448.596,0.541606,-1,0.541606,0,0,0]
[205,S,0.473787,10,TC,871,446.381,0.206332,-1,0.206332,0,0,0]
[206,S,0.473886,10,TG,37,447.29,0.277827,-1,0.277827,0,0,0]
[207,S,0.475426,10,GT,36,445.5,0.196474,-1,0.196474,0,0,0]
[208,S,0.476772,10,TA,30,446.91,0.406667,-1,0.406667,0,0,0]
[209,S,0.480908,10,TA,843,446.24,0.721823,-1,0.721823,0,0,0]
[210,S,0.48692,10,CA,744,441.789,0.416119,-1,0.416119,0,0,0]
[211,S,0.488289,10,TG,621,440.784,0.213216,-1,0.213216,0,0,0]
[212,S,0.490736,10,AT,58,442.085,0.290764,-1,0.290764,0,0,0]
[213,S,0.491806,10,GC,417,441.92,0.413119,-1,0.413119,0,0,0]
[214,S,0.49408,10,AT,108,439.796,0.160008,-1,0.160008,0,0,0]
[215,S,0.495834,10,CT,908,440.223,0.195854,-1,0.195854,0,0,0]
[216,S,0.496951,10,TG,605,441.262,0.338436,-1,0.338436,0,0,0]
[217,S,0.497764,10,TC,348,439.942,0.463274,-1,0.463274,0,0,0]
[218,S,0.506764,10,GT,162,437.165,0.203514,-1,0.203514,0,0,0]
[219,S,0.50866,10,CG,173,438.273,0.184936,-1,0.184936,0,0,0]
[220,S,0.509521,10,GC,6,438.534,0.0887278,-1,0.0887278,0,0,0]
[221,S,0.513399,10,GC,416,440.539,0.514825,-1,0.514825,0,0,0]
[222,S,0.518127,10,TA,658,438.523,0.519303,-1,0.519303,0,0,0]
[223,S,0.520679,10,CA,607,436.212,0.103732,-1,0.103732,0,0,0]
[224,S,0.525248,10,TC,131,438.954,0.171145,-1,0.171145,0,0,0]
[225,S,0.52587,10,CA,893,439.259,0.283458,-1,0.283458,0,0,0]
[226,S,0.52847,10,CA,400,439.032,0.296337,-1,0.296337,0,0,0]
[227,S,0.529034,10,TC,689,438.626,0.0487117,-1,0.0487117,0,0,0]
[228,S,0.532289,10,AG,989,442.507,0.216411,-1,0.216411,0,0,0]
[229,S,0.532669,10,AT,753,442.651,0.277089,-1,0.277089,0,0,0]
[230,S,0.535133,10,AC,557,443.265,0.620993,-1,0.620993,0,0,0]
[231,S,0.537123,10,GT,529,440.713,0.211851,-1,0.211851,0,0,0]
[232,S,0.538165,10,AT,762,440.945,0.380436,-1,0.380436,0,0,0]
[233,S,0.538365,10,CG,839,439.626,0.472108,-1,0.472108,0,0,0]
[234,S,0.547841,10,CG,995,438.127,0.53195,-1,0.53195,0,0,0]
[235,S,0.551368,10,GT,625,435.619,0.319324,-1,0.319324,0,0,0]
[236,S,0.551908,10,GT,283,435.16,0.349605,-1,0.349605,0,0,0]
[237,S,0.553487,10,TA,651,434.425,0.445308,-1,0.445308,0,0,0]
[238,S,0.554689,10,CT,23,433.599,0.359614,-1,0.359614,0,0,0]
[239,S,0.560272,10,TG,77,431.936,0.0399309,-1,0.0399309,0,0,0]
[240,S,0.561665,10,TG,700,434.611,0.462615,-1,0.462615,0,0,0]
[241,S,0.56709,10,GT,826,432.758,0.247914,-1,0.247914,0,0,0]
[242,S,0.567926,10,TC,177,432.622,0.311131,-1,0.311131,0,0,0]
[243,S,0.573238,10,TC,260,431.748,0.225161,-1,0.225161,0,0,0]
[244,S,0.573526,10,GA,129,431.612,0.0725075,-1,0.0725075,0,0,0]
[245,S,0.577226,10,TC,244,434.07,0.0996037,-1,0.0996037,0,0,0]
[246,S,0.578618,10,TC,159,435.435,0.0547335,-1,0.0547335,0,0,0]
[247,S,0.588555,10,GT,77,439.612,0.784361,-1,0.784361,0,0,0]
[248,S,0.589949,10,CT,630,436.937,0.0359926,-1,0.0359926,0,0,0]
[249,S,0.590817,10,TC,610,440.758,0.747577,-1,0.747577,0,0,0]
[250,S,0.592243,10,CA,941,436.261,0.222704,-1,0.222704,0,0,0]
[251,S,0.592945,10,CT,689,436.528,0.723129,-1,0.723129,0,0,0]
[252,S,0.599905,10,CG,991,432.646,0.197587,-1,0.197587,0,0,0]
[253,S,0.600359,10,AG,975,432.781,0.10942,-1,0.10942,0,0,0]
[254,S,0.602814,10,TC,35,433.782,0.505962,-1,0.505962,0,0,0]
[255,S,0.60363,10,AC,297,431.559,0.263037,-1,0.263037,0,0,0]
[256,S,0.604905,10,TA,741,430.984,0.14021,-1,0.14021,0,0,0]
[257,S,0.605229,10,CG,848,431.73,0.48817,-1,0.48817,0,0,0]
[258,S,0.60689,10,GT,639,430.991,0.191817,-1,0.191817,0,0,0]
[259,S,0.607352,10,CG,118,431.468,0.0465398,-1,0.0465398,0,0,0]
[260,S,0.607839,10,CG,515,435.851,0.228734,-1,0.228734,0,0,0]
[261,S,0.610131,10,CG,598,435.26,0.357287,-1,0.357287,0,0,0]
[262,S,0.611618,10,CT,729,434.653,0.240627,-1,0.240627,0,0,0]
[263,S,0.61532,10,GT,544,434.683,0.30666,-1,0.30666,0,0,0]
[264,S,0.615809,10,GA,456,433.805,0.050182,-1,0.050182,0,0,0]
[265,S,0.616471,10,AG,809,436.77,0.0556246,-1,0.0556246,0,0,0]
[266,S,0.617838,10,GA,571,438.568,0.225215,-1,0.225215,0,0,0]
[267,S,0.620289,10,CA,199,439.088,0.0984271,-1,0.0984271,0,0,0]
[268,S,0.623367,10,TG,625,441.456,0.191519,-1,0.191519,0,0,0]
[269,S,0.623568,10,AT,694,441.91,0.626666,-1,0.626666,0,0,0]
[270,S,0.624264,10,GT,12,437.346,0.399165,-1,0.399165,0,0,0]
[271,S,0.624686,10,AT,322,436.348,0.279794,-1,0.279794,0,0,0]
[272,S,0.633763,10,GC,404,436.245,0.244629,-1,0.244629,0,0,0]
[273,S,0.634855,10,GT,997,435.514,0.267714,-1,0.267714,0,0,0]
[274,S,0.638869,10,GA,975,435.385,0.478052,-1,0.478052,0,0,0]
[275,S,0.639138,10,AT,776,434.384,0.388193,-1,0.388193,0,0,0]
[276,S,0.642549,10,AC,960,433.644,0.212092,-1,0.212092,0,0,0]
[277,S,0.642975,10,CT,105,433.667,0.0445397,-1,0.0445397,0,0,0]
[278,S,0.643761,10,TG,708,436.885,0.176828,-1,0.176828,0,0,0]
[279,S,0.64731,10,CG,698,438.648,0.261336,-1,0.261336,0,0,0]
[280,S,0.648726,10,GC,275,438.029,0.353555,-1,0.353555,0,0,0]
[281,S,0.655505,10,TC,753,437.643,0.247191,-1,0.247191,0,0,0]
[282,S,0.658567,10,TA,784,436.793,0.336179,-1,0.336179,0,0,0]
[283,S,0.660013,10,CT,849,435.998,0.100719,-1,0.100719,0,0,0]
[284,S,0.662173,10,TA,322,437.085,0.2224,-1,0.2224,0,0,0]
[285,S,0.68627,10,CA,363,437.187,0.0526121,-1,0.0526121,0,0,0]
[286,S,0.686977,10,GT,986,441.949,0.275287,-1,0.275287,0,0,0]
[287,S,0.688049,10,GA,702,442.247,0.097877,-1,0.097877,0,0,0]
[288,S,0.689026,10,GT,290,445.2,0.3633,-1,0.3633,0,0,0]
[289,S,0.691807,10,TC,908,443.211,0.313309,-1,0.313309,0,0,0]
[290,S,0.694266,10,CT,271,442.172,0.338609,-1,0.338609,0,0,0]
[291,S,0.696473,10,GA,273,441.129,0.174856,-1,0.174856,0,0,0]
[292,S,0.696587,10,CG,900,442.125,0.234393,-1,0.234393,0,0,0]
[293,S,0.697101,10,AG,384,442.352,0.540379,-1,0.540379,0,0,0]
[294,S,0.697233,10,CA,131,440.354,0.239708,-1,0.239708,0,0,0]
[295,S,0.697729,10,AG,199,440.657,0.123188,-1,0.123188,0,0,0]
[296,S,0.69922,10,CA,539,443.185,0.322493,-1,0.322493,0,0,0]
[297,S,0.700325,10,AG,964,442.005,0.0428818,-1,0.0428818,0,0,0]
[298,S,0.703717,10,GA,528,444.284,0.159737,-1,0.159737,0,0,0]
[299,S,0.703754,10,AC,460,445.906,0.190371,-1,0.190371,0,0,0]
[300,S,0.704374,10,GA,302,446.259,0.167673,-1,0.167673,0,0,0]
[301,S,0.710229,10,CT,439,446.541,0.592044,-1,0.592044,0,0,0]
[302,S,0.715495,10,AC,851,443.127,0.100638,-1,0.100638,0,0,0]
[303,S,0.717014,10,GC,256,445.543,0.0405144,-1,0.0405144,0,0,0]
[304,S,0.717514,10,GA,657,451.979,0.149017,-1,0.149017,0,0,0]
[305,S,0.717576,10,TA,789,453.24,0.191927,-1,0.191927,0,0,0]
[306,S,0.721231,10,CG,127,453.68,0.174632,-1,0.174632,0,0,0]
[307,S,0.723517,10,AT,538,454.697,0.126972,-1,0.126972,0,0,0]
[308,S,0.727699,10,TA,487,457.646,0.518619,-1,0.518619,0,0,0]
[309,S,0.728332,10,TC,311,456.201,0.165264,-1,0.165264,0,0,0]
[310,S,0.729688,10,CA,69,458.455,0.938615,-1,0.938615,0,0,0]
[311,S,0.729879,10,AT,302,452.708,0.245848,-1,0.245848,0,0,0]
[312,S,0.730184,10,GA,700,452.697,0.0806765,-1,0.0806765,0,0,0]
[313,S,0.731744,10,AC,86,455.339,0.19529,-1,0.19529,0,0,0]
[314,S,0.734943,10,AT,69,456.137,0.101396,-1,0.101396,0,0,0]
[315,S,0.735802,10,CT,244,456.521,0.505878,-1,0.505878,0,0,0]
[316,S,0.744617,10,CG,946,455.157,0.23762,-1,0.23762,0,0,0]
[317,S,0.745651,10,CT,260,455.177,0.276602,-1,0.276602,0,0,0]
[318,S,0.7465,10,TG,376,454.268,0.152309,-1,0.152309,0,0,0]
[319,S,0.752513,10,GC,991,455.896,0.310952,-1,0.310952,0,0,0]
[320,S,0.752824,10,TC,444,455.462,0.391325,-1,0.391325,0,0,0]
[321,S,0.756311,10,AG,641,454.086,0.374335,-1,0.374335,0,0,0]
[322,S,0.760892,10,AG,528,451.694,0.369167,-1,0.369167,0,0,0]
[323,S,0.762665,10,GC,303,450.073,0.360833,-1,0.360833,0,0,0]
[324,S,0.764407,10,GA,712,449.834,0.356637,-1,0.356637,0,0,0]
[325,S,0.767626,10,GA,396,448.845,0.0699927,-1,0.0699927,0,0,0]
[326,S,0.769172,10,CG,912,452.592,0.328312,-1,0.328312,0,0,0]
[327,S,0.772209,10,CA,341,451.813,0.239967,-1,0.239967,0,0,0]
[328,S,0.774119,10,CA,430,451.962,0.170454,-1,0.170454,0,0,0]
[329,S,0.774921,10,GA,166,452.974,0.343911,-1,0.343911,0,0,0]
[330,S,0.776165,10,GC,385,451.591,0.190391,-1,0.190391,0,0,0]
[331,S,0.781404,10,GA,995,451.655,0.0416623,-1,0.0416623,0,0,0]
[332,S,0.781717,10,GT,193,455.172,0.0199761,-1,0.0199761,0,0,0]
[333,S,0.782191,10,TA,639,461.809,0.228433,-1,0.228433,0,0,0]
[334,S,0.783194,10,TC,845,463.2,0.28139,-1,0.28139,0,0,0]
[335,S,0.783389,10,AG,83,462.907,0.137697,-1,0.137697,0,0,0]
[336,S,0.784384,10,CA,311,463.932,0.539237,-1,0.539237,0,0,0]
[337,S,0.785171,10,CA,198,461.109,0.652556,-1,0.652556,0,0,0]
[338,S,0.787814,10,AC,589,456.032,0.180239,-1,0.180239,0,0,0]
[339,S,0.789145,10,TG,276,456.863,0.147777,-1,0.147777,0,0,0]
[340,S,0.795634,10,CT,103,458.881,0.502173,-1,0.502173,0,0,0]
[341,S,0.801552,10,CA,186,456.198,0.254149,-1,0.254149,0,0,0]
[342,S,0.808665,10,GT,87,455.564,0.426238,-1,0.426238,0,0,0]
[343,S,0.812324,10,AG,254,453.806,0.705987,-1,0.705987,0,0,0]
[344,S,0.812585,10,AC,129,448.884,0.692329,-1,0.692329,0,0,0]
[345,S,0.815159,10,TA,69,445.14,0.50058,-1,0.50058,0,0,0]
[346,S,0.815823,10,AT,349,444.756,0.208724,-1,0.208724,0,0,0]
[347,S,0.816721,10,CG,991,446.069,0.197587,-1,0.197587,0,0,0]
[348,S,0.817859,10,AC,607,446.328,0.641023,-1,0.641023,0,0,0]
[349,S,0.818836,10,GT,176,443.064,0.0336587,-1,0.0336587,0,0,0]
[350,S,0.820794,10,CG,441,448.129,0.220311,-1,0.220311,0,0,0]
[351,S,0.822129,10,GA,850,448.52,0.606453,-1,0.606453,0,0,0]
[352,S,0.831395,10,GT,377,446.065,0.469581,-1,0.469581,0,0,0]
[353,S,0.832792,10,CG,148,444.133,0.14801,-1,0.14801,0,0,0]
[354,S,0.834525,10,AG,941,445.123,0.237209,-1,0.237209,0,0,0]
[355,S,0.836458,10,AC,825,445.631,0.0884301,-1,0.0884301,0,0,0]
[356,S,0.836623,10,TC,849,448.641,0.232554,-1,0.232554,0,0,0]
[357,S,0.837515,10,GA,640,448.703,0.126896,-1,0.126896,0,0,0]
[358,S,0.840985,10,TG,830,450.321,0.0563715,-1,0.0563715,0,0,0]
[359,S,0.841782,10,CT,256,454.161,0.0772884,-1,0.0772884,0,0,0]
[360,S,0.843169,10,AT,124,456.405,0.0818839,-1,0.0818839,0,0,0]
[361,S,0.843663,10,AT,525,459.004,0.185391,-1,0.185391,0,0,0]
[362,S,0.84526,10,TC,174,460.413,0.958868,-1,0.958868,0,0,0]
[363,S,0.845352,10,CT,852,454.764,0.176455,-1,0.176455,0,0,0]
[364,S,0.849942,10,CT,11,455.809,0.0859699,-1,0.0859699,0,0,0]
[365,S,0.852942,10,AG,667,458.328,0.287445,-1,0.287445,0,0,0]
[366,S,0.855417,10,TA,802,458.174,0.29598,-1,0.29598,0,0,0]
[367,S,0.856256,10,TA,885,459.127,0.535004,-1,0.535004,0,0,0]
[368,S,0.856742,10,AG,802,458.058,0.466476,-1,0.466476,0,0,0]
[369,S,0.862686,10,AG,363,456.199,0.71399,-1,0.71399,0,0,0]
[370,S,0.862825,10,CT,272,451.474,0.684267,-1,0.684267,0,0,0]
[371,S,0.864006,10,AT,488,448.328,0.085475,-1,0.085475,0,0,0]
[372,S,0.864691,10,AC,712,450.308,0.589549,-1,0.589549,0,0,0]
[373,S,0.864974,10,GC,415,446.942,0.0725306,-1,0.0725306,0,0,0]
[374,S,0.865367,10,AT,685,449.192,0.170779,-1,0.170779,0,0,0]
[375,S,0.870076,10,CA,364,449.65,0.160404,-1,0.160404,0,0,0]
[376,S,0.8701,10,TG,745,450.668,0.119216,-1,0.119216,0,0,0]
[377,S,0.873092,10,TA,630,451.559,0.586803,-1,0.586803,0,0,0]
[378,S,0.873606,10,GA,403,448.495,0.0384403,-1,0.0384403,0,0,0]
[379,S,0.875845,10,AC,527,454.196,0.242742,-1,0.242742,0,0,0]
[380,S,0.87819,10,TA,95,455.208,0.152366,-1,0.152366,0,0,0]
[381,S,0.881605,10,GC,194,457.651,0.49133,-1,0.49133,0,0,0]
[382,S,0.881616,10,TC,949,453.932,0.142303,-1,0.142303,0,0,0]
[383,S,0.884143,10,CA,333,454.312,0.102274,-1,0.102274,0,0,0]
[384,S,0.889973,10,CG,98,457.298,0.540422,-1,0.540422,0,0,0]
[385,S,0.892999,10,GA,276,455.265,0.115952,-1,0.115952,0,0,0]
[386,S,0.894023,10,TC,16,456.829,0.159339,-1,0.159339,0,0,0]
[387,S,0.896996,10,TA,189,458.878,0.518619,-1,0.518619,0,0,0]
[388,S,0.898061,10,GA,809,457.313,0.682356,-1,0.682356,0,0,0]
[389,S,0.898474,10,TC,162,455.516,0.140055,-1,0.140055,0,0,0]
[390,S,0.903074,10,TG,821,455.689,0.0985488,-1,0.0985488,0,0,0]
[391,S,0.903556,10,TC,816,458.168,0.0705985,-1,0.0705985,0,0,0]
[392,S,0.904851,10,GC,423,461.249,0.361825,-1,0.361825,0,0,0]
[393,S,0.90761,10,GA,83,460.456,0.411207,-1,0.411207,0,0,0]
[394,S,0.912152,10,TC,357,459.581,0.13994,-1,0.13994,0,0,0]
[395,S,0.914154,10,GA,861,460.658,0.0986334,-1,0.0986334,0,0,0]
[396,S,0.915163,10,TA,450,463.012,0.361231,-1,0.361231,0,0,0]
[397,S,0.915349,10,GT,641,462.579,0.139307,-1,0.139307,0,0,0]
[398,S,0.918604,10,AT,158,465.203,0.673311,-1,0.673311,0,0,0]
[399,S,0.919199,10,CA,107,461.608,0.207437,-1,0.207437,0,0,0]
[400,S,0.922485,10,TA,525,463.1,0.439347,-1,0.439347,0,0,0]
[401,S,0.922853,10,GT,824,460.192,0.696771,-1,0.696771,0,0,0]
[402,S,0.923564,10,TG,650,456.317,0.303493,-1,0.303493,0,0,0]
[403,S,0.924054,10,GT,946,454.88,0.119661,-1,0.119661,0,0,0]
[404,S,0.924625,10,CT,816,456.571,0.60951,-1,0.60951,0,0,0]
[405,S,0.924929,10,AC,832,453.49,0.0966345,-1,0.0966345,0,0,0]
[406,S,0.927529,10,CG,811,456.722,0.155111,-1,0.155111,0,0,0]
[407,S,0.928922,10,TA,538,457.804,0.43457,-1,0.43457,0,0,0]
[408,S,0.935535,10,CG,990,454.855,0.555777,-1,0.555777,0,0,0]
[409,S,0.936462,10,GT,873,452.6,0.149974,-1,0.149974,0,0,0]
[410,S,0.941656,10,AC,83,453.795,0.193862,-1,0.193862,0,0,0]
[411,S,0.941682,10,TC,256,453.893,0.582035,-1,0.582035,0,0,0]
[412,S,0.943661,10,GT,335,451.649,0.34602,-1,0.34602,0,0,0]
[413,S,0.944321,10,GC,799,450.18,0.0723256,-1,0.0723256,0,0,0]
[414,S,0.952448,10,TA,913,452.317,0.464784,-1,0.464784,0,0,0]
[415,S,0.954593,10,TC,471,450.78,0.121823,-1,0.121823,0,0,0]
[416,S,0.956096,10,AC,784,453.048,0.384531,-1,0.384531,0,0,0]
[417,S,0.95666,10,TG,470,451.924,0.573003,-1,0.573003,0,0,0]
[418,S,0.961371,10,AC,307,449.141,0.203856,-1,0.203856,0,0,0]
[419,S,0.962673,10,TC,833,449.331,0.300318,-1,0.300318,0,0,0]
[420,S,0.965224,10,GC,457,448.828,0.682581,-1,0.682581,0,0,0]
[421,S,0.970864,10,GA,572,445.06,0.360264,-1,0.360264,0,0,0]
[422,S,0.971156,10,CA,562,444.759,0.483395,-1,0.483395,0,0,0]
[423,S,0.971224,10,CA,963,443.534,0.458083,-1,0.458083,0,0,0]
[424,S,0.972933,10,CG,83,441.695,0.181926,-1,0.181926,0,0,0]
[425,S,0.976468,10,GC,83,442.471,0.333246,-1,0.333246,0,0,0]
[426,S,0.984399,10,CA,831,441.695,0.648219,-1,0.648219,0,0,0]
[427,S,0.989313,10,GT,756,436.474,0.248044,-1,0.248044,0,0,0]
[428,S,0.989551,10,CA,251,437.333,0.242245,-1,0.242245,0,0,0]
[429,S,0.991397,10,CG,537,438.023,0.0563253,-1,0.0563253,0,0,0]
[430,S,0.993438,10,AT,128,442.873,0.186922,-1,0.186922,0,0,0]
[431,S,0.999959,10,AG,3,442.242,0.277328,-1,0.277328,0,0,0]
[-1,X,1,10,XX,X,404.953,0,-1,0,0,0,0]
GUIDE_TREE_PARTITION1=(T_1:1.0,T_2:0);
